2026-07-04 12:29:10 | INFO    | Log được ghi tại: /home/hongnguyen/demo2/Log/CatSA_v1/CatSA_v2.log
2026-07-04 12:29:10 | INFO    | 
====================================================================
CẤU HÌNH LÚC CHẠY (config_dir: config | version: catsa_v2)
====================================================================
logging:
  dir: Log
  level: INFO
  console: true
project:
  name: CatSA_v1
  filename_mode: custom
  custom_filename: CatSA_v2.log
wandb:
  enabled: true
  api_key: '***da-che***'
  project: ''
  entity: ''
  run_name: ''
  mode: online
dataset:
  source: kagglehub
  kagglehub_handle: retailrocket/ecommerce-dataset
  local_path: data/raw
  name: retailrocket
preprocess:
  output_dir: data/retailrocket_item_hon_5
  train_file: train.txt
  val_file: val.txt
  test_file: test.txt
  lookup_file: lookup_tables.pkl
  event_types:
  - view
  session_same_day: true
  session_gap_seconds: 1800
  dedup_consecutive: false
  min_item_support: 5
  min_session_length: 2
  max_session_length: 50
  session_length_mode: keep
  max_prefix_length: 50
  require_item_category: false
  val_ratio: 0.1
  test_ratio: 0.1
  max_sessions: 0
data:
  data_dir: data/retailrocket_item_hon_5
  train_file: train.txt
  val_file: val.txt
  test_file: test.txt
  lookup_file: lookup_tables.pkl
model:
  embedding_dim: 100
  num_layers: 2
  use_taxonomy: true
  dropout: 0.1
augment:
  strategies:
  - same
  strategy_weights: []
  eta_aug: 0.3
  eta_crop: 0.75
  k_min: 5
training:
  use_cl: true
  lambda_cl: 0.1
  tau: 0.5
  batch_size: 100
  learning_rate: 0.001
  weight_decay: 1.0e-05
  max_epochs: 30
  patience: 5
  grad_clip: 5.0
  seed: 42
  device: auto
  num_workers: 0
  checkpoint_dir: checkpoints
  save_dir: checkpoints/CatSA_v1/catsa_v1/CatSA_v2
evaluation:
  top_k:
  - 10
  - 20
  primary_metric: mrr@20
config_dir: config
version: catsa_v2
====================================================================
2026-07-04 12:29:12 | INFO    | wandb: run 'CatSA_v2' — https://wandb.ai/hongichik321-aol/CatSA_v1/runs/bzvvfk74
2026-07-04 12:29:12 | INFO    | Dữ liệu [data/retailrocket_item_hon_5]: |I|=79649, |C|=1185, train=283023 phiên
2026-07-04 12:29:12 | INFO    | Thiết bị: cuda | use_cl=True (CatSA đầy đủ)
2026-07-04 12:29:12 | INFO    | Augmentation strategies: ['same'] | eta_aug=0.30, k_min=5
2026-07-04 12:29:12 | INFO    | max_prefix_length=50 (giới hạn lịch sử khi tạo mẫu sliding window)
2026-07-04 12:29:13 | INFO    | Số mẫu train/val/test (sliding window): 764873 / 87318 / 81372
2026-07-04 12:29:13 | INFO    | Checkpoint của run này: /home/hongnguyen/demo2/checkpoints/CatSA_v1/catsa_v1/CatSA_v2
2026-07-04 12:33:08 | INFO    | Epoch 1: total=7.2900, rec=6.9191, cl=3.7088 (234.9s)
2026-07-04 12:33:19 | INFO    |   Val: hr@10=0.3942 | ndcg@10=0.2839 | mrr@10=0.2494 | hr@20=0.4566 | ndcg@20=0.2997 | mrr@20=0.2538
2026-07-04 12:33:20 | INFO    |   → Model tốt nhất mới (mrr@20=0.2538), lưu checkpoints/CatSA_v1/catsa_v1/CatSA_v2/best_model.pt
2026-07-04 12:37:14 | INFO    | Epoch 2: total=5.4736, rec=5.1052, cl=3.6844 (234.0s)
2026-07-04 12:37:24 | INFO    |   Val: hr@10=0.4302 | ndcg@10=0.3109 | mrr@10=0.2736 | hr@20=0.4950 | ndcg@20=0.3273 | mrr@20=0.2781
2026-07-04 12:37:24 | INFO    |   → Model tốt nhất mới (mrr@20=0.2781), lưu checkpoints/CatSA_v1/catsa_v1/CatSA_v2/best_model.pt
2026-07-04 12:41:32 | INFO    | Epoch 3: total=5.1383, rec=4.7719, cl=3.6641 (248.0s)
2026-07-04 12:41:43 | INFO    |   Val: hr@10=0.4389 | ndcg@10=0.3154 | mrr@10=0.2767 | hr@20=0.5054 | ndcg@20=0.3322 | mrr@20=0.2814
2026-07-04 12:41:43 | INFO    |   → Model tốt nhất mới (mrr@20=0.2814), lưu checkpoints/CatSA_v1/catsa_v1/CatSA_v2/best_model.pt
2026-07-04 12:45:48 | INFO    | Epoch 4: total=4.9886, rec=4.6239, cl=3.6470 (244.5s)
2026-07-04 12:45:59 | INFO    |   Val: hr@10=0.4464 | ndcg@10=0.3232 | mrr@10=0.2845 | hr@20=0.5131 | ndcg@20=0.3400 | mrr@20=0.2892
2026-07-04 12:46:00 | INFO    |   → Model tốt nhất mới (mrr@20=0.2892), lưu checkpoints/CatSA_v1/catsa_v1/CatSA_v2/best_model.pt
2026-07-04 12:50:56 | INFO    | Epoch 5: total=4.8983, rec=4.5352, cl=3.6319 (296.7s)
2026-07-04 12:51:11 | INFO    |   Val: hr@10=0.4498 | ndcg@10=0.3247 | mrr@10=0.2855 | hr@20=0.5155 | ndcg@20=0.3413 | mrr@20=0.2900
2026-07-04 12:51:11 | INFO    |   → Model tốt nhất mới (mrr@20=0.2900), lưu checkpoints/CatSA_v1/catsa_v1/CatSA_v2/best_model.pt
2026-07-04 12:56:08 | INFO    | Epoch 6: total=4.8338, rec=4.4717, cl=3.6212 (296.5s)
2026-07-04 12:56:23 | INFO    |   Val: hr@10=0.4494 | ndcg@10=0.3255 | mrr@10=0.2867 | hr@20=0.5158 | ndcg@20=0.3423 | mrr@20=0.2913
2026-07-04 12:56:23 | INFO    |   → Model tốt nhất mới (mrr@20=0.2913), lưu checkpoints/CatSA_v1/catsa_v1/CatSA_v2/best_model.pt
2026-07-04 13:01:20 | INFO    | Epoch 7: total=4.7825, rec=4.4213, cl=3.6122 (297.4s)
2026-07-04 13:01:35 | INFO    |   Val: hr@10=0.4504 | ndcg@10=0.3279 | mrr@10=0.2895 | hr@20=0.5147 | ndcg@20=0.3442 | mrr@20=0.2940
2026-07-04 13:01:35 | INFO    |   → Model tốt nhất mới (mrr@20=0.2940), lưu checkpoints/CatSA_v1/catsa_v1/CatSA_v2/best_model.pt
2026-07-04 13:06:33 | INFO    | Epoch 8: total=4.7487, rec=4.3883, cl=3.6040 (297.3s)
2026-07-04 13:06:48 | INFO    |   Val: hr@10=0.4529 | ndcg@10=0.3285 | mrr@10=0.2895 | hr@20=0.5157 | ndcg@20=0.3444 | mrr@20=0.2939
2026-07-04 13:11:46 | INFO    | Epoch 9: total=4.7167, rec=4.3570, cl=3.5973 (297.7s)
2026-07-04 13:12:01 | INFO    |   Val: hr@10=0.4504 | ndcg@10=0.3261 | mrr@10=0.2871 | hr@20=0.5153 | ndcg@20=0.3426 | mrr@20=0.2917
2026-07-04 13:16:58 | INFO    | Epoch 10: total=4.6891, rec=4.3300, cl=3.5915 (297.4s)
2026-07-04 13:17:13 | INFO    |   Val: hr@10=0.4512 | ndcg@10=0.3259 | mrr@10=0.2866 | hr@20=0.5145 | ndcg@20=0.3419 | mrr@20=0.2910
2026-07-04 13:22:08 | INFO    | Epoch 11: total=4.6672, rec=4.3085, cl=3.5862 (295.5s)
2026-07-04 13:22:23 | INFO    |   Val: hr@10=0.4493 | ndcg@10=0.3259 | mrr@10=0.2872 | hr@20=0.5140 | ndcg@20=0.3423 | mrr@20=0.2917
2026-07-04 13:27:20 | INFO    | Epoch 12: total=4.6463, rec=4.2880, cl=3.5828 (297.1s)
2026-07-04 13:27:35 | INFO    |   Val: hr@10=0.4518 | ndcg@10=0.3257 | mrr@10=0.2861 | hr@20=0.5144 | ndcg@20=0.3415 | mrr@20=0.2904
2026-07-04 13:27:35 | INFO    | Early stopping tại epoch 12 (mrr@20 không cải thiện 5 epoch)
2026-07-04 13:27:50 | INFO    | KẾT QUẢ TEST (best model): hr@10=0.4354 | ndcg@10=0.3146 | mrr@10=0.2768 | hr@20=0.5011 | ndcg@20=0.3312 | mrr@20=0.2814
2026-07-04 13:27:50 | INFO    | [CatSA] Hoàn tất catsa_v2.yaml. Test metrics: hr@10=0.4354 | ndcg@10=0.3146 | mrr@10=0.2768 | hr@20=0.5011 | ndcg@20=0.3312 | mrr@20=0.2814
