2026-07-05 01:35:37 | INFO    | Log được ghi tại: /home/hongnguyen/demo2/Log/CatSA_v1/core_ave_diginetica.log
2026-07-05 01:35:37 | INFO    | 
====================================================================
CẤU HÌNH CORE (config_dir: config | version: core_ave)
====================================================================
logging:
  dir: Log
  level: INFO
  console: true
project:
  name: CatSA_v1
  filename_mode: custom
  custom_filename: core_ave_diginetica.log
wandb:
  enabled: true
  api_key: '***da-che***'
  project: ''
  entity: ''
  run_name: ''
  mode: online
data:
  data_dir: data/diginetica
  train_file: train.txt
  val_file: val.txt
  test_file: test.txt
  lookup_file: lookup_tables.pkl
core_model:
  type: ave
  embedding_size: 100
  inner_size: 256
  n_layers: 2
  n_heads: 2
  hidden_dropout_prob: 0.5
  attn_dropout_prob: 0.5
  hidden_act: gelu
  layer_norm_eps: 1.0e-12
  initializer_range: 0.02
  sess_dropout: 0.2
  item_dropout: 0.2
  temperature: 0.07
  max_seq_length: 50
core_training:
  batch_size: 256
  learning_rate: 0.001
  weight_decay: 1.0e-05
  max_epochs: 30
  patience: 5
  grad_clip: 5.0
  seed: 42
  device: auto
  num_workers: 0
  checkpoint_dir: checkpoints
  save_dir: checkpoints/CORE/diginetica/core_ave
evaluation:
  top_k:
  - 10
  - 20
  primary_metric: mrr@20
config_dir: config
version: core_ave
====================================================================
2026-07-05 01:35:40 | INFO    | wandb: run 'core_ave_diginetica' — https://wandb.ai/hongichik321-aol/CatSA_v1/runs/ym4r9wyn
2026-07-05 01:35:40 | INFO    | Dữ liệu [data/diginetica]: |I|=44459, train=164559 phiên
2026-07-05 01:35:40 | INFO    | Thiết bị: cuda | model=ave
2026-07-05 01:35:40 | INFO    | max_prefix_length=50
2026-07-05 01:35:41 | INFO    | Số mẫu train/val/test (sliding window): 638009 / 77133 / 77988
2026-07-05 01:35:41 | INFO    | Checkpoint của run này: /home/hongnguyen/demo2/checkpoints/CORE/diginetica/core_ave
2026-07-05 01:35:56 | INFO    | Epoch 1: loss=7.3982 (15.2s)
2026-07-05 01:35:57 | INFO    |   Val: hr@10=0.3482 | ndcg@10=0.2043 | mrr@10=0.1602 | hr@20=0.4572 | ndcg@20=0.2318 | mrr@20=0.1677
2026-07-05 01:35:57 | INFO    |   → Model tốt nhất mới (mrr@20=0.1677), lưu checkpoints/CORE/diginetica/core_ave/best_model.pt
2026-07-05 01:36:12 | INFO    | Epoch 2: loss=5.3048 (15.2s)
2026-07-05 01:36:14 | INFO    |   Val: hr@10=0.3570 | ndcg@10=0.2069 | mrr@10=0.1610 | hr@20=0.4755 | ndcg@20=0.2368 | mrr@20=0.1692
2026-07-05 01:36:14 | INFO    |   → Model tốt nhất mới (mrr@20=0.1692), lưu checkpoints/CORE/diginetica/core_ave/best_model.pt
2026-07-05 01:36:29 | INFO    | Epoch 3: loss=5.0530 (15.2s)
2026-07-05 01:36:30 | INFO    |   Val: hr@10=0.3583 | ndcg@10=0.2076 | mrr@10=0.1615 | hr@20=0.4815 | ndcg@20=0.2387 | mrr@20=0.1700
2026-07-05 01:36:30 | INFO    |   → Model tốt nhất mới (mrr@20=0.1700), lưu checkpoints/CORE/diginetica/core_ave/best_model.pt
2026-07-05 01:36:45 | INFO    | Epoch 4: loss=4.9566 (15.2s)
2026-07-05 01:36:47 | INFO    |   Val: hr@10=0.3604 | ndcg@10=0.2088 | mrr@10=0.1624 | hr@20=0.4816 | ndcg@20=0.2394 | mrr@20=0.1708
2026-07-05 01:36:47 | INFO    |   → Model tốt nhất mới (mrr@20=0.1708), lưu checkpoints/CORE/diginetica/core_ave/best_model.pt
2026-07-05 01:37:02 | INFO    | Epoch 5: loss=4.9026 (15.2s)
2026-07-05 01:37:03 | INFO    |   Val: hr@10=0.3613 | ndcg@10=0.2088 | mrr@10=0.1621 | hr@20=0.4833 | ndcg@20=0.2395 | mrr@20=0.1705
2026-07-05 01:37:18 | INFO    | Epoch 6: loss=4.8646 (15.2s)
2026-07-05 01:37:20 | INFO    |   Val: hr@10=0.3618 | ndcg@10=0.2090 | mrr@10=0.1623 | hr@20=0.4841 | ndcg@20=0.2398 | mrr@20=0.1707
2026-07-05 01:37:35 | INFO    | Epoch 7: loss=4.8404 (15.2s)
2026-07-05 01:37:36 | INFO    |   Val: hr@10=0.3613 | ndcg@10=0.2090 | mrr@10=0.1624 | hr@20=0.4839 | ndcg@20=0.2399 | mrr@20=0.1708
2026-07-05 01:37:36 | INFO    |   → Model tốt nhất mới (mrr@20=0.1708), lưu checkpoints/CORE/diginetica/core_ave/best_model.pt
2026-07-05 01:37:51 | INFO    | Epoch 8: loss=4.8203 (15.2s)
2026-07-05 01:37:52 | INFO    |   Val: hr@10=0.3619 | ndcg@10=0.2091 | mrr@10=0.1624 | hr@20=0.4839 | ndcg@20=0.2399 | mrr@20=0.1709
2026-07-05 01:37:53 | INFO    |   → Model tốt nhất mới (mrr@20=0.1709), lưu checkpoints/CORE/diginetica/core_ave/best_model.pt
2026-07-05 01:38:08 | INFO    | Epoch 9: loss=4.8051 (15.2s)
2026-07-05 01:38:09 | INFO    |   Val: hr@10=0.3616 | ndcg@10=0.2090 | mrr@10=0.1624 | hr@20=0.4852 | ndcg@20=0.2403 | mrr@20=0.1710
2026-07-05 01:38:09 | INFO    |   → Model tốt nhất mới (mrr@20=0.1710), lưu checkpoints/CORE/diginetica/core_ave/best_model.pt
2026-07-05 01:38:24 | INFO    | Epoch 10: loss=4.7946 (15.2s)
2026-07-05 01:38:25 | INFO    |   Val: hr@10=0.3611 | ndcg@10=0.2085 | mrr@10=0.1619 | hr@20=0.4858 | ndcg@20=0.2400 | mrr@20=0.1705
2026-07-05 01:38:41 | INFO    | Epoch 11: loss=4.7845 (15.2s)
2026-07-05 01:38:42 | INFO    |   Val: hr@10=0.3625 | ndcg@10=0.2093 | mrr@10=0.1625 | hr@20=0.4863 | ndcg@20=0.2405 | mrr@20=0.1710
2026-07-05 01:38:42 | INFO    |   → Model tốt nhất mới (mrr@20=0.1710), lưu checkpoints/CORE/diginetica/core_ave/best_model.pt
2026-07-05 01:38:57 | INFO    | Epoch 12: loss=4.7770 (15.2s)
2026-07-05 01:38:58 | INFO    |   Val: hr@10=0.3626 | ndcg@10=0.2091 | mrr@10=0.1622 | hr@20=0.4844 | ndcg@20=0.2398 | mrr@20=0.1706
2026-07-05 01:39:14 | INFO    | Epoch 13: loss=4.7702 (15.2s)
2026-07-05 01:39:15 | INFO    |   Val: hr@10=0.3628 | ndcg@10=0.2093 | mrr@10=0.1624 | hr@20=0.4854 | ndcg@20=0.2403 | mrr@20=0.1709
2026-07-05 01:39:30 | INFO    | Epoch 14: loss=4.7666 (15.2s)
2026-07-05 01:39:31 | INFO    |   Val: hr@10=0.3629 | ndcg@10=0.2093 | mrr@10=0.1624 | hr@20=0.4855 | ndcg@20=0.2403 | mrr@20=0.1709
2026-07-05 01:39:47 | INFO    | Epoch 15: loss=4.7604 (15.2s)
2026-07-05 01:39:48 | INFO    |   Val: hr@10=0.3625 | ndcg@10=0.2093 | mrr@10=0.1625 | hr@20=0.4863 | ndcg@20=0.2406 | mrr@20=0.1711
2026-07-05 01:39:48 | INFO    |   → Model tốt nhất mới (mrr@20=0.1711), lưu checkpoints/CORE/diginetica/core_ave/best_model.pt
2026-07-05 01:40:03 | INFO    | Epoch 16: loss=4.7565 (15.2s)
2026-07-05 01:40:04 | INFO    |   Val: hr@10=0.3616 | ndcg@10=0.2088 | mrr@10=0.1622 | hr@20=0.4863 | ndcg@20=0.2403 | mrr@20=0.1708
2026-07-05 01:40:20 | INFO    | Epoch 17: loss=4.7546 (15.2s)
2026-07-05 01:40:21 | INFO    |   Val: hr@10=0.3628 | ndcg@10=0.2093 | mrr@10=0.1624 | hr@20=0.4854 | ndcg@20=0.2403 | mrr@20=0.1709
2026-07-05 01:40:36 | INFO    | Epoch 18: loss=4.7511 (15.2s)
2026-07-05 01:40:37 | INFO    |   Val: hr@10=0.3627 | ndcg@10=0.2094 | mrr@10=0.1626 | hr@20=0.4866 | ndcg@20=0.2406 | mrr@20=0.1711
2026-07-05 01:40:37 | INFO    |   → Model tốt nhất mới (mrr@20=0.1711), lưu checkpoints/CORE/diginetica/core_ave/best_model.pt
2026-07-05 01:40:53 | INFO    | Epoch 19: loss=4.7479 (15.2s)
2026-07-05 01:40:54 | INFO    |   Val: hr@10=0.3623 | ndcg@10=0.2091 | mrr@10=0.1624 | hr@20=0.4863 | ndcg@20=0.2405 | mrr@20=0.1710
2026-07-05 01:41:09 | INFO    | Epoch 20: loss=4.7459 (15.2s)
2026-07-05 01:41:10 | INFO    |   Val: hr@10=0.3633 | ndcg@10=0.2096 | mrr@10=0.1627 | hr@20=0.4857 | ndcg@20=0.2405 | mrr@20=0.1712
2026-07-05 01:41:10 | INFO    |   → Model tốt nhất mới (mrr@20=0.1712), lưu checkpoints/CORE/diginetica/core_ave/best_model.pt
2026-07-05 01:41:25 | INFO    | Epoch 21: loss=4.7447 (15.2s)
2026-07-05 01:41:27 | INFO    |   Val: hr@10=0.3616 | ndcg@10=0.2089 | mrr@10=0.1623 | hr@20=0.4852 | ndcg@20=0.2402 | mrr@20=0.1709
2026-07-05 01:41:42 | INFO    | Epoch 22: loss=4.7436 (15.2s)
2026-07-05 01:41:43 | INFO    |   Val: hr@10=0.3624 | ndcg@10=0.2091 | mrr@10=0.1622 | hr@20=0.4858 | ndcg@20=0.2403 | mrr@20=0.1708
2026-07-05 01:41:58 | INFO    | Epoch 23: loss=4.7412 (15.2s)
2026-07-05 01:42:00 | INFO    |   Val: hr@10=0.3614 | ndcg@10=0.2089 | mrr@10=0.1623 | hr@20=0.4861 | ndcg@20=0.2404 | mrr@20=0.1709
2026-07-05 01:42:15 | INFO    | Epoch 24: loss=4.7404 (15.2s)
2026-07-05 01:42:16 | INFO    |   Val: hr@10=0.3625 | ndcg@10=0.2094 | mrr@10=0.1626 | hr@20=0.4861 | ndcg@20=0.2406 | mrr@20=0.1711
2026-07-05 01:42:31 | INFO    | Epoch 25: loss=4.7380 (15.2s)
2026-07-05 01:42:33 | INFO    |   Val: hr@10=0.3624 | ndcg@10=0.2090 | mrr@10=0.1622 | hr@20=0.4850 | ndcg@20=0.2400 | mrr@20=0.1707
2026-07-05 01:42:33 | INFO    | Early stopping tại epoch 25 (mrr@20 không cải thiện 5 epoch)
2026-07-05 01:42:34 | INFO    | KẾT QUẢ TEST (best model): hr@10=0.3659 | ndcg@10=0.2142 | mrr@10=0.1678 | hr@20=0.4868 | ndcg@20=0.2448 | mrr@20=0.1762
2026-07-05 01:42:34 | INFO    | [CORE] Hoàn tất core_ave.yaml. Test metrics: hr@10=0.3659 | ndcg@10=0.2142 | mrr@10=0.1678 | hr@20=0.4868 | ndcg@20=0.2448 | mrr@20=0.1762
