========================================================================
[2026-06-24 15:03:21] START CORE | retailrocket_cold
cwd: /home/hongnguyen/test_all/nhom3/CORE
cmd: /opt/miniconda3/bin/python3 -u main.py --model trm --dataset retailrocket_cold
log: /home/hongnguyen/test_all/Log/CORE/retailrocket_cold/log-2026-06-24-15-03-21.log
========================================================================
/home/hongnguyen/test_all/nhom3/CORE/main.py:28: Pandas4Warning: The 'mode.copy_on_write' option is deprecated. Copy-on-Write can no longer be disabled (it is always enabled with pandas >= 3.0), and setting the option has no impact. This option will be removed in pandas 4.0.
  pd.options.mode.copy_on_write = False
command line args [--model trm --dataset retailrocket_cold] will not be used in RecBole
24 Jun 15:03    INFO  
General Hyper Parameters:
gpu_id = 0
use_gpu = True
seed = 2020
state = INFO
reproducibility = True
data_path = /home/hongnguyen/test_all/Data/CORE/retailrocket_cold
show_progress = True

Training Hyper Parameters:
checkpoint_dir = saved
epochs = 300
train_batch_size = 2048
learner = adam
learning_rate = 0.001
training_neg_sample_num = 0
training_neg_sample_distribution = uniform
eval_step = 1
stopping_step = 5
clip_grad_norm = None
weight_decay = 0.0
draw_loss_pic = False
loss_decimal_place = 4

Evaluation Hyper Parameters:
eval_setting = TO_LS,full
group_by_user = True
split_ratio = [0.8, 0.1, 0.1]
leave_one_num = 2
real_time_process = False
metrics = ['Recall', 'MRR']
topk = [10, 20]
valid_metric = MRR@20
eval_batch_size = 2048
metric_decimal_place = 4

Dataset Hyper Parameters:
field_separator = 	
seq_separator =  
USER_ID_FIELD = session_id
ITEM_ID_FIELD = item_id
RATING_FIELD = rating
TIME_FIELD = timestamp
seq_len = None
LABEL_FIELD = label
threshold = None
NEG_PREFIX = neg_
load_col = {'inter': ['session_id', 'item_id_list', 'item_id']}
unload_col = None
unused_col = None
additional_feat_suffix = None
lowest_val = None
highest_val = None
equal_val = None
not_equal_val = None
max_user_inter_num = None
min_user_inter_num = 0
max_item_inter_num = None
min_item_inter_num = 0
fields_in_same_space = None
preload_weight = None
normalize_field = None
normalize_all = None
ITEM_LIST_LENGTH_FIELD = item_length
LIST_SUFFIX = _list
MAX_ITEM_LIST_LENGTH = 50
POSITION_FIELD = position_id
HEAD_ENTITY_ID_FIELD = head_id
TAIL_ENTITY_ID_FIELD = tail_id
RELATION_ID_FIELD = relation_id
ENTITY_ID_FIELD = entity_id

Other Hyper Parameters: 
worker = 0
valid_metric_bigger = True
rm_dup_inter = None
filter_inter_by_user_or_item = True
SOURCE_ID_FIELD = source_id
TARGET_ID_FIELD = target_id
benchmark_filename = ['train', 'valid', 'test']
MODEL_TYPE = ModelType.SEQUENTIAL
alias_of_item_id = ['item_id_list']
eval_args = {'order': 'TO', 'split': {'RS': [0.8, 0.1, 0.1]}, 'group_by': 'user', 'mode': {'valid': 'full', 'test': 'full'}}
neg_sampling = None
train_neg_sample_args = {'strategy': 'none'}
embedding_size = 100
inner_size = 256
n_layers = 2
n_heads = 2
hidden_dropout_prob = 0.5
attn_dropout_prob = 0.5
hidden_act = gelu
layer_norm_eps = 1e-12
initializer_range = 0.02
loss_type = CE
sess_dropout = 0.2
item_dropout = 0.2
temperature = 0.07
MODEL_INPUT_TYPE = InputType.POINTWISE
eval_type = EvaluatorType.RANKING
single_spec = True
local_rank = 0
device = cuda
log_dir = /home/hongnguyen/test_all/nhom3/CORE/log/COREtrm/retailrocket_cold/bs2048-lmdNone-semNone-None-Jun-24-2026_15-03-22-lr0.001-l20.0-tauNone-None-DPh0.5-DPa0.5


24 Jun 15:03    INFO  retailrocket_cold
The number of users: 35163
Average actions of users: 1.0
The number of items: 32766
Average actions of items: 4.293284493284493
The number of inters: 35162
The sparsity of the dataset: 99.9969481427058%
Remain Fields: ['session_id', 'item_id_list', 'item_id', 'item_length']
/home/hongnguyen/test_all/nhom3/DuoRec/recbole/data/dataset/dataset.py:2136: UserWarning: The given NumPy array is not writable, and PyTorch does not support non-writable tensors. This means writing to this tensor will result in undefined behavior. You may want to copy the array to protect its data or make it writable before converting it to a tensor. This type of warning will be suppressed for the rest of this program. (Triggered internally at /pytorch/torch/csrc/utils/tensor_numpy.cpp:203.)
  new_data[k] = torch.LongTensor(value)
24 Jun 15:03    INFO  [Training]: train_batch_size = [2048] train_neg_sample_args: [{'strategy': 'none'}]
24 Jun 15:03    INFO  [Evaluation]: eval_batch_size = [2048] eval_args: [{'order': 'TO', 'split': {'RS': [0.8, 0.1, 0.1]}, 'group_by': 'user', 'mode': {'valid': 'full', 'test': 'full'}}]
24 Jun 15:03    INFO  COREtrm(
  (sess_dropout): Dropout(p=0.2, inplace=False)
  (item_dropout): Dropout(p=0.2, inplace=False)
  (item_embedding): Embedding(32766, 100, padding_idx=0)
  (loss_fct): CrossEntropyLoss()
  (net): TransNet(
    (position_embedding): Embedding(50, 100)
    (trm_encoder): TransformerEncoder(
      (layer): ModuleList(
        (0-1): 2 x TransformerLayer(
          (multi_head_attention): MultiHeadAttention(
            (query): Linear(in_features=100, out_features=100, bias=True)
            (key): Linear(in_features=100, out_features=100, bias=True)
            (value): Linear(in_features=100, out_features=100, bias=True)
            (attn_dropout): Dropout(p=0.5, inplace=False)
            (dense): Linear(in_features=100, out_features=100, bias=True)
            (LayerNorm): LayerNorm((100,), eps=1e-12, elementwise_affine=True)
            (out_dropout): Dropout(p=0.5, inplace=False)
          )
          (feed_forward): FeedForward(
            (dense_1): Linear(in_features=100, out_features=256, bias=True)
            (dense_2): Linear(in_features=256, out_features=100, bias=True)
            (LayerNorm): LayerNorm((100,), eps=1e-12, elementwise_affine=True)
            (dropout): Dropout(p=0.5, inplace=False)
          )
        )
      )
    )
    (LayerNorm): LayerNorm((100,), eps=1e-12, elementwise_affine=True)
    (dropout): Dropout(p=0.5, inplace=False)
    (fn): Linear(in_features=100, out_features=1, bias=True)
  )
)
Trainable parameters: 3466613
Train 0: [0/9] loss=7.8848
Train 0: [1/9] loss=7.6395
Train 0: [2/9] loss=7.6929
Train 0: [3/9] loss=8.0915
Train 0: [4/9] loss=8.2670
Train 0: [5/9] loss=8.5430
Train 0: [6/9] loss=8.5630
Train 0: [7/9] loss=8.6870
Train 0: [8/9] loss=9.0161
24 Jun 15:03    INFO  epoch 0 training [time: 0.74s, train loss: 74.3848]
Evaluate: [0/5]
Evaluate: [1/5]
Evaluate: [2/5]
Evaluate: [3/5]
Evaluate: [4/5]
24 Jun 15:03    INFO  epoch 0 evaluating [time: 0.11s, valid_score: 0.427100]
24 Jun 15:03    INFO  valid result: 
recall@10 : 0.4593    recall@20 : 0.4632    mrr@10 : 0.4269    mrr@20 : 0.4271    
24 Jun 15:03    INFO  Saving current best: /home/hongnguyen/test_all/nhom3/CORE/log/COREtrm/retailrocket_cold/bs2048-lmdNone-semNone-None-Jun-24-2026_15-03-22-lr0.001-l20.0-tauNone-None-DPh0.5-DPa0.5/model.pth
Train 1: [0/9] loss=7.0682
Train 1: [1/9] loss=6.9770
Train 1: [2/9] loss=7.0501
Train 1: [3/9] loss=7.4558
Train 1: [4/9] loss=7.6346
Train 1: [5/9] loss=7.9401
Train 1: [6/9] loss=7.9931
Train 1: [7/9] loss=8.1959
Train 1: [8/9] loss=8.3751
24 Jun 15:03    INFO  epoch 1 training [time: 0.39s, train loss: 68.6899]
Evaluate: [0/5]
Evaluate: [1/5]
Evaluate: [2/5]
Evaluate: [3/5]
Evaluate: [4/5]
24 Jun 15:03    INFO  epoch 1 evaluating [time: 0.10s, valid_score: 0.430700]
24 Jun 15:03    INFO  valid result: 
recall@10 : 0.4638    recall@20 : 0.4676    mrr@10 : 0.4304    mrr@20 : 0.4307    
24 Jun 15:03    INFO  Saving current best: /home/hongnguyen/test_all/nhom3/CORE/log/COREtrm/retailrocket_cold/bs2048-lmdNone-semNone-None-Jun-24-2026_15-03-22-lr0.001-l20.0-tauNone-None-DPh0.5-DPa0.5/model.pth
Train 2: [0/9] loss=6.5546
Train 2: [1/9] loss=6.4720
Train 2: [2/9] loss=6.5439
Train 2: [3/9] loss=6.9268
Train 2: [4/9] loss=7.0586
Train 2: [5/9] loss=7.3732
Train 2: [6/9] loss=7.4436
Train 2: [7/9] loss=7.6462
Train 2: [8/9] loss=7.4558
24 Jun 15:03    INFO  epoch 2 training [time: 0.39s, train loss: 63.4745]
Evaluate: [0/5]
Evaluate: [1/5]
Evaluate: [2/5]
Evaluate: [3/5]
Evaluate: [4/5]
24 Jun 15:03    INFO  epoch 2 evaluating [time: 0.10s, valid_score: 0.432400]
24 Jun 15:03    INFO  valid result: 
recall@10 : 0.4664    recall@20 : 0.4705    mrr@10 : 0.4321    mrr@20 : 0.4324    
24 Jun 15:03    INFO  Saving current best: /home/hongnguyen/test_all/nhom3/CORE/log/COREtrm/retailrocket_cold/bs2048-lmdNone-semNone-None-Jun-24-2026_15-03-22-lr0.001-l20.0-tauNone-None-DPh0.5-DPa0.5/model.pth
Train 3: [0/9] loss=6.0660
Train 3: [1/9] loss=6.0103
Train 3: [2/9] loss=6.0653
Train 3: [3/9] loss=6.4035
Train 3: [4/9] loss=6.5370
Train 3: [5/9] loss=6.7992
Train 3: [6/9] loss=6.8862
Train 3: [7/9] loss=7.0754
Train 3: [8/9] loss=6.7695
24 Jun 15:03    INFO  epoch 3 training [time: 0.39s, train loss: 58.6124]
Evaluate: [0/5]
Evaluate: [1/5]
Evaluate: [2/5]
Evaluate: [3/5]
Evaluate: [4/5]
24 Jun 15:03    INFO  epoch 3 evaluating [time: 0.10s, valid_score: 0.433900]
24 Jun 15:03    INFO  valid result: 
recall@10 : 0.4701    recall@20 : 0.4753    mrr@10 : 0.4336    mrr@20 : 0.4339    
24 Jun 15:03    INFO  Saving current best: /home/hongnguyen/test_all/nhom3/CORE/log/COREtrm/retailrocket_cold/bs2048-lmdNone-semNone-None-Jun-24-2026_15-03-22-lr0.001-l20.0-tauNone-None-DPh0.5-DPa0.5/model.pth
Train 4: [0/9] loss=5.6248
Train 4: [1/9] loss=5.5388
Train 4: [2/9] loss=5.5960
Train 4: [3/9] loss=5.8958
Train 4: [4/9] loss=6.0243
Train 4: [5/9] loss=6.3015
Train 4: [6/9] loss=6.3881
Train 4: [7/9] loss=6.5962
Train 4: [8/9] loss=6.2076
24 Jun 15:03    INFO  epoch 4 training [time: 0.39s, train loss: 54.1731]
Evaluate: [0/5]
Evaluate: [1/5]
Evaluate: [2/5]
Evaluate: [3/5]
Evaluate: [4/5]
24 Jun 15:03    INFO  epoch 4 evaluating [time: 0.10s, valid_score: 0.436600]
24 Jun 15:03    INFO  valid result: 
recall@10 : 0.4755    recall@20 : 0.4831    mrr@10 : 0.4361    mrr@20 : 0.4366    
24 Jun 15:03    INFO  Saving current best: /home/hongnguyen/test_all/nhom3/CORE/log/COREtrm/retailrocket_cold/bs2048-lmdNone-semNone-None-Jun-24-2026_15-03-22-lr0.001-l20.0-tauNone-None-DPh0.5-DPa0.5/model.pth
Train 5: [0/9] loss=5.1961
Train 5: [1/9] loss=5.1120
Train 5: [2/9] loss=5.1570
Train 5: [3/9] loss=5.4433
Train 5: [4/9] loss=5.5332
Train 5: [5/9] loss=5.7842
Train 5: [6/9] loss=5.8900
Train 5: [7/9] loss=6.1220
Train 5: [8/9] loss=5.5986
24 Jun 15:03    INFO  epoch 5 training [time: 0.39s, train loss: 49.8364]
Evaluate: [0/5]
Evaluate: [1/5]
Evaluate: [2/5]
Evaluate: [3/5]
Evaluate: [4/5]
24 Jun 15:03    INFO  epoch 5 evaluating [time: 0.10s, valid_score: 0.439000]
24 Jun 15:03    INFO  valid result: 
recall@10 : 0.4834    recall@20 : 0.4903    mrr@10 : 0.4385    mrr@20 : 0.439    
24 Jun 15:03    INFO  Saving current best: /home/hongnguyen/test_all/nhom3/CORE/log/COREtrm/retailrocket_cold/bs2048-lmdNone-semNone-None-Jun-24-2026_15-03-22-lr0.001-l20.0-tauNone-None-DPh0.5-DPa0.5/model.pth
Train 6: [0/9] loss=4.7807
Train 6: [1/9] loss=4.6962
Train 6: [2/9] loss=4.7201
Train 6: [3/9] loss=4.9622
Train 6: [4/9] loss=5.1380
Train 6: [5/9] loss=5.3004
Train 6: [6/9] loss=5.4430
Train 6: [7/9] loss=5.6775
Train 6: [8/9] loss=5.1606
24 Jun 15:03    INFO  epoch 6 training [time: 0.39s, train loss: 45.8788]
Evaluate: [0/5]
Evaluate: [1/5]
Evaluate: [2/5]
Evaluate: [3/5]
Evaluate: [4/5]
24 Jun 15:03    INFO  epoch 6 evaluating [time: 0.10s, valid_score: 0.441900]
24 Jun 15:03    INFO  valid result: 
recall@10 : 0.4906    recall@20 : 0.4966    mrr@10 : 0.4414    mrr@20 : 0.4419    
24 Jun 15:03    INFO  Saving current best: /home/hongnguyen/test_all/nhom3/CORE/log/COREtrm/retailrocket_cold/bs2048-lmdNone-semNone-None-Jun-24-2026_15-03-22-lr0.001-l20.0-tauNone-None-DPh0.5-DPa0.5/model.pth
Train 7: [0/9] loss=4.4094
Train 7: [1/9] loss=4.3466
Train 7: [2/9] loss=4.3494
Train 7: [3/9] loss=4.5730
Train 7: [4/9] loss=4.7006
Train 7: [5/9] loss=4.8857
Train 7: [6/9] loss=5.0513
Train 7: [7/9] loss=5.2441
Train 7: [8/9] loss=4.6618
24 Jun 15:03    INFO  epoch 7 training [time: 0.39s, train loss: 42.2221]
Evaluate: [0/5]
Evaluate: [1/5]
Evaluate: [2/5]
Evaluate: [3/5]
Evaluate: [4/5]
24 Jun 15:03    INFO  epoch 7 evaluating [time: 0.10s, valid_score: 0.445300]
24 Jun 15:03    INFO  valid result: 
recall@10 : 0.4966    recall@20 : 0.5039    mrr@10 : 0.4448    mrr@20 : 0.4453    
24 Jun 15:03    INFO  Saving current best: /home/hongnguyen/test_all/nhom3/CORE/log/COREtrm/retailrocket_cold/bs2048-lmdNone-semNone-None-Jun-24-2026_15-03-22-lr0.001-l20.0-tauNone-None-DPh0.5-DPa0.5/model.pth
Train 8: [0/9] loss=4.0865
Train 8: [1/9] loss=4.0095
Train 8: [2/9] loss=4.0034
Train 8: [3/9] loss=4.2549
Train 8: [4/9] loss=4.3628
Train 8: [5/9] loss=4.4947
Train 8: [6/9] loss=4.6764
Train 8: [7/9] loss=4.8402
Train 8: [8/9] loss=4.1627
24 Jun 15:03    INFO  epoch 8 training [time: 0.39s, train loss: 38.8911]
Evaluate: [0/5]
Evaluate: [1/5]
Evaluate: [2/5]
Evaluate: [3/5]
Evaluate: [4/5]
24 Jun 15:03    INFO  epoch 8 evaluating [time: 0.10s, valid_score: 0.447200]
24 Jun 15:03    INFO  valid result: 
recall@10 : 0.5018    recall@20 : 0.5086    mrr@10 : 0.4468    mrr@20 : 0.4472    
24 Jun 15:03    INFO  Saving current best: /home/hongnguyen/test_all/nhom3/CORE/log/COREtrm/retailrocket_cold/bs2048-lmdNone-semNone-None-Jun-24-2026_15-03-22-lr0.001-l20.0-tauNone-None-DPh0.5-DPa0.5/model.pth
Train 9: [0/9] loss=3.7705
Train 9: [1/9] loss=3.7164
Train 9: [2/9] loss=3.7097
Train 9: [3/9] loss=3.9147
Train 9: [4/9] loss=3.9956
Train 9: [5/9] loss=4.1298
Train 9: [6/9] loss=4.3202
Train 9: [7/9] loss=4.5245
Train 9: [8/9] loss=3.7306
24 Jun 15:03    INFO  epoch 9 training [time: 0.39s, train loss: 35.8119]
Evaluate: [0/5]
Evaluate: [1/5]
Evaluate: [2/5]
Evaluate: [3/5]
Evaluate: [4/5]
24 Jun 15:03    INFO  epoch 9 evaluating [time: 0.10s, valid_score: 0.449000]
24 Jun 15:03    INFO  valid result: 
recall@10 : 0.5055    recall@20 : 0.5118    mrr@10 : 0.4486    mrr@20 : 0.449    
24 Jun 15:03    INFO  Saving current best: /home/hongnguyen/test_all/nhom3/CORE/log/COREtrm/retailrocket_cold/bs2048-lmdNone-semNone-None-Jun-24-2026_15-03-22-lr0.001-l20.0-tauNone-None-DPh0.5-DPa0.5/model.pth
Train 10: [0/9] loss=3.4847
Train 10: [1/9] loss=3.4226
Train 10: [2/9] loss=3.3886
Train 10: [3/9] loss=3.6178
Train 10: [4/9] loss=3.6922
Train 10: [5/9] loss=3.8053
Train 10: [6/9] loss=3.9771
Train 10: [7/9] loss=4.1805
Train 10: [8/9] loss=3.3159
24 Jun 15:03    INFO  epoch 10 training [time: 0.39s, train loss: 32.8846]
Evaluate: [0/5]
Evaluate: [1/5]
Evaluate: [2/5]
Evaluate: [3/5]
Evaluate: [4/5]
24 Jun 15:03    INFO  epoch 10 evaluating [time: 0.10s, valid_score: 0.449700]
24 Jun 15:03    INFO  valid result: 
recall@10 : 0.5086    recall@20 : 0.5152    mrr@10 : 0.4492    mrr@20 : 0.4497    
24 Jun 15:03    INFO  Saving current best: /home/hongnguyen/test_all/nhom3/CORE/log/COREtrm/retailrocket_cold/bs2048-lmdNone-semNone-None-Jun-24-2026_15-03-22-lr0.001-l20.0-tauNone-None-DPh0.5-DPa0.5/model.pth
Train 11: [0/9] loss=3.2130
Train 11: [1/9] loss=3.1649
Train 11: [2/9] loss=3.1571
Train 11: [3/9] loss=3.3432
Train 11: [4/9] loss=3.4287
Train 11: [5/9] loss=3.5422
Train 11: [6/9] loss=3.6813
Train 11: [7/9] loss=3.8889
Train 11: [8/9] loss=3.0010
24 Jun 15:03    INFO  epoch 11 training [time: 0.39s, train loss: 30.4202]
Evaluate: [0/5]
Evaluate: [1/5]
Evaluate: [2/5]
Evaluate: [3/5]
Evaluate: [4/5]
24 Jun 15:03    INFO  epoch 11 evaluating [time: 0.10s, valid_score: 0.450700]
24 Jun 15:03    INFO  valid result: 
recall@10 : 0.5115    recall@20 : 0.5191    mrr@10 : 0.4502    mrr@20 : 0.4507    
24 Jun 15:03    INFO  Saving current best: /home/hongnguyen/test_all/nhom3/CORE/log/COREtrm/retailrocket_cold/bs2048-lmdNone-semNone-None-Jun-24-2026_15-03-22-lr0.001-l20.0-tauNone-None-DPh0.5-DPa0.5/model.pth
Train 12: [0/9] loss=2.9890
Train 12: [1/9] loss=2.9260
Train 12: [2/9] loss=2.8901
Train 12: [3/9] loss=3.0775
Train 12: [4/9] loss=3.1475
Train 12: [5/9] loss=3.2612
Train 12: [6/9] loss=3.4320
Train 12: [7/9] loss=3.6077
Train 12: [8/9] loss=2.7329
24 Jun 15:03    INFO  epoch 12 training [time: 0.39s, train loss: 28.0640]
Evaluate: [0/5]
Evaluate: [1/5]
Evaluate: [2/5]
Evaluate: [3/5]
Evaluate: [4/5]
24 Jun 15:03    INFO  epoch 12 evaluating [time: 0.10s, valid_score: 0.452300]
24 Jun 15:03    INFO  valid result: 
recall@10 : 0.5144    recall@20 : 0.5231    mrr@10 : 0.4518    mrr@20 : 0.4523    
24 Jun 15:03    INFO  Saving current best: /home/hongnguyen/test_all/nhom3/CORE/log/COREtrm/retailrocket_cold/bs2048-lmdNone-semNone-None-Jun-24-2026_15-03-22-lr0.001-l20.0-tauNone-None-DPh0.5-DPa0.5/model.pth
Train 13: [0/9] loss=2.7869
Train 13: [1/9] loss=2.7411
Train 13: [2/9] loss=2.7369
Train 13: [3/9] loss=2.8988
Train 13: [4/9] loss=2.9067
Train 13: [5/9] loss=3.0427
Train 13: [6/9] loss=3.2192
Train 13: [7/9] loss=3.4053
Train 13: [8/9] loss=2.3804
24 Jun 15:03    INFO  epoch 13 training [time: 0.39s, train loss: 26.1181]
Evaluate: [0/5]
Evaluate: [1/5]
Evaluate: [2/5]
Evaluate: [3/5]
Evaluate: [4/5]
24 Jun 15:03    INFO  epoch 13 evaluating [time: 0.10s, valid_score: 0.453400]
24 Jun 15:03    INFO  valid result: 
recall@10 : 0.5173    recall@20 : 0.5253    mrr@10 : 0.4529    mrr@20 : 0.4534    
24 Jun 15:03    INFO  Saving current best: /home/hongnguyen/test_all/nhom3/CORE/log/COREtrm/retailrocket_cold/bs2048-lmdNone-semNone-None-Jun-24-2026_15-03-22-lr0.001-l20.0-tauNone-None-DPh0.5-DPa0.5/model.pth
Train 14: [0/9] loss=2.6072
Train 14: [1/9] loss=2.5300
Train 14: [2/9] loss=2.5395
Train 14: [3/9] loss=2.6833
Train 14: [4/9] loss=2.7511
Train 14: [5/9] loss=2.8287
Train 14: [6/9] loss=3.0070
Train 14: [7/9] loss=3.1755
Train 14: [8/9] loss=2.3301
24 Jun 15:03    INFO  epoch 14 training [time: 0.39s, train loss: 24.4524]
Evaluate: [0/5]
Evaluate: [1/5]
Evaluate: [2/5]
Evaluate: [3/5]
Evaluate: [4/5]
24 Jun 15:03    INFO  epoch 14 evaluating [time: 0.10s, valid_score: 0.453900]
24 Jun 15:03    INFO  valid result: 
recall@10 : 0.5177    recall@20 : 0.526    mrr@10 : 0.4533    mrr@20 : 0.4539    
24 Jun 15:03    INFO  Saving current best: /home/hongnguyen/test_all/nhom3/CORE/log/COREtrm/retailrocket_cold/bs2048-lmdNone-semNone-None-Jun-24-2026_15-03-22-lr0.001-l20.0-tauNone-None-DPh0.5-DPa0.5/model.pth
Train 15: [0/9] loss=2.4406
Train 15: [1/9] loss=2.3691
Train 15: [2/9] loss=2.3883
Train 15: [3/9] loss=2.5144
Train 15: [4/9] loss=2.5445
Train 15: [5/9] loss=2.6373
Train 15: [6/9] loss=2.8176
Train 15: [7/9] loss=2.9987
Train 15: [8/9] loss=2.1370
24 Jun 15:03    INFO  epoch 15 training [time: 0.39s, train loss: 22.8475]
Evaluate: [0/5]
Evaluate: [1/5]
Evaluate: [2/5]
Evaluate: [3/5]
Evaluate: [4/5]
24 Jun 15:03    INFO  epoch 15 evaluating [time: 0.10s, valid_score: 0.454400]
24 Jun 15:03    INFO  valid result: 
recall@10 : 0.52    recall@20 : 0.5279    mrr@10 : 0.4539    mrr@20 : 0.4544    
24 Jun 15:03    INFO  Saving current best: /home/hongnguyen/test_all/nhom3/CORE/log/COREtrm/retailrocket_cold/bs2048-lmdNone-semNone-None-Jun-24-2026_15-03-22-lr0.001-l20.0-tauNone-None-DPh0.5-DPa0.5/model.pth
Train 16: [0/9] loss=2.2848
Train 16: [1/9] loss=2.2692
Train 16: [2/9] loss=2.2325
Train 16: [3/9] loss=2.3566
Train 16: [4/9] loss=2.4072
Train 16: [5/9] loss=2.4788
Train 16: [6/9] loss=2.6394
Train 16: [7/9] loss=2.8092
Train 16: [8/9] loss=1.9052
24 Jun 15:03    INFO  epoch 16 training [time: 0.39s, train loss: 21.3828]
Evaluate: [0/5]
Evaluate: [1/5]
Evaluate: [2/5]
Evaluate: [3/5]
Evaluate: [4/5]
24 Jun 15:03    INFO  epoch 16 evaluating [time: 0.10s, valid_score: 0.455100]
24 Jun 15:03    INFO  valid result: 
recall@10 : 0.5225    recall@20 : 0.5297    mrr@10 : 0.4546    mrr@20 : 0.4551    
24 Jun 15:03    INFO  Saving current best: /home/hongnguyen/test_all/nhom3/CORE/log/COREtrm/retailrocket_cold/bs2048-lmdNone-semNone-None-Jun-24-2026_15-03-22-lr0.001-l20.0-tauNone-None-DPh0.5-DPa0.5/model.pth
Train 17: [0/9] loss=2.1669
Train 17: [1/9] loss=2.1291
Train 17: [2/9] loss=2.1139
Train 17: [3/9] loss=2.2301
Train 17: [4/9] loss=2.2615
Train 17: [5/9] loss=2.3268
Train 17: [6/9] loss=2.4956
Train 17: [7/9] loss=2.6686
Train 17: [8/9] loss=1.7967
24 Jun 15:03    INFO  epoch 17 training [time: 0.39s, train loss: 20.1894]
Evaluate: [0/5]
Evaluate: [1/5]
Evaluate: [2/5]
Evaluate: [3/5]
Evaluate: [4/5]
24 Jun 15:03    INFO  epoch 17 evaluating [time: 0.10s, valid_score: 0.455200]
24 Jun 15:03    INFO  valid result: 
recall@10 : 0.5228    recall@20 : 0.532    mrr@10 : 0.4545    mrr@20 : 0.4552    
24 Jun 15:03    INFO  Saving current best: /home/hongnguyen/test_all/nhom3/CORE/log/COREtrm/retailrocket_cold/bs2048-lmdNone-semNone-None-Jun-24-2026_15-03-22-lr0.001-l20.0-tauNone-None-DPh0.5-DPa0.5/model.pth
Train 18: [0/9] loss=2.0479
Train 18: [1/9] loss=1.9951
Train 18: [2/9] loss=1.9605
Train 18: [3/9] loss=2.1271
Train 18: [4/9] loss=2.1550
Train 18: [5/9] loss=2.1971
Train 18: [6/9] loss=2.3786
Train 18: [7/9] loss=2.5343
Train 18: [8/9] loss=1.6349
24 Jun 15:03    INFO  epoch 18 training [time: 0.39s, train loss: 19.0305]
Evaluate: [0/5]
Evaluate: [1/5]
Evaluate: [2/5]
Evaluate: [3/5]
Evaluate: [4/5]
24 Jun 15:03    INFO  epoch 18 evaluating [time: 0.10s, valid_score: 0.455300]
24 Jun 15:03    INFO  valid result: 
recall@10 : 0.524    recall@20 : 0.5343    mrr@10 : 0.4546    mrr@20 : 0.4553    
24 Jun 15:03    INFO  Saving current best: /home/hongnguyen/test_all/nhom3/CORE/log/COREtrm/retailrocket_cold/bs2048-lmdNone-semNone-None-Jun-24-2026_15-03-22-lr0.001-l20.0-tauNone-None-DPh0.5-DPa0.5/model.pth
Train 19: [0/9] loss=1.9480
Train 19: [1/9] loss=1.9158
Train 19: [2/9] loss=1.8733
Train 19: [3/9] loss=1.9800
Train 19: [4/9] loss=2.0575
Train 19: [5/9] loss=2.0960
Train 19: [6/9] loss=2.2535
Train 19: [7/9] loss=2.3993
Train 19: [8/9] loss=1.6104
24 Jun 15:03    INFO  epoch 19 training [time: 0.39s, train loss: 18.1337]
Evaluate: [0/5]
Evaluate: [1/5]
Evaluate: [2/5]
Evaluate: [3/5]
Evaluate: [4/5]
24 Jun 15:03    INFO  epoch 19 evaluating [time: 0.10s, valid_score: 0.455400]
24 Jun 15:03    INFO  valid result: 
recall@10 : 0.5257    recall@20 : 0.535    mrr@10 : 0.4548    mrr@20 : 0.4554    
24 Jun 15:03    INFO  Saving current best: /home/hongnguyen/test_all/nhom3/CORE/log/COREtrm/retailrocket_cold/bs2048-lmdNone-semNone-None-Jun-24-2026_15-03-22-lr0.001-l20.0-tauNone-None-DPh0.5-DPa0.5/model.pth
Train 20: [0/9] loss=1.8370
Train 20: [1/9] loss=1.8343
Train 20: [2/9] loss=1.8012
Train 20: [3/9] loss=1.8963
Train 20: [4/9] loss=1.9376
Train 20: [5/9] loss=1.9999
Train 20: [6/9] loss=2.1181
Train 20: [7/9] loss=2.3142
Train 20: [8/9] loss=1.5126
24 Jun 15:03    INFO  epoch 20 training [time: 0.39s, train loss: 17.2512]
Evaluate: [0/5]
Evaluate: [1/5]
Evaluate: [2/5]
Evaluate: [3/5]
Evaluate: [4/5]
24 Jun 15:03    INFO  epoch 20 evaluating [time: 0.10s, valid_score: 0.455900]
24 Jun 15:03    INFO  valid result: 
recall@10 : 0.5257    recall@20 : 0.5352    mrr@10 : 0.4552    mrr@20 : 0.4559    
24 Jun 15:03    INFO  Saving current best: /home/hongnguyen/test_all/nhom3/CORE/log/COREtrm/retailrocket_cold/bs2048-lmdNone-semNone-None-Jun-24-2026_15-03-22-lr0.001-l20.0-tauNone-None-DPh0.5-DPa0.5/model.pth
Train 21: [0/9] loss=1.7523
Train 21: [1/9] loss=1.7487
Train 21: [2/9] loss=1.7376
Train 21: [3/9] loss=1.8248
Train 21: [4/9] loss=1.8507
Train 21: [5/9] loss=1.9104
Train 21: [6/9] loss=2.0256
Train 21: [7/9] loss=2.1891
Train 21: [8/9] loss=1.4306
24 Jun 15:03    INFO  epoch 21 training [time: 0.39s, train loss: 16.4697]
Evaluate: [0/5]
Evaluate: [1/5]
Evaluate: [2/5]
Evaluate: [3/5]
Evaluate: [4/5]
24 Jun 15:03    INFO  epoch 21 evaluating [time: 0.10s, valid_score: 0.456000]
24 Jun 15:03    INFO  valid result: 
recall@10 : 0.5259    recall@20 : 0.535    mrr@10 : 0.4554    mrr@20 : 0.456    
24 Jun 15:03    INFO  Saving current best: /home/hongnguyen/test_all/nhom3/CORE/log/COREtrm/retailrocket_cold/bs2048-lmdNone-semNone-None-Jun-24-2026_15-03-22-lr0.001-l20.0-tauNone-None-DPh0.5-DPa0.5/model.pth
Train 22: [0/9] loss=1.7101
Train 22: [1/9] loss=1.6691
Train 22: [2/9] loss=1.6391
Train 22: [3/9] loss=1.7518
Train 22: [4/9] loss=1.7878
Train 22: [5/9] loss=1.8279
Train 22: [6/9] loss=1.9499
Train 22: [7/9] loss=2.1140
Train 22: [8/9] loss=1.3784
24 Jun 15:03    INFO  epoch 22 training [time: 0.39s, train loss: 15.8282]
Evaluate: [0/5]
Evaluate: [1/5]
Evaluate: [2/5]
Evaluate: [3/5]
Evaluate: [4/5]
24 Jun 15:03    INFO  epoch 22 evaluating [time: 0.10s, valid_score: 0.456200]
24 Jun 15:03    INFO  valid result: 
recall@10 : 0.5258    recall@20 : 0.5349    mrr@10 : 0.4556    mrr@20 : 0.4562    
24 Jun 15:03    INFO  Saving current best: /home/hongnguyen/test_all/nhom3/CORE/log/COREtrm/retailrocket_cold/bs2048-lmdNone-semNone-None-Jun-24-2026_15-03-22-lr0.001-l20.0-tauNone-None-DPh0.5-DPa0.5/model.pth
Train 23: [0/9] loss=1.6616
Train 23: [1/9] loss=1.5783
Train 23: [2/9] loss=1.5718
Train 23: [3/9] loss=1.6714
Train 23: [4/9] loss=1.7161
Train 23: [5/9] loss=1.7656
Train 23: [6/9] loss=1.8895
Train 23: [7/9] loss=2.0298
Train 23: [8/9] loss=1.2671
24 Jun 15:03    INFO  epoch 23 training [time: 0.39s, train loss: 15.1510]
Evaluate: [0/5]
Evaluate: [1/5]
Evaluate: [2/5]
Evaluate: [3/5]
Evaluate: [4/5]
24 Jun 15:03    INFO  epoch 23 evaluating [time: 0.10s, valid_score: 0.456100]
24 Jun 15:03    INFO  valid result: 
recall@10 : 0.5264    recall@20 : 0.534    mrr@10 : 0.4555    mrr@20 : 0.4561    
Train 24: [0/9] loss=1.5870
Train 24: [1/9] loss=1.5322
Train 24: [2/9] loss=1.5477
Train 24: [3/9] loss=1.6348
Train 24: [4/9] loss=1.6624
Train 24: [5/9] loss=1.6814
Train 24: [6/9] loss=1.8254
Train 24: [7/9] loss=1.9758
Train 24: [8/9] loss=1.3275
24 Jun 15:03    INFO  epoch 24 training [time: 0.39s, train loss: 14.7743]
Evaluate: [0/5]
Evaluate: [1/5]
Evaluate: [2/5]
Evaluate: [3/5]
Evaluate: [4/5]
24 Jun 15:03    INFO  epoch 24 evaluating [time: 0.10s, valid_score: 0.456200]
24 Jun 15:03    INFO  valid result: 
recall@10 : 0.5264    recall@20 : 0.5343    mrr@10 : 0.4556    mrr@20 : 0.4562    
Train 25: [0/9] loss=1.5087
Train 25: [1/9] loss=1.4922
Train 25: [2/9] loss=1.4865
Train 25: [3/9] loss=1.5687
Train 25: [4/9] loss=1.6169
Train 25: [5/9] loss=1.6177
Train 25: [6/9] loss=1.7592
Train 25: [7/9] loss=1.8985
Train 25: [8/9] loss=1.2328
24 Jun 15:03    INFO  epoch 25 training [time: 0.39s, train loss: 14.1811]
Evaluate: [0/5]
Evaluate: [1/5]
Evaluate: [2/5]
Evaluate: [3/5]
Evaluate: [4/5]
24 Jun 15:03    INFO  epoch 25 evaluating [time: 0.10s, valid_score: 0.456000]
24 Jun 15:03    INFO  valid result: 
recall@10 : 0.5263    recall@20 : 0.5351    mrr@10 : 0.4554    mrr@20 : 0.456    
Train 26: [0/9] loss=1.4903
Train 26: [1/9] loss=1.4445
Train 26: [2/9] loss=1.4464
Train 26: [3/9] loss=1.4941
Train 26: [4/9] loss=1.5528
Train 26: [5/9] loss=1.5937
Train 26: [6/9] loss=1.7232
Train 26: [7/9] loss=1.8329
Train 26: [8/9] loss=1.2108
24 Jun 15:03    INFO  epoch 26 training [time: 0.39s, train loss: 13.7887]
Evaluate: [0/5]
Evaluate: [1/5]
Evaluate: [2/5]
Evaluate: [3/5]
Evaluate: [4/5]
24 Jun 15:03    INFO  epoch 26 evaluating [time: 0.10s, valid_score: 0.455700]
24 Jun 15:03    INFO  valid result: 
recall@10 : 0.5266    recall@20 : 0.5351    mrr@10 : 0.4551    mrr@20 : 0.4557    
Train 27: [0/9] loss=1.4375
Train 27: [1/9] loss=1.4019
Train 27: [2/9] loss=1.3995
Train 27: [3/9] loss=1.4970
Train 27: [4/9] loss=1.4970
Train 27: [5/9] loss=1.5390
Train 27: [6/9] loss=1.6474
Train 27: [7/9] loss=1.8014
Train 27: [8/9] loss=1.0879
24 Jun 15:03    INFO  epoch 27 training [time: 0.39s, train loss: 13.3086]
Evaluate: [0/5]
Evaluate: [1/5]
Evaluate: [2/5]
Evaluate: [3/5]
Evaluate: [4/5]
24 Jun 15:03    INFO  epoch 27 evaluating [time: 0.10s, valid_score: 0.455800]
24 Jun 15:03    INFO  valid result: 
recall@10 : 0.5254    recall@20 : 0.5349    mrr@10 : 0.4551    mrr@20 : 0.4558    
Train 28: [0/9] loss=1.4162
Train 28: [1/9] loss=1.3711
Train 28: [2/9] loss=1.3774
Train 28: [3/9] loss=1.4403
Train 28: [4/9] loss=1.4614
Train 28: [5/9] loss=1.4940
Train 28: [6/9] loss=1.6038
Train 28: [7/9] loss=1.7405
Train 28: [8/9] loss=1.1497
24 Jun 15:03    INFO  epoch 28 training [time: 0.39s, train loss: 13.0544]
Evaluate: [0/5]
Evaluate: [1/5]
Evaluate: [2/5]
Evaluate: [3/5]
Evaluate: [4/5]
24 Jun 15:03    INFO  epoch 28 evaluating [time: 0.10s, valid_score: 0.455100]
24 Jun 15:03    INFO  valid result: 
recall@10 : 0.5257    recall@20 : 0.5342    mrr@10 : 0.4545    mrr@20 : 0.4551    
24 Jun 15:03    INFO  Finished training, best eval result in epoch 22
24 Jun 15:03    INFO  Loading model structure and parameters from /home/hongnguyen/test_all/nhom3/CORE/log/COREtrm/retailrocket_cold/bs2048-lmdNone-semNone-None-Jun-24-2026_15-03-22-lr0.001-l20.0-tauNone-None-DPh0.5-DPa0.5/model.pth
Evaluate: [0/5]
Evaluate: [1/5]
Evaluate: [2/5]
Evaluate: [3/5]
Evaluate: [4/5]
24 Jun 15:03    INFO  best valid : {'recall@10': np.float64(0.5258), 'recall@20': np.float64(0.5349), 'mrr@10': np.float64(0.4556), 'mrr@20': np.float64(0.4562)}
24 Jun 15:03    INFO  test result: {'recall@10': np.float64(0.4997), 'recall@20': np.float64(0.5106), 'mrr@10': np.float64(0.4279), 'mrr@20': np.float64(0.4287)}

[2026-06-24 15:03:39] END CORE | retailrocket_cold — OK — 0.3 min
