2026-07-05 02:37:20 | INFO    | Log được ghi tại: /home/hongnguyen/demo2/Log/CatSA_v1/diginetica_v1.log
2026-07-05 02:37:20 | INFO    | 
====================================================================
CẤU HÌNH LÚC CHẠY (config_dir: config | version: catsa_v1)
====================================================================
logging:
  dir: Log
  level: INFO
  console: true
project:
  name: CatSA_v1
  filename_mode: custom
  custom_filename: diginetica_v1.log
wandb:
  enabled: true
  api_key: '***da-che***'
  project: ''
  entity: ''
  run_name: ''
  mode: online
dataset:
  source: kagglehub
  kagglehub_handle: retailrocket/ecommerce-dataset
  local_path: data/raw
  name: retailrocket
preprocess:
  output_dir: data/retailrocket_2_5
  train_file: train.txt
  val_file: val.txt
  test_file: test.txt
  lookup_file: lookup_tables.pkl
  event_types:
  - view
  session_same_day: true
  session_gap_seconds: 1800
  dedup_consecutive: false
  min_item_support: 5
  min_session_length: 2
  max_session_length: 5
  session_length_mode: filter
  max_prefix_length: 50
  require_item_category: false
  val_ratio: 0.1
  test_ratio: 0.1
  max_sessions: 0
data:
  data_dir: data/diginetica
  train_file: train.txt
  val_file: val.txt
  test_file: test.txt
  lookup_file: lookup_tables.pkl
model:
  embedding_dim: 100
  num_layers: 2
  use_taxonomy: false
  dropout: 0.1
augment:
  strategies:
  - same
  - hybrid
  strategy_weights: []
  eta_aug: 0.3
  eta_crop: 0.75
  k_min: 5
training:
  use_cl: true
  lambda_cl: 0.1
  tau: 0.5
  batch_size: 100
  learning_rate: 0.001
  weight_decay: 1.0e-05
  max_epochs: 30
  patience: 5
  grad_clip: 5.0
  seed: 42
  device: auto
  num_workers: 0
  checkpoint_dir: checkpoints
  save_dir: checkpoints/CatSA_v1/catsa_v1/diginetica_v1
evaluation:
  top_k:
  - 10
  - 20
  primary_metric: mrr@20
config_dir: config
version: catsa_v1
====================================================================
2026-07-05 02:37:23 | INFO    | wandb: run 'diginetica_v1' — https://wandb.ai/hongichik321-aol/CatSA_v1/runs/u7pyq0hm
2026-07-05 02:37:23 | INFO    | Dữ liệu [data/diginetica]: |I|=44459, |C|=1019, train=164559 phiên
2026-07-05 02:37:23 | INFO    | Thiết bị: cuda | use_cl=True (CatSA đầy đủ)
2026-07-05 02:37:23 | INFO    | Augmentation strategies: ['same', 'hybrid'] | eta_aug=0.30, k_min=5
2026-07-05 02:37:23 | INFO    | max_prefix_length=50 (giới hạn lịch sử khi tạo mẫu sliding window)
2026-07-05 02:37:24 | INFO    | Số mẫu train/val/test (sliding window): 638009 / 77133 / 77988
2026-07-05 02:37:24 | INFO    | Checkpoint của run này: /home/hongnguyen/demo2/checkpoints/CatSA_v1/catsa_v1/diginetica_v1
2026-07-05 02:40:29 | INFO    | Epoch 1: total=7.3741, rec=7.0210, cl=3.5310 (185.2s)
2026-07-05 02:40:42 | INFO    |   Val: hr@10=0.2664 | ndcg@10=0.1441 | mrr@10=0.1070 | hr@20=0.3786 | ndcg@20=0.1723 | mrr@20=0.1146
2026-07-05 02:40:42 | INFO    |   → Model tốt nhất mới (mrr@20=0.1146), lưu checkpoints/CatSA_v1/catsa_v1/diginetica_v1/best_model.pt
2026-07-05 02:43:46 | INFO    | Epoch 2: total=5.7870, rec=5.4340, cl=3.5297 (184.5s)
2026-07-05 02:44:00 | INFO    |   Val: hr@10=0.3037 | ndcg@10=0.1671 | mrr@10=0.1256 | hr@20=0.4267 | ndcg@20=0.1982 | mrr@20=0.1341
2026-07-05 02:44:00 | INFO    |   → Model tốt nhất mới (mrr@20=0.1341), lưu checkpoints/CatSA_v1/catsa_v1/diginetica_v1/best_model.pt
2026-07-05 02:47:05 | INFO    | Epoch 3: total=5.5060, rec=5.1557, cl=3.5035 (184.9s)
2026-07-05 02:47:18 | INFO    |   Val: hr@10=0.3102 | ndcg@10=0.1697 | mrr@10=0.1270 | hr@20=0.4392 | ndcg@20=0.2023 | mrr@20=0.1359
2026-07-05 02:47:18 | INFO    |   → Model tốt nhất mới (mrr@20=0.1359), lưu checkpoints/CatSA_v1/catsa_v1/diginetica_v1/best_model.pt
2026-07-05 02:50:17 | INFO    | Epoch 4: total=5.3670, rec=5.0192, cl=3.4784 (179.2s)
2026-07-05 02:50:30 | INFO    |   Val: hr@10=0.3139 | ndcg@10=0.1709 | mrr@10=0.1275 | hr@20=0.4393 | ndcg@20=0.2026 | mrr@20=0.1361
2026-07-05 02:50:30 | INFO    |   → Model tốt nhất mới (mrr@20=0.1361), lưu checkpoints/CatSA_v1/catsa_v1/diginetica_v1/best_model.pt
2026-07-05 02:53:32 | INFO    | Epoch 5: total=5.2767, rec=4.9310, cl=3.4573 (182.3s)
2026-07-05 02:53:45 | INFO    |   Val: hr@10=0.3139 | ndcg@10=0.1711 | mrr@10=0.1277 | hr@20=0.4401 | ndcg@20=0.2030 | mrr@20=0.1364
2026-07-05 02:53:45 | INFO    |   → Model tốt nhất mới (mrr@20=0.1364), lưu checkpoints/CatSA_v1/catsa_v1/diginetica_v1/best_model.pt
2026-07-05 02:56:47 | INFO    | Epoch 6: total=5.2101, rec=4.8660, cl=3.4407 (181.5s)
2026-07-05 02:57:00 | INFO    |   Val: hr@10=0.3152 | ndcg@10=0.1726 | mrr@10=0.1294 | hr@20=0.4424 | ndcg@20=0.2047 | mrr@20=0.1381
2026-07-05 02:57:00 | INFO    |   → Model tốt nhất mới (mrr@20=0.1381), lưu checkpoints/CatSA_v1/catsa_v1/diginetica_v1/best_model.pt
2026-07-05 03:00:04 | INFO    | Epoch 7: total=5.1583, rec=4.8157, cl=3.4256 (183.4s)
2026-07-05 03:00:16 | INFO    |   Val: hr@10=0.3174 | ndcg@10=0.1733 | mrr@10=0.1295 | hr@20=0.4449 | ndcg@20=0.2054 | mrr@20=0.1382
2026-07-05 03:00:16 | INFO    |   → Model tốt nhất mới (mrr@20=0.1382), lưu checkpoints/CatSA_v1/catsa_v1/diginetica_v1/best_model.pt
2026-07-05 03:03:20 | INFO    | Epoch 8: total=5.1185, rec=4.7770, cl=3.4143 (183.7s)
2026-07-05 03:03:32 | INFO    |   Val: hr@10=0.3177 | ndcg@10=0.1727 | mrr@10=0.1286 | hr@20=0.4439 | ndcg@20=0.2045 | mrr@20=0.1373
2026-07-05 03:06:35 | INFO    | Epoch 9: total=5.0839, rec=4.7436, cl=3.4035 (183.2s)
2026-07-05 03:06:47 | INFO    |   Val: hr@10=0.3144 | ndcg@10=0.1730 | mrr@10=0.1300 | hr@20=0.4405 | ndcg@20=0.2048 | mrr@20=0.1387
2026-07-05 03:06:47 | INFO    |   → Model tốt nhất mới (mrr@20=0.1387), lưu checkpoints/CatSA_v1/catsa_v1/diginetica_v1/best_model.pt
2026-07-05 03:09:51 | INFO    | Epoch 10: total=5.0542, rec=4.7147, cl=3.3952 (184.6s)
2026-07-05 03:10:04 | INFO    |   Val: hr@10=0.3130 | ndcg@10=0.1708 | mrr@10=0.1276 | hr@20=0.4392 | ndcg@20=0.2027 | mrr@20=0.1363
2026-07-05 03:13:08 | INFO    | Epoch 11: total=5.0274, rec=4.6887, cl=3.3870 (183.6s)
2026-07-05 03:13:21 | INFO    |   Val: hr@10=0.3120 | ndcg@10=0.1701 | mrr@10=0.1270 | hr@20=0.4370 | ndcg@20=0.2016 | mrr@20=0.1356
2026-07-05 03:16:25 | INFO    | Epoch 12: total=5.0087, rec=4.6707, cl=3.3794 (183.9s)
2026-07-05 03:16:38 | INFO    |   Val: hr@10=0.3096 | ndcg@10=0.1684 | mrr@10=0.1254 | hr@20=0.4353 | ndcg@20=0.2001 | mrr@20=0.1341
2026-07-05 03:19:36 | INFO    | Epoch 13: total=4.9898, rec=4.6524, cl=3.3733 (177.5s)
2026-07-05 03:19:47 | INFO    |   Val: hr@10=0.3073 | ndcg@10=0.1674 | mrr@10=0.1249 | hr@20=0.4347 | ndcg@20=0.1995 | mrr@20=0.1336
2026-07-05 03:22:50 | INFO    | Epoch 14: total=4.9711, rec=4.6344, cl=3.3671 (183.4s)
2026-07-05 03:23:03 | INFO    |   Val: hr@10=0.3092 | ndcg@10=0.1675 | mrr@10=0.1245 | hr@20=0.4317 | ndcg@20=0.1984 | mrr@20=0.1329
2026-07-05 03:23:03 | INFO    | Early stopping tại epoch 14 (mrr@20 không cải thiện 5 epoch)
2026-07-05 03:23:15 | INFO    | KẾT QUẢ TEST (best model): hr@10=0.3143 | ndcg@10=0.1719 | mrr@10=0.1286 | hr@20=0.4395 | ndcg@20=0.2035 | mrr@20=0.1372
2026-07-05 03:23:15 | INFO    | [CatSA] Hoàn tất catsa_v1.yaml. Test metrics: hr@10=0.3143 | ndcg@10=0.1719 | mrr@10=0.1286 | hr@20=0.4395 | ndcg@20=0.2035 | mrr@20=0.1372
