2026-07-05 04:02:42 | INFO    | Log được ghi tại: /home/hongnguyen/demo2/Log/CatSA_v1/diginetica_v3.log
2026-07-05 04:02:42 | INFO    | 
====================================================================
CẤU HÌNH LÚC CHẠY (config_dir: config | version: catsa_v3)
====================================================================
logging:
  dir: Log
  level: INFO
  console: true
project:
  name: CatSA_v1
  filename_mode: custom
  custom_filename: diginetica_v3.log
wandb:
  enabled: true
  api_key: '***da-che***'
  project: ''
  entity: ''
  run_name: ''
  mode: online
dataset:
  source: kagglehub
  kagglehub_handle: retailrocket/ecommerce-dataset
  local_path: data/raw
  name: retailrocket
preprocess:
  output_dir: data/retailrocket_2_5
  train_file: train.txt
  val_file: val.txt
  test_file: test.txt
  lookup_file: lookup_tables.pkl
  event_types:
  - view
  session_same_day: true
  session_gap_seconds: 1800
  dedup_consecutive: false
  min_item_support: 5
  min_session_length: 2
  max_session_length: 5
  session_length_mode: filter
  max_prefix_length: 50
  require_item_category: false
  val_ratio: 0.1
  test_ratio: 0.1
  max_sessions: 0
data:
  data_dir: data/diginetica
  train_file: train.txt
  val_file: val.txt
  test_file: test.txt
  lookup_file: lookup_tables.pkl
model:
  embedding_dim: 100
  num_layers: 2
  use_taxonomy: false
  dropout: 0.1
augment:
  strategies:
  - hybrid
  strategy_weights: []
  eta_aug: 0.3
  eta_crop: 0.75
  k_min: 5
training:
  use_cl: true
  lambda_cl: 0.1
  tau: 0.5
  batch_size: 100
  learning_rate: 0.001
  weight_decay: 1.0e-05
  max_epochs: 30
  patience: 5
  grad_clip: 5.0
  seed: 42
  device: auto
  num_workers: 0
  checkpoint_dir: checkpoints
  save_dir: checkpoints/CatSA_v1/catsa_v1/diginetica_v3
evaluation:
  top_k:
  - 10
  - 20
  primary_metric: mrr@20
config_dir: config
version: catsa_v3
====================================================================
2026-07-05 04:02:44 | INFO    | wandb: run 'diginetica_v3' — https://wandb.ai/hongichik321-aol/CatSA_v1/runs/rz85av91
2026-07-05 04:02:44 | INFO    | Dữ liệu [data/diginetica]: |I|=44459, |C|=1019, train=164559 phiên
2026-07-05 04:02:44 | INFO    | Thiết bị: cuda | use_cl=True (CatSA đầy đủ)
2026-07-05 04:02:44 | INFO    | Augmentation strategies: ['hybrid'] | eta_aug=0.30, k_min=5
2026-07-05 04:02:44 | INFO    | max_prefix_length=50 (giới hạn lịch sử khi tạo mẫu sliding window)
2026-07-05 04:02:45 | INFO    | Số mẫu train/val/test (sliding window): 638009 / 77133 / 77988
2026-07-05 04:02:45 | INFO    | Checkpoint của run này: /home/hongnguyen/demo2/checkpoints/CatSA_v1/catsa_v1/diginetica_v3
2026-07-05 04:05:48 | INFO    | Epoch 1: total=7.3901, rec=7.0326, cl=3.5747 (183.0s)
2026-07-05 04:06:01 | INFO    |   Val: hr@10=0.2682 | ndcg@10=0.1458 | mrr@10=0.1087 | hr@20=0.3814 | ndcg@20=0.1744 | mrr@20=0.1165
2026-07-05 04:06:01 | INFO    |   → Model tốt nhất mới (mrr@20=0.1165), lưu checkpoints/CatSA_v1/catsa_v1/diginetica_v3/best_model.pt
2026-07-05 04:09:03 | INFO    | Epoch 2: total=5.7842, rec=5.4272, cl=3.5697 (181.9s)
2026-07-05 04:09:17 | INFO    |   Val: hr@10=0.3046 | ndcg@10=0.1668 | mrr@10=0.1249 | hr@20=0.4269 | ndcg@20=0.1977 | mrr@20=0.1334
2026-07-05 04:09:17 | INFO    |   → Model tốt nhất mới (mrr@20=0.1334), lưu checkpoints/CatSA_v1/catsa_v1/diginetica_v3/best_model.pt
2026-07-05 04:11:46 | INFO    | Epoch 3: total=5.5035, rec=5.1492, cl=3.5435 (148.9s)
2026-07-05 04:11:57 | INFO    |   Val: hr@10=0.3107 | ndcg@10=0.1696 | mrr@10=0.1266 | hr@20=0.4394 | ndcg@20=0.2020 | mrr@20=0.1355
2026-07-05 04:11:57 | INFO    |   → Model tốt nhất mới (mrr@20=0.1355), lưu checkpoints/CatSA_v1/catsa_v1/diginetica_v3/best_model.pt
2026-07-05 04:14:59 | INFO    | Epoch 4: total=5.3683, rec=5.0164, cl=3.5188 (182.8s)
2026-07-05 04:15:11 | INFO    |   Val: hr@10=0.3160 | ndcg@10=0.1719 | mrr@10=0.1282 | hr@20=0.4437 | ndcg@20=0.2041 | mrr@20=0.1370
2026-07-05 04:15:11 | INFO    |   → Model tốt nhất mới (mrr@20=0.1370), lưu checkpoints/CatSA_v1/catsa_v1/diginetica_v3/best_model.pt
2026-07-05 04:18:13 | INFO    | Epoch 5: total=5.2769, rec=4.9272, cl=3.4969 (182.4s)
2026-07-05 04:18:26 | INFO    |   Val: hr@10=0.3127 | ndcg@10=0.1712 | mrr@10=0.1282 | hr@20=0.4399 | ndcg@20=0.2033 | mrr@20=0.1370
2026-07-05 04:21:29 | INFO    | Epoch 6: total=5.2111, rec=4.8632, cl=3.4793 (182.5s)
2026-07-05 04:21:41 | INFO    |   Val: hr@10=0.3150 | ndcg@10=0.1715 | mrr@10=0.1280 | hr@20=0.4420 | ndcg@20=0.2036 | mrr@20=0.1368
2026-07-05 04:24:42 | INFO    | Epoch 7: total=5.1604, rec=4.8139, cl=3.4651 (180.8s)
2026-07-05 04:24:54 | INFO    |   Val: hr@10=0.3181 | ndcg@10=0.1736 | mrr@10=0.1297 | hr@20=0.4465 | ndcg@20=0.2060 | mrr@20=0.1385
2026-07-05 04:24:54 | INFO    |   → Model tốt nhất mới (mrr@20=0.1385), lưu checkpoints/CatSA_v1/catsa_v1/diginetica_v3/best_model.pt
2026-07-05 04:27:57 | INFO    | Epoch 8: total=5.1187, rec=4.7736, cl=3.4519 (182.6s)
2026-07-05 04:28:09 | INFO    |   Val: hr@10=0.3174 | ndcg@10=0.1734 | mrr@10=0.1297 | hr@20=0.4442 | ndcg@20=0.2054 | mrr@20=0.1385
2026-07-05 04:31:13 | INFO    | Epoch 9: total=5.0864, rec=4.7423, cl=3.4414 (183.7s)
2026-07-05 04:31:25 | INFO    |   Val: hr@10=0.3135 | ndcg@10=0.1715 | mrr@10=0.1284 | hr@20=0.4392 | ndcg@20=0.2033 | mrr@20=0.1371
2026-07-05 04:34:23 | INFO    | Epoch 10: total=5.0594, rec=4.7162, cl=3.4320 (177.7s)
2026-07-05 04:34:36 | INFO    |   Val: hr@10=0.3132 | ndcg@10=0.1713 | mrr@10=0.1282 | hr@20=0.4405 | ndcg@20=0.2034 | mrr@20=0.1370
2026-07-05 04:37:39 | INFO    | Epoch 11: total=5.0300, rec=4.6877, cl=3.4228 (182.5s)
2026-07-05 04:37:52 | INFO    |   Val: hr@10=0.3093 | ndcg@10=0.1685 | mrr@10=0.1257 | hr@20=0.4349 | ndcg@20=0.2002 | mrr@20=0.1343
2026-07-05 04:40:54 | INFO    | Epoch 12: total=5.0144, rec=4.6730, cl=3.4138 (182.5s)
2026-07-05 04:41:06 | INFO    |   Val: hr@10=0.3097 | ndcg@10=0.1671 | mrr@10=0.1237 | hr@20=0.4332 | ndcg@20=0.1982 | mrr@20=0.1323
2026-07-05 04:41:06 | INFO    | Early stopping tại epoch 12 (mrr@20 không cải thiện 5 epoch)
2026-07-05 04:41:20 | INFO    | KẾT QUẢ TEST (best model): hr@10=0.3151 | ndcg@10=0.1722 | mrr@10=0.1287 | hr@20=0.4413 | ndcg@20=0.2040 | mrr@20=0.1374
2026-07-05 04:41:20 | INFO    | [CatSA] Hoàn tất catsa_v3.yaml. Test metrics: hr@10=0.3151 | ndcg@10=0.1722 | mrr@10=0.1287 | hr@20=0.4413 | ndcg@20=0.2040 | mrr@20=0.1374
