/home/hongnguyen/test_all/nhom3/CORE/main.py:28: Pandas4Warning: The 'mode.copy_on_write' option is deprecated. Copy-on-Write can no longer be disabled (it is always enabled with pandas >= 3.0), and setting the option has no impact. This option will be removed in pandas 4.0.
  pd.options.mode.copy_on_write = False
command line args [--model trm --dataset retailrocket] will not be used in RecBole
25 Jun 03:17    INFO  
General Hyper Parameters:
gpu_id = 0
use_gpu = True
seed = 2020
state = INFO
reproducibility = True
data_path = /home/hongnguyen/test_all/Data/CORE/retailrocket
show_progress = True

Training Hyper Parameters:
checkpoint_dir = saved
epochs = 300
train_batch_size = 2048
learner = adam
learning_rate = 0.001
training_neg_sample_num = 0
training_neg_sample_distribution = uniform
eval_step = 1
stopping_step = 5
clip_grad_norm = None
weight_decay = 0.0
draw_loss_pic = False
loss_decimal_place = 4

Evaluation Hyper Parameters:
eval_setting = TO_LS,full
group_by_user = True
split_ratio = [0.8, 0.1, 0.1]
leave_one_num = 2
real_time_process = False
metrics = ['Recall', 'MRR']
topk = [10, 20]
valid_metric = MRR@20
eval_batch_size = 2048
metric_decimal_place = 4

Dataset Hyper Parameters:
field_separator = 	
seq_separator =  
USER_ID_FIELD = session_id
ITEM_ID_FIELD = item_id
RATING_FIELD = rating
TIME_FIELD = timestamp
seq_len = None
LABEL_FIELD = label
threshold = None
NEG_PREFIX = neg_
load_col = {'inter': ['session_id', 'item_id_list', 'item_id']}
unload_col = None
unused_col = None
additional_feat_suffix = None
lowest_val = None
highest_val = None
equal_val = None
not_equal_val = None
max_user_inter_num = None
min_user_inter_num = 0
max_item_inter_num = None
min_item_inter_num = 0
fields_in_same_space = None
preload_weight = None
normalize_field = None
normalize_all = None
ITEM_LIST_LENGTH_FIELD = item_length
LIST_SUFFIX = _list
MAX_ITEM_LIST_LENGTH = 50
POSITION_FIELD = position_id
HEAD_ENTITY_ID_FIELD = head_id
TAIL_ENTITY_ID_FIELD = tail_id
RELATION_ID_FIELD = relation_id
ENTITY_ID_FIELD = entity_id

Other Hyper Parameters: 
worker = 0
valid_metric_bigger = True
rm_dup_inter = None
filter_inter_by_user_or_item = True
SOURCE_ID_FIELD = source_id
TARGET_ID_FIELD = target_id
benchmark_filename = ['train', 'valid', 'test']
MODEL_TYPE = ModelType.SEQUENTIAL
alias_of_item_id = ['item_id_list']
eval_args = {'order': 'TO', 'split': {'RS': [0.8, 0.1, 0.1]}, 'group_by': 'user', 'mode': {'valid': 'full', 'test': 'full'}}
neg_sampling = None
train_neg_sample_args = {'strategy': 'none'}
embedding_size = 100
inner_size = 256
n_layers = 2
n_heads = 2
hidden_dropout_prob = 0.5
attn_dropout_prob = 0.5
hidden_act = gelu
layer_norm_eps = 1e-12
initializer_range = 0.02
loss_type = CE
sess_dropout = 0.2
item_dropout = 0.2
temperature = 0.07
MODEL_INPUT_TYPE = InputType.POINTWISE
eval_type = EvaluatorType.RANKING
single_spec = True
local_rank = 0
device = cuda
log_dir = /home/hongnguyen/test_all/log/COREtrm/retailrocket/bs2048-lmdNone-semNone-None-Jun-25-2026_03-17-46-lr0.001-l20.0-tauNone-None-DPh0.5-DPa0.5


25 Jun 03:17    INFO  retailrocket
The number of users: 871638
Average actions of users: 1.0
The number of items: 51428
Average actions of items: 16.96187825951584
The number of inters: 871637
The sparsity of the dataset: 99.9980555361812%
Remain Fields: ['session_id', 'item_id_list', 'item_id', 'item_length']
/home/hongnguyen/test_all/nhom3/DuoRec/recbole/data/dataset/dataset.py:2136: UserWarning: The given NumPy array is not writable, and PyTorch does not support non-writable tensors. This means writing to this tensor will result in undefined behavior. You may want to copy the array to protect its data or make it writable before converting it to a tensor. This type of warning will be suppressed for the rest of this program. (Triggered internally at /pytorch/torch/csrc/utils/tensor_numpy.cpp:203.)
  new_data[k] = torch.LongTensor(value)
25 Jun 03:17    INFO  [Training]: train_batch_size = [2048] train_neg_sample_args: [{'strategy': 'none'}]
25 Jun 03:17    INFO  [Evaluation]: eval_batch_size = [2048] eval_args: [{'order': 'TO', 'split': {'RS': [0.8, 0.1, 0.1]}, 'group_by': 'user', 'mode': {'valid': 'full', 'test': 'full'}}]
25 Jun 03:17    INFO  COREtrm(
  (sess_dropout): Dropout(p=0.2, inplace=False)
  (item_dropout): Dropout(p=0.2, inplace=False)
  (item_embedding): Embedding(51428, 100, padding_idx=0)
  (loss_fct): CrossEntropyLoss()
  (net): TransNet(
    (position_embedding): Embedding(50, 100)
    (trm_encoder): TransformerEncoder(
      (layer): ModuleList(
        (0-1): 2 x TransformerLayer(
          (multi_head_attention): MultiHeadAttention(
            (query): Linear(in_features=100, out_features=100, bias=True)
            (key): Linear(in_features=100, out_features=100, bias=True)
            (value): Linear(in_features=100, out_features=100, bias=True)
            (attn_dropout): Dropout(p=0.5, inplace=False)
            (dense): Linear(in_features=100, out_features=100, bias=True)
            (LayerNorm): LayerNorm((100,), eps=1e-12, elementwise_affine=True)
            (out_dropout): Dropout(p=0.5, inplace=False)
          )
          (feed_forward): FeedForward(
            (dense_1): Linear(in_features=100, out_features=256, bias=True)
            (dense_2): Linear(in_features=256, out_features=100, bias=True)
            (LayerNorm): LayerNorm((100,), eps=1e-12, elementwise_affine=True)
            (dropout): Dropout(p=0.5, inplace=False)
          )
        )
      )
    )
    (LayerNorm): LayerNorm((100,), eps=1e-12, elementwise_affine=True)
    (dropout): Dropout(p=0.5, inplace=False)
    (fn): Linear(in_features=100, out_features=1, bias=True)
  )
)
Trainable parameters: 5332813
Train 0: [0/351] loss=8.6108
Train 0: [10/351] loss=8.1202
Train 0: [20/351] loss=8.9643
Train 0: [30/351] loss=8.8916
Train 0: [40/351] loss=7.7410
Train 0: [50/351] loss=7.5849
Train 0: [60/351] loss=8.3648
Train 0: [70/351] loss=8.2677
Train 0: [80/351] loss=8.2098
Train 0: [90/351] loss=7.6729
Train 0: [100/351] loss=7.9355
Train 0: [110/351] loss=7.5658
Train 0: [120/351] loss=8.2048
Train 0: [130/351] loss=7.5725
Train 0: [140/351] loss=7.9836
Train 0: [150/351] loss=8.3130
Train 0: [160/351] loss=7.1933
Train 0: [170/351] loss=7.9773
Train 0: [180/351] loss=7.1026
Train 0: [190/351] loss=7.3339
Train 0: [200/351] loss=7.2729
Train 0: [210/351] loss=7.5781
Train 0: [220/351] loss=7.2821
Train 0: [230/351] loss=7.9942
Train 0: [240/351] loss=6.9450
Train 0: [250/351] loss=7.0824
Train 0: [260/351] loss=6.7831
Train 0: [270/351] loss=6.4058
Train 0: [280/351] loss=7.9848
Train 0: [290/351] loss=7.8211
Train 0: [300/351] loss=6.9299
Train 0: [310/351] loss=6.6455
Train 0: [320/351] loss=7.3071
Train 0: [330/351] loss=6.9322
Train 0: [340/351] loss=7.3482
Train 0: [350/351] loss=6.1734
25 Jun 03:18    INFO  epoch 0 training [time: 21.64s, train loss: 2693.3492]
Evaluate: [0/39]
Evaluate: [3/39]
Evaluate: [6/39]
Evaluate: [9/39]
Evaluate: [12/39]
Evaluate: [15/39]
Evaluate: [18/39]
Evaluate: [21/39]
Evaluate: [24/39]
Evaluate: [27/39]
Evaluate: [30/39]
Evaluate: [33/39]
Evaluate: [36/39]
Evaluate: [38/39]
25 Jun 03:18    INFO  epoch 0 evaluating [time: 1.16s, valid_score: 0.380800]
25 Jun 03:18    INFO  valid result: 
recall@10 : 0.4809    recall@20 : 0.5053    mrr@10 : 0.3791    mrr@20 : 0.3808    
25 Jun 03:18    INFO  Saving current best: /home/hongnguyen/test_all/log/COREtrm/retailrocket/bs2048-lmdNone-semNone-None-Jun-25-2026_03-17-46-lr0.001-l20.0-tauNone-None-DPh0.5-DPa0.5/model.pth
Train 1: [0/351] loss=6.3973
Train 1: [10/351] loss=6.2835
Train 1: [20/351] loss=7.2854
Train 1: [30/351] loss=7.0467
Train 1: [40/351] loss=5.8434
Train 1: [50/351] loss=5.6684
Train 1: [60/351] loss=6.4013
Train 1: [70/351] loss=6.1438
Train 1: [80/351] loss=6.3494
Train 1: [90/351] loss=5.8762
Train 1: [100/351] loss=5.8953
Train 1: [110/351] loss=5.5853
Train 1: [120/351] loss=6.1373
Train 1: [130/351] loss=5.5483
Train 1: [140/351] loss=5.9612
Train 1: [150/351] loss=6.3934
Train 1: [160/351] loss=5.2514
Train 1: [170/351] loss=6.1521
Train 1: [180/351] loss=5.2506
Train 1: [190/351] loss=5.3766
Train 1: [200/351] loss=5.4369
Train 1: [210/351] loss=5.6590
Train 1: [220/351] loss=5.5364
Train 1: [230/351] loss=6.1620
Train 1: [240/351] loss=5.2327
Train 1: [250/351] loss=5.3739
Train 1: [260/351] loss=5.3484
Train 1: [270/351] loss=5.0316
Train 1: [280/351] loss=5.9440
Train 1: [290/351] loss=5.9174
Train 1: [300/351] loss=5.5383
Train 1: [310/351] loss=5.1030
Train 1: [320/351] loss=5.8463
Train 1: [330/351] loss=5.4329
Train 1: [340/351] loss=5.9886
Train 1: [350/351] loss=5.0054
25 Jun 03:18    INFO  epoch 1 training [time: 21.29s, train loss: 2061.7519]
Evaluate: [0/39]
Evaluate: [3/39]
Evaluate: [6/39]
Evaluate: [9/39]
Evaluate: [12/39]
Evaluate: [15/39]
Evaluate: [18/39]
Evaluate: [21/39]
Evaluate: [24/39]
Evaluate: [27/39]
Evaluate: [30/39]
Evaluate: [33/39]
Evaluate: [36/39]
Evaluate: [38/39]
25 Jun 03:18    INFO  epoch 1 evaluating [time: 1.14s, valid_score: 0.394300]
25 Jun 03:18    INFO  valid result: 
recall@10 : 0.536    recall@20 : 0.5811    mrr@10 : 0.3911    mrr@20 : 0.3943    
25 Jun 03:18    INFO  Saving current best: /home/hongnguyen/test_all/log/COREtrm/retailrocket/bs2048-lmdNone-semNone-None-Jun-25-2026_03-17-46-lr0.001-l20.0-tauNone-None-DPh0.5-DPa0.5/model.pth
Train 2: [0/351] loss=4.9890
Train 2: [10/351] loss=4.9173
Train 2: [20/351] loss=5.9264
Train 2: [30/351] loss=5.7024
Train 2: [40/351] loss=4.6913
Train 2: [50/351] loss=4.5323
Train 2: [60/351] loss=5.2508
Train 2: [70/351] loss=5.0932
Train 2: [80/351] loss=5.2432
Train 2: [90/351] loss=4.8276
Train 2: [100/351] loss=4.8955
Train 2: [110/351] loss=4.5317
Train 2: [120/351] loss=5.1416
Train 2: [130/351] loss=4.6396
Train 2: [140/351] loss=4.9653
Train 2: [150/351] loss=5.4509
Train 2: [160/351] loss=4.3398
Train 2: [170/351] loss=5.2058
Train 2: [180/351] loss=4.3850
Train 2: [190/351] loss=4.4721
Train 2: [200/351] loss=4.5611
Train 2: [210/351] loss=4.7075
Train 2: [220/351] loss=4.7024
Train 2: [230/351] loss=5.2820
Train 2: [240/351] loss=4.4447
Train 2: [250/351] loss=4.5364
Train 2: [260/351] loss=4.6904
Train 2: [270/351] loss=4.3562
Train 2: [280/351] loss=4.7827
Train 2: [290/351] loss=4.8813
Train 2: [300/351] loss=4.8974
Train 2: [310/351] loss=4.4727
Train 2: [320/351] loss=5.2053
Train 2: [330/351] loss=4.7105
Train 2: [340/351] loss=5.2947
Train 2: [350/351] loss=3.8241
25 Jun 03:19    INFO  epoch 2 training [time: 21.40s, train loss: 1728.8341]
Evaluate: [0/39]
Evaluate: [3/39]
Evaluate: [6/39]
Evaluate: [9/39]
Evaluate: [12/39]
Evaluate: [15/39]
Evaluate: [18/39]
Evaluate: [21/39]
Evaluate: [24/39]
Evaluate: [27/39]
Evaluate: [30/39]
Evaluate: [33/39]
Evaluate: [36/39]
Evaluate: [38/39]
25 Jun 03:19    INFO  epoch 2 evaluating [time: 1.14s, valid_score: 0.399700]
25 Jun 03:19    INFO  valid result: 
recall@10 : 0.5586    recall@20 : 0.614    mrr@10 : 0.3959    mrr@20 : 0.3997    
25 Jun 03:19    INFO  Saving current best: /home/hongnguyen/test_all/log/COREtrm/retailrocket/bs2048-lmdNone-semNone-None-Jun-25-2026_03-17-46-lr0.001-l20.0-tauNone-None-DPh0.5-DPa0.5/model.pth
Train 3: [0/351] loss=4.3458
Train 3: [10/351] loss=4.2979
Train 3: [20/351] loss=5.2431
Train 3: [30/351] loss=5.1280
Train 3: [40/351] loss=4.1490
Train 3: [50/351] loss=4.0209
Train 3: [60/351] loss=4.7556
Train 3: [70/351] loss=4.6037
Train 3: [80/351] loss=4.7321
Train 3: [90/351] loss=4.3609
Train 3: [100/351] loss=4.4735
Train 3: [110/351] loss=4.1295
Train 3: [120/351] loss=4.7000
Train 3: [130/351] loss=4.2785
Train 3: [140/351] loss=4.4864
Train 3: [150/351] loss=4.9845
Train 3: [160/351] loss=3.9145
Train 3: [170/351] loss=4.7647
Train 3: [180/351] loss=4.0041
Train 3: [190/351] loss=4.1127
Train 3: [200/351] loss=4.1437
Train 3: [210/351] loss=4.3209
Train 3: [220/351] loss=4.2823
Train 3: [230/351] loss=4.8806
Train 3: [240/351] loss=4.0581
Train 3: [250/351] loss=4.2102
Train 3: [260/351] loss=4.3175
Train 3: [270/351] loss=4.0071
Train 3: [280/351] loss=4.2295
Train 3: [290/351] loss=4.3781
Train 3: [300/351] loss=4.5512
Train 3: [310/351] loss=4.1418
Train 3: [320/351] loss=4.8082
Train 3: [330/351] loss=4.3563
Train 3: [340/351] loss=4.9350
Train 3: [350/351] loss=3.2245
25 Jun 03:19    INFO  epoch 3 training [time: 21.34s, train loss: 1572.4394]
Evaluate: [0/39]
Evaluate: [3/39]
Evaluate: [6/39]
Evaluate: [9/39]
Evaluate: [12/39]
Evaluate: [15/39]
Evaluate: [18/39]
Evaluate: [21/39]
Evaluate: [24/39]
Evaluate: [27/39]
Evaluate: [30/39]
Evaluate: [33/39]
Evaluate: [36/39]
Evaluate: [38/39]
25 Jun 03:19    INFO  epoch 3 evaluating [time: 1.15s, valid_score: 0.401900]
25 Jun 03:19    INFO  valid result: 
recall@10 : 0.5678    recall@20 : 0.6282    mrr@10 : 0.3977    mrr@20 : 0.4019    
25 Jun 03:19    INFO  Saving current best: /home/hongnguyen/test_all/log/COREtrm/retailrocket/bs2048-lmdNone-semNone-None-Jun-25-2026_03-17-46-lr0.001-l20.0-tauNone-None-DPh0.5-DPa0.5/model.pth
Train 4: [0/351] loss=4.0343
Train 4: [10/351] loss=3.9587
Train 4: [20/351] loss=4.8754
Train 4: [30/351] loss=4.8348
Train 4: [40/351] loss=3.9085
Train 4: [50/351] loss=3.7758
Train 4: [60/351] loss=4.5194
Train 4: [70/351] loss=4.3664
Train 4: [80/351] loss=4.4628
Train 4: [90/351] loss=4.1140
Train 4: [100/351] loss=4.2376
Train 4: [110/351] loss=3.9058
Train 4: [120/351] loss=4.4832
Train 4: [130/351] loss=4.0966
Train 4: [140/351] loss=4.2416
Train 4: [150/351] loss=4.7528
Train 4: [160/351] loss=3.7074
Train 4: [170/351] loss=4.5216
Train 4: [180/351] loss=3.8049
Train 4: [190/351] loss=3.9053
Train 4: [200/351] loss=3.9529
Train 4: [210/351] loss=4.1055
Train 4: [220/351] loss=4.0717
Train 4: [230/351] loss=4.6257
Train 4: [240/351] loss=3.8810
Train 4: [250/351] loss=3.9965
Train 4: [260/351] loss=4.1312
Train 4: [270/351] loss=3.8605
Train 4: [280/351] loss=3.9525
Train 4: [290/351] loss=4.1182
Train 4: [300/351] loss=4.3534
Train 4: [310/351] loss=3.9554
Train 4: [320/351] loss=4.5922
Train 4: [330/351] loss=4.1894
Train 4: [340/351] loss=4.7411
Train 4: [350/351] loss=2.7275
25 Jun 03:19    INFO  epoch 4 training [time: 21.39s, train loss: 1491.5660]
Evaluate: [0/39]
Evaluate: [3/39]
Evaluate: [6/39]
Evaluate: [9/39]
Evaluate: [12/39]
Evaluate: [15/39]
Evaluate: [18/39]
Evaluate: [21/39]
Evaluate: [24/39]
Evaluate: [27/39]
Evaluate: [30/39]
Evaluate: [33/39]
Evaluate: [36/39]
Evaluate: [38/39]
25 Jun 03:19    INFO  epoch 4 evaluating [time: 1.15s, valid_score: 0.403000]
25 Jun 03:19    INFO  valid result: 
recall@10 : 0.5718    recall@20 : 0.6348    mrr@10 : 0.3987    mrr@20 : 0.403    
25 Jun 03:19    INFO  Saving current best: /home/hongnguyen/test_all/log/COREtrm/retailrocket/bs2048-lmdNone-semNone-None-Jun-25-2026_03-17-46-lr0.001-l20.0-tauNone-None-DPh0.5-DPa0.5/model.pth
Train 5: [0/351] loss=3.9258
Train 5: [10/351] loss=3.8613
Train 5: [20/351] loss=4.6716
Train 5: [30/351] loss=4.6807
Train 5: [40/351] loss=3.7350
Train 5: [50/351] loss=3.6393
Train 5: [60/351] loss=4.3819
Train 5: [70/351] loss=4.2487
Train 5: [80/351] loss=4.3249
Train 5: [90/351] loss=4.0210
Train 5: [100/351] loss=4.1166
Train 5: [110/351] loss=3.7844
Train 5: [120/351] loss=4.3513
Train 5: [130/351] loss=3.9623
Train 5: [140/351] loss=4.1086
Train 5: [150/351] loss=4.6400
Train 5: [160/351] loss=3.6011
Train 5: [170/351] loss=4.3994
Train 5: [180/351] loss=3.7321
Train 5: [190/351] loss=3.7916
Train 5: [200/351] loss=3.7929
Train 5: [210/351] loss=3.9491
Train 5: [220/351] loss=3.9084
Train 5: [230/351] loss=4.5250
Train 5: [240/351] loss=3.7700
Train 5: [250/351] loss=3.8919
Train 5: [260/351] loss=4.0353
Train 5: [270/351] loss=3.7367
Train 5: [280/351] loss=3.8233
Train 5: [290/351] loss=4.0004
Train 5: [300/351] loss=4.1810
Train 5: [310/351] loss=3.8718
Train 5: [320/351] loss=4.4612
Train 5: [330/351] loss=4.0678
Train 5: [340/351] loss=4.6219
Train 5: [350/351] loss=2.4765
25 Jun 03:20    INFO  epoch 5 training [time: 21.41s, train loss: 1446.0498]
Evaluate: [0/39]
Evaluate: [3/39]
Evaluate: [6/39]
Evaluate: [9/39]
Evaluate: [12/39]
Evaluate: [15/39]
Evaluate: [18/39]
Evaluate: [21/39]
Evaluate: [24/39]
Evaluate: [27/39]
Evaluate: [30/39]
Evaluate: [33/39]
Evaluate: [36/39]
Evaluate: [38/39]
25 Jun 03:20    INFO  epoch 5 evaluating [time: 1.14s, valid_score: 0.402500]
25 Jun 03:20    INFO  valid result: 
recall@10 : 0.5733    recall@20 : 0.6378    mrr@10 : 0.398    mrr@20 : 0.4025    
Train 6: [0/351] loss=3.8489
Train 6: [10/351] loss=3.7381
Train 6: [20/351] loss=4.5813
Train 6: [30/351] loss=4.5774
Train 6: [40/351] loss=3.6398
Train 6: [50/351] loss=3.5610
Train 6: [60/351] loss=4.2649
Train 6: [70/351] loss=4.1894
Train 6: [80/351] loss=4.2644
Train 6: [90/351] loss=3.9363
Train 6: [100/351] loss=4.0434
Train 6: [110/351] loss=3.7363
Train 6: [120/351] loss=4.2540
Train 6: [130/351] loss=3.8697
Train 6: [140/351] loss=4.0234
Train 6: [150/351] loss=4.5319
Train 6: [160/351] loss=3.5552
Train 6: [170/351] loss=4.2676
Train 6: [180/351] loss=3.6017
Train 6: [190/351] loss=3.7244
Train 6: [200/351] loss=3.7631
Train 6: [210/351] loss=3.8957
Train 6: [220/351] loss=3.8606
Train 6: [230/351] loss=4.4286
Train 6: [240/351] loss=3.6980
Train 6: [250/351] loss=3.8317
Train 6: [260/351] loss=4.0021
Train 6: [270/351] loss=3.6675
Train 6: [280/351] loss=3.7493
Train 6: [290/351] loss=3.9309
Train 6: [300/351] loss=4.1189
Train 6: [310/351] loss=3.8009
Train 6: [320/351] loss=4.3741
Train 6: [330/351] loss=4.0101
Train 6: [340/351] loss=4.4916
Train 6: [350/351] loss=2.4171
25 Jun 03:20    INFO  epoch 6 training [time: 21.35s, train loss: 1417.5880]
Evaluate: [0/39]
Evaluate: [3/39]
Evaluate: [6/39]
Evaluate: [9/39]
Evaluate: [12/39]
Evaluate: [15/39]
Evaluate: [18/39]
Evaluate: [21/39]
Evaluate: [24/39]
Evaluate: [27/39]
Evaluate: [30/39]
Evaluate: [33/39]
Evaluate: [36/39]
Evaluate: [38/39]
25 Jun 03:20    INFO  epoch 6 evaluating [time: 1.14s, valid_score: 0.403100]
25 Jun 03:20    INFO  valid result: 
recall@10 : 0.5749    recall@20 : 0.64    mrr@10 : 0.3986    mrr@20 : 0.4031    
25 Jun 03:20    INFO  Saving current best: /home/hongnguyen/test_all/log/COREtrm/retailrocket/bs2048-lmdNone-semNone-None-Jun-25-2026_03-17-46-lr0.001-l20.0-tauNone-None-DPh0.5-DPa0.5/model.pth
Train 7: [0/351] loss=3.7675
Train 7: [10/351] loss=3.6875
Train 7: [20/351] loss=4.4942
Train 7: [30/351] loss=4.4810
Train 7: [40/351] loss=3.6000
Train 7: [50/351] loss=3.5221
Train 7: [60/351] loss=4.1741
Train 7: [70/351] loss=4.1249
Train 7: [80/351] loss=4.2128
Train 7: [90/351] loss=3.8602
Train 7: [100/351] loss=3.9924
Train 7: [110/351] loss=3.6945
Train 7: [120/351] loss=4.2181
Train 7: [130/351] loss=3.8218
Train 7: [140/351] loss=3.9718
Train 7: [150/351] loss=4.5036
Train 7: [160/351] loss=3.5009
Train 7: [170/351] loss=4.2278
Train 7: [180/351] loss=3.5647
Train 7: [190/351] loss=3.7054
Train 7: [200/351] loss=3.6821
Train 7: [210/351] loss=3.8525
Train 7: [220/351] loss=3.8093
Train 7: [230/351] loss=4.3510
Train 7: [240/351] loss=3.6523
Train 7: [250/351] loss=3.7968
Train 7: [260/351] loss=3.9628
Train 7: [270/351] loss=3.6327
Train 7: [280/351] loss=3.7073
Train 7: [290/351] loss=3.8750
Train 7: [300/351] loss=4.0353
Train 7: [310/351] loss=3.7421
Train 7: [320/351] loss=4.2797
Train 7: [330/351] loss=3.9340
Train 7: [340/351] loss=4.4340
Train 7: [350/351] loss=2.2048
25 Jun 03:20    INFO  epoch 7 training [time: 21.40s, train loss: 1397.9782]
Evaluate: [0/39]
Evaluate: [3/39]
Evaluate: [6/39]
Evaluate: [9/39]
Evaluate: [12/39]
Evaluate: [15/39]
Evaluate: [18/39]
Evaluate: [21/39]
Evaluate: [24/39]
Evaluate: [27/39]
Evaluate: [30/39]
Evaluate: [33/39]
Evaluate: [36/39]
Evaluate: [38/39]
25 Jun 03:20    INFO  epoch 7 evaluating [time: 1.15s, valid_score: 0.403400]
25 Jun 03:20    INFO  valid result: 
recall@10 : 0.5749    recall@20 : 0.6411    mrr@10 : 0.3988    mrr@20 : 0.4034    
25 Jun 03:20    INFO  Saving current best: /home/hongnguyen/test_all/log/COREtrm/retailrocket/bs2048-lmdNone-semNone-None-Jun-25-2026_03-17-46-lr0.001-l20.0-tauNone-None-DPh0.5-DPa0.5/model.pth
Train 8: [0/351] loss=3.7383
Train 8: [10/351] loss=3.6707
Train 8: [20/351] loss=4.4670
Train 8: [30/351] loss=4.4597
Train 8: [40/351] loss=3.5671
Train 8: [50/351] loss=3.4923
Train 8: [60/351] loss=4.1612
Train 8: [70/351] loss=4.0799
Train 8: [80/351] loss=4.1633
Train 8: [90/351] loss=3.8508
Train 8: [100/351] loss=3.9752
Train 8: [110/351] loss=3.6677
Train 8: [120/351] loss=4.1868
Train 8: [130/351] loss=3.8187
Train 8: [140/351] loss=3.9285
Train 8: [150/351] loss=4.3863
Train 8: [160/351] loss=3.5070
Train 8: [170/351] loss=4.1918
Train 8: [180/351] loss=3.5231
Train 8: [190/351] loss=3.6721
Train 8: [200/351] loss=3.6546
Train 8: [210/351] loss=3.7997
Train 8: [220/351] loss=3.7762
Train 8: [230/351] loss=4.3181
Train 8: [240/351] loss=3.6217
Train 8: [250/351] loss=3.7339
Train 8: [260/351] loss=3.8806
Train 8: [270/351] loss=3.6013
Train 8: [280/351] loss=3.6507
Train 8: [290/351] loss=3.8263
Train 8: [300/351] loss=3.9985
Train 8: [310/351] loss=3.7285
Train 8: [320/351] loss=4.2794
Train 8: [330/351] loss=3.9067
Train 8: [340/351] loss=4.3684
Train 8: [350/351] loss=2.2076
25 Jun 03:21    INFO  epoch 8 training [time: 21.42s, train loss: 1384.7057]
Evaluate: [0/39]
Evaluate: [3/39]
Evaluate: [6/39]
Evaluate: [9/39]
Evaluate: [12/39]
Evaluate: [15/39]
Evaluate: [18/39]
Evaluate: [21/39]
Evaluate: [24/39]
Evaluate: [27/39]
Evaluate: [30/39]
Evaluate: [33/39]
Evaluate: [36/39]
Evaluate: [38/39]
25 Jun 03:21    INFO  epoch 8 evaluating [time: 1.14s, valid_score: 0.403500]
25 Jun 03:21    INFO  valid result: 
recall@10 : 0.5754    recall@20 : 0.6414    mrr@10 : 0.3989    mrr@20 : 0.4035    
25 Jun 03:21    INFO  Saving current best: /home/hongnguyen/test_all/log/COREtrm/retailrocket/bs2048-lmdNone-semNone-None-Jun-25-2026_03-17-46-lr0.001-l20.0-tauNone-None-DPh0.5-DPa0.5/model.pth
Train 9: [0/351] loss=3.7279
Train 9: [10/351] loss=3.6374
Train 9: [20/351] loss=4.4481
Train 9: [30/351] loss=4.3902
Train 9: [40/351] loss=3.5352
Train 9: [50/351] loss=3.4282
Train 9: [60/351] loss=4.1302
Train 9: [70/351] loss=4.0461
Train 9: [80/351] loss=4.1299
Train 9: [90/351] loss=3.8160
Train 9: [100/351] loss=3.9197
Train 9: [110/351] loss=3.6509
Train 9: [120/351] loss=4.1257
Train 9: [130/351] loss=3.7770
Train 9: [140/351] loss=3.8973
Train 9: [150/351] loss=4.4092
Train 9: [160/351] loss=3.4468
Train 9: [170/351] loss=4.1375
Train 9: [180/351] loss=3.5082
Train 9: [190/351] loss=3.6508
Train 9: [200/351] loss=3.6311
Train 9: [210/351] loss=3.7620
Train 9: [220/351] loss=3.7396
Train 9: [230/351] loss=4.2769
Train 9: [240/351] loss=3.5993
Train 9: [250/351] loss=3.7266
Train 9: [260/351] loss=3.8650
Train 9: [270/351] loss=3.5898
Train 9: [280/351] loss=3.6527
Train 9: [290/351] loss=3.7838
Train 9: [300/351] loss=3.9559
Train 9: [310/351] loss=3.6910
Train 9: [320/351] loss=4.2279
Train 9: [330/351] loss=3.8620
Train 9: [340/351] loss=4.3454
Train 9: [350/351] loss=2.2348
25 Jun 03:21    INFO  epoch 9 training [time: 21.41s, train loss: 1374.3833]
Evaluate: [0/39]
Evaluate: [3/39]
Evaluate: [6/39]
Evaluate: [9/39]
Evaluate: [12/39]
Evaluate: [15/39]
Evaluate: [18/39]
Evaluate: [21/39]
Evaluate: [24/39]
Evaluate: [27/39]
Evaluate: [30/39]
Evaluate: [33/39]
Evaluate: [36/39]
Evaluate: [38/39]
25 Jun 03:21    INFO  epoch 9 evaluating [time: 1.14s, valid_score: 0.403900]
25 Jun 03:21    INFO  valid result: 
recall@10 : 0.5756    recall@20 : 0.6421    mrr@10 : 0.3992    mrr@20 : 0.4039    
25 Jun 03:21    INFO  Saving current best: /home/hongnguyen/test_all/log/COREtrm/retailrocket/bs2048-lmdNone-semNone-None-Jun-25-2026_03-17-46-lr0.001-l20.0-tauNone-None-DPh0.5-DPa0.5/model.pth
Train 10: [0/351] loss=3.7134
Train 10: [10/351] loss=3.5999
Train 10: [20/351] loss=4.3796
Train 10: [30/351] loss=4.3535
Train 10: [40/351] loss=3.5041
Train 10: [50/351] loss=3.4476
Train 10: [60/351] loss=4.0917
Train 10: [70/351] loss=4.0413
Train 10: [80/351] loss=4.0954
Train 10: [90/351] loss=3.7842
Train 10: [100/351] loss=3.9050
Train 10: [110/351] loss=3.5902
Train 10: [120/351] loss=4.1212
Train 10: [130/351] loss=3.7833
Train 10: [140/351] loss=3.8742
Train 10: [150/351] loss=4.3585
Train 10: [160/351] loss=3.4749
Train 10: [170/351] loss=4.1236
Train 10: [180/351] loss=3.5044
Train 10: [190/351] loss=3.6333
Train 10: [200/351] loss=3.6217
Train 10: [210/351] loss=3.7236
Train 10: [220/351] loss=3.7345
Train 10: [230/351] loss=4.2423
Train 10: [240/351] loss=3.5734
Train 10: [250/351] loss=3.6841
Train 10: [260/351] loss=3.8344
Train 10: [270/351] loss=3.5439
Train 10: [280/351] loss=3.5982
Train 10: [290/351] loss=3.7689
Train 10: [300/351] loss=3.9315
Train 10: [310/351] loss=3.6843
Train 10: [320/351] loss=4.1959
Train 10: [330/351] loss=3.8518
Train 10: [340/351] loss=4.2674
Train 10: [350/351] loss=2.2125
25 Jun 03:22    INFO  epoch 10 training [time: 21.41s, train loss: 1365.5780]
Evaluate: [0/39]
Evaluate: [3/39]
Evaluate: [6/39]
Evaluate: [9/39]
Evaluate: [12/39]
Evaluate: [15/39]
Evaluate: [18/39]
Evaluate: [21/39]
Evaluate: [24/39]
Evaluate: [27/39]
Evaluate: [30/39]
Evaluate: [33/39]
Evaluate: [36/39]
Evaluate: [38/39]
25 Jun 03:22    INFO  epoch 10 evaluating [time: 1.14s, valid_score: 0.403800]
25 Jun 03:22    INFO  valid result: 
recall@10 : 0.5756    recall@20 : 0.6426    mrr@10 : 0.3991    mrr@20 : 0.4038    
Train 11: [0/351] loss=3.7024
Train 11: [10/351] loss=3.5695
Train 11: [20/351] loss=4.3672
Train 11: [30/351] loss=4.3281
Train 11: [40/351] loss=3.4901
Train 11: [50/351] loss=3.4195
Train 11: [60/351] loss=4.0667
Train 11: [70/351] loss=4.0017
Train 11: [80/351] loss=4.0854
Train 11: [90/351] loss=3.7452
Train 11: [100/351] loss=3.8993
Train 11: [110/351] loss=3.6014
Train 11: [120/351] loss=4.1216
Train 11: [130/351] loss=3.7482
Train 11: [140/351] loss=3.8550
Train 11: [150/351] loss=4.3345
Train 11: [160/351] loss=3.4321
Train 11: [170/351] loss=4.0815
Train 11: [180/351] loss=3.4854
Train 11: [190/351] loss=3.6080
Train 11: [200/351] loss=3.6079
Train 11: [210/351] loss=3.7544
Train 11: [220/351] loss=3.6820
Train 11: [230/351] loss=4.2516
Train 11: [240/351] loss=3.5706
Train 11: [250/351] loss=3.6738
Train 11: [260/351] loss=3.8217
Train 11: [270/351] loss=3.5135
Train 11: [280/351] loss=3.5837
Train 11: [290/351] loss=3.7341
Train 11: [300/351] loss=3.8903
Train 11: [310/351] loss=3.6533
Train 11: [320/351] loss=4.1414
Train 11: [330/351] loss=3.7999
Train 11: [340/351] loss=4.2931
Train 11: [350/351] loss=2.1878
25 Jun 03:22    INFO  epoch 11 training [time: 21.35s, train loss: 1357.6210]
Evaluate: [0/39]
Evaluate: [3/39]
Evaluate: [6/39]
Evaluate: [9/39]
Evaluate: [12/39]
Evaluate: [15/39]
Evaluate: [18/39]
Evaluate: [21/39]
Evaluate: [24/39]
Evaluate: [27/39]
Evaluate: [30/39]
Evaluate: [33/39]
Evaluate: [36/39]
Evaluate: [38/39]
25 Jun 03:22    INFO  epoch 11 evaluating [time: 1.14s, valid_score: 0.403800]
25 Jun 03:22    INFO  valid result: 
recall@10 : 0.5757    recall@20 : 0.6428    mrr@10 : 0.3992    mrr@20 : 0.4038    
Train 12: [0/351] loss=3.6866
Train 12: [10/351] loss=3.5717
Train 12: [20/351] loss=4.3354
Train 12: [30/351] loss=4.3150
Train 12: [40/351] loss=3.4631
Train 12: [50/351] loss=3.3865
Train 12: [60/351] loss=4.0763
Train 12: [70/351] loss=3.9885
Train 12: [80/351] loss=4.0782
Train 12: [90/351] loss=3.7366
Train 12: [100/351] loss=3.8561
Train 12: [110/351] loss=3.6054
Train 12: [120/351] loss=4.0890
Train 12: [130/351] loss=3.7348
Train 12: [140/351] loss=3.8667
Train 12: [150/351] loss=4.3087
Train 12: [160/351] loss=3.4332
Train 12: [170/351] loss=4.0746
Train 12: [180/351] loss=3.4966
Train 12: [190/351] loss=3.5944
Train 12: [200/351] loss=3.5770
Train 12: [210/351] loss=3.7141
Train 12: [220/351] loss=3.6669
Train 12: [230/351] loss=4.2192
Train 12: [240/351] loss=3.5571
Train 12: [250/351] loss=3.6742
Train 12: [260/351] loss=3.8159
Train 12: [270/351] loss=3.4947
Train 12: [280/351] loss=3.5902
Train 12: [290/351] loss=3.7462
Train 12: [300/351] loss=3.8751
Train 12: [310/351] loss=3.6487
Train 12: [320/351] loss=4.1131
Train 12: [330/351] loss=3.8140
Train 12: [340/351] loss=4.2584
Train 12: [350/351] loss=2.1494
25 Jun 03:22    INFO  epoch 12 training [time: 21.35s, train loss: 1352.6238]
Evaluate: [0/39]
Evaluate: [3/39]
Evaluate: [6/39]
Evaluate: [9/39]
Evaluate: [12/39]
Evaluate: [15/39]
Evaluate: [18/39]
Evaluate: [21/39]
Evaluate: [24/39]
Evaluate: [27/39]
Evaluate: [30/39]
Evaluate: [33/39]
Evaluate: [36/39]
Evaluate: [38/39]
25 Jun 03:22    INFO  epoch 12 evaluating [time: 1.14s, valid_score: 0.403900]
25 Jun 03:22    INFO  valid result: 
recall@10 : 0.5755    recall@20 : 0.6427    mrr@10 : 0.3992    mrr@20 : 0.4039    
Train 13: [0/351] loss=3.6536
Train 13: [10/351] loss=3.5414
Train 13: [20/351] loss=4.3337
Train 13: [30/351] loss=4.2997
Train 13: [40/351] loss=3.4686
Train 13: [50/351] loss=3.4207
Train 13: [60/351] loss=4.0430
Train 13: [70/351] loss=4.0049
Train 13: [80/351] loss=4.0369
Train 13: [90/351] loss=3.6972
Train 13: [100/351] loss=3.8433
Train 13: [110/351] loss=3.5798
Train 13: [120/351] loss=4.0843
Train 13: [130/351] loss=3.7198
Train 13: [140/351] loss=3.8415
Train 13: [150/351] loss=4.3057
Train 13: [160/351] loss=3.3980
Train 13: [170/351] loss=4.0485
Train 13: [180/351] loss=3.4699
Train 13: [190/351] loss=3.5882
Train 13: [200/351] loss=3.5574
Train 13: [210/351] loss=3.7136
Train 13: [220/351] loss=3.6592
Train 13: [230/351] loss=4.2003
Train 13: [240/351] loss=3.5427
Train 13: [250/351] loss=3.6538
Train 13: [260/351] loss=3.7936
Train 13: [270/351] loss=3.5132
Train 13: [280/351] loss=3.5735
Train 13: [290/351] loss=3.7292
Train 13: [300/351] loss=3.8776
Train 13: [310/351] loss=3.6147
Train 13: [320/351] loss=4.1064
Train 13: [330/351] loss=3.8171
Train 13: [340/351] loss=4.2424
Train 13: [350/351] loss=2.1357
25 Jun 03:23    INFO  epoch 13 training [time: 21.33s, train loss: 1347.0670]
Evaluate: [0/39]
Evaluate: [3/39]
Evaluate: [6/39]
Evaluate: [9/39]
Evaluate: [12/39]
Evaluate: [15/39]
Evaluate: [18/39]
Evaluate: [21/39]
Evaluate: [24/39]
Evaluate: [27/39]
Evaluate: [30/39]
Evaluate: [33/39]
Evaluate: [36/39]
Evaluate: [38/39]
25 Jun 03:23    INFO  epoch 13 evaluating [time: 1.14s, valid_score: 0.403900]
25 Jun 03:23    INFO  valid result: 
recall@10 : 0.5759    recall@20 : 0.6428    mrr@10 : 0.3992    mrr@20 : 0.4039    
Train 14: [0/351] loss=3.6441
Train 14: [10/351] loss=3.5469
Train 14: [20/351] loss=4.2988
Train 14: [30/351] loss=4.2616
Train 14: [40/351] loss=3.4470
Train 14: [50/351] loss=3.4018
Train 14: [60/351] loss=4.0152
Train 14: [70/351] loss=3.9564
Train 14: [80/351] loss=4.0248
Train 14: [90/351] loss=3.7066
Train 14: [100/351] loss=3.8736
Train 14: [110/351] loss=3.5680
Train 14: [120/351] loss=4.0439
Train 14: [130/351] loss=3.7256
Train 14: [140/351] loss=3.8156
Train 14: [150/351] loss=4.3053
Train 14: [160/351] loss=3.4157
Train 14: [170/351] loss=4.0215
Train 14: [180/351] loss=3.4234
Train 14: [190/351] loss=3.5623
Train 14: [200/351] loss=3.5469
Train 14: [210/351] loss=3.6889
Train 14: [220/351] loss=3.6824
Train 14: [230/351] loss=4.2009
Train 14: [240/351] loss=3.5393
Train 14: [250/351] loss=3.6282
Train 14: [260/351] loss=3.7740
Train 14: [270/351] loss=3.4837
Train 14: [280/351] loss=3.5526
Train 14: [290/351] loss=3.7130
Train 14: [300/351] loss=3.8768
Train 14: [310/351] loss=3.6288
Train 14: [320/351] loss=4.0646
Train 14: [330/351] loss=3.7671
Train 14: [340/351] loss=4.1976
Train 14: [350/351] loss=2.1336
25 Jun 03:23    INFO  epoch 14 training [time: 21.34s, train loss: 1342.3291]
Evaluate: [0/39]
Evaluate: [3/39]
Evaluate: [6/39]
Evaluate: [9/39]
Evaluate: [12/39]
Evaluate: [15/39]
Evaluate: [18/39]
Evaluate: [21/39]
Evaluate: [24/39]
Evaluate: [27/39]
Evaluate: [30/39]
Evaluate: [33/39]
Evaluate: [36/39]
Evaluate: [38/39]
25 Jun 03:23    INFO  epoch 14 evaluating [time: 1.14s, valid_score: 0.403800]
25 Jun 03:23    INFO  valid result: 
recall@10 : 0.5765    recall@20 : 0.643    mrr@10 : 0.3992    mrr@20 : 0.4038    
Train 15: [0/351] loss=3.6485
Train 15: [10/351] loss=3.5349
Train 15: [20/351] loss=4.2707
Train 15: [30/351] loss=4.2844
Train 15: [40/351] loss=3.4528
Train 15: [50/351] loss=3.3817
Train 15: [60/351] loss=3.9927
Train 15: [70/351] loss=3.9639
Train 15: [80/351] loss=4.0321
Train 15: [90/351] loss=3.7052
Train 15: [100/351] loss=3.8441
Train 15: [110/351] loss=3.5622
Train 15: [120/351] loss=4.0660
Train 15: [130/351] loss=3.7035
Train 15: [140/351] loss=3.8176
Train 15: [150/351] loss=4.2596
Train 15: [160/351] loss=3.3679
Train 15: [170/351] loss=3.9921
Train 15: [180/351] loss=3.4343
Train 15: [190/351] loss=3.5640
Train 15: [200/351] loss=3.5560
Train 15: [210/351] loss=3.6964
Train 15: [220/351] loss=3.6563
Train 15: [230/351] loss=4.1515
Train 15: [240/351] loss=3.5319
Train 15: [250/351] loss=3.6515
Train 15: [260/351] loss=3.7783
Train 15: [270/351] loss=3.4745
Train 15: [280/351] loss=3.5499
Train 15: [290/351] loss=3.6859
Train 15: [300/351] loss=3.8328
Train 15: [310/351] loss=3.5896
Train 15: [320/351] loss=4.0640
Train 15: [330/351] loss=3.7566
Train 15: [340/351] loss=4.2231
Train 15: [350/351] loss=2.1800
25 Jun 03:23    INFO  epoch 15 training [time: 21.33s, train loss: 1338.9767]
Evaluate: [0/39]
Evaluate: [3/39]
Evaluate: [6/39]
Evaluate: [9/39]
Evaluate: [12/39]
Evaluate: [15/39]
Evaluate: [18/39]
Evaluate: [21/39]
Evaluate: [24/39]
Evaluate: [27/39]
Evaluate: [30/39]
Evaluate: [33/39]
Evaluate: [36/39]
Evaluate: [38/39]
25 Jun 03:23    INFO  epoch 15 evaluating [time: 1.14s, valid_score: 0.403700]
25 Jun 03:23    INFO  valid result: 
recall@10 : 0.5763    recall@20 : 0.6432    mrr@10 : 0.3991    mrr@20 : 0.4037    
25 Jun 03:23    INFO  Finished training, best eval result in epoch 9
25 Jun 03:23    INFO  Loading model structure and parameters from /home/hongnguyen/test_all/log/COREtrm/retailrocket/bs2048-lmdNone-semNone-None-Jun-25-2026_03-17-46-lr0.001-l20.0-tauNone-None-DPh0.5-DPa0.5/model.pth
Evaluate: [0/37]
Evaluate: [3/37]
Evaluate: [6/37]
Evaluate: [9/37]
Evaluate: [12/37]
Evaluate: [15/37]
Evaluate: [18/37]
Evaluate: [21/37]
Evaluate: [24/37]
Evaluate: [27/37]
Evaluate: [30/37]
Evaluate: [33/37]
Evaluate: [36/37]
25 Jun 03:23    INFO  best valid : {'recall@10': np.float64(0.5756), 'recall@20': np.float64(0.6421), 'mrr@10': np.float64(0.3992), 'mrr@20': np.float64(0.4039)}
25 Jun 03:23    INFO  test result: {'recall@10': np.float64(0.5542), 'recall@20': np.float64(0.6216), 'mrr@10': np.float64(0.3832), 'mrr@20': np.float64(0.3879)}
2026-07-09 12:10:36 | INFO    | Log được ghi tại: /home/hongnguyen/demo2/Log/retailrocket/CORE/main/core_trm_retailrocket.log
2026-07-09 12:10:36 | INFO    | 
====================================================================
CẤU HÌNH CORE (config_dir: config | version: core_trm_retailrocket)
====================================================================
logging:
  dir: Log
  level: INFO
  console: true
project:
  name: retailrocket
  filename_mode: custom
  custom_filename: CORE/main/core_trm_retailrocket.log
wandb:
  enabled: true
  api_key: '***da-che***'
  project: ''
  entity: ''
  run_name: ''
  mode: online
data:
  data_dir: data/retailrocket_item_hon_5
  train_file: train.txt
  val_file: val.txt
  test_file: test.txt
  lookup_file: lookup_tables.pkl
core_model:
  type: trm
  embedding_size: 100
  inner_size: 256
  n_layers: 2
  n_heads: 2
  hidden_dropout_prob: 0.5
  attn_dropout_prob: 0.5
  hidden_act: gelu
  layer_norm_eps: 1.0e-12
  initializer_range: 0.02
  sess_dropout: 0.2
  item_dropout: 0.2
  temperature: 0.07
  max_seq_length: 50
core_training:
  batch_size: 256
  learning_rate: 0.001
  weight_decay: 1.0e-05
  max_epochs: 30
  patience: 5
  grad_clip: 5.0
  seed: 42
  device: auto
  num_workers: 0
  checkpoint_dir: checkpoints
  save_dir: checkpoints/CORE/retailrocket/core_trm
evaluation:
  top_k:
  - 10
  - 20
  primary_metric: mrr@20
  mode: standard
  length_threshold: 5
  checkpoint_short: ''
  checkpoint_long: ''
config_dir: config
version: core_trm_retailrocket
====================================================================
2026-07-09 12:10:39 | INFO    | wandb: run 'core_trm_retailrocket' — https://wandb.ai/hongichik321-aol/retailrocket/runs/cht2ttt3
2026-07-09 12:10:39 | INFO    | Dữ liệu [data/retailrocket_item_hon_5]: |I|=79649, train=283023 phiên
2026-07-09 12:10:39 | INFO    | Thiết bị: cuda | model=trm
2026-07-09 12:10:39 | INFO    | max_prefix_length=50
2026-07-09 12:10:40 | INFO    | Số mẫu train/val/test (sliding window): 764873 / 87318 / 81372
2026-07-09 12:10:40 | INFO    | Checkpoint của run này: /home/hongnguyen/demo2/checkpoints/CORE/retailrocket/core_trm
2026-07-09 12:11:19 | INFO    | Epoch 1: loss=6.5790 (38.6s)
2026-07-09 12:11:21 | INFO    |   Val: hr@10=0.5292 | ndcg@10=0.4188 | mrr@10=0.3840 | hr@20=0.5790 | ndcg@20=0.4315 | mrr@20=0.3875
2026-07-09 12:11:21 | INFO    |   → Model tốt nhất mới (mrr@20=0.3875), lưu checkpoints/CORE/retailrocket/core_trm/best_model.pt
2026-07-09 12:11:59 | INFO    | Epoch 2: loss=4.7826 (38.3s)
2026-07-09 12:12:01 | INFO    |   Val: hr@10=0.5409 | ndcg@10=0.4234 | mrr@10=0.3865 | hr@20=0.5987 | ndcg@20=0.4380 | mrr@20=0.3905
2026-07-09 12:12:01 | INFO    |   → Model tốt nhất mới (mrr@20=0.3905), lưu checkpoints/CORE/retailrocket/core_trm/best_model.pt
2026-07-09 12:12:39 | INFO    | Epoch 3: loss=4.4734 (38.3s)
2026-07-09 12:12:41 | INFO    |   Val: hr@10=0.5436 | ndcg@10=0.4251 | mrr@10=0.3879 | hr@20=0.6032 | ndcg@20=0.4402 | mrr@20=0.3920
2026-07-09 12:12:42 | INFO    |   → Model tốt nhất mới (mrr@20=0.3920), lưu checkpoints/CORE/retailrocket/core_trm/best_model.pt
2026-07-09 12:13:20 | INFO    | Epoch 4: loss=4.3590 (38.4s)
2026-07-09 12:13:22 | INFO    |   Val: hr@10=0.5448 | ndcg@10=0.4257 | mrr@10=0.3884 | hr@20=0.6066 | ndcg@20=0.4414 | mrr@20=0.3927
2026-07-09 12:13:22 | INFO    |   → Model tốt nhất mới (mrr@20=0.3927), lưu checkpoints/CORE/retailrocket/core_trm/best_model.pt
2026-07-09 12:14:00 | INFO    | Epoch 5: loss=4.2989 (38.3s)
2026-07-09 12:14:02 | INFO    |   Val: hr@10=0.5455 | ndcg@10=0.4257 | mrr@10=0.3881 | hr@20=0.6068 | ndcg@20=0.4412 | mrr@20=0.3923
2026-07-09 12:14:41 | INFO    | Epoch 6: loss=4.2608 (38.3s)
2026-07-09 12:14:43 | INFO    |   Val: hr@10=0.5460 | ndcg@10=0.4263 | mrr@10=0.3888 | hr@20=0.6081 | ndcg@20=0.4420 | mrr@20=0.3931
2026-07-09 12:14:43 | INFO    |   → Model tốt nhất mới (mrr@20=0.3931), lưu checkpoints/CORE/retailrocket/core_trm/best_model.pt
2026-07-09 12:15:21 | INFO    | Epoch 7: loss=4.2329 (38.2s)
2026-07-09 12:15:23 | INFO    |   Val: hr@10=0.5457 | ndcg@10=0.4257 | mrr@10=0.3880 | hr@20=0.6074 | ndcg@20=0.4413 | mrr@20=0.3923
2026-07-09 12:16:01 | INFO    | Epoch 8: loss=4.2124 (38.3s)
2026-07-09 12:16:03 | INFO    |   Val: hr@10=0.5456 | ndcg@10=0.4258 | mrr@10=0.3882 | hr@20=0.6077 | ndcg@20=0.4415 | mrr@20=0.3925
2026-07-09 12:16:41 | INFO    | Epoch 9: loss=4.1978 (38.3s)
2026-07-09 12:16:43 | INFO    |   Val: hr@10=0.5461 | ndcg@10=0.4263 | mrr@10=0.3887 | hr@20=0.6074 | ndcg@20=0.4418 | mrr@20=0.3930
2026-07-09 12:17:22 | INFO    | Epoch 10: loss=4.1860 (38.3s)
2026-07-09 12:17:24 | INFO    |   Val: hr@10=0.5456 | ndcg@10=0.4257 | mrr@10=0.3881 | hr@20=0.6077 | ndcg@20=0.4414 | mrr@20=0.3924
2026-07-09 12:18:02 | INFO    | Epoch 11: loss=4.1757 (38.3s)
2026-07-09 12:18:04 | INFO    |   Val: hr@10=0.5458 | ndcg@10=0.4255 | mrr@10=0.3877 | hr@20=0.6075 | ndcg@20=0.4411 | mrr@20=0.3920
2026-07-09 12:18:04 | INFO    | Early stopping tại epoch 11 (mrr@20 không cải thiện 5 epoch)
2026-07-09 12:18:06 | INFO    | KẾT QUẢ TEST (best model): hr@10=0.5245 | ndcg@10=0.4050 | mrr@10=0.3675 | hr@20=0.5871 | ndcg@20=0.4208 | mrr@20=0.3718
2026-07-09 12:18:06 | INFO    | [CORE] Hoàn tất main/core_trm_retailrocket.yaml. Test metrics: hr@10=0.5245 | ndcg@10=0.4050 | mrr@10=0.3675 | hr@20=0.5871 | ndcg@20=0.4208 | mrr@20=0.3718
