2026-07-09 15:30:26 | INFO    | Log được ghi tại: /home/hongnguyen/demo2/Log/retailrocket/CatSA/baseline/CatSA_plus_v3_cat_intent.log
2026-07-09 15:30:26 | INFO    | 
====================================================================
CẤU HÌNH LÚC CHẠY (config_dir: config | version: catsa_plus_v3_cat_intent)
====================================================================
logging:
  dir: Log
  level: INFO
  console: true
project:
  name: retailrocket
  filename_mode: custom
  custom_filename: CatSA/baseline/CatSA_plus_v3_cat_intent.log
wandb:
  enabled: true
  api_key: '***da-che***'
  project: ''
  entity: ''
  run_name: ''
  mode: online
dataset:
  source: kagglehub
  kagglehub_handle: retailrocket/ecommerce-dataset
  local_path: data/raw
  name: retailrocket
preprocess:
  output_dir: data/retailrocket_2_5
  train_file: train.txt
  val_file: val.txt
  test_file: test.txt
  lookup_file: lookup_tables.pkl
  event_types:
  - view
  session_same_day: true
  session_gap_seconds: 1800
  dedup_consecutive: false
  min_item_support: 5
  min_session_length: 2
  max_session_length: 5
  session_length_mode: filter
  max_prefix_length: 50
  require_item_category: false
  val_ratio: 0.1
  test_ratio: 0.1
  max_sessions: 0
data:
  data_dir: data/retailrocket_item_hon_5
  train_file: train.txt
  val_file: val.txt
  test_file: test.txt
  lookup_file: lookup_tables.pkl
model:
  embedding_dim: 100
  num_layers: 2
  use_taxonomy: true
  dropout: 0.1
  encoder_type: catsa_plus_v2
  fusion_type: gate
  n_heads: 2
  retrieval_topk: 5
  max_seq_length: 50
  trm_layers: 2
  trm_inner_size: 256
  temperature: 0.07
  sess_dropout: 0.2
  item_dropout: 0.2
  extra_rerank: false
  extra_beta: 12.0
  trm_dropout: 0.5
  use_seq_trm: true
  use_error_aux: false
  error_aux_alpha: 0.15
  post_process: false
  post_same_boost: 0.35
  post_sib_boost: 0.12
  post_other_penalty: 0.08
  use_module1: true
  path_fusion: dual_score
  dual_score_beta: 1.0
  learn_score_beta: true
  trm_residual_gamma: 0.5
  use_cat_bias: false
  length_aware_gate: true
  length_gate_max_len: 50
  use_star_node: false
  use_multi_interest: false
  n_interests: 4
  use_cat_intent: true
  cat_intent_beta: 0.3
  cat_intent_layers: 1
  use_repeat_boost: true
  repeat_boost_init: 2.0
augment:
  strategies:
  - same
  - sibling
  - hybrid
  strategy_weights:
  - 0.4
  - 0.3
  - 0.3
  eta_aug: 0.3
  eta_crop: 0.75
  k_min: 5
training:
  use_cl: true
  lambda_cl: 0.05
  cl_type: both
  lambda_proto: 0.05
  aux_cat: true
  aux_parent: false
  lambda_aux_cat: 0.05
  lambda_aux_parent: 0.0
  tau: 0.2
  batch_size: 256
  learning_rate: 0.001
  weight_decay: 1.0e-05
  max_epochs: 30
  patience: 5
  grad_clip: 5.0
  seed: 42
  device: auto
  num_workers: 0
  checkpoint_dir: checkpoints
  save_dir: checkpoints/CatSA/retailrocket/catsa_plus_v3_cat_intent
  prefix_len_min: 0
  prefix_len_max: 0
evaluation:
  top_k:
  - 10
  - 20
  primary_metric: mrr@20
  mode: standard
  length_threshold: 5
  checkpoint_short: ''
  checkpoint_long: ''
config_dir: config
version: catsa_plus_v3_cat_intent
====================================================================
wandb: [wandb.login()] Using explicit session credentials for https://api.wandb.ai.
wandb: Appending key for api.wandb.ai to your netrc file: /home/hongnguyen/.netrc
wandb: Currently logged in as: hongichik321 (hongichik321-aol) to https://api.wandb.ai. Use `wandb login --relogin` to force relogin
wandb: setting up run mxdnikr8
wandb: Tracking run with wandb version 0.28.0
wandb: Run data is saved locally in /home/hongnguyen/demo2/wandb/run-20260709_153027-mxdnikr8
wandb: Run `wandb offline` to turn off syncing.
wandb: Syncing run CatSA_plus_v3_cat_intent
wandb: ⭐️ View project at https://wandb.ai/hongichik321-aol/retailrocket
wandb: 🚀 View run at https://wandb.ai/hongichik321-aol/retailrocket/runs/mxdnikr8
2026-07-09 15:30:30 | INFO    | wandb: run 'CatSA_plus_v3_cat_intent' — https://wandb.ai/hongichik321-aol/retailrocket/runs/mxdnikr8
2026-07-09 15:30:30 | INFO    | Dữ liệu [data/retailrocket_item_hon_5]: |I|=79649, |C|=1185, train=283023 phiên
2026-07-09 15:30:30 | INFO    | Thiết bị: cuda | encoder=catsa_plus_v2 | fusion=gate | use_cl=True | cl_type=both | aux_cat=True | aux_parent=False
2026-07-09 15:39:36 | INFO    | Epoch 1: total=6.3315, rec=5.7620, cl=0.3160, aux=0.2535 (544.3s)
2026-07-09 15:39:36 | INFO    |   Augment no-op rate: 0.0264 (20190/764672 lần gọi không tạo thay đổi thật)
2026-07-09 15:39:52 | INFO    |   Val: hr@10=0.5171 | ndcg@10=0.4161 | mrr@10=0.3842 | hr@20=0.5701 | ndcg@20=0.4295 | mrr@20=0.3879
2026-07-09 15:39:52 | INFO    |   → Model tốt nhất mới (mrr@20=0.3879)
2026-07-09 15:46:52 | INFO    | Epoch 2: total=5.1595, rec=4.7280, cl=0.2686, aux=0.1629 (419.7s)
2026-07-09 15:46:52 | INFO    |   Augment no-op rate: 0.0264 (20166/764672 lần gọi không tạo thay đổi thật)
2026-07-09 15:47:09 | INFO    |   Val: hr@10=0.5312 | ndcg@10=0.4201 | mrr@10=0.3852 | hr@20=0.5904 | ndcg@20=0.4351 | mrr@20=0.3894
2026-07-09 15:47:09 | INFO    |   → Model tốt nhất mới (mrr@20=0.3894)
2026-07-09 15:54:08 | INFO    | Epoch 3: total=4.7349, rec=4.3308, cl=0.2567, aux=0.1474 (418.9s)
2026-07-09 15:54:08 | INFO    |   Augment no-op rate: 0.0264 (20160/764672 lần gọi không tạo thay đổi thật)
2026-07-09 15:54:25 | INFO    |   Val: hr@10=0.5381 | ndcg@10=0.4231 | mrr@10=0.3870 | hr@20=0.5969 | ndcg@20=0.4380 | mrr@20=0.3912
2026-07-09 15:54:25 | INFO    |   → Model tốt nhất mới (mrr@20=0.3912)
2026-07-09 16:01:24 | INFO    | Epoch 4: total=4.5175, rec=4.1236, cl=0.2520, aux=0.1419 (419.3s)
2026-07-09 16:01:24 | INFO    |   Augment no-op rate: 0.0264 (20195/764672 lần gọi không tạo thay đổi thật)
2026-07-09 16:01:41 | INFO    |   Val: hr@10=0.5404 | ndcg@10=0.4233 | mrr@10=0.3866 | hr@20=0.6014 | ndcg@20=0.4388 | mrr@20=0.3909
2026-07-09 16:08:40 | INFO    | Epoch 5: total=4.3809, rec=3.9927, cl=0.2492, aux=0.1391 (419.3s)
2026-07-09 16:08:40 | INFO    |   Augment no-op rate: 0.0264 (20185/764672 lần gọi không tạo thay đổi thật)
2026-07-09 16:08:57 | INFO    |   Val: hr@10=0.5347 | ndcg@10=0.4190 | mrr@10=0.3827 | hr@20=0.5958 | ndcg@20=0.4345 | mrr@20=0.3870
2026-07-09 16:15:55 | INFO    | Epoch 6: total=4.2903, rec=3.9052, cl=0.2478, aux=0.1373 (418.3s)
2026-07-09 16:15:55 | INFO    |   Augment no-op rate: 0.0264 (20202/764672 lần gọi không tạo thay đổi thật)
2026-07-09 16:16:12 | INFO    |   Val: hr@10=0.5357 | ndcg@10=0.4184 | mrr@10=0.3816 | hr@20=0.5967 | ndcg@20=0.4338 | mrr@20=0.3858
2026-07-09 16:23:09 | INFO    | Epoch 7: total=4.2220, rec=3.8392, cl=0.2465, aux=0.1363 (416.8s)
2026-07-09 16:23:09 | INFO    |   Augment no-op rate: 0.0264 (20189/764672 lần gọi không tạo thay đổi thật)
2026-07-09 16:23:25 | INFO    |   Val: hr@10=0.5379 | ndcg@10=0.4197 | mrr@10=0.3827 | hr@20=0.5993 | ndcg@20=0.4353 | mrr@20=0.3870
2026-07-09 16:30:25 | INFO    | Epoch 8: total=4.1661, rec=3.7850, cl=0.2457, aux=0.1355 (419.1s)
2026-07-09 16:30:25 | INFO    |   Augment no-op rate: 0.0264 (20180/764672 lần gọi không tạo thay đổi thật)
2026-07-09 16:30:41 | INFO    |   Val: hr@10=0.5333 | ndcg@10=0.4164 | mrr@10=0.3797 | hr@20=0.5949 | ndcg@20=0.4320 | mrr@20=0.3840
2026-07-09 16:30:41 | INFO    | Early stopping tại epoch 8
2026-07-09 16:30:57 | INFO    | KẾT QUẢ TEST: hr@10=0.5146 | ndcg@10=0.4015 | mrr@10=0.3659 | hr@20=0.5733 | ndcg@20=0.4163 | mrr@20=0.3700
2026-07-09 16:31:12 | INFO    |   Sub-population theo độ dài phiên: 1_3_hr@10=0.5838 | 1_3_ndcg@10=0.4699 | 1_3_mrr@10=0.4340 | 1_3_hr@20=0.6406 | 1_3_ndcg@20=0.4842 | 1_3_mrr@20=0.4379 | 1_3_n_samples=55429.0000 | 4_7_hr@10=0.4744 | 4_7_ndcg@10=0.3374 | 4_7_mrr@10=0.2945 | 4_7_hr@20=0.5430 | 4_7_ndcg@20=0.3547 | 4_7_mrr@20=0.2992 | 4_7_n_samples=12349.0000 | 8_plus_hr@10=0.2689 | 8_plus_ndcg@10=0.1808 | 8_plus_mrr@10=0.1534 | 8_plus_hr@20=0.3263 | 8_plus_ndcg@20=0.1953 | 8_plus_mrr@20=0.1574 | 8_plus_n_samples=13594.0000
2026-07-09 16:31:12 | INFO    | [CatSA] Hoàn tất baseline/catsa_plus_v3_cat_intent.yaml. Test metrics: hr@10=0.5146 | ndcg@10=0.4015 | mrr@10=0.3659 | hr@20=0.5733 | ndcg@20=0.4163 | mrr@20=0.3700
wandb: updating run metadata
wandb: uploading output.log; uploading wandb-summary.json; uploading config.yaml
wandb: uploading history steps 7-7, summary, console lines 32-33
wandb: 
wandb: Run history:
wandb: train/augment_noop_rate ▆▂▁▇▅█▆▄
wandb:          train/loss_aux █▃▂▁▁▁▁▁
wandb:           train/loss_cl █▃▂▂▁▁▁▁
wandb:          train/loss_rec █▄▃▂▂▁▁▁
wandb:        train/loss_total █▄▃▂▂▁▁▁
wandb:               val/hr@10 ▁▅▇█▆▇▇▆
wandb:               val/hr@20 ▁▆▇█▇▇█▇
wandb:              val/mrr@10 ▅▆██▄▃▄▁
wandb:              val/mrr@20 ▅▆██▄▃▄▁
wandb:             val/ndcg@10 ▁▅██▄▃▅▁
wandb:                      +1 ...
wandb: 
wandb: Run summary:
wandb:              test/hr@10 0.51461
wandb:              test/hr@20 0.57327
wandb:             test/mrr@10 0.36595
wandb:             test/mrr@20 0.37002
wandb:            test/ndcg@10 0.40145
wandb:            test/ndcg@20 0.41628
wandb: train/augment_noop_rate 0.02639
wandb:          train/loss_aux 0.13545
wandb:           train/loss_cl 0.2457
wandb:          train/loss_rec 3.78496
wandb:                      +7 ...
wandb: 
wandb: 🚀 View run CatSA_plus_v3_cat_intent at: https://wandb.ai/hongichik321-aol/retailrocket/runs/mxdnikr8
wandb: ⭐️ View project at: https://wandb.ai/hongichik321-aol/retailrocket
wandb: Synced 5 W&B file(s), 0 media file(s), 0 artifact file(s) and 0 other file(s)
wandb: Find logs at: ./wandb/run-20260709_153027-mxdnikr8/logs
