[CatSA] Sẽ chạy lần lượt 4 cấu hình: catsa_v1.yaml, catsa_v2.yaml, catsa_v3.yaml, catsa_v4.yaml

[CatSA] (1/4) Bắt đầu: catsa_v1.yaml
2026-07-04 05:03:16 | INFO    | Log được ghi tại: /home/hongnguyen/demo2/Log/CatSA_v1/CatSA_v1.log
2026-07-04 05:03:16 | INFO    | 
====================================================================
CẤU HÌNH LÚC CHẠY (config_dir: config | version: catsa_v1)
====================================================================
logging:
  dir: Log
  level: INFO
  console: true
project:
  name: CatSA_v1
  filename_mode: custom
  custom_filename: CatSA_v1.log
wandb:
  enabled: true
  api_key: '***da-che***'
  project: ''
  entity: ''
  run_name: ''
  mode: online
dataset:
  source: kagglehub
  kagglehub_handle: retailrocket/ecommerce-dataset
  local_path: data/raw
  name: retailrocket
preprocess:
  output_dir: data/retailrocket_item_hon_5
  train_file: train.txt
  val_file: val.txt
  test_file: test.txt
  lookup_file: lookup_tables.pkl
  event_types:
  - view
  session_gap_seconds: 1800
  min_item_support: 5
  min_session_length: 2
  max_session_length: 50
  val_ratio: 0.1
  test_ratio: 0.1
  max_sessions: 0
data:
  data_dir: data/retailrocket_item_hon_5
  train_file: train.txt
  val_file: val.txt
  test_file: test.txt
  lookup_file: lookup_tables.pkl
model:
  embedding_dim: 100
  num_layers: 2
  use_taxonomy: true
  dropout: 0.2
augment:
  strategies:
  - same
  - sibling
  - hybrid
  strategy_weights: []
  eta_aug: 0.3
  eta_crop: 0.75
  k_min: 5
training:
  use_cl: true
  lambda_cl: 0.1
  tau: 0.5
  batch_size: 100
  learning_rate: 0.0005
  weight_decay: 0.0001
  max_epochs: 30
  patience: 5
  grad_clip: 5.0
  seed: 42
  device: auto
  num_workers: 0
  checkpoint_dir: checkpoints
  save_dir: checkpoints/CatSA_v1/catsa_v1/CatSA_v1
evaluation:
  top_k:
  - 10
  - 20
  primary_metric: hr@20
config_dir: config
version: catsa_v1
====================================================================
wandb: [wandb.login()] Using explicit session credentials for https://api.wandb.ai.
wandb: Appending key for api.wandb.ai to your netrc file: /home/hongnguyen/.netrc
wandb: Currently logged in as: hongichik321 (hongichik321-aol) to https://api.wandb.ai. Use `wandb login --relogin` to force relogin
wandb: setting up run nq9j2t3c
wandb: Tracking run with wandb version 0.28.0
wandb: Run data is saved locally in /home/hongnguyen/demo2/wandb/run-20260704_050318-nq9j2t3c
wandb: Run `wandb offline` to turn off syncing.
wandb: Syncing run CatSA_v1
wandb: ⭐️ View project at https://wandb.ai/hongichik321-aol/CatSA_v1
wandb: 🚀 View run at https://wandb.ai/hongichik321-aol/CatSA_v1/runs/nq9j2t3c
2026-07-04 05:03:19 | INFO    | wandb: run 'CatSA_v1' — https://wandb.ai/hongichik321-aol/CatSA_v1/runs/nq9j2t3c
2026-07-04 05:03:19 | INFO    | Dữ liệu [data/retailrocket_item_hon_5]: |I|=63902, |C|=1144, train=183313 phiên
2026-07-04 05:03:19 | INFO    | Thiết bị: cuda | use_cl=True (CatSA đầy đủ)
2026-07-04 05:03:19 | INFO    | Augmentation strategies: ['same', 'sibling', 'hybrid'] | eta_aug=0.30, k_min=5
2026-07-04 05:03:20 | INFO    | Số mẫu train/val/test (sliding window): 486337 / 55972 / 51517
2026-07-04 05:03:20 | INFO    | Checkpoint của run này: /home/hongnguyen/demo2/checkpoints/CatSA_v1/catsa_v1/CatSA_v1
2026-07-04 05:05:39 | INFO    | Epoch 1: total=8.6873, rec=8.3102, cl=3.7715 (139.4s)
2026-07-04 05:05:46 | INFO    |   Val: hr@10=0.1867 | ndcg@10=0.1009 | mrr@10=0.0747 | hr@20=0.2616 | ndcg@20=0.1198 | mrr@20=0.0799
2026-07-04 05:05:46 | INFO    |   → Model tốt nhất mới (hr@20=0.2616), lưu checkpoints/CatSA_v1/catsa_v1/CatSA_v1/best_model.pt
2026-07-04 05:08:05 | INFO    | Epoch 2: total=7.0193, rec=6.6449, cl=3.7433 (138.9s)
2026-07-04 05:08:12 | INFO    |   Val: hr@10=0.2321 | ndcg@10=0.1281 | mrr@10=0.0963 | hr@20=0.3192 | ndcg@20=0.1501 | mrr@20=0.1023
2026-07-04 05:08:12 | INFO    |   → Model tốt nhất mới (hr@20=0.3192), lưu checkpoints/CatSA_v1/catsa_v1/CatSA_v1/best_model.pt
2026-07-04 05:10:31 | INFO    | Epoch 3: total=6.5615, rec=6.1896, cl=3.7182 (138.7s)
2026-07-04 05:10:38 | INFO    |   Val: hr@10=0.2539 | ndcg@10=0.1403 | mrr@10=0.1056 | hr@20=0.3447 | ndcg@20=0.1632 | mrr@20=0.1119
2026-07-04 05:10:38 | INFO    |   → Model tốt nhất mới (hr@20=0.3447), lưu checkpoints/CatSA_v1/catsa_v1/CatSA_v1/best_model.pt
2026-07-04 05:12:57 | INFO    | Epoch 4: total=6.3081, rec=5.9388, cl=3.6932 (139.1s)
2026-07-04 05:13:04 | INFO    |   Val: hr@10=0.2704 | ndcg@10=0.1492 | mrr@10=0.1122 | hr@20=0.3610 | ndcg@20=0.1721 | mrr@20=0.1184
2026-07-04 05:13:04 | INFO    |   → Model tốt nhất mới (hr@20=0.3610), lưu checkpoints/CatSA_v1/catsa_v1/CatSA_v1/best_model.pt
2026-07-04 05:15:23 | INFO    | Epoch 5: total=6.1448, rec=5.7774, cl=3.6739 (138.8s)
2026-07-04 05:15:30 | INFO    |   Val: hr@10=0.2779 | ndcg@10=0.1535 | mrr@10=0.1154 | hr@20=0.3711 | ndcg@20=0.1771 | mrr@20=0.1219
2026-07-04 05:15:30 | INFO    |   → Model tốt nhất mới (hr@20=0.3711), lưu checkpoints/CatSA_v1/catsa_v1/CatSA_v1/best_model.pt
2026-07-04 05:17:48 | INFO    | Epoch 6: total=6.0346, rec=5.6689, cl=3.6570 (138.5s)
2026-07-04 05:17:55 | INFO    |   Val: hr@10=0.2839 | ndcg@10=0.1573 | mrr@10=0.1185 | hr@20=0.3752 | ndcg@20=0.1803 | mrr@20=0.1248
2026-07-04 05:17:55 | INFO    |   → Model tốt nhất mới (hr@20=0.3752), lưu checkpoints/CatSA_v1/catsa_v1/CatSA_v1/best_model.pt
2026-07-04 05:20:14 | INFO    | Epoch 7: total=5.9537, rec=5.5893, cl=3.6440 (138.7s)
2026-07-04 05:20:21 | INFO    |   Val: hr@10=0.2894 | ndcg@10=0.1620 | mrr@10=0.1229 | hr@20=0.3818 | ndcg@20=0.1853 | mrr@20=0.1293
2026-07-04 05:20:21 | INFO    |   → Model tốt nhất mới (hr@20=0.3818), lưu checkpoints/CatSA_v1/catsa_v1/CatSA_v1/best_model.pt
2026-07-04 05:22:40 | INFO    | Epoch 8: total=5.8961, rec=5.5329, cl=3.6323 (138.7s)
2026-07-04 05:22:47 | INFO    |   Val: hr@10=0.2900 | ndcg@10=0.1618 | mrr@10=0.1225 | hr@20=0.3814 | ndcg@20=0.1849 | mrr@20=0.1288
2026-07-04 05:25:05 | INFO    | Epoch 9: total=5.8503, rec=5.4881, cl=3.6227 (138.7s)
2026-07-04 05:25:12 | INFO    |   Val: hr@10=0.2919 | ndcg@10=0.1635 | mrr@10=0.1242 | hr@20=0.3822 | ndcg@20=0.1863 | mrr@20=0.1305
2026-07-04 05:25:12 | INFO    |   → Model tốt nhất mới (hr@20=0.3822), lưu checkpoints/CatSA_v1/catsa_v1/CatSA_v1/best_model.pt
2026-07-04 05:27:31 | INFO    | Epoch 10: total=5.8166, rec=5.4552, cl=3.6137 (138.9s)
2026-07-04 05:27:38 | INFO    |   Val: hr@10=0.2904 | ndcg@10=0.1627 | mrr@10=0.1236 | hr@20=0.3844 | ndcg@20=0.1865 | mrr@20=0.1302
2026-07-04 05:27:38 | INFO    |   → Model tốt nhất mới (hr@20=0.3844), lưu checkpoints/CatSA_v1/catsa_v1/CatSA_v1/best_model.pt
2026-07-04 05:29:56 | INFO    | Epoch 11: total=5.7891, rec=5.4285, cl=3.6061 (138.6s)
2026-07-04 05:30:03 | INFO    |   Val: hr@10=0.2922 | ndcg@10=0.1641 | mrr@10=0.1249 | hr@20=0.3863 | ndcg@20=0.1879 | mrr@20=0.1314
2026-07-04 05:30:03 | INFO    |   → Model tốt nhất mới (hr@20=0.3863), lưu checkpoints/CatSA_v1/catsa_v1/CatSA_v1/best_model.pt
2026-07-04 05:32:22 | INFO    | Epoch 12: total=5.7687, rec=5.4087, cl=3.5999 (138.4s)
2026-07-04 05:32:29 | INFO    |   Val: hr@10=0.2950 | ndcg@10=0.1651 | mrr@10=0.1253 | hr@20=0.3901 | ndcg@20=0.1891 | mrr@20=0.1319
2026-07-04 05:32:29 | INFO    |   → Model tốt nhất mới (hr@20=0.3901), lưu checkpoints/CatSA_v1/catsa_v1/CatSA_v1/best_model.pt
2026-07-04 05:34:47 | INFO    | Epoch 13: total=5.7506, rec=5.3914, cl=3.5926 (138.7s)
2026-07-04 05:34:54 | INFO    |   Val: hr@10=0.2975 | ndcg@10=0.1679 | mrr@10=0.1282 | hr@20=0.3900 | ndcg@20=0.1913 | mrr@20=0.1346
2026-07-04 05:37:13 | INFO    | Epoch 14: total=5.7345, rec=5.3758, cl=3.5866 (138.3s)
2026-07-04 05:37:19 | INFO    |   Val: hr@10=0.2947 | ndcg@10=0.1663 | mrr@10=0.1270 | hr@20=0.3886 | ndcg@20=0.1901 | mrr@20=0.1335
2026-07-04 05:39:38 | INFO    | Epoch 15: total=5.7218, rec=5.3636, cl=3.5817 (138.8s)
2026-07-04 05:39:45 | INFO    |   Val: hr@10=0.2983 | ndcg@10=0.1664 | mrr@10=0.1260 | hr@20=0.3901 | ndcg@20=0.1896 | mrr@20=0.1323
2026-07-04 05:42:04 | INFO    | Epoch 16: total=5.7103, rec=5.3526, cl=3.5772 (138.8s)
2026-07-04 05:42:11 | INFO    |   Val: hr@10=0.2970 | ndcg@10=0.1670 | mrr@10=0.1272 | hr@20=0.3888 | ndcg@20=0.1902 | mrr@20=0.1335
2026-07-04 05:44:30 | INFO    | Epoch 17: total=5.6962, rec=5.3391, cl=3.5713 (139.1s)
2026-07-04 05:44:37 | INFO    |   Val: hr@10=0.3020 | ndcg@10=0.1706 | mrr@10=0.1303 | hr@20=0.3932 | ndcg@20=0.1936 | mrr@20=0.1366
2026-07-04 05:44:37 | INFO    |   → Model tốt nhất mới (hr@20=0.3932), lưu checkpoints/CatSA_v1/catsa_v1/CatSA_v1/best_model.pt
2026-07-04 05:46:55 | INFO    | Epoch 18: total=5.6869, rec=5.3301, cl=3.5676 (138.9s)
2026-07-04 05:47:02 | INFO    |   Val: hr@10=0.2965 | ndcg@10=0.1679 | mrr@10=0.1285 | hr@20=0.3887 | ndcg@20=0.1912 | mrr@20=0.1349
2026-07-04 05:49:21 | INFO    | Epoch 19: total=5.6830, rec=5.3267, cl=3.5627 (138.8s)
2026-07-04 05:49:28 | INFO    |   Val: hr@10=0.2982 | ndcg@10=0.1683 | mrr@10=0.1286 | hr@20=0.3924 | ndcg@20=0.1922 | mrr@20=0.1351
2026-07-04 05:51:47 | INFO    | Epoch 20: total=5.6760, rec=5.3201, cl=3.5592 (138.9s)
2026-07-04 05:51:54 | INFO    |   Val: hr@10=0.2988 | ndcg@10=0.1692 | mrr@10=0.1295 | hr@20=0.3932 | ndcg@20=0.1931 | mrr@20=0.1360
2026-07-04 05:51:54 | INFO    |   → Model tốt nhất mới (hr@20=0.3932), lưu checkpoints/CatSA_v1/catsa_v1/CatSA_v1/best_model.pt
2026-07-04 05:54:13 | INFO    | Epoch 21: total=5.6646, rec=5.3090, cl=3.5558 (138.6s)
2026-07-04 05:54:19 | INFO    |   Val: hr@10=0.2992 | ndcg@10=0.1697 | mrr@10=0.1300 | hr@20=0.3933 | ndcg@20=0.1935 | mrr@20=0.1366
2026-07-04 05:54:20 | INFO    |   → Model tốt nhất mới (hr@20=0.3933), lưu checkpoints/CatSA_v1/catsa_v1/CatSA_v1/best_model.pt
2026-07-04 05:56:38 | INFO    | Epoch 22: total=5.6610, rec=5.3058, cl=3.5520 (138.7s)
2026-07-04 05:56:45 | INFO    |   Val: hr@10=0.2995 | ndcg@10=0.1692 | mrr@10=0.1292 | hr@20=0.3930 | ndcg@20=0.1929 | mrr@20=0.1357
2026-07-04 05:59:04 | INFO    | Epoch 23: total=5.6548, rec=5.2998, cl=3.5502 (138.7s)
2026-07-04 05:59:11 | INFO    |   Val: hr@10=0.3002 | ndcg@10=0.1711 | mrr@10=0.1316 | hr@20=0.3935 | ndcg@20=0.1948 | mrr@20=0.1381
2026-07-04 05:59:11 | INFO    |   → Model tốt nhất mới (hr@20=0.3935), lưu checkpoints/CatSA_v1/catsa_v1/CatSA_v1/best_model.pt
2026-07-04 06:01:30 | INFO    | Epoch 24: total=5.6508, rec=5.2962, cl=3.5462 (139.0s)
2026-07-04 06:01:36 | INFO    |   Val: hr@10=0.3004 | ndcg@10=0.1712 | mrr@10=0.1316 | hr@20=0.3916 | ndcg@20=0.1942 | mrr@20=0.1379
2026-07-04 06:03:55 | INFO    | Epoch 25: total=5.6442, rec=5.2898, cl=3.5441 (138.7s)
2026-07-04 06:04:02 | INFO    |   Val: hr@10=0.3011 | ndcg@10=0.1732 | mrr@10=0.1339 | hr@20=0.3934 | ndcg@20=0.1965 | mrr@20=0.1403
2026-07-04 06:06:21 | INFO    | Epoch 26: total=5.6403, rec=5.2862, cl=3.5410 (138.9s)
2026-07-04 06:06:28 | INFO    |   Val: hr@10=0.3013 | ndcg@10=0.1724 | mrr@10=0.1328 | hr@20=0.3943 | ndcg@20=0.1959 | mrr@20=0.1393
2026-07-04 06:06:28 | INFO    |   → Model tốt nhất mới (hr@20=0.3943), lưu checkpoints/CatSA_v1/catsa_v1/CatSA_v1/best_model.pt
2026-07-04 06:08:47 | INFO    | Epoch 27: total=5.6370, rec=5.2831, cl=3.5391 (138.8s)
2026-07-04 06:08:53 | INFO    |   Val: hr@10=0.3024 | ndcg@10=0.1724 | mrr@10=0.1325 | hr@20=0.3953 | ndcg@20=0.1958 | mrr@20=0.1389
2026-07-04 06:08:53 | INFO    |   → Model tốt nhất mới (hr@20=0.3953), lưu checkpoints/CatSA_v1/catsa_v1/CatSA_v1/best_model.pt
2026-07-04 06:11:12 | INFO    | Epoch 28: total=5.6330, rec=5.2792, cl=3.5375 (138.8s)
2026-07-04 06:11:19 | INFO    |   Val: hr@10=0.3052 | ndcg@10=0.1735 | mrr@10=0.1332 | hr@20=0.3953 | ndcg@20=0.1963 | mrr@20=0.1395
2026-07-04 06:11:19 | INFO    |   → Model tốt nhất mới (hr@20=0.3953), lưu checkpoints/CatSA_v1/catsa_v1/CatSA_v1/best_model.pt
2026-07-04 06:13:38 | INFO    | Epoch 29: total=5.6280, rec=5.2745, cl=3.5350 (138.8s)
2026-07-04 06:13:45 | INFO    |   Val: hr@10=0.3027 | ndcg@10=0.1731 | mrr@10=0.1334 | hr@20=0.3942 | ndcg@20=0.1963 | mrr@20=0.1398
2026-07-04 06:16:04 | INFO    | Epoch 30: total=5.6228, rec=5.2694, cl=3.5335 (138.6s)
2026-07-04 06:16:10 | INFO    |   Val: hr@10=0.3031 | ndcg@10=0.1729 | mrr@10=0.1329 | hr@20=0.3966 | ndcg@20=0.1965 | mrr@20=0.1394
2026-07-04 06:16:10 | INFO    |   → Model tốt nhất mới (hr@20=0.3966), lưu checkpoints/CatSA_v1/catsa_v1/CatSA_v1/best_model.pt
2026-07-04 06:16:17 | INFO    | KẾT QUẢ TEST (best model): hr@10=0.3003 | ndcg@10=0.1722 | mrr@10=0.1330 | hr@20=0.3899 | ndcg@20=0.1949 | mrr@20=0.1392
2026-07-04 06:16:17 | INFO    | [CatSA] Hoàn tất catsa_v1.yaml. Test metrics: hr@10=0.3003 | ndcg@10=0.1722 | mrr@10=0.1330 | hr@20=0.3899 | ndcg@20=0.1949 | mrr@20=0.1392
wandb: updating run metadata
wandb: uploading output.log; uploading wandb-summary.json; uploading config.yaml
wandb: uploading history steps 28-29, summary, console lines 83-86
wandb: 
wandb: Run history:
wandb:    train/loss_cl █▇▆▆▅▅▄▄▄▃▃▃▃▃▂▂▂▂▂▂▂▂▁▁▁▁▁▁▁▁
wandb:   train/loss_rec █▄▃▃▂▂▂▂▂▁▁▁▁▁▁▁▁▁▁▁▁▁▁▁▁▁▁▁▁▁
wandb: train/loss_total █▄▃▃▂▂▂▂▂▁▁▁▁▁▁▁▁▁▁▁▁▁▁▁▁▁▁▁▁▁
wandb:        val/hr@10 ▁▄▅▆▆▇▇▇▇▇▇▇█▇███▇████████████
wandb:        val/hr@20 ▁▄▅▆▇▇▇▇▇▇▇███████████████████
wandb:       val/mrr@10 ▁▄▅▅▆▆▇▇▇▇▇▇▇▇▇▇█▇▇▇█▇████████
wandb:       val/mrr@20 ▁▄▅▅▆▆▇▇▇▇▇▇▇▇▇▇█▇▇██▇████████
wandb:      val/ndcg@10 ▁▄▅▆▆▆▇▇▇▇▇▇▇▇▇▇█▇▇███████████
wandb:      val/ndcg@20 ▁▄▅▆▆▇▇▇▇▇▇▇█▇▇▇██████████████
wandb: 
wandb: Run summary:
wandb:       test/hr@10 0.30029
wandb:       test/hr@20 0.38995
wandb:      test/mrr@10 0.13296
wandb:      test/mrr@20 0.13918
wandb:     test/ndcg@10 0.17224
wandb:     test/ndcg@20 0.19491
wandb:    train/loss_cl 3.53355
wandb:   train/loss_rec 5.26945
wandb: train/loss_total 5.6228
wandb:        val/hr@10 0.30313
wandb:               +5 ...
wandb: 
wandb: 🚀 View run CatSA_v1 at: https://wandb.ai/hongichik321-aol/CatSA_v1/runs/nq9j2t3c
wandb: ⭐️ View project at: https://wandb.ai/hongichik321-aol/CatSA_v1
wandb: Synced 5 W&B file(s), 0 media file(s), 0 artifact file(s) and 0 other file(s)
wandb: Find logs at: ./wandb/run-20260704_050318-nq9j2t3c/logs

[CatSA] (2/4) Bắt đầu: catsa_v2.yaml
2026-07-04 06:16:19 | INFO    | Log được ghi tại: /home/hongnguyen/demo2/Log/CatSA_v1/CatSA_v2.log
2026-07-04 06:16:19 | INFO    | 
====================================================================
CẤU HÌNH LÚC CHẠY (config_dir: config | version: catsa_v2)
====================================================================
logging:
  dir: Log
  level: INFO
  console: true
project:
  name: CatSA_v1
  filename_mode: custom
  custom_filename: CatSA_v2.log
wandb:
  enabled: true
  api_key: '***da-che***'
  project: ''
  entity: ''
  run_name: ''
  mode: online
dataset:
  source: kagglehub
  kagglehub_handle: retailrocket/ecommerce-dataset
  local_path: data/raw
  name: retailrocket
preprocess:
  output_dir: data/retailrocket_item_hon_5
  train_file: train.txt
  val_file: val.txt
  test_file: test.txt
  lookup_file: lookup_tables.pkl
  event_types:
  - view
  session_gap_seconds: 1800
  min_item_support: 5
  min_session_length: 2
  max_session_length: 50
  val_ratio: 0.1
  test_ratio: 0.1
  max_sessions: 0
data:
  data_dir: data/retailrocket_item_hon_5
  train_file: train.txt
  val_file: val.txt
  test_file: test.txt
  lookup_file: lookup_tables.pkl
model:
  embedding_dim: 100
  num_layers: 2
  use_taxonomy: true
  dropout: 0.2
augment:
  strategies:
  - same
  strategy_weights: []
  eta_aug: 0.3
  eta_crop: 0.75
  k_min: 5
training:
  use_cl: true
  lambda_cl: 0.1
  tau: 0.5
  batch_size: 100
  learning_rate: 0.0005
  weight_decay: 0.0001
  max_epochs: 30
  patience: 5
  grad_clip: 5.0
  seed: 42
  device: auto
  num_workers: 0
  checkpoint_dir: checkpoints
  save_dir: checkpoints/CatSA_v1/catsa_v1/CatSA_v2
evaluation:
  top_k:
  - 10
  - 20
  primary_metric: hr@20
config_dir: config
version: catsa_v2
====================================================================
wandb: WARNING [wandb.login()] Changing session credentials to explicit value for https://api.wandb.ai.
wandb: Appending key for api.wandb.ai to your netrc file: /home/hongnguyen/.netrc
wandb: setting up run bz18s2t1
wandb: Tracking run with wandb version 0.28.0
wandb: Run data is saved locally in /home/hongnguyen/demo2/wandb/run-20260704_061620-bz18s2t1
wandb: Run `wandb offline` to turn off syncing.
wandb: Syncing run CatSA_v2
wandb: ⭐️ View project at https://wandb.ai/hongichik321-aol/CatSA_v1
wandb: 🚀 View run at https://wandb.ai/hongichik321-aol/CatSA_v1/runs/bz18s2t1
2026-07-04 06:16:21 | INFO    | wandb: run 'CatSA_v2' — https://wandb.ai/hongichik321-aol/CatSA_v1/runs/bz18s2t1
2026-07-04 06:16:21 | INFO    | Dữ liệu [data/retailrocket_item_hon_5]: |I|=63902, |C|=1144, train=183313 phiên
2026-07-04 06:16:21 | INFO    | Thiết bị: cuda | use_cl=True (CatSA đầy đủ)
2026-07-04 06:16:21 | INFO    | Augmentation strategies: ['same'] | eta_aug=0.30, k_min=5
2026-07-04 06:16:22 | INFO    | Số mẫu train/val/test (sliding window): 486337 / 55972 / 51517
2026-07-04 06:16:22 | INFO    | Checkpoint của run này: /home/hongnguyen/demo2/checkpoints/CatSA_v1/catsa_v1/CatSA_v2
2026-07-04 06:18:41 | INFO    | Epoch 1: total=8.7316, rec=8.3632, cl=3.6842 (139.2s)
2026-07-04 06:18:48 | INFO    |   Val: hr@10=0.1850 | ndcg@10=0.0997 | mrr@10=0.0737 | hr@20=0.2599 | ndcg@20=0.1186 | mrr@20=0.0788
2026-07-04 06:18:48 | INFO    |   → Model tốt nhất mới (hr@20=0.2599), lưu checkpoints/CatSA_v1/catsa_v1/CatSA_v2/best_model.pt
2026-07-04 06:21:08 | INFO    | Epoch 2: total=7.0202, rec=6.6539, cl=3.6629 (140.3s)
2026-07-04 06:21:15 | INFO    |   Val: hr@10=0.2327 | ndcg@10=0.1279 | mrr@10=0.0959 | hr@20=0.3209 | ndcg@20=0.1501 | mrr@20=0.1020
2026-07-04 06:21:15 | INFO    |   → Model tốt nhất mới (hr@20=0.3209), lưu checkpoints/CatSA_v1/catsa_v1/CatSA_v2/best_model.pt
