2026-07-09 08:43:23 | INFO    | Log được ghi tại: /home/hongnguyen/demo2/Log/retailrocket/CatSA/baseline/CatSA_plus_v2_multi.log
2026-07-09 08:43:23 | INFO    | 
====================================================================
CẤU HÌNH LÚC CHẠY (config_dir: config | version: catsa_plus_v2_multi)
====================================================================
logging:
  dir: Log
  level: INFO
  console: true
project:
  name: retailrocket
  filename_mode: custom
  custom_filename: CatSA/baseline/CatSA_plus_v2_multi.log
wandb:
  enabled: true
  api_key: '***da-che***'
  project: ''
  entity: ''
  run_name: ''
  mode: online
dataset:
  source: kagglehub
  kagglehub_handle: retailrocket/ecommerce-dataset
  local_path: data/raw
  name: retailrocket
preprocess:
  output_dir: data/retailrocket_2_5
  train_file: train.txt
  val_file: val.txt
  test_file: test.txt
  lookup_file: lookup_tables.pkl
  event_types:
  - view
  session_same_day: true
  session_gap_seconds: 1800
  dedup_consecutive: false
  min_item_support: 5
  min_session_length: 2
  max_session_length: 5
  session_length_mode: filter
  max_prefix_length: 50
  require_item_category: false
  val_ratio: 0.1
  test_ratio: 0.1
  max_sessions: 0
data:
  data_dir: data/retailrocket_item_hon_5
  train_file: train.txt
  val_file: val.txt
  test_file: test.txt
  lookup_file: lookup_tables.pkl
model:
  embedding_dim: 100
  num_layers: 2
  use_taxonomy: true
  dropout: 0.1
  encoder_type: catsa_plus_v2
  fusion_type: gate
  n_heads: 2
  retrieval_topk: 5
  max_seq_length: 50
  trm_layers: 2
  trm_inner_size: 256
  temperature: 0.07
  sess_dropout: 0.2
  item_dropout: 0.2
  extra_rerank: false
  extra_beta: 12.0
  trm_dropout: 0.5
  use_seq_trm: true
  use_error_aux: false
  error_aux_alpha: 0.15
  post_process: false
  post_same_boost: 0.35
  post_sib_boost: 0.12
  post_other_penalty: 0.08
  use_module1: true
  path_fusion: dual_score
  dual_score_beta: 1.0
  learn_score_beta: true
  trm_residual_gamma: 0.5
  use_cat_bias: false
  length_aware_gate: true
  length_gate_max_len: 50
  use_star_node: false
  use_multi_interest: true
  n_interests: 4
augment:
  strategies:
  - same
  - sibling
  - hybrid
  strategy_weights:
  - 0.4
  - 0.3
  - 0.3
  eta_aug: 0.3
  eta_crop: 0.75
  k_min: 5
training:
  use_cl: true
  lambda_cl: 0.05
  cl_type: both
  lambda_proto: 0.05
  aux_cat: true
  aux_parent: false
  lambda_aux_cat: 0.05
  lambda_aux_parent: 0.0
  tau: 0.2
  batch_size: 256
  learning_rate: 0.001
  weight_decay: 1.0e-05
  max_epochs: 30
  patience: 5
  grad_clip: 5.0
  seed: 42
  device: auto
  num_workers: 0
  checkpoint_dir: checkpoints
  save_dir: checkpoints/CatSA/retailrocket/catsa_plus_v2_multi
  prefix_len_min: 0
  prefix_len_max: 0
evaluation:
  top_k:
  - 10
  - 20
  primary_metric: mrr@20
  mode: standard
  length_threshold: 5
  checkpoint_short: ''
  checkpoint_long: ''
config_dir: config
version: catsa_plus_v2_multi
====================================================================
wandb: [wandb.login()] Using explicit session credentials for https://api.wandb.ai.
wandb: Appending key for api.wandb.ai to your netrc file: /home/hongnguyen/.netrc
wandb: Currently logged in as: hongichik321 (hongichik321-aol) to https://api.wandb.ai. Use `wandb login --relogin` to force relogin
wandb: setting up run xi33tq6e
wandb: Tracking run with wandb version 0.28.0
wandb: Run data is saved locally in /home/hongnguyen/demo2/wandb/run-20260709_084325-xi33tq6e
wandb: Run `wandb offline` to turn off syncing.
wandb: Syncing run CatSA_plus_v2_multi
wandb: ⭐️ View project at https://wandb.ai/hongichik321-aol/retailrocket
wandb: 🚀 View run at https://wandb.ai/hongichik321-aol/retailrocket/runs/xi33tq6e
2026-07-09 08:43:26 | INFO    | wandb: run 'CatSA_plus_v2_multi' — https://wandb.ai/hongichik321-aol/retailrocket/runs/xi33tq6e
2026-07-09 08:43:26 | INFO    | Dữ liệu [data/retailrocket_item_hon_5]: |I|=79649, |C|=1185, train=283023 phiên
2026-07-09 08:43:26 | INFO    | Thiết bị: cuda | encoder=catsa_plus_v2 | fusion=gate | use_cl=True | cl_type=both | aux_cat=True | aux_parent=False
2026-07-09 08:49:22 | INFO    | Epoch 1: total=7.2534, rec=6.8067, cl=0.2559, aux=0.1908 (354.0s)
2026-07-09 08:49:34 | INFO    |   Val: hr@10=0.5156 | ndcg@10=0.4114 | mrr@10=0.3785 | hr@20=0.5650 | ndcg@20=0.4239 | mrr@20=0.3819
2026-07-09 08:49:34 | INFO    |   → Model tốt nhất mới (mrr@20=0.3819)
2026-07-09 08:55:18 | INFO    | Epoch 2: total=5.0292, rec=4.6618, cl=0.2386, aux=0.1288 (344.1s)
2026-07-09 08:55:31 | INFO    |   Val: hr@10=0.5377 | ndcg@10=0.4214 | mrr@10=0.3849 | hr@20=0.5972 | ndcg@20=0.4365 | mrr@20=0.3890
2026-07-09 08:55:31 | INFO    |   → Model tốt nhất mới (mrr@20=0.3890)
2026-07-09 09:01:25 | INFO    | Epoch 3: total=4.5440, rec=4.1839, cl=0.2358, aux=0.1243 (353.7s)
2026-07-09 09:01:37 | INFO    |   Val: hr@10=0.5437 | ndcg@10=0.4236 | mrr@10=0.3858 | hr@20=0.6047 | ndcg@20=0.4390 | mrr@20=0.3901
2026-07-09 09:01:37 | INFO    |   → Model tốt nhất mới (mrr@20=0.3901)
2026-07-09 09:07:21 | INFO    | Epoch 4: total=4.3658, rec=4.0079, cl=0.2349, aux=0.1230 (343.9s)
2026-07-09 09:07:34 | INFO    |   Val: hr@10=0.5471 | ndcg@10=0.4250 | mrr@10=0.3867 | hr@20=0.6071 | ndcg@20=0.4402 | mrr@20=0.3909
2026-07-09 09:07:34 | INFO    |   → Model tốt nhất mới (mrr@20=0.3909)
2026-07-09 09:13:27 | INFO    | Epoch 5: total=4.2682, rec=3.9114, cl=0.2343, aux=0.1224 (352.5s)
2026-07-09 09:13:39 | INFO    |   Val: hr@10=0.5487 | ndcg@10=0.4257 | mrr@10=0.3871 | hr@20=0.6085 | ndcg@20=0.4409 | mrr@20=0.3913
2026-07-09 09:13:39 | INFO    |   → Model tốt nhất mới (mrr@20=0.3913)
2026-07-09 09:19:22 | INFO    | Epoch 6: total=4.2088, rec=3.8527, cl=0.2340, aux=0.1221 (343.4s)
2026-07-09 09:19:35 | INFO    |   Val: hr@10=0.5451 | ndcg@10=0.4229 | mrr@10=0.3846 | hr@20=0.6064 | ndcg@20=0.4385 | mrr@20=0.3889
2026-07-09 09:25:29 | INFO    | Epoch 7: total=4.1647, rec=3.8091, cl=0.2338, aux=0.1218 (353.3s)
2026-07-09 09:25:41 | INFO    |   Val: hr@10=0.5469 | ndcg@10=0.4240 | mrr@10=0.3854 | hr@20=0.6080 | ndcg@20=0.4395 | mrr@20=0.3897
2026-07-09 09:31:26 | INFO    | Epoch 8: total=4.1282, rec=3.7723, cl=0.2341, aux=0.1217 (344.7s)
2026-07-09 09:31:39 | INFO    |   Val: hr@10=0.5441 | ndcg@10=0.4205 | mrr@10=0.3817 | hr@20=0.6067 | ndcg@20=0.4364 | mrr@20=0.3860
2026-07-09 09:37:33 | INFO    | Epoch 9: total=4.1049, rec=3.7492, cl=0.2341, aux=0.1216 (354.2s)
2026-07-09 09:37:45 | INFO    |   Val: hr@10=0.5453 | ndcg@10=0.4218 | mrr@10=0.3831 | hr@20=0.6065 | ndcg@20=0.4374 | mrr@20=0.3873
2026-07-09 09:43:30 | INFO    | Epoch 10: total=4.0788, rec=3.7232, cl=0.2341, aux=0.1216 (344.3s)
2026-07-09 09:43:43 | INFO    |   Val: hr@10=0.5441 | ndcg@10=0.4211 | mrr@10=0.3825 | hr@20=0.6062 | ndcg@20=0.4369 | mrr@20=0.3868
2026-07-09 09:43:43 | INFO    | Early stopping tại epoch 10
2026-07-09 09:43:55 | INFO    | KẾT QUẢ TEST: hr@10=0.5260 | ndcg@10=0.4038 | mrr@10=0.3654 | hr@20=0.5864 | ndcg@20=0.4190 | mrr@20=0.3696
2026-07-09 09:43:55 | INFO    | [CatSA] Hoàn tất baseline/catsa_plus_v2_multi.yaml. Test metrics: hr@10=0.5260 | ndcg@10=0.4038 | mrr@10=0.3654 | hr@20=0.5864 | ndcg@20=0.4190 | mrr@20=0.3696
wandb: updating run metadata
wandb: uploading output.log; uploading wandb-summary.json; uploading config.yaml
wandb: uploading history steps 8-9, summary, console lines 27-30
wandb: uploading data
wandb: 
wandb: Run history:
wandb:   train/loss_aux █▂▁▁▁▁▁▁▁▁
wandb:    train/loss_cl █▃▂▁▁▁▁▁▁▁
wandb:   train/loss_rec █▃▂▂▁▁▁▁▁▁
wandb: train/loss_total █▃▂▂▁▁▁▁▁▁
wandb:        val/hr@10 ▁▆▇██▇█▇▇▇
wandb:        val/hr@20 ▁▆▇███████
wandb:       val/mrr@10 ▁▆▇██▆▇▄▅▄
wandb:       val/mrr@20 ▁▆▇██▆▇▄▅▅
wandb:      val/ndcg@10 ▁▆▇██▇▇▅▆▆
wandb:      val/ndcg@20 ▁▆▇██▇▇▆▇▆
wandb: 
wandb: Run summary:
wandb:       test/hr@10 0.52599
wandb:       test/hr@20 0.58642
wandb:      test/mrr@10 0.36538
wandb:      test/mrr@20 0.36957
wandb:     test/ndcg@10 0.40375
wandb:     test/ndcg@20 0.41904
wandb:   train/loss_aux 0.12157
wandb:    train/loss_cl 0.23409
wandb:   train/loss_rec 3.72318
wandb: train/loss_total 4.07884
wandb:               +6 ...
wandb: 
wandb: 🚀 View run CatSA_plus_v2_multi at: https://wandb.ai/hongichik321-aol/retailrocket/runs/xi33tq6e
wandb: ⭐️ View project at: https://wandb.ai/hongichik321-aol/retailrocket
wandb: Synced 5 W&B file(s), 0 media file(s), 0 artifact file(s) and 0 other file(s)
wandb: Find logs at: ./wandb/run-20260709_084325-xi33tq6e/logs
