[CORE] Sẽ chạy lần lượt 2 cấu hình: main/core_trm_retailrocket_2_5.yaml, main/core_trm_retailrocket_2_7.yaml

[CORE] (1/2) Bắt đầu: main/core_trm_retailrocket_2_5.yaml
2026-07-09 12:20:32 | INFO    | Log được ghi tại: /home/hongnguyen/demo2/Log/retailrocket/CORE/main/core_trm_retailrocket_2_5.log
2026-07-09 12:20:32 | INFO    | 
====================================================================
CẤU HÌNH CORE (config_dir: config | version: core_trm_retailrocket_2_5)
====================================================================
logging:
  dir: Log
  level: INFO
  console: true
project:
  name: retailrocket
  filename_mode: custom
  custom_filename: CORE/main/core_trm_retailrocket_2_5.log
wandb:
  enabled: true
  api_key: '***da-che***'
  project: ''
  entity: ''
  run_name: ''
  mode: online
data:
  data_dir: data/retailrocket_2_5
  train_file: train.txt
  val_file: val.txt
  test_file: test.txt
  lookup_file: lookup_tables.pkl
core_model:
  type: trm
  embedding_size: 100
  inner_size: 256
  n_layers: 2
  n_heads: 2
  hidden_dropout_prob: 0.5
  attn_dropout_prob: 0.5
  hidden_act: gelu
  layer_norm_eps: 1.0e-12
  initializer_range: 0.02
  sess_dropout: 0.2
  item_dropout: 0.2
  temperature: 0.07
  max_seq_length: 50
core_training:
  batch_size: 256
  learning_rate: 0.001
  weight_decay: 1.0e-05
  max_epochs: 30
  patience: 5
  grad_clip: 5.0
  seed: 42
  device: auto
  num_workers: 0
  checkpoint_dir: checkpoints
  save_dir: checkpoints/CORE/retailrocket/core_trm_2_5
evaluation:
  top_k:
  - 10
  - 20
  primary_metric: mrr@20
  mode: standard
  length_threshold: 5
  checkpoint_short: ''
  checkpoint_long: ''
config_dir: config
version: core_trm_retailrocket_2_5
====================================================================
wandb: [wandb.login()] Using explicit session credentials for https://api.wandb.ai.
wandb: Appending key for api.wandb.ai to your netrc file: /home/hongnguyen/.netrc
wandb: Currently logged in as: hongichik321 (hongichik321-aol) to https://api.wandb.ai. Use `wandb login --relogin` to force relogin
wandb: setting up run ihon469y
wandb: Tracking run with wandb version 0.28.0
wandb: Run data is saved locally in /home/hongnguyen/demo2/wandb/run-20260709_122034-ihon469y
wandb: Run `wandb offline` to turn off syncing.
wandb: Syncing run core_trm_retailrocket_2_5
wandb: ⭐️ View project at https://wandb.ai/hongichik321-aol/retailrocket
wandb: 🚀 View run at https://wandb.ai/hongichik321-aol/retailrocket/runs/ihon469y
2026-07-09 12:20:35 | INFO    | wandb: run 'core_trm_retailrocket_2_5' — https://wandb.ai/hongichik321-aol/retailrocket/runs/ihon469y
2026-07-09 12:20:36 | INFO    | Dữ liệu [data/retailrocket_2_5]: |I|=75790, train=249985 phiên
2026-07-09 12:20:36 | INFO    | Thiết bị: cuda | model=trm
2026-07-09 12:20:36 | INFO    | max_prefix_length=50
2026-07-09 12:20:36 | INFO    | Số mẫu train/val/test (sliding window): 401161 / 49008 / 44226
2026-07-09 12:20:37 | INFO    | Checkpoint của run này: /home/hongnguyen/demo2/checkpoints/CORE/retailrocket/core_trm_2_5
2026-07-09 12:20:51 | INFO    | Epoch 1: loss=6.6228 (14.3s)
2026-07-09 12:20:52 | INFO    |   Val: hr@10=0.5905 | ndcg@10=0.5062 | mrr@10=0.4791 | hr@20=0.6162 | ndcg@20=0.5127 | mrr@20=0.4810
2026-07-09 12:20:52 | INFO    |   → Model tốt nhất mới (mrr@20=0.4810), lưu checkpoints/CORE/retailrocket/core_trm_2_5/best_model.pt
2026-07-09 12:21:06 | INFO    | Epoch 2: loss=4.5363 (13.9s)
2026-07-09 12:21:07 | INFO    |   Val: hr@10=0.6155 | ndcg@10=0.5146 | mrr@10=0.4826 | hr@20=0.6554 | ndcg@20=0.5247 | mrr@20=0.4854
2026-07-09 12:21:07 | INFO    |   → Model tốt nhất mới (mrr@20=0.4854), lưu checkpoints/CORE/retailrocket/core_trm_2_5/best_model.pt
2026-07-09 12:21:21 | INFO    | Epoch 3: loss=3.9074 (13.9s)
2026-07-09 12:21:22 | INFO    |   Val: hr@10=0.6200 | ndcg@10=0.5152 | mrr@10=0.4821 | hr@20=0.6646 | ndcg@20=0.5265 | mrr@20=0.4852
2026-07-09 12:21:36 | INFO    | Epoch 4: loss=3.6754 (13.9s)
2026-07-09 12:21:37 | INFO    |   Val: hr@10=0.6224 | ndcg@10=0.5165 | mrr@10=0.4832 | hr@20=0.6696 | ndcg@20=0.5285 | mrr@20=0.4865
2026-07-09 12:21:37 | INFO    |   → Model tốt nhất mới (mrr@20=0.4865), lưu checkpoints/CORE/retailrocket/core_trm_2_5/best_model.pt
2026-07-09 12:21:51 | INFO    | Epoch 5: loss=3.5635 (13.9s)
2026-07-09 12:21:51 | INFO    |   Val: hr@10=0.6222 | ndcg@10=0.5166 | mrr@10=0.4833 | hr@20=0.6707 | ndcg@20=0.5289 | mrr@20=0.4867
2026-07-09 12:21:52 | INFO    |   → Model tốt nhất mới (mrr@20=0.4867), lưu checkpoints/CORE/retailrocket/core_trm_2_5/best_model.pt
2026-07-09 12:22:05 | INFO    | Epoch 6: loss=3.4992 (13.9s)
2026-07-09 12:22:06 | INFO    |   Val: hr@10=0.6227 | ndcg@10=0.5164 | mrr@10=0.4830 | hr@20=0.6711 | ndcg@20=0.5287 | mrr@20=0.4864
2026-07-09 12:22:20 | INFO    | Epoch 7: loss=3.4576 (13.9s)
2026-07-09 12:22:21 | INFO    |   Val: hr@10=0.6229 | ndcg@10=0.5160 | mrr@10=0.4823 | hr@20=0.6724 | ndcg@20=0.5285 | mrr@20=0.4857
2026-07-09 12:22:35 | INFO    | Epoch 8: loss=3.4243 (13.9s)
2026-07-09 12:22:36 | INFO    |   Val: hr@10=0.6234 | ndcg@10=0.5159 | mrr@10=0.4820 | hr@20=0.6728 | ndcg@20=0.5284 | mrr@20=0.4854
2026-07-09 12:22:50 | INFO    | Epoch 9: loss=3.4024 (13.9s)
2026-07-09 12:22:51 | INFO    |   Val: hr@10=0.6229 | ndcg@10=0.5162 | mrr@10=0.4826 | hr@20=0.6724 | ndcg@20=0.5287 | mrr@20=0.4860
2026-07-09 12:23:05 | INFO    | Epoch 10: loss=3.3832 (13.9s)
2026-07-09 12:23:06 | INFO    |   Val: hr@10=0.6238 | ndcg@10=0.5151 | mrr@10=0.4808 | hr@20=0.6727 | ndcg@20=0.5274 | mrr@20=0.4842
2026-07-09 12:23:06 | INFO    | Early stopping tại epoch 10 (mrr@20 không cải thiện 5 epoch)
2026-07-09 12:23:07 | INFO    | KẾT QUẢ TEST (best model): hr@10=0.6109 | ndcg@10=0.5017 | mrr@10=0.4673 | hr@20=0.6621 | ndcg@20=0.5147 | mrr@20=0.4709
2026-07-09 12:23:07 | INFO    | [CORE] Hoàn tất main/core_trm_retailrocket_2_5.yaml. Test metrics: hr@10=0.6109 | ndcg@10=0.5017 | mrr@10=0.4673 | hr@20=0.6621 | ndcg@20=0.5147 | mrr@20=0.4709
wandb: updating run metadata
wandb: uploading output.log; uploading wandb-summary.json; uploading config.yaml
wandb: uploading history steps 8-9, summary, console lines 29-32
wandb: 
wandb: Run history:
wandb:  train/loss █▃▂▂▁▁▁▁▁▁
wandb:   val/hr@10 ▁▆▇███████
wandb:   val/hr@20 ▁▆▇███████
wandb:  val/mrr@10 ▁▇▆██▇▆▆▇▄
wandb:  val/mrr@20 ▁▆▆███▇▆▇▅
wandb: val/ndcg@10 ▁▇▇██████▇
wandb: val/ndcg@20 ▁▆▇██████▇
wandb: 
wandb: Run summary:
wandb:   test/hr@10 0.61088
wandb:   test/hr@20 0.66208
wandb:  test/mrr@10 0.46731
wandb:  test/mrr@20 0.47089
wandb: test/ndcg@10 0.5017
wandb: test/ndcg@20 0.51468
wandb:   train/loss 3.38321
wandb:    val/hr@10 0.62382
wandb:    val/hr@20 0.67271
wandb:   val/mrr@10 0.48078
wandb:           +3 ...
wandb: 
wandb: 🚀 View run core_trm_retailrocket_2_5 at: https://wandb.ai/hongichik321-aol/retailrocket/runs/ihon469y
wandb: ⭐️ View project at: https://wandb.ai/hongichik321-aol/retailrocket
wandb: Synced 5 W&B file(s), 0 media file(s), 0 artifact file(s) and 0 other file(s)
wandb: Find logs at: ./wandb/run-20260709_122034-ihon469y/logs

[CORE] (2/2) Bắt đầu: main/core_trm_retailrocket_2_7.yaml
2026-07-09 12:23:09 | INFO    | Log được ghi tại: /home/hongnguyen/demo2/Log/retailrocket/CORE/main/core_trm_retailrocket_2_7.log
2026-07-09 12:23:09 | INFO    | 
====================================================================
CẤU HÌNH CORE (config_dir: config | version: core_trm_retailrocket_2_7)
====================================================================
logging:
  dir: Log
  level: INFO
  console: true
project:
  name: retailrocket
  filename_mode: custom
  custom_filename: CORE/main/core_trm_retailrocket_2_7.log
wandb:
  enabled: true
  api_key: '***da-che***'
  project: ''
  entity: ''
  run_name: ''
  mode: online
data:
  data_dir: data/retailrocket_2_7
  train_file: train.txt
  val_file: val.txt
  test_file: test.txt
  lookup_file: lookup_tables.pkl
core_model:
  type: trm
  embedding_size: 100
  inner_size: 256
  n_layers: 2
  n_heads: 2
  hidden_dropout_prob: 0.5
  attn_dropout_prob: 0.5
  hidden_act: gelu
  layer_norm_eps: 1.0e-12
  initializer_range: 0.02
  sess_dropout: 0.2
  item_dropout: 0.2
  temperature: 0.07
  max_seq_length: 50
core_training:
  batch_size: 256
  learning_rate: 0.001
  weight_decay: 1.0e-05
  max_epochs: 30
  patience: 5
  grad_clip: 5.0
  seed: 42
  device: auto
  num_workers: 0
  checkpoint_dir: checkpoints
  save_dir: checkpoints/CORE/retailrocket/core_trm_2_7
evaluation:
  top_k:
  - 10
  - 20
  primary_metric: mrr@20
  mode: standard
  length_threshold: 5
  checkpoint_short: ''
  checkpoint_long: ''
config_dir: config
version: core_trm_retailrocket_2_7
====================================================================
wandb: WARNING [wandb.login()] Changing session credentials to explicit value for https://api.wandb.ai.
wandb: Appending key for api.wandb.ai to your netrc file: /home/hongnguyen/.netrc
wandb: setting up run qmrxhl1p
wandb: Tracking run with wandb version 0.28.0
wandb: Run data is saved locally in /home/hongnguyen/demo2/wandb/run-20260709_122310-qmrxhl1p
wandb: Run `wandb offline` to turn off syncing.
wandb: Syncing run core_trm_retailrocket_2_7
wandb: ⭐️ View project at https://wandb.ai/hongichik321-aol/retailrocket
wandb: 🚀 View run at https://wandb.ai/hongichik321-aol/retailrocket/runs/qmrxhl1p
2026-07-09 12:23:11 | INFO    | wandb: run 'core_trm_retailrocket_2_7' — https://wandb.ai/hongichik321-aol/retailrocket/runs/qmrxhl1p
2026-07-09 12:23:12 | INFO    | Dữ liệu [data/retailrocket_2_7]: |I|=77138, train=264304 phiên
2026-07-09 12:23:12 | INFO    | Thiết bị: cuda | model=trm
2026-07-09 12:23:12 | INFO    | max_prefix_length=50
2026-07-09 12:23:12 | INFO    | Số mẫu train/val/test (sliding window): 479855 / 58073 / 52756
2026-07-09 12:23:12 | INFO    | Checkpoint của run này: /home/hongnguyen/demo2/checkpoints/CORE/retailrocket/core_trm_2_7
2026-07-09 12:23:29 | INFO    | Epoch 1: loss=6.5169 (17.1s)
2026-07-09 12:23:31 | INFO    |   Val: hr@10=0.5866 | ndcg@10=0.4903 | mrr@10=0.4596 | hr@20=0.6216 | ndcg@20=0.4992 | mrr@20=0.4621
2026-07-09 12:23:31 | INFO    |   → Model tốt nhất mới (mrr@20=0.4621), lưu checkpoints/CORE/retailrocket/core_trm_2_7/best_model.pt
2026-07-09 12:23:48 | INFO    | Epoch 2: loss=4.4529 (17.1s)
2026-07-09 12:23:49 | INFO    |   Val: hr@10=0.6057 | ndcg@10=0.4958 | mrr@10=0.4610 | hr@20=0.6526 | ndcg@20=0.5077 | mrr@20=0.4643
2026-07-09 12:23:49 | INFO    |   → Model tốt nhất mới (mrr@20=0.4643), lưu checkpoints/CORE/retailrocket/core_trm_2_7/best_model.pt
2026-07-09 12:24:06 | INFO    | Epoch 3: loss=3.9387 (17.1s)
2026-07-09 12:24:07 | INFO    |   Val: hr@10=0.6108 | ndcg@10=0.4981 | mrr@10=0.4625 | hr@20=0.6605 | ndcg@20=0.5107 | mrr@20=0.4660
2026-07-09 12:24:07 | INFO    |   → Model tốt nhất mới (mrr@20=0.4660), lưu checkpoints/CORE/retailrocket/core_trm_2_7/best_model.pt
2026-07-09 12:24:24 | INFO    | Epoch 4: loss=3.7577 (17.1s)
2026-07-09 12:24:25 | INFO    |   Val: hr@10=0.6116 | ndcg@10=0.4982 | mrr@10=0.4625 | hr@20=0.6621 | ndcg@20=0.5110 | mrr@20=0.4660
2026-07-09 12:24:42 | INFO    | Epoch 5: loss=3.6707 (17.1s)
2026-07-09 12:24:44 | INFO    |   Val: hr@10=0.6122 | ndcg@10=0.4980 | mrr@10=0.4620 | hr@20=0.6644 | ndcg@20=0.5111 | mrr@20=0.4656
2026-07-09 12:25:01 | INFO    | Epoch 6: loss=3.6148 (17.1s)
2026-07-09 12:25:02 | INFO    |   Val: hr@10=0.6122 | ndcg@10=0.4988 | mrr@10=0.4630 | hr@20=0.6654 | ndcg@20=0.5122 | mrr@20=0.4668
2026-07-09 12:25:02 | INFO    |   → Model tốt nhất mới (mrr@20=0.4668), lưu checkpoints/CORE/retailrocket/core_trm_2_7/best_model.pt
2026-07-09 12:25:19 | INFO    | Epoch 7: loss=3.5774 (17.2s)
2026-07-09 12:25:20 | INFO    |   Val: hr@10=0.6126 | ndcg@10=0.4976 | mrr@10=0.4614 | hr@20=0.6654 | ndcg@20=0.5110 | mrr@20=0.4651
2026-07-09 12:25:37 | INFO    | Epoch 8: loss=3.5542 (17.1s)
2026-07-09 12:25:38 | INFO    |   Val: hr@10=0.6122 | ndcg@10=0.4976 | mrr@10=0.4615 | hr@20=0.6650 | ndcg@20=0.5110 | mrr@20=0.4652
2026-07-09 12:25:56 | INFO    | Epoch 9: loss=3.5326 (17.1s)
2026-07-09 12:25:57 | INFO    |   Val: hr@10=0.6126 | ndcg@10=0.4982 | mrr@10=0.4623 | hr@20=0.6655 | ndcg@20=0.5117 | mrr@20=0.4660
2026-07-09 12:26:14 | INFO    | Epoch 10: loss=3.5158 (17.1s)
2026-07-09 12:26:15 | INFO    |   Val: hr@10=0.6122 | ndcg@10=0.4978 | mrr@10=0.4617 | hr@20=0.6658 | ndcg@20=0.5114 | mrr@20=0.4655
2026-07-09 12:26:32 | INFO    | Epoch 11: loss=3.5028 (17.1s)
2026-07-09 12:26:33 | INFO    |   Val: hr@10=0.6111 | ndcg@10=0.4970 | mrr@10=0.4610 | hr@20=0.6646 | ndcg@20=0.5106 | mrr@20=0.4648
2026-07-09 12:26:33 | INFO    | Early stopping tại epoch 11 (mrr@20 không cải thiện 5 epoch)
2026-07-09 12:26:34 | INFO    | KẾT QUẢ TEST (best model): hr@10=0.6007 | ndcg@10=0.4836 | mrr@10=0.4467 | hr@20=0.6559 | ndcg@20=0.4975 | mrr@20=0.4505
2026-07-09 12:26:34 | INFO    | [CORE] Hoàn tất main/core_trm_retailrocket_2_7.yaml. Test metrics: hr@10=0.6007 | ndcg@10=0.4836 | mrr@10=0.4467 | hr@20=0.6559 | ndcg@20=0.4975 | mrr@20=0.4505
wandb: updating run metadata
wandb: uploading output.log; uploading wandb-summary.json; uploading config.yaml
wandb: uploading history steps 9-10, summary, console lines 30-34
wandb: 
wandb: Run history:
wandb:  train/loss █▃▂▂▁▁▁▁▁▁▁
wandb:   val/hr@10 ▁▆█████████
wandb:   val/hr@20 ▁▆▇▇███████
wandb:  val/mrr@10 ▁▄▇▇▆█▅▅▆▅▄
wandb:  val/mrr@20 ▁▄▇▇▆█▆▆▇▆▅
wandb: val/ndcg@10 ▁▆▇█▇█▇▇█▇▇
wandb: val/ndcg@20 ▁▆▇▇▇█▇▇██▇
wandb: 
wandb: Run summary:
wandb:   test/hr@10 0.60065
wandb:   test/hr@20 0.65587
wandb:  test/mrr@10 0.44671
wandb:  test/mrr@20 0.45054
wandb: test/ndcg@10 0.48355
wandb: test/ndcg@20 0.49752
wandb:   train/loss 3.50282
wandb:    val/hr@10 0.61113
wandb:    val/hr@20 0.66463
wandb:   val/mrr@10 0.46104
wandb:           +3 ...
wandb: 
wandb: 🚀 View run core_trm_retailrocket_2_7 at: https://wandb.ai/hongichik321-aol/retailrocket/runs/qmrxhl1p
wandb: ⭐️ View project at: https://wandb.ai/hongichik321-aol/retailrocket
wandb: Synced 5 W&B file(s), 0 media file(s), 0 artifact file(s) and 0 other file(s)
wandb: Find logs at: ./wandb/run-20260709_122310-qmrxhl1p/logs

[CORE] Hoàn tất tất cả 2 cấu hình.
