2026-07-09 23:42:14 | INFO    | Log được ghi tại: /home/hongnguyen/demo2/Log/retailrocket/CatSA/baseline/CatSA_plus_v3_full.log
2026-07-09 23:42:14 | INFO    | 
====================================================================
CẤU HÌNH LÚC CHẠY (config_dir: config | version: catsa_plus_v3_full)
====================================================================
logging:
  dir: Log
  level: INFO
  console: true
project:
  name: retailrocket
  filename_mode: custom
  custom_filename: CatSA/baseline/CatSA_plus_v3_full.log
wandb:
  enabled: true
  api_key: '***da-che***'
  project: ''
  entity: ''
  run_name: ''
  mode: online
dataset:
  source: kagglehub
  kagglehub_handle: retailrocket/ecommerce-dataset
  local_path: data/raw
  name: retailrocket
preprocess:
  output_dir: data/retailrocket_2_5
  train_file: train.txt
  val_file: val.txt
  test_file: test.txt
  lookup_file: lookup_tables.pkl
  event_types:
  - view
  session_same_day: true
  session_gap_seconds: 1800
  dedup_consecutive: false
  min_item_support: 5
  min_session_length: 2
  max_session_length: 5
  session_length_mode: filter
  max_prefix_length: 50
  require_item_category: false
  val_ratio: 0.1
  test_ratio: 0.1
  max_sessions: 0
data:
  data_dir: data/retailrocket_item_hon_5
  train_file: train.txt
  val_file: val.txt
  test_file: test.txt
  lookup_file: lookup_tables.pkl
model:
  embedding_dim: 100
  num_layers: 2
  use_taxonomy: true
  dropout: 0.1
  encoder_type: catsa_plus_v2
  fusion_type: gate
  n_heads: 2
  retrieval_topk: 5
  max_seq_length: 50
  trm_layers: 2
  trm_inner_size: 256
  temperature: 0.07
  sess_dropout: 0.2
  item_dropout: 0.2
  extra_rerank: false
  extra_beta: 12.0
  trm_dropout: 0.5
  use_seq_trm: true
  use_error_aux: false
  error_aux_alpha: 0.15
  post_process: false
  post_same_boost: 0.35
  post_sib_boost: 0.12
  post_other_penalty: 0.08
  use_module1: true
  path_fusion: dual_score
  dual_score_beta: 1.0
  learn_score_beta: true
  trm_residual_gamma: 0.5
  use_cat_bias: false
  length_aware_gate: true
  length_gate_max_len: 50
  use_star_node: false
  use_multi_interest: true
  n_interests: 4
  use_cat_intent: true
  cat_intent_beta: 0.3
  cat_intent_layers: 1
  use_repeat_boost: false
  repeat_boost_init: 2.0
augment:
  strategies:
  - same
  - sibling
  - hybrid
  strategy_weights:
  - 0.4
  - 0.3
  - 0.3
  eta_aug: 0.3
  eta_crop: 0.75
  k_min: 5
training:
  use_cl: true
  lambda_cl: 0.05
  cl_type: both
  lambda_proto: 0.05
  aux_cat: true
  aux_parent: false
  lambda_aux_cat: 0.05
  lambda_aux_parent: 0.0
  tau: 0.2
  batch_size: 256
  learning_rate: 0.001
  weight_decay: 1.0e-05
  max_epochs: 30
  patience: 5
  grad_clip: 5.0
  seed: 42
  device: auto
  num_workers: 0
  checkpoint_dir: checkpoints
  save_dir: checkpoints/CatSA/retailrocket/catsa_plus_v3_full
  prefix_len_min: 0
  prefix_len_max: 0
evaluation:
  top_k:
  - 10
  - 20
  primary_metric: mrr@20
  mode: standard
  length_threshold: 5
  checkpoint_short: ''
  checkpoint_long: ''
config_dir: config
version: catsa_plus_v3_full
====================================================================
wandb: [wandb.login()] Using explicit session credentials for https://api.wandb.ai.
wandb: Appending key for api.wandb.ai to your netrc file: /home/hongnguyen/.netrc
wandb: Currently logged in as: hongichik321 (hongichik321-aol) to https://api.wandb.ai. Use `wandb login --relogin` to force relogin
wandb: setting up run clh45hf5
wandb: Tracking run with wandb version 0.28.0
wandb: Run data is saved locally in /home/hongnguyen/demo2/wandb/run-20260709_234216-clh45hf5
wandb: Run `wandb offline` to turn off syncing.
wandb: Syncing run CatSA_plus_v3_full
wandb: ⭐️ View project at https://wandb.ai/hongichik321-aol/retailrocket
wandb: 🚀 View run at https://wandb.ai/hongichik321-aol/retailrocket/runs/clh45hf5
2026-07-09 23:42:18 | INFO    | wandb: run 'CatSA_plus_v3_full' — https://wandb.ai/hongichik321-aol/retailrocket/runs/clh45hf5
2026-07-09 23:42:19 | INFO    | Dữ liệu [data/retailrocket_item_hon_5]: |I|=79649, |C|=1185, train=283023 phiên
2026-07-09 23:42:19 | INFO    | Thiết bị: cuda | encoder=catsa_plus_v2 | fusion=gate | use_cl=True | cl_type=both | aux_cat=True | aux_parent=False
2026-07-09 23:49:07 | INFO    | Epoch 1: total=6.1602, rec=5.6242, cl=0.2995, aux=0.2366 (406.9s)
2026-07-09 23:49:07 | INFO    |   Augment no-op rate: 0.0264 (20206/764672 lần gọi không tạo thay đổi thật)
2026-07-09 23:49:22 | INFO    |   Val: hr@10=0.5151 | ndcg@10=0.4134 | mrr@10=0.3813 | hr@20=0.5686 | ndcg@20=0.4269 | mrr@20=0.3850
2026-07-09 23:49:22 | INFO    |   → Model tốt nhất mới (mrr@20=0.3850)
2026-07-09 23:56:08 | INFO    | Epoch 2: total=5.0473, rec=4.6341, cl=0.2585, aux=0.1548 (405.6s)
2026-07-09 23:56:08 | INFO    |   Augment no-op rate: 0.0264 (20177/764672 lần gọi không tạo thay đổi thật)
2026-07-09 23:56:23 | INFO    |   Val: hr@10=0.5349 | ndcg@10=0.4227 | mrr@10=0.3874 | hr@20=0.5916 | ndcg@20=0.4370 | mrr@20=0.3914
2026-07-09 23:56:23 | INFO    |   → Model tốt nhất mới (mrr@20=0.3914)
2026-07-10 00:03:09 | INFO    | Epoch 3: total=4.6754, rec=4.2812, cl=0.2506, aux=0.1436 (406.3s)
2026-07-10 00:03:09 | INFO    |   Augment no-op rate: 0.0264 (20204/764672 lần gọi không tạo thay đổi thật)
2026-07-10 00:03:24 | INFO    |   Val: hr@10=0.5334 | ndcg@10=0.4191 | mrr@10=0.3833 | hr@20=0.5928 | ndcg@20=0.4341 | mrr@20=0.3874
2026-07-10 00:10:12 | INFO    | Epoch 4: total=4.4821, rec=4.0960, cl=0.2473, aux=0.1388 (408.0s)
2026-07-10 00:10:12 | INFO    |   Augment no-op rate: 0.0264 (20164/764672 lần gọi không tạo thay đổi thật)
2026-07-10 00:10:28 | INFO    |   Val: hr@10=0.5387 | ndcg@10=0.4220 | mrr@10=0.3854 | hr@20=0.5988 | ndcg@20=0.4372 | mrr@20=0.3896
2026-07-10 00:17:13 | INFO    | Epoch 5: total=4.3553, rec=3.9736, cl=0.2452, aux=0.1365 (405.8s)
2026-07-10 00:17:13 | INFO    |   Augment no-op rate: 0.0264 (20165/764672 lần gọi không tạo thay đổi thật)
2026-07-10 00:17:28 | INFO    |   Val: hr@10=0.5378 | ndcg@10=0.4206 | mrr@10=0.3838 | hr@20=0.5976 | ndcg@20=0.4357 | mrr@20=0.3880
2026-07-10 00:24:17 | INFO    | Epoch 6: total=4.2702, rec=3.8917, cl=0.2436, aux=0.1350 (408.3s)
2026-07-10 00:24:17 | INFO    |   Augment no-op rate: 0.0264 (20187/764672 lần gọi không tạo thay đổi thật)
2026-07-10 00:24:32 | INFO    |   Val: hr@10=0.5390 | ndcg@10=0.4212 | mrr@10=0.3842 | hr@20=0.6005 | ndcg@20=0.4367 | mrr@20=0.3885
2026-07-10 00:31:21 | INFO    | Epoch 7: total=4.2041, rec=3.8275, cl=0.2426, aux=0.1340 (408.3s)
2026-07-10 00:31:21 | INFO    |   Augment no-op rate: 0.0264 (20170/764672 lần gọi không tạo thay đổi thật)
2026-07-10 00:31:36 | INFO    |   Val: hr@10=0.5365 | ndcg@10=0.4188 | mrr@10=0.3818 | hr@20=0.5972 | ndcg@20=0.4341 | mrr@20=0.3861
2026-07-10 00:31:36 | INFO    | Early stopping tại epoch 7
2026-07-10 00:31:50 | INFO    | KẾT QUẢ TEST: hr@10=0.5117 | ndcg@10=0.4006 | mrr@10=0.3657 | hr@20=0.5690 | ndcg@20=0.4151 | mrr@20=0.3697
2026-07-10 00:32:03 | INFO    |   Sub-population theo độ dài phiên: 1_3_hr@10=0.5798 | 1_3_ndcg@10=0.4690 | 1_3_mrr@10=0.4341 | 1_3_hr@20=0.6356 | 1_3_ndcg@20=0.4831 | 1_3_mrr@20=0.4379 | 1_3_n_samples=55429.0000 | 4_7_hr@10=0.4720 | 4_7_ndcg@10=0.3375 | 4_7_mrr@10=0.2953 | 4_7_hr@20=0.5392 | 4_7_ndcg@20=0.3545 | 4_7_mrr@20=0.3000 | 4_7_n_samples=12349.0000 | 8_plus_hr@10=0.2700 | 8_plus_ndcg@10=0.1792 | 8_plus_mrr@10=0.1510 | 8_plus_hr@20=0.3250 | 8_plus_ndcg@20=0.1930 | 8_plus_mrr@20=0.1548 | 8_plus_n_samples=13594.0000
2026-07-10 00:32:03 | INFO    | [CatSA] Hoàn tất baseline/catsa_plus_v3_full.yaml. Test metrics: hr@10=0.5117 | ndcg@10=0.4006 | mrr@10=0.3657 | hr@20=0.5690 | ndcg@20=0.4151 | mrr@20=0.3697
wandb: updating run metadata
wandb: uploading history steps 6-6, summary, console lines 27-29
wandb: uploading output.log; uploading wandb-summary.json; uploading config.yaml
wandb: uploading data
wandb: 
wandb: Run history:
wandb: train/augment_noop_rate █▃█▁▁▅▂
wandb:          train/loss_aux █▂▂▁▁▁▁
wandb:           train/loss_cl █▃▂▂▁▁▁
wandb:          train/loss_rec █▄▃▂▂▁▁
wandb:        train/loss_total █▄▃▂▂▁▁
wandb:               val/hr@10 ▁▇▆███▇
wandb:               val/hr@20 ▁▆▆█▇█▇
wandb:              val/mrr@10 ▁█▃▆▄▄▂
wandb:              val/mrr@20 ▁█▄▆▄▅▂
wandb:             val/ndcg@10 ▁█▅▇▆▇▅
wandb:                      +1 ...
wandb: 
wandb: Run summary:
wandb:              test/hr@10 0.51167
wandb:              test/hr@20 0.56904
wandb:             test/mrr@10 0.36573
wandb:             test/mrr@20 0.3697
wandb:            test/ndcg@10 0.40062
wandb:            test/ndcg@20 0.41512
wandb: train/augment_noop_rate 0.02638
wandb:          train/loss_aux 0.13403
wandb:           train/loss_cl 0.24255
wandb:          train/loss_rec 3.82753
wandb:                      +7 ...
wandb: 
wandb: 🚀 View run CatSA_plus_v3_full at: https://wandb.ai/hongichik321-aol/retailrocket/runs/clh45hf5
wandb: ⭐️ View project at: https://wandb.ai/hongichik321-aol/retailrocket
wandb: Synced 5 W&B file(s), 0 media file(s), 0 artifact file(s) and 0 other file(s)
wandb: Find logs at: ./wandb/run-20260709_234216-clh45hf5/logs
