2026-07-09 14:04:51 | INFO    | Log được ghi tại: /home/hongnguyen/demo2/Log/retailrocket/CatSA/baseline/CatSA_plus_v2_len_gate.log
2026-07-09 14:04:51 | INFO    | 
====================================================================
CẤU HÌNH LÚC CHẠY (config_dir: config | version: catsa_plus_v2_len_gate)
====================================================================
logging:
  dir: Log
  level: INFO
  console: true
project:
  name: retailrocket
  filename_mode: custom
  custom_filename: CatSA/baseline/CatSA_plus_v2_len_gate.log
wandb:
  enabled: true
  api_key: '***da-che***'
  project: ''
  entity: ''
  run_name: ''
  mode: online
dataset:
  source: kagglehub
  kagglehub_handle: retailrocket/ecommerce-dataset
  local_path: data/raw
  name: retailrocket
preprocess:
  output_dir: data/retailrocket_2_5
  train_file: train.txt
  val_file: val.txt
  test_file: test.txt
  lookup_file: lookup_tables.pkl
  event_types:
  - view
  session_same_day: true
  session_gap_seconds: 1800
  dedup_consecutive: false
  min_item_support: 5
  min_session_length: 2
  max_session_length: 5
  session_length_mode: filter
  max_prefix_length: 50
  require_item_category: false
  val_ratio: 0.1
  test_ratio: 0.1
  max_sessions: 0
data:
  data_dir: data/retailrocket_item_hon_5
  train_file: train.txt
  val_file: val.txt
  test_file: test.txt
  lookup_file: lookup_tables.pkl
model:
  embedding_dim: 100
  num_layers: 2
  use_taxonomy: true
  dropout: 0.1
  encoder_type: catsa_plus_v2
  fusion_type: gate
  n_heads: 2
  retrieval_topk: 5
  max_seq_length: 50
  trm_layers: 2
  trm_inner_size: 256
  temperature: 0.07
  sess_dropout: 0.2
  item_dropout: 0.2
  extra_rerank: false
  extra_beta: 12.0
  trm_dropout: 0.5
  use_seq_trm: true
  use_error_aux: false
  error_aux_alpha: 0.15
  post_process: false
  post_same_boost: 0.35
  post_sib_boost: 0.12
  post_other_penalty: 0.08
  use_module1: true
  path_fusion: dual_score
  dual_score_beta: 1.0
  learn_score_beta: true
  trm_residual_gamma: 0.5
  use_cat_bias: false
  length_aware_gate: true
  length_gate_max_len: 50
  use_star_node: false
  use_multi_interest: false
  n_interests: 4
augment:
  strategies:
  - same
  - sibling
  - hybrid
  strategy_weights:
  - 0.4
  - 0.3
  - 0.3
  eta_aug: 0.3
  eta_crop: 0.75
  k_min: 5
training:
  use_cl: true
  lambda_cl: 0.05
  cl_type: both
  lambda_proto: 0.05
  aux_cat: true
  aux_parent: false
  lambda_aux_cat: 0.05
  lambda_aux_parent: 0.0
  tau: 0.2
  batch_size: 256
  learning_rate: 0.001
  weight_decay: 1.0e-05
  max_epochs: 30
  patience: 5
  grad_clip: 5.0
  seed: 42
  device: auto
  num_workers: 0
  checkpoint_dir: checkpoints
  save_dir: checkpoints/CatSA/retailrocket/catsa_plus_v2_len_gate
  prefix_len_min: 0
  prefix_len_max: 0
evaluation:
  top_k:
  - 10
  - 20
  primary_metric: mrr@20
  mode: standard
  length_threshold: 5
  checkpoint_short: ''
  checkpoint_long: ''
config_dir: config
version: catsa_plus_v2_len_gate
====================================================================
wandb: [wandb.login()] Using explicit session credentials for https://api.wandb.ai.
wandb: Appending key for api.wandb.ai to your netrc file: /home/hongnguyen/.netrc
wandb: Currently logged in as: hongichik321 (hongichik321-aol) to https://api.wandb.ai. Use `wandb login --relogin` to force relogin
wandb: setting up run tovytv96
wandb: Tracking run with wandb version 0.28.0
wandb: Run data is saved locally in /home/hongnguyen/demo2/wandb/run-20260709_140453-tovytv96
wandb: Run `wandb offline` to turn off syncing.
wandb: Syncing run CatSA_plus_v2_len_gate
wandb: ⭐️ View project at https://wandb.ai/hongichik321-aol/retailrocket
wandb: 🚀 View run at https://wandb.ai/hongichik321-aol/retailrocket/runs/tovytv96
2026-07-09 14:04:55 | INFO    | wandb: run 'CatSA_plus_v2_len_gate' — https://wandb.ai/hongichik321-aol/retailrocket/runs/tovytv96
2026-07-09 14:04:55 | INFO    | Dữ liệu [data/retailrocket_item_hon_5]: |I|=79649, |C|=1185, train=283023 phiên
2026-07-09 14:04:55 | INFO    | Thiết bị: cuda | encoder=catsa_plus_v2 | fusion=gate | use_cl=True | cl_type=both | aux_cat=True | aux_parent=False
2026-07-09 14:10:47 | INFO    | Epoch 1: total=7.2503, rec=6.8023, cl=0.2567, aux=0.1913 (350.4s)
2026-07-09 14:10:47 | INFO    |   Augment no-op rate: 0.0264 (20200/764672 lần gọi không tạo thay đổi thật)
2026-07-09 14:11:00 | INFO    |   Val: hr@10=0.5160 | ndcg@10=0.4122 | mrr@10=0.3795 | hr@20=0.5648 | ndcg@20=0.4246 | mrr@20=0.3829
2026-07-09 14:11:00 | INFO    |   → Model tốt nhất mới (mrr@20=0.3829)
2026-07-09 14:16:50 | INFO    | Epoch 2: total=5.0282, rec=4.6596, cl=0.2395, aux=0.1291 (350.2s)
2026-07-09 14:16:50 | INFO    |   Augment no-op rate: 0.0264 (20188/764672 lần gọi không tạo thay đổi thật)
2026-07-09 14:17:03 | INFO    |   Val: hr@10=0.5383 | ndcg@10=0.4219 | mrr@10=0.3854 | hr@20=0.5962 | ndcg@20=0.4366 | mrr@20=0.3894
2026-07-09 14:17:03 | INFO    |   → Model tốt nhất mới (mrr@20=0.3894)
2026-07-09 14:22:54 | INFO    | Epoch 3: total=4.5407, rec=4.1797, cl=0.2364, aux=0.1246 (350.9s)
2026-07-09 14:22:54 | INFO    |   Augment no-op rate: 0.0264 (20200/764672 lần gọi không tạo thay đổi thật)
2026-07-09 14:23:07 | INFO    |   Val: hr@10=0.5439 | ndcg@10=0.4240 | mrr@10=0.3863 | hr@20=0.6036 | ndcg@20=0.4391 | mrr@20=0.3905
2026-07-09 14:23:08 | INFO    |   → Model tốt nhất mới (mrr@20=0.3905)
2026-07-09 14:28:58 | INFO    | Epoch 4: total=4.3653, rec=4.0066, cl=0.2355, aux=0.1232 (350.9s)
2026-07-09 14:28:58 | INFO    |   Augment no-op rate: 0.0264 (20161/764672 lần gọi không tạo thay đổi thật)
2026-07-09 14:29:11 | INFO    |   Val: hr@10=0.5459 | ndcg@10=0.4253 | mrr@10=0.3874 | hr@20=0.6066 | ndcg@20=0.4407 | mrr@20=0.3917
2026-07-09 14:29:12 | INFO    |   → Model tốt nhất mới (mrr@20=0.3917)
2026-07-09 14:35:02 | INFO    | Epoch 5: total=4.2672, rec=3.9097, cl=0.2349, aux=0.1226 (350.4s)
2026-07-09 14:35:02 | INFO    |   Augment no-op rate: 0.0264 (20175/764672 lần gọi không tạo thay đổi thật)
2026-07-09 14:35:15 | INFO    |   Val: hr@10=0.5479 | ndcg@10=0.4251 | mrr@10=0.3866 | hr@20=0.6092 | ndcg@20=0.4406 | mrr@20=0.3909
2026-07-09 14:41:06 | INFO    | Epoch 6: total=4.2087, rec=3.8520, cl=0.2344, aux=0.1223 (351.6s)
2026-07-09 14:41:06 | INFO    |   Augment no-op rate: 0.0264 (20189/764672 lần gọi không tạo thay đổi thật)
2026-07-09 14:41:19 | INFO    |   Val: hr@10=0.5468 | ndcg@10=0.4250 | mrr@10=0.3867 | hr@20=0.6083 | ndcg@20=0.4405 | mrr@20=0.3910
2026-07-09 14:47:10 | INFO    | Epoch 7: total=4.1636, rec=3.8071, cl=0.2345, aux=0.1221 (350.7s)
2026-07-09 14:47:10 | INFO    |   Augment no-op rate: 0.0264 (20184/764672 lần gọi không tạo thay đổi thật)
2026-07-09 14:47:23 | INFO    |   Val: hr@10=0.5455 | ndcg@10=0.4231 | mrr@10=0.3847 | hr@20=0.6075 | ndcg@20=0.4388 | mrr@20=0.3890
2026-07-09 14:53:16 | INFO    | Epoch 8: total=4.1325, rec=3.7762, cl=0.2344, aux=0.1220 (352.3s)
2026-07-09 14:53:16 | INFO    |   Augment no-op rate: 0.0264 (20223/764672 lần gọi không tạo thay đổi thật)
2026-07-09 14:53:29 | INFO    |   Val: hr@10=0.5471 | ndcg@10=0.4227 | mrr@10=0.3836 | hr@20=0.6085 | ndcg@20=0.4382 | mrr@20=0.3879
2026-07-09 14:59:21 | INFO    | Epoch 9: total=4.1049, rec=3.7489, cl=0.2341, aux=0.1219 (352.1s)
2026-07-09 14:59:21 | INFO    |   Augment no-op rate: 0.0264 (20176/764672 lần gọi không tạo thay đổi thật)
2026-07-09 14:59:34 | INFO    |   Val: hr@10=0.5472 | ndcg@10=0.4240 | mrr@10=0.3854 | hr@20=0.6090 | ndcg@20=0.4397 | mrr@20=0.3897
2026-07-09 14:59:34 | INFO    | Early stopping tại epoch 9
2026-07-09 14:59:46 | INFO    | KẾT QUẢ TEST: hr@10=0.5238 | ndcg@10=0.4036 | mrr@10=0.3659 | hr@20=0.5860 | ndcg@20=0.4194 | mrr@20=0.3702
2026-07-09 14:59:58 | INFO    |   Sub-population theo độ dài phiên: 1_3_hr@10=0.5876 | 1_3_ndcg@10=0.4676 | 1_3_mrr@10=0.4298 | 1_3_hr@20=0.6465 | 1_3_ndcg@20=0.4825 | 1_3_mrr@20=0.4339 | 1_3_n_samples=55429.0000 | 4_7_hr@10=0.4863 | 4_7_ndcg@10=0.3426 | 4_7_mrr@10=0.2976 | 4_7_hr@20=0.5626 | 4_7_ndcg@20=0.3619 | 4_7_mrr@20=0.3029 | 4_7_n_samples=12349.0000 | 8_plus_hr@10=0.2979 | 8_plus_ndcg@10=0.1984 | 8_plus_mrr@10=0.1675 | 8_plus_hr@20=0.3607 | 8_plus_ndcg@20=0.2143 | 8_plus_mrr@20=0.1719 | 8_plus_n_samples=13594.0000
2026-07-09 14:59:58 | INFO    | [CatSA] Hoàn tất baseline/catsa_plus_v2_len_gate.yaml. Test metrics: hr@10=0.5238 | ndcg@10=0.4036 | mrr@10=0.3659 | hr@20=0.5860 | ndcg@20=0.4194 | mrr@20=0.3702
wandb: updating run metadata
wandb: uploading output.log; uploading wandb-summary.json; uploading config.yaml
wandb: uploading history steps 8-8, summary, console lines 36-37
wandb: 
wandb: Run history:
wandb: train/augment_noop_rate ▅▄▅▁▃▄▄█▃
wandb:          train/loss_aux █▂▁▁▁▁▁▁▁
wandb:           train/loss_cl █▃▂▁▁▁▁▁▁
wandb:          train/loss_rec █▃▂▂▁▁▁▁▁
wandb:        train/loss_total █▃▂▂▁▁▁▁▁
wandb:               val/hr@10 ▁▆▇███▇██
wandb:               val/hr@20 ▁▆▇██████
wandb:              val/mrr@10 ▁▆▇█▇▇▆▅▆
wandb:              val/mrr@20 ▁▆▇█▇▇▆▅▆
wandb:             val/ndcg@10 ▁▆▇███▇▇▇
wandb:                      +1 ...
wandb: 
wandb: Run summary:
wandb:              test/hr@10 0.52384
wandb:              test/hr@20 0.586
wandb:             test/mrr@10 0.36592
wandb:             test/mrr@20 0.37025
wandb:            test/ndcg@10 0.40364
wandb:            test/ndcg@20 0.41937
wandb: train/augment_noop_rate 0.02639
wandb:          train/loss_aux 0.1219
wandb:           train/loss_cl 0.23412
wandb:          train/loss_rec 3.74886
wandb:                      +7 ...
wandb: 
wandb: 🚀 View run CatSA_plus_v2_len_gate at: https://wandb.ai/hongichik321-aol/retailrocket/runs/tovytv96
wandb: ⭐️ View project at: https://wandb.ai/hongichik321-aol/retailrocket
wandb: Synced 5 W&B file(s), 0 media file(s), 0 artifact file(s) and 0 other file(s)
wandb: Find logs at: ./wandb/run-20260709_140453-tovytv96/logs
