===== [2026-07-10 12:45:45] 1/5 Preprocess Tmall =====
2026-07-10 12:45:45 | INFO    | [tienxuly] tmall.yaml → dataset=tmall | output_dir=data/tmall | len mode=keep [2..50] prefix≤50 | require_category=True
2026-07-10 12:45:45 | INFO    | Dataset Tmall (IJCAI-15) — phiên = (user, ngày)
2026-07-10 12:45:53 | INFO    | user_log_format1.csv: 54925330 dòng, 424170 user
2026-07-10 12:45:54 | INFO    | Sau lọc action_type=[0] (['click']): 48550713 dòng
2026-07-10 12:45:56 | INFO    | tmall item2cat: 1080666 item có category
2026-07-10 12:47:20 | INFO    | tmall: 6477081 phiên thô (user × ngày)
2026-07-10 12:47:20 | INFO    | Tổng số phiên thô: 6477081
2026-07-10 12:47:25 | INFO    | Lọc phiên: support>=5, require_category=True, dedup=False, độ dài >=2 (giữ nguyên, prefix≤50 lúc train), mode=keep
2026-07-10 12:47:43 | INFO    | Số phiên sau lọc: 4698518
2026-07-10 12:47:44 | INFO    | Chia theo thời gian: train=3758816, val=469851, test=469851
2026-07-10 12:47:47 | INFO    | Vocabulary |I| = 624693 item (chỉ từ train+val)
2026-07-10 12:47:47 | INFO    | |C| = 1348 category (leaf=1348, parent xuất hiện=0, unk=False)
2026-07-10 12:47:59 | INFO    | Phiên sau remap: train=3758816, val=469851, test=469561
2026-07-10 12:47:59 | INFO    | CHECK 3 — |C_leaf|=1348 | size min=1, max=45575, median=27 | #cat size<5: 275
2026-07-10 12:47:59 | INFO    | Sanity check Giai đoạn 1: PASS (4/4)
2026-07-10 12:48:03 | INFO    | Đã lưu kết quả tiền xử lý vào /home/hongnguyen/demo2/data/tmall:
2026-07-10 12:48:03 | INFO    |   train.txt            3758816 phiên
2026-07-10 12:48:03 | INFO    |   val.txt              469851 phiên
2026-07-10 12:48:03 | INFO    |   test.txt             469561 phiên
2026-07-10 12:48:03 | INFO    |   lookup_tables.pkl    lookup tables (|I|=624693, |C|=1348)
2026-07-10 12:48:04 | INFO    | [tienxuly] Hoàn tất tmall.yaml: |I|=624693, |C|=1348, train/val/test = 3758816/469851/469561 phiên
===== [2026-07-10 12:48:05] 2/5 CORE - yoochoose =====
2026-07-10 12:48:06 | INFO    | Log được ghi tại: /home/hongnguyen/demo2/Log/yoochoose/CORE/main/core_trm_yoochoose.log
2026-07-10 12:48:06 | INFO    | 
====================================================================
CẤU HÌNH CORE (config_dir: config | version: core_trm)
====================================================================
logging:
  dir: Log
  level: INFO
  console: true
project:
  name: yoochoose
  filename_mode: custom
  custom_filename: CORE/main/core_trm_yoochoose.log
wandb:
  enabled: true
  api_key: '***da-che***'
  project: ''
  entity: ''
  run_name: ''
  mode: online
data:
  data_dir: data/yoochoose
  train_file: train.txt
  val_file: val.txt
  test_file: test.txt
  lookup_file: lookup_tables.pkl
core_model:
  type: trm
  embedding_size: 100
  inner_size: 256
  n_layers: 2
  n_heads: 2
  hidden_dropout_prob: 0.5
  attn_dropout_prob: 0.5
  hidden_act: gelu
  layer_norm_eps: 1.0e-12
  initializer_range: 0.02
  sess_dropout: 0.2
  item_dropout: 0.2
  temperature: 0.07
  max_seq_length: 50
core_training:
  batch_size: 256
  learning_rate: 0.001
  weight_decay: 1.0e-05
  max_epochs: 30
  patience: 5
  grad_clip: 5.0
  seed: 42
  device: auto
  num_workers: 0
  checkpoint_dir: checkpoints
  save_dir: checkpoints/CORE/yoochoose/core_trm
evaluation:
  top_k:
  - 10
  - 20
  primary_metric: mrr@20
  mode: standard
  length_threshold: 5
  checkpoint_short: ''
  checkpoint_long: ''
config_dir: config
version: core_trm
====================================================================
wandb: [wandb.login()] Using explicit session credentials for https://api.wandb.ai.
wandb: Appending key for api.wandb.ai to your netrc file: /home/hongnguyen/.netrc
wandb: Currently logged in as: hongichik321 (hongichik321-aol) to https://api.wandb.ai. Use `wandb login --relogin` to force relogin
wandb: setting up run r4iylk4b
wandb: Tracking run with wandb version 0.28.0
wandb: Run data is saved locally in /home/hongnguyen/demo2/wandb/run-20260710_124807-r4iylk4b
wandb: Run `wandb offline` to turn off syncing.
wandb: Syncing run core_trm_yoochoose
wandb: ⭐️ View project at https://wandb.ai/hongichik321-aol/yoochoose
wandb: 🚀 View run at https://wandb.ai/hongichik321-aol/yoochoose/runs/r4iylk4b
2026-07-10 12:48:09 | INFO    | wandb: run 'core_trm_yoochoose' — https://wandb.ai/hongichik321-aol/yoochoose/runs/r4iylk4b
2026-07-10 12:48:15 | INFO    | Dữ liệu [data/yoochoose]: |I|=37452, train=6385772 phiên
2026-07-10 12:48:15 | INFO    | Thiết bị: cuda | model=trm
2026-07-10 12:48:15 | INFO    | max_prefix_length=50
2026-07-10 12:48:30 | INFO    | Số mẫu train/val/test (sliding window): 18827012 / 2402946 / 2207173
2026-07-10 12:48:31 | INFO    | Checkpoint của run này: /home/hongnguyen/demo2/checkpoints/CORE/yoochoose/core_trm
2026-07-10 13:01:00 | INFO    | Epoch 1: loss=4.7775 (749.3s)
2026-07-10 13:01:48 | INFO    |   Val: hr@10=0.4392 | ndcg@10=0.2898 | mrr@10=0.2431 | hr@20=0.5034 | ndcg@20=0.3061 | mrr@20=0.2476
2026-07-10 13:01:48 | INFO    |   → Model tốt nhất mới (mrr@20=0.2476), lưu checkpoints/CORE/yoochoose/core_trm/best_model.pt
2026-07-10 13:14:17 | INFO    | Epoch 2: loss=4.6907 (749.3s)
2026-07-10 13:15:05 | INFO    |   Val: hr@10=0.4374 | ndcg@10=0.2886 | mrr@10=0.2421 | hr@20=0.5009 | ndcg@20=0.3048 | mrr@20=0.2465
2026-07-10 13:27:34 | INFO    | Epoch 3: loss=4.6864 (749.3s)
2026-07-10 13:28:22 | INFO    |   Val: hr@10=0.4373 | ndcg@10=0.2883 | mrr@10=0.2417 | hr@20=0.5018 | ndcg@20=0.3047 | mrr@20=0.2462
2026-07-10 13:40:51 | INFO    | Epoch 4: loss=4.6848 (749.1s)
2026-07-10 13:41:39 | INFO    |   Val: hr@10=0.4403 | ndcg@10=0.2897 | mrr@10=0.2426 | hr@20=0.5044 | ndcg@20=0.3060 | mrr@20=0.2471
2026-07-10 13:54:08 | INFO    | Epoch 5: loss=4.6834 (749.1s)
2026-07-10 13:54:55 | INFO    |   Val: hr@10=0.4359 | ndcg@10=0.2872 | mrr@10=0.2408 | hr@20=0.5021 | ndcg@20=0.3040 | mrr@20=0.2454
2026-07-10 14:07:25 | INFO    | Epoch 6: loss=4.6826 (749.1s)
2026-07-10 14:08:12 | INFO    |   Val: hr@10=0.4399 | ndcg@10=0.2903 | mrr@10=0.2435 | hr@20=0.5032 | ndcg@20=0.3063 | mrr@20=0.2479
2026-07-10 14:08:12 | INFO    |   → Model tốt nhất mới (mrr@20=0.2479), lưu checkpoints/CORE/yoochoose/core_trm/best_model.pt
2026-07-10 14:20:41 | INFO    | Epoch 7: loss=4.6820 (748.9s)
2026-07-10 14:21:29 | INFO    |   Val: hr@10=0.4393 | ndcg@10=0.2892 | mrr@10=0.2422 | hr@20=0.5029 | ndcg@20=0.3053 | mrr@20=0.2467
2026-07-10 14:33:58 | INFO    | Epoch 8: loss=4.6818 (749.2s)
2026-07-10 14:34:46 | INFO    |   Val: hr@10=0.4396 | ndcg@10=0.2896 | mrr@10=0.2427 | hr@20=0.5015 | ndcg@20=0.3053 | mrr@20=0.2470
2026-07-10 14:47:15 | INFO    | Epoch 9: loss=4.6813 (748.9s)
2026-07-10 14:48:02 | INFO    |   Val: hr@10=0.4396 | ndcg@10=0.2895 | mrr@10=0.2426 | hr@20=0.5034 | ndcg@20=0.3057 | mrr@20=0.2470
2026-07-10 15:00:31 | INFO    | Epoch 10: loss=4.6812 (749.0s)
2026-07-10 15:01:19 | INFO    |   Val: hr@10=0.4421 | ndcg@10=0.2906 | mrr@10=0.2433 | hr@20=0.5046 | ndcg@20=0.3065 | mrr@20=0.2477
2026-07-10 15:13:48 | INFO    | Epoch 11: loss=4.6812 (749.0s)
2026-07-10 15:14:36 | INFO    |   Val: hr@10=0.4400 | ndcg@10=0.2896 | mrr@10=0.2426 | hr@20=0.5036 | ndcg@20=0.3057 | mrr@20=0.2471
2026-07-10 15:14:36 | INFO    | Early stopping tại epoch 11 (mrr@20 không cải thiện 5 epoch)
2026-07-10 15:15:19 | INFO    | KẾT QUẢ TEST (best model): hr@10=0.3485 | ndcg@10=0.2496 | mrr@10=0.2185 | hr@20=0.3929 | ndcg@20=0.2608 | mrr@20=0.2216
2026-07-10 15:15:20 | INFO    | [CORE] Hoàn tất core_trm.yaml. Test metrics: hr@10=0.3485 | ndcg@10=0.2496 | mrr@10=0.2185 | hr@20=0.3929 | ndcg@20=0.2608 | mrr@20=0.2216
wandb: updating run metadata
wandb: uploading output.log; uploading wandb-summary.json; uploading config.yaml
wandb: uploading history steps 10-10, summary, console lines 31-32
wandb: 
wandb: Run history:
wandb:  train/loss █▂▁▁▁▁▁▁▁▁▁
wandb:   val/hr@10 ▅▃▃▆▁▆▅▅▅█▆
wandb:   val/hr@20 ▆▁▃█▃▅▅▂▆█▆
wandb:  val/mrr@10 ▇▄▃▆▁█▅▆▆█▆
wandb:  val/mrr@20 ▇▄▃▆▁█▅▆▆▇▆
wandb: val/ndcg@10 ▆▄▃▆▁▇▅▆▆█▆
wandb: val/ndcg@20 ▇▃▃▇▁█▅▅▆█▆
wandb: 
wandb: Run summary:
wandb:   test/hr@10 0.34851
wandb:   test/hr@20 0.39286
wandb:  test/mrr@10 0.21854
wandb:  test/mrr@20 0.22164
wandb: test/ndcg@10 0.24959
wandb: test/ndcg@20 0.26083
wandb:   train/loss 4.68123
wandb:    val/hr@10 0.43998
wandb:    val/hr@20 0.50355
wandb:   val/mrr@10 0.24263
wandb:           +3 ...
wandb: 
wandb: 🚀 View run core_trm_yoochoose at: https://wandb.ai/hongichik321-aol/yoochoose/runs/r4iylk4b
wandb: ⭐️ View project at: https://wandb.ai/hongichik321-aol/yoochoose
wandb: Synced 5 W&B file(s), 0 media file(s), 0 artifact file(s) and 0 other file(s)
wandb: Find logs at: ./wandb/run-20260710_124807-r4iylk4b/logs
===== [2026-07-10 15:15:23] 3/5 CORE - tmall =====
2026-07-10 15:15:24 | INFO    | Log được ghi tại: /home/hongnguyen/demo2/Log/tmall/CORE/main/core_trm_tmall.log
2026-07-10 15:15:24 | INFO    | 
====================================================================
CẤU HÌNH CORE (config_dir: config | version: core_trm)
====================================================================
logging:
  dir: Log
  level: INFO
  console: true
project:
  name: tmall
  filename_mode: custom
  custom_filename: CORE/main/core_trm_tmall.log
wandb:
  enabled: true
  api_key: '***da-che***'
  project: ''
  entity: ''
  run_name: ''
  mode: online
data:
  data_dir: data/tmall
  train_file: train.txt
  val_file: val.txt
  test_file: test.txt
  lookup_file: lookup_tables.pkl
core_model:
  type: trm
  embedding_size: 100
  inner_size: 256
  n_layers: 2
  n_heads: 2
  hidden_dropout_prob: 0.5
  attn_dropout_prob: 0.5
  hidden_act: gelu
  layer_norm_eps: 1.0e-12
  initializer_range: 0.02
  sess_dropout: 0.2
  item_dropout: 0.2
  temperature: 0.07
  max_seq_length: 50
core_training:
  batch_size: 256
  learning_rate: 0.001
  weight_decay: 1.0e-05
  max_epochs: 30
  patience: 5
  grad_clip: 5.0
  seed: 42
  device: auto
  num_workers: 0
  checkpoint_dir: checkpoints
  save_dir: checkpoints/CORE/tmall/core_trm
evaluation:
  top_k:
  - 10
  - 20
  primary_metric: mrr@20
  mode: standard
  length_threshold: 5
  checkpoint_short: ''
  checkpoint_long: ''
config_dir: config
version: core_trm
====================================================================
wandb: [wandb.login()] Using explicit session credentials for https://api.wandb.ai.
wandb: Appending key for api.wandb.ai to your netrc file: /home/hongnguyen/.netrc
wandb: Currently logged in as: hongichik321 (hongichik321-aol) to https://api.wandb.ai. Use `wandb login --relogin` to force relogin
wandb: setting up run gsakrhsy
wandb: Tracking run with wandb version 0.28.0
wandb: Run data is saved locally in /home/hongnguyen/demo2/wandb/run-20260710_151526-gsakrhsy
wandb: Run `wandb offline` to turn off syncing.
wandb: Syncing run core_trm_tmall
wandb: ⭐️ View project at https://wandb.ai/hongichik321-aol/tmall
wandb: 🚀 View run at https://wandb.ai/hongichik321-aol/tmall/runs/gsakrhsy
2026-07-10 15:15:29 | INFO    | wandb: run 'core_trm_tmall' — https://wandb.ai/hongichik321-aol/tmall/runs/gsakrhsy
2026-07-10 15:15:34 | INFO    | Dữ liệu [data/tmall]: |I|=624693, train=3758816 phiên
2026-07-10 15:15:34 | INFO    | Thiết bị: cuda | model=trm
2026-07-10 15:15:34 | INFO    | max_prefix_length=50
2026-07-10 15:16:05 | INFO    | Số mẫu train/val/test (sliding window): 25181021 / 5544843 / 10412630
2026-07-10 15:16:06 | INFO    | Checkpoint của run này: /home/hongnguyen/demo2/checkpoints/CORE/tmall/core_trm
2026-07-10 16:27:10 | INFO    | Epoch 1: loss=8.6930 (4264.6s)
2026-07-10 16:32:19 | INFO    |   Val: hr@10=0.1671 | ndcg@10=0.1144 | mrr@10=0.0981 | hr@20=0.2035 | ndcg@20=0.1236 | mrr@20=0.1006
2026-07-10 16:32:19 | INFO    |   → Model tốt nhất mới (mrr@20=0.1006), lưu checkpoints/CORE/tmall/core_trm/best_model.pt
2026-07-10 17:43:25 | INFO    | Epoch 2: loss=8.4969 (4265.6s)
2026-07-10 17:48:33 | INFO    |   Val: hr@10=0.1670 | ndcg@10=0.1144 | mrr@10=0.0981 | hr@20=0.2034 | ndcg@20=0.1236 | mrr@20=0.1006
2026-07-10 17:48:34 | INFO    |   → Model tốt nhất mới (mrr@20=0.1006), lưu checkpoints/CORE/tmall/core_trm/best_model.pt
2026-07-10 18:59:39 | INFO    | Epoch 3: loss=8.4902 (4264.9s)
2026-07-10 19:04:47 | INFO    |   Val: hr@10=0.1669 | ndcg@10=0.1149 | mrr@10=0.0987 | hr@20=0.2032 | ndcg@20=0.1240 | mrr@20=0.1012
2026-07-10 19:04:49 | INFO    |   → Model tốt nhất mới (mrr@20=0.1012), lưu checkpoints/CORE/tmall/core_trm/best_model.pt
2026-07-10 20:15:53 | INFO    | Epoch 4: loss=8.4885 (4264.7s)
2026-07-10 20:21:02 | INFO    |   Val: hr@10=0.1678 | ndcg@10=0.1154 | mrr@10=0.0992 | hr@20=0.2042 | ndcg@20=0.1246 | mrr@20=0.1017
2026-07-10 20:21:02 | INFO    |   → Model tốt nhất mới (mrr@20=0.1017), lưu checkpoints/CORE/tmall/core_trm/best_model.pt
2026-07-10 21:32:08 | INFO    | Epoch 5: loss=8.4870 (4265.4s)
2026-07-10 21:37:16 | INFO    |   Val: hr@10=0.1668 | ndcg@10=0.1148 | mrr@10=0.0987 | hr@20=0.2033 | ndcg@20=0.1240 | mrr@20=0.1012
2026-07-10 22:48:21 | INFO    | Epoch 6: loss=8.4854 (4264.4s)
2026-07-10 22:53:28 | INFO    |   Val: hr@10=0.1672 | ndcg@10=0.1151 | mrr@10=0.0990 | hr@20=0.2036 | ndcg@20=0.1243 | mrr@20=0.1015
2026-07-11 00:06:09 | INFO    | Epoch 7: loss=8.4855 (4360.7s)
2026-07-11 00:11:18 | INFO    |   Val: hr@10=0.1666 | ndcg@10=0.1148 | mrr@10=0.0988 | hr@20=0.2029 | ndcg@20=0.1240 | mrr@20=0.1013
2026-07-11 01:35:11 | INFO    | Epoch 8: loss=8.4841 (5033.2s)
2026-07-11 01:40:37 | INFO    |   Val: hr@10=0.1680 | ndcg@10=0.1157 | mrr@10=0.0994 | hr@20=0.2049 | ndcg@20=0.1250 | mrr@20=0.1020
2026-07-11 01:40:37 | INFO    |   → Model tốt nhất mới (mrr@20=0.1020), lưu checkpoints/CORE/tmall/core_trm/best_model.pt
2026-07-11 03:13:15 | INFO    | Epoch 9: loss=8.4830 (5557.7s)
2026-07-11 03:18:24 | INFO    |   Val: hr@10=0.1680 | ndcg@10=0.1155 | mrr@10=0.0992 | hr@20=0.2048 | ndcg@20=0.1248 | mrr@20=0.1018
2026-07-11 04:29:56 | INFO    | Epoch 10: loss=8.4852 (4291.3s)
2026-07-11 04:35:04 | INFO    |   Val: hr@10=0.1681 | ndcg@10=0.1154 | mrr@10=0.0991 | hr@20=0.2049 | ndcg@20=0.1247 | mrr@20=0.1017
2026-07-11 05:46:11 | INFO    | Epoch 11: loss=8.4848 (4266.3s)
2026-07-11 05:51:19 | INFO    |   Val: hr@10=0.1689 | ndcg@10=0.1161 | mrr@10=0.0997 | hr@20=0.2057 | ndcg@20=0.1254 | mrr@20=0.1023
2026-07-11 05:51:20 | INFO    |   → Model tốt nhất mới (mrr@20=0.1023), lưu checkpoints/CORE/tmall/core_trm/best_model.pt
2026-07-11 07:02:28 | INFO    | Epoch 12: loss=8.4859 (4268.0s)
2026-07-11 07:07:36 | INFO    |   Val: hr@10=0.1680 | ndcg@10=0.1155 | mrr@10=0.0993 | hr@20=0.2046 | ndcg@20=0.1248 | mrr@20=0.1018
2026-07-11 08:18:40 | INFO    | Epoch 13: loss=8.4844 (4263.3s)
2026-07-11 08:23:48 | INFO    |   Val: hr@10=0.1688 | ndcg@10=0.1159 | mrr@10=0.0995 | hr@20=0.2059 | ndcg@20=0.1253 | mrr@20=0.1021
2026-07-11 09:34:53 | INFO    | Epoch 14: loss=8.4842 (4265.2s)
2026-07-11 09:40:02 | INFO    |   Val: hr@10=0.1683 | ndcg@10=0.1156 | mrr@10=0.0993 | hr@20=0.2050 | ndcg@20=0.1249 | mrr@20=0.1019
2026-07-11 10:51:08 | INFO    | Epoch 15: loss=8.4843 (4266.5s)
2026-07-11 10:56:17 | INFO    |   Val: hr@10=0.1678 | ndcg@10=0.1154 | mrr@10=0.0991 | hr@20=0.2047 | ndcg@20=0.1247 | mrr@20=0.1017
2026-07-11 12:07:21 | INFO    | Epoch 16: loss=8.4840 (4264.3s)
2026-07-11 12:12:30 | INFO    |   Val: hr@10=0.1688 | ndcg@10=0.1160 | mrr@10=0.0996 | hr@20=0.2059 | ndcg@20=0.1254 | mrr@20=0.1022
2026-07-11 12:12:30 | INFO    | Early stopping tại epoch 16 (mrr@20 không cải thiện 5 epoch)
2026-07-11 12:22:16 | INFO    | KẾT QUẢ TEST (best model): hr@10=0.2356 | ndcg@10=0.1859 | mrr@10=0.1704 | hr@20=0.2666 | ndcg@20=0.1937 | mrr@20=0.1725
2026-07-11 12:22:18 | INFO    | [CORE] Hoàn tất core_trm.yaml. Test metrics: hr@10=0.2356 | ndcg@10=0.1859 | mrr@10=0.1704 | hr@20=0.2666 | ndcg@20=0.1937 | mrr@20=0.1725
wandb: updating run metadata
wandb: uploading output.log; uploading wandb-summary.json; uploading config.yaml
wandb: uploading history steps 15-15, summary, console lines 45-46
wandb: 
wandb: Run history:
wandb:  train/loss █▁▁▁▁▁▁▁▁▁▁▁▁▁▁▁
wandb:   val/hr@10 ▃▂▂▄▂▃▁▅▅▅█▅█▆▅█
wandb:   val/hr@20 ▂▂▂▄▂▃▁▆▅▆█▅█▆▅█
wandb:  val/mrr@10 ▁▁▄▆▄▅▄▇▆▆█▆▇▆▅█
wandb:  val/mrr@20 ▁▁▄▆▄▅▄▇▆▆█▆▇▆▆█
wandb: val/ndcg@10 ▁▁▃▅▃▄▃▆▆▅█▆▇▆▅█
wandb: val/ndcg@20 ▁▁▃▅▃▄▃▆▆▅█▆█▆▅█
wandb: 
wandb: Run summary:
wandb:   test/hr@10 0.23563
wandb:   test/hr@20 0.26659
wandb:  test/mrr@10 0.17038
wandb:  test/mrr@20 0.17252
wandb: test/ndcg@10 0.18591
wandb: test/ndcg@20 0.19372
wandb:   train/loss 8.48396
wandb:    val/hr@10 0.16877
wandb:    val/hr@20 0.20588
wandb:   val/mrr@10 0.09964
wandb:           +3 ...
wandb: 
wandb: 🚀 View run core_trm_tmall at: https://wandb.ai/hongichik321-aol/tmall/runs/gsakrhsy
wandb: ⭐️ View project at: https://wandb.ai/hongichik321-aol/tmall
wandb: Synced 5 W&B file(s), 0 media file(s), 0 artifact file(s) and 0 other file(s)
wandb: Find logs at: ./wandb/run-20260710_151526-gsakrhsy/logs
===== [2026-07-11 12:22:20] 4/5 CatSA (best: len_gate) - yoochoose =====
2026-07-11 12:22:22 | INFO    | Log được ghi tại: /home/hongnguyen/demo2/Log/yoochoose/CatSA_plus_v2_len_gate.log
2026-07-11 12:22:22 | INFO    | 
====================================================================
CẤU HÌNH LÚC CHẠY (config_dir: config | version: catsa_plus_v2_len_gate)
====================================================================
logging:
  dir: Log
  level: INFO
  console: true
project:
  name: yoochoose
  filename_mode: custom
  custom_filename: CatSA_plus_v2_len_gate.log
wandb:
  enabled: true
  api_key: '***da-che***'
  project: ''
  entity: ''
  run_name: ''
  mode: online
dataset:
  source: kagglehub
  kagglehub_handle: chadgostopp/recsys-challenge-2015
  local_path: data/raw/yoochoose
  name: yoochoose
preprocess:
  output_dir: data/yoochoose
  train_file: train.txt
  val_file: val.txt
  test_file: test.txt
  lookup_file: lookup_tables.pkl
  event_types:
  - view
  session_same_day: true
  session_gap_seconds: 1800
  dedup_consecutive: false
  min_item_support: 5
  min_session_length: 2
  max_session_length: 50
  session_length_mode: keep
  max_prefix_length: 50
  require_item_category: false
  val_ratio: 0.1
  test_ratio: 0.1
  max_sessions: 0
data:
  data_dir: data/yoochoose
  train_file: train.txt
  val_file: val.txt
  test_file: test.txt
  lookup_file: lookup_tables.pkl
model:
  embedding_dim: 100
  num_layers: 2
  use_taxonomy: false
  dropout: 0.1
  encoder_type: catsa_plus_v2
  fusion_type: gate
  n_heads: 2
  retrieval_topk: 5
  max_seq_length: 50
  trm_layers: 2
  trm_inner_size: 256
  temperature: 0.07
  sess_dropout: 0.2
  item_dropout: 0.2
  extra_rerank: false
  extra_beta: 12.0
  trm_dropout: 0.5
  use_seq_trm: true
  use_error_aux: false
  error_aux_alpha: 0.15
  post_process: false
  post_same_boost: 0.35
  post_sib_boost: 0.12
  post_other_penalty: 0.08
  use_module1: true
  path_fusion: dual_score
  dual_score_beta: 1.0
  learn_score_beta: true
  trm_residual_gamma: 0.5
  use_cat_bias: false
  length_aware_gate: true
  length_gate_max_len: 50
  use_star_node: false
  use_multi_interest: false
  n_interests: 4
  use_cat_intent: false
  cat_intent_beta: 0.3
  cat_intent_layers: 1
  cat_intent_conf_gate: false
  use_repeat_boost: false
  repeat_boost_init: 2.0
augment:
  strategies:
  - same
  - sibling
  - hybrid
  strategy_weights:
  - 0.4
  - 0.3
  - 0.3
  eta_aug: 0.3
  eta_crop: 0.75
  k_min: 5
training:
  use_cl: true
  lambda_cl: 0.05
  cl_type: both
  lambda_proto: 0.05
  aux_cat: true
  aux_parent: false
  lambda_aux_cat: 0.05
  lambda_aux_parent: 0.0
  tau: 0.2
  batch_size: 256
  learning_rate: 0.001
  weight_decay: 1.0e-05
  max_epochs: 30
  patience: 5
  grad_clip: 5.0
  seed: 42
  device: auto
  num_workers: 0
  checkpoint_dir: checkpoints
  save_dir: checkpoints/CatSA/yoochoose/catsa_plus_v2_len_gate
  prefix_len_min: 0
  prefix_len_max: 0
evaluation:
  top_k:
  - 10
  - 20
  primary_metric: mrr@20
  mode: standard
  length_threshold: 5
  checkpoint_short: ''
  checkpoint_long: ''
config_dir: config
version: catsa_plus_v2_len_gate
====================================================================
wandb: [wandb.login()] Using explicit session credentials for https://api.wandb.ai.
wandb: Appending key for api.wandb.ai to your netrc file: /home/hongnguyen/.netrc
wandb: Currently logged in as: hongichik321 (hongichik321-aol) to https://api.wandb.ai. Use `wandb login --relogin` to force relogin
wandb: setting up run 0o4lgtcx
wandb: Tracking run with wandb version 0.28.0
wandb: Run data is saved locally in /home/hongnguyen/demo2/wandb/run-20260711_122223-0o4lgtcx
wandb: Run `wandb offline` to turn off syncing.
wandb: Syncing run CatSA_plus_v2_len_gate
wandb: ⭐️ View project at https://wandb.ai/hongichik321-aol/yoochoose
wandb: 🚀 View run at https://wandb.ai/hongichik321-aol/yoochoose/runs/0o4lgtcx
2026-07-11 12:22:24 | INFO    | wandb: run 'CatSA_plus_v2_len_gate' — https://wandb.ai/hongichik321-aol/yoochoose/runs/0o4lgtcx
2026-07-11 12:22:31 | INFO    | Dữ liệu [data/yoochoose]: |I|=37452, |C|=73, train=6385772 phiên
2026-07-11 12:22:31 | INFO    | Thiết bị: cuda | encoder=catsa_plus_v2 | fusion=gate | use_cl=True | cl_type=both | aux_cat=True | aux_parent=False
2026-07-11 12:22:31 | WARNING | augment: chiến lược ['sibling'] bị loại (dataset không có taxonomy) — re-normalize trọng số còn lại: {'same': 0.5714, 'hybrid': 0.4286}
2026-07-11 14:00:16 | INFO    | Epoch 1: total=4.9431, rec=4.7123, cl=0.1838, aux=0.0470 (5852.0s)
2026-07-11 14:00:16 | INFO    |   Augment no-op rate: 0.0109 (205506/18827008 lần gọi không tạo thay đổi thật)
2026-07-11 14:04:19 | INFO    |   Val: hr@10=0.4432 | ndcg@10=0.2933 | mrr@10=0.2464 | hr@20=0.5075 | ndcg@20=0.3096 | mrr@20=0.2509
2026-07-11 14:04:19 | INFO    |   → Model tốt nhất mới (mrr@20=0.2509)
