2026-07-10 01:29:51 | INFO    | Log được ghi tại: /home/hongnguyen/demo2/Log/retailrocket/CatSA/baseline/CatSA_plus_v4_cat_intent_gated.log
2026-07-10 01:29:51 | INFO    | 
====================================================================
CẤU HÌNH LÚC CHẠY (config_dir: config | version: catsa_plus_v4_cat_intent_gated)
====================================================================
logging:
  dir: Log
  level: INFO
  console: true
project:
  name: retailrocket
  filename_mode: custom
  custom_filename: CatSA/baseline/CatSA_plus_v4_cat_intent_gated.log
wandb:
  enabled: true
  api_key: '***da-che***'
  project: ''
  entity: ''
  run_name: ''
  mode: online
dataset:
  source: kagglehub
  kagglehub_handle: retailrocket/ecommerce-dataset
  local_path: data/raw
  name: retailrocket
preprocess:
  output_dir: data/retailrocket_2_5
  train_file: train.txt
  val_file: val.txt
  test_file: test.txt
  lookup_file: lookup_tables.pkl
  event_types:
  - view
  session_same_day: true
  session_gap_seconds: 1800
  dedup_consecutive: false
  min_item_support: 5
  min_session_length: 2
  max_session_length: 5
  session_length_mode: filter
  max_prefix_length: 50
  require_item_category: false
  val_ratio: 0.1
  test_ratio: 0.1
  max_sessions: 0
data:
  data_dir: data/retailrocket_item_hon_5
  train_file: train.txt
  val_file: val.txt
  test_file: test.txt
  lookup_file: lookup_tables.pkl
model:
  embedding_dim: 100
  num_layers: 2
  use_taxonomy: true
  dropout: 0.1
  encoder_type: catsa_plus_v2
  fusion_type: gate
  n_heads: 2
  retrieval_topk: 5
  max_seq_length: 50
  trm_layers: 2
  trm_inner_size: 256
  temperature: 0.07
  sess_dropout: 0.2
  item_dropout: 0.2
  extra_rerank: false
  extra_beta: 12.0
  trm_dropout: 0.5
  use_seq_trm: true
  use_error_aux: false
  error_aux_alpha: 0.15
  post_process: false
  post_same_boost: 0.35
  post_sib_boost: 0.12
  post_other_penalty: 0.08
  use_module1: true
  path_fusion: dual_score
  dual_score_beta: 1.0
  learn_score_beta: true
  trm_residual_gamma: 0.5
  use_cat_bias: false
  length_aware_gate: true
  length_gate_max_len: 50
  use_star_node: false
  use_multi_interest: false
  n_interests: 4
  use_cat_intent: true
  cat_intent_beta: 0.3
  cat_intent_layers: 1
  cat_intent_conf_gate: true
  use_repeat_boost: true
  repeat_boost_init: 2.0
augment:
  strategies:
  - same
  - sibling
  - hybrid
  strategy_weights:
  - 0.4
  - 0.3
  - 0.3
  eta_aug: 0.3
  eta_crop: 0.75
  k_min: 5
training:
  use_cl: true
  lambda_cl: 0.05
  cl_type: both
  lambda_proto: 0.05
  aux_cat: true
  aux_parent: false
  lambda_aux_cat: 0.05
  lambda_aux_parent: 0.0
  tau: 0.2
  batch_size: 256
  learning_rate: 0.001
  weight_decay: 1.0e-05
  max_epochs: 30
  patience: 5
  grad_clip: 5.0
  seed: 42
  device: auto
  num_workers: 0
  checkpoint_dir: checkpoints
  save_dir: checkpoints/CatSA/retailrocket/catsa_plus_v4_cat_intent_gated
  prefix_len_min: 0
  prefix_len_max: 0
evaluation:
  top_k:
  - 10
  - 20
  primary_metric: mrr@20
  mode: standard
  length_threshold: 5
  checkpoint_short: ''
  checkpoint_long: ''
config_dir: config
version: catsa_plus_v4_cat_intent_gated
====================================================================
2026-07-10 01:29:54 | INFO    | wandb: run 'CatSA_plus_v4_cat_intent_gated' — https://wandb.ai/hongichik321-aol/retailrocket/runs/20byyctd
2026-07-10 01:29:54 | INFO    | Dữ liệu [data/retailrocket_item_hon_5]: |I|=79649, |C|=1185, train=283023 phiên
2026-07-10 01:29:54 | INFO    | Thiết bị: cuda | encoder=catsa_plus_v2 | fusion=gate | use_cl=True | cl_type=both | aux_cat=True | aux_parent=False
2026-07-10 01:37:45 | INFO    | Epoch 1: total=6.3199, rec=5.7493, cl=0.3165, aux=0.2542 (469.7s)
2026-07-10 01:37:45 | INFO    |   Augment no-op rate: 0.0264 (20190/764672 lần gọi không tạo thay đổi thật)
2026-07-10 01:38:22 | INFO    |   Val: hr@10=0.5170 | ndcg@10=0.4159 | mrr@10=0.3840 | hr@20=0.5698 | ndcg@20=0.4293 | mrr@20=0.3877
2026-07-10 01:38:22 | INFO    |   → Model tốt nhất mới (mrr@20=0.3877)
2026-07-10 01:46:11 | INFO    | Epoch 2: total=5.1444, rec=4.7106, cl=0.2693, aux=0.1645 (469.2s)
2026-07-10 01:46:11 | INFO    |   Augment no-op rate: 0.0264 (20166/764672 lần gọi không tạo thay đổi thật)
2026-07-10 01:46:46 | INFO    |   Val: hr@10=0.5289 | ndcg@10=0.4184 | mrr@10=0.3838 | hr@20=0.5883 | ndcg@20=0.4335 | mrr@20=0.3879
2026-07-10 01:46:46 | INFO    |   → Model tốt nhất mới (mrr@20=0.3879)
2026-07-10 01:54:38 | INFO    | Epoch 3: total=4.7254, rec=4.3199, cl=0.2571, aux=0.1485 (471.8s)
2026-07-10 01:54:38 | INFO    |   Augment no-op rate: 0.0264 (20160/764672 lần gọi không tạo thay đổi thật)
2026-07-10 01:55:12 | INFO    |   Val: hr@10=0.5391 | ndcg@10=0.4238 | mrr@10=0.3876 | hr@20=0.5981 | ndcg@20=0.4387 | mrr@20=0.3917
2026-07-10 01:55:12 | INFO    |   → Model tốt nhất mới (mrr@20=0.3917)
2026-07-10 02:03:10 | INFO    | Epoch 4: total=4.5112, rec=4.1169, cl=0.2520, aux=0.1423 (477.3s)
2026-07-10 02:03:10 | INFO    |   Augment no-op rate: 0.0264 (20195/764672 lần gọi không tạo thay đổi thật)
2026-07-10 02:03:43 | INFO    |   Val: hr@10=0.5377 | ndcg@10=0.4216 | mrr@10=0.3852 | hr@20=0.5985 | ndcg@20=0.4370 | mrr@20=0.3894
2026-07-10 02:11:38 | INFO    | Epoch 5: total=4.3748, rec=3.9866, cl=0.2490, aux=0.1392 (475.7s)
2026-07-10 02:11:38 | INFO    |   Augment no-op rate: 0.0264 (20185/764672 lần gọi không tạo thay đổi thật)
2026-07-10 02:12:11 | INFO    |   Val: hr@10=0.5351 | ndcg@10=0.4196 | mrr@10=0.3835 | hr@20=0.5955 | ndcg@20=0.4350 | mrr@20=0.3877
2026-07-10 02:20:09 | INFO    | Epoch 6: total=4.2871, rec=3.9024, cl=0.2474, aux=0.1373 (478.1s)
2026-07-10 02:20:09 | INFO    |   Augment no-op rate: 0.0264 (20202/764672 lần gọi không tạo thay đổi thật)
2026-07-10 02:20:43 | INFO    |   Val: hr@10=0.5363 | ndcg@10=0.4188 | mrr@10=0.3821 | hr@20=0.5959 | ndcg@20=0.4339 | mrr@20=0.3862
2026-07-10 02:29:05 | INFO    | Epoch 7: total=4.2178, rec=3.8358, cl=0.2459, aux=0.1361 (502.0s)
2026-07-10 02:29:05 | INFO    |   Augment no-op rate: 0.0264 (20189/764672 lần gọi không tạo thay đổi thật)
2026-07-10 02:29:22 | INFO    |   Val: hr@10=0.5360 | ndcg@10=0.4184 | mrr@10=0.3815 | hr@20=0.5977 | ndcg@20=0.4340 | mrr@20=0.3858
2026-07-10 02:36:22 | INFO    | Epoch 8: total=4.1620, rec=3.7821, cl=0.2448, aux=0.1351 (420.4s)
2026-07-10 02:36:22 | INFO    |   Augment no-op rate: 0.0264 (20180/764672 lần gọi không tạo thay đổi thật)
2026-07-10 02:36:39 | INFO    |   Val: hr@10=0.5327 | ndcg@10=0.4151 | mrr@10=0.3783 | hr@20=0.5951 | ndcg@20=0.4309 | mrr@20=0.3826
2026-07-10 02:36:39 | INFO    | Early stopping tại epoch 8
2026-07-10 02:36:54 | INFO    | KẾT QUẢ TEST: hr@10=0.5148 | ndcg@10=0.4022 | mrr@10=0.3669 | hr@20=0.5749 | ndcg@20=0.4174 | mrr@20=0.3711
2026-07-10 02:37:10 | INFO    |   Sub-population theo độ dài phiên: 1_3_hr@10=0.5840 | 1_3_ndcg@10=0.4705 | 1_3_mrr@10=0.4347 | 1_3_hr@20=0.6420 | 1_3_ndcg@20=0.4852 | 1_3_mrr@20=0.4388 | 1_3_n_samples=55429.0000 | 4_7_hr@10=0.4740 | 4_7_ndcg@10=0.3391 | 4_7_mrr@10=0.2970 | 4_7_hr@20=0.5477 | 4_7_ndcg@20=0.3578 | 4_7_mrr@20=0.3021 | 4_7_n_samples=12349.0000 | 8_plus_hr@10=0.2695 | 8_plus_ndcg@10=0.1812 | 8_plus_mrr@10=0.1538 | 8_plus_hr@20=0.3258 | 8_plus_ndcg@20=0.1954 | 8_plus_mrr@20=0.1577 | 8_plus_n_samples=13594.0000
2026-07-10 02:37:10 | INFO    | [CatSA] Hoàn tất baseline/catsa_plus_v4_cat_intent_gated.yaml. Test metrics: hr@10=0.5148 | ndcg@10=0.4022 | mrr@10=0.3669 | hr@20=0.5749 | ndcg@20=0.4174 | mrr@20=0.3711
