2026-07-10 01:29:49 | INFO    | Log được ghi tại: /home/hongnguyen/demo2/Log/retailrocket/CatSA/baseline/CatSA_plus_v4_repeat.log
2026-07-10 01:29:49 | INFO    | 
====================================================================
CẤU HÌNH LÚC CHẠY (config_dir: config | version: catsa_plus_v4_repeat)
====================================================================
logging:
  dir: Log
  level: INFO
  console: true
project:
  name: retailrocket
  filename_mode: custom
  custom_filename: CatSA/baseline/CatSA_plus_v4_repeat.log
wandb:
  enabled: true
  api_key: '***da-che***'
  project: ''
  entity: ''
  run_name: ''
  mode: online
dataset:
  source: kagglehub
  kagglehub_handle: retailrocket/ecommerce-dataset
  local_path: data/raw
  name: retailrocket
preprocess:
  output_dir: data/retailrocket_2_5
  train_file: train.txt
  val_file: val.txt
  test_file: test.txt
  lookup_file: lookup_tables.pkl
  event_types:
  - view
  session_same_day: true
  session_gap_seconds: 1800
  dedup_consecutive: false
  min_item_support: 5
  min_session_length: 2
  max_session_length: 5
  session_length_mode: filter
  max_prefix_length: 50
  require_item_category: false
  val_ratio: 0.1
  test_ratio: 0.1
  max_sessions: 0
data:
  data_dir: data/retailrocket_item_hon_5
  train_file: train.txt
  val_file: val.txt
  test_file: test.txt
  lookup_file: lookup_tables.pkl
model:
  embedding_dim: 100
  num_layers: 2
  use_taxonomy: true
  dropout: 0.1
  encoder_type: catsa_plus_v2
  fusion_type: gate
  n_heads: 2
  retrieval_topk: 5
  max_seq_length: 50
  trm_layers: 2
  trm_inner_size: 256
  temperature: 0.07
  sess_dropout: 0.2
  item_dropout: 0.2
  extra_rerank: false
  extra_beta: 12.0
  trm_dropout: 0.5
  use_seq_trm: true
  use_error_aux: false
  error_aux_alpha: 0.15
  post_process: false
  post_same_boost: 0.35
  post_sib_boost: 0.12
  post_other_penalty: 0.08
  use_module1: true
  path_fusion: dual_score
  dual_score_beta: 1.0
  learn_score_beta: true
  trm_residual_gamma: 0.5
  use_cat_bias: false
  length_aware_gate: true
  length_gate_max_len: 50
  use_star_node: false
  use_multi_interest: false
  n_interests: 4
  use_cat_intent: false
  cat_intent_beta: 0.3
  cat_intent_layers: 1
  cat_intent_conf_gate: false
  use_repeat_boost: true
  repeat_boost_init: 2.0
augment:
  strategies:
  - same
  - sibling
  - hybrid
  strategy_weights:
  - 0.4
  - 0.3
  - 0.3
  eta_aug: 0.3
  eta_crop: 0.75
  k_min: 5
training:
  use_cl: true
  lambda_cl: 0.05
  cl_type: both
  lambda_proto: 0.05
  aux_cat: true
  aux_parent: false
  lambda_aux_cat: 0.05
  lambda_aux_parent: 0.0
  tau: 0.2
  batch_size: 256
  learning_rate: 0.001
  weight_decay: 1.0e-05
  max_epochs: 30
  patience: 5
  grad_clip: 5.0
  seed: 42
  device: auto
  num_workers: 0
  checkpoint_dir: checkpoints
  save_dir: checkpoints/CatSA/retailrocket/catsa_plus_v4_repeat
  prefix_len_min: 0
  prefix_len_max: 0
evaluation:
  top_k:
  - 10
  - 20
  primary_metric: mrr@20
  mode: standard
  length_threshold: 5
  checkpoint_short: ''
  checkpoint_long: ''
config_dir: config
version: catsa_plus_v4_repeat
====================================================================
2026-07-10 01:29:52 | INFO    | wandb: run 'CatSA_plus_v4_repeat' — https://wandb.ai/hongichik321-aol/retailrocket/runs/afwd1koz
2026-07-10 01:29:53 | INFO    | Dữ liệu [data/retailrocket_item_hon_5]: |I|=79649, |C|=1185, train=283023 phiên
2026-07-10 01:29:53 | INFO    | Thiết bị: cuda | encoder=catsa_plus_v2 | fusion=gate | use_cl=True | cl_type=both | aux_cat=True | aux_parent=False
2026-07-10 01:37:36 | INFO    | Epoch 1: total=7.3352, rec=6.8678, cl=0.2660, aux=0.2014 (462.4s)
2026-07-10 01:37:36 | INFO    |   Augment no-op rate: 0.0264 (20200/764672 lần gọi không tạo thay đổi thật)
2026-07-10 01:38:11 | INFO    |   Val: hr@10=0.5126 | ndcg@10=0.4142 | mrr@10=0.3830 | hr@20=0.5563 | ndcg@20=0.4253 | mrr@20=0.3860
2026-07-10 01:38:11 | INFO    |   → Model tốt nhất mới (mrr@20=0.3860)
2026-07-10 01:45:54 | INFO    | Epoch 2: total=5.2228, rec=4.8513, cl=0.2402, aux=0.1312 (462.5s)
2026-07-10 01:45:54 | INFO    |   Augment no-op rate: 0.0264 (20188/764672 lần gọi không tạo thay đổi thật)
2026-07-10 01:46:27 | INFO    |   Val: hr@10=0.5369 | ndcg@10=0.4238 | mrr@10=0.3881 | hr@20=0.5944 | ndcg@20=0.4383 | mrr@20=0.3921
2026-07-10 01:46:27 | INFO    |   → Model tốt nhất mới (mrr@20=0.3921)
2026-07-10 01:54:10 | INFO    | Epoch 3: total=4.6450, rec=4.2840, cl=0.2360, aux=0.1250 (462.6s)
2026-07-10 01:54:10 | INFO    |   Augment no-op rate: 0.0264 (20200/764672 lần gọi không tạo thay đổi thật)
2026-07-10 01:54:42 | INFO    |   Val: hr@10=0.5410 | ndcg@10=0.4234 | mrr@10=0.3864 | hr@20=0.5995 | ndcg@20=0.4382 | mrr@20=0.3905
2026-07-10 02:02:29 | INFO    | Epoch 4: total=4.4368, rec=4.0792, cl=0.2344, aux=0.1232 (467.2s)
2026-07-10 02:02:29 | INFO    |   Augment no-op rate: 0.0264 (20161/764672 lần gọi không tạo thay đổi thật)
2026-07-10 02:03:01 | INFO    |   Val: hr@10=0.5444 | ndcg@10=0.4250 | mrr@10=0.3876 | hr@20=0.6060 | ndcg@20=0.4406 | mrr@20=0.3919
2026-07-10 02:10:50 | INFO    | Epoch 5: total=4.3208, rec=3.9646, cl=0.2337, aux=0.1224 (468.9s)
2026-07-10 02:10:50 | INFO    |   Augment no-op rate: 0.0264 (20175/764672 lần gọi không tạo thay đổi thật)
2026-07-10 02:11:22 | INFO    |   Val: hr@10=0.5469 | ndcg@10=0.4253 | mrr@10=0.3872 | hr@20=0.6085 | ndcg@20=0.4409 | mrr@20=0.3915
2026-07-10 02:19:09 | INFO    | Epoch 6: total=4.2519, rec=3.8965, cl=0.2334, aux=0.1220 (467.6s)
2026-07-10 02:19:09 | INFO    |   Augment no-op rate: 0.0264 (20189/764672 lần gọi không tạo thay đổi thật)
2026-07-10 02:19:41 | INFO    |   Val: hr@10=0.5443 | ndcg@10=0.4246 | mrr@10=0.3870 | hr@20=0.6057 | ndcg@20=0.4402 | mrr@20=0.3913
2026-07-10 02:27:30 | INFO    | Epoch 7: total=4.2034, rec=3.8482, cl=0.2335, aux=0.1217 (468.9s)
2026-07-10 02:27:30 | INFO    |   Augment no-op rate: 0.0264 (20184/764672 lần gọi không tạo thay đổi thật)
2026-07-10 02:28:01 | INFO    |   Val: hr@10=0.5412 | ndcg@10=0.4213 | mrr@10=0.3837 | hr@20=0.6031 | ndcg@20=0.4370 | mrr@20=0.3880
2026-07-10 02:28:01 | INFO    | Early stopping tại epoch 7
2026-07-10 02:28:31 | INFO    | KẾT QUẢ TEST: hr@10=0.5154 | ndcg@10=0.4022 | mrr@10=0.3666 | hr@20=0.5711 | ndcg@20=0.4163 | mrr@20=0.3705
2026-07-10 02:29:01 | INFO    |   Sub-population theo độ dài phiên: 1_3_hr@10=0.5770 | 1_3_ndcg@10=0.4653 | 1_3_mrr@10=0.4301 | 1_3_hr@20=0.6310 | 1_3_ndcg@20=0.4790 | 1_3_mrr@20=0.4339 | 1_3_n_samples=55429.0000 | 4_7_hr@10=0.4840 | 4_7_ndcg@10=0.3447 | 4_7_mrr@10=0.3009 | 4_7_hr@20=0.5477 | 4_7_ndcg@20=0.3608 | 4_7_mrr@20=0.3053 | 4_7_n_samples=12349.0000 | 8_plus_hr@10=0.2930 | 8_plus_ndcg@10=0.1972 | 8_plus_mrr@10=0.1673 | 8_plus_hr@20=0.3482 | 8_plus_ndcg@20=0.2112 | 8_plus_mrr@20=0.1711 | 8_plus_n_samples=13594.0000
2026-07-10 02:29:01 | INFO    | [CatSA] Hoàn tất baseline/catsa_plus_v4_repeat.yaml. Test metrics: hr@10=0.5154 | ndcg@10=0.4022 | mrr@10=0.3666 | hr@20=0.5711 | ndcg@20=0.4163 | mrr@20=0.3705
