2026-07-09 01:26:13 | INFO    | Log được ghi tại: /home/hongnguyen/demo2/Log/retailrocket/CatSA/baseline/CatSA_plus_v2_len_dual.log
2026-07-09 01:26:13 | INFO    | 
====================================================================
CẤU HÌNH LÚC CHẠY (config_dir: config | version: catsa_plus_v2_len_dual)
====================================================================
logging:
  dir: Log
  level: INFO
  console: true
project:
  name: retailrocket
  filename_mode: custom
  custom_filename: CatSA/baseline/CatSA_plus_v2_len_dual.log
wandb:
  enabled: true
  api_key: '***da-che***'
  project: ''
  entity: ''
  run_name: ''
  mode: online
dataset:
  source: kagglehub
  kagglehub_handle: retailrocket/ecommerce-dataset
  local_path: data/raw
  name: retailrocket
preprocess:
  output_dir: data/retailrocket_2_5
  train_file: train.txt
  val_file: val.txt
  test_file: test.txt
  lookup_file: lookup_tables.pkl
  event_types:
  - view
  session_same_day: true
  session_gap_seconds: 1800
  dedup_consecutive: false
  min_item_support: 5
  min_session_length: 2
  max_session_length: 5
  session_length_mode: filter
  max_prefix_length: 50
  require_item_category: false
  val_ratio: 0.1
  test_ratio: 0.1
  max_sessions: 0
data:
  data_dir: data/retailrocket_item_hon_5
  train_file: train.txt
  val_file: val.txt
  test_file: test.txt
  lookup_file: lookup_tables.pkl
model:
  embedding_dim: 100
  num_layers: 2
  use_taxonomy: true
  dropout: 0.1
  encoder_type: catsa_plus_v2
  fusion_type: gate
  n_heads: 2
  retrieval_topk: 5
  max_seq_length: 50
  trm_layers: 2
  trm_inner_size: 256
  temperature: 0.07
  sess_dropout: 0.2
  item_dropout: 0.2
  extra_rerank: false
  extra_beta: 12.0
  trm_dropout: 0.5
  use_seq_trm: true
  use_error_aux: false
  error_aux_alpha: 0.15
  post_process: false
  post_same_boost: 0.35
  post_sib_boost: 0.12
  post_other_penalty: 0.08
  use_module1: true
  path_fusion: dual_score
  dual_score_beta: 1.0
  learn_score_beta: true
  trm_residual_gamma: 0.5
  use_cat_bias: false
augment:
  strategies:
  - same
  - sibling
  - hybrid
  strategy_weights:
  - 0.4
  - 0.3
  - 0.3
  eta_aug: 0.3
  eta_crop: 0.75
  k_min: 5
training:
  use_cl: false
  lambda_cl: 0.0
  cl_type: infonce
  lambda_proto: 0.0
  aux_cat: false
  aux_parent: false
  lambda_aux_cat: 0.0
  lambda_aux_parent: 0.0
  tau: 0.2
  batch_size: 256
  learning_rate: 0.001
  weight_decay: 1.0e-05
  max_epochs: 0
  patience: 5
  grad_clip: 5.0
  seed: 42
  device: auto
  num_workers: 0
  checkpoint_dir: checkpoints
  save_dir: ''
  prefix_len_min: 0
  prefix_len_max: 0
evaluation:
  top_k:
  - 10
  - 20
  primary_metric: mrr@20
  mode: length_dual
  length_threshold: 5
  checkpoint_short: checkpoints/CatSA/retailrocket/catsa_plus_v2_len_short/best_model.pt
  checkpoint_long: checkpoints/CatSA/retailrocket/catsa_plus_v2_len_long/best_model.pt
config_dir: config
version: catsa_plus_v2_len_dual
====================================================================
2026-07-09 01:26:15 | INFO    | wandb: run 'CatSA_plus_v2_len_dual' — https://wandb.ai/hongichik321-aol/retailrocket/runs/19gw15bi
2026-07-09 01:26:15 | INFO    | Dữ liệu [data/retailrocket_item_hon_5]: |I|=79649, |C|=1185, train=283023 phiên
2026-07-09 01:26:15 | INFO    | Length-dual eval: threshold=5 | short=checkpoints/CatSA/retailrocket/catsa_plus_v2_len_short/best_model.pt | long=checkpoints/CatSA/retailrocket/catsa_plus_v2_len_long/best_model.pt
2026-07-09 01:26:32 | INFO    | Val (dual): hr@10=0.5228 | ndcg@10=0.4132 | mrr@10=0.3786 | hr@20=0.5740 | ndcg@20=0.4261 | mrr@20=0.3822 | short=67956 long=19362
2026-07-09 01:26:48 | INFO    | TEST (dual): hr@10=0.5004 | ndcg@10=0.3926 | mrr@10=0.3586 | hr@20=0.5529 | ndcg@20=0.4059 | mrr@20=0.3623 | short=63625 long=17747
2026-07-09 01:26:48 | INFO    |   Short bucket: short_hr@10=0.5601 | short_ndcg@10=0.4460 | short_mrr@10=0.4100 | short_hr@20=0.6147 | short_ndcg@20=0.4598 | short_mrr@20=0.4138
2026-07-09 01:26:48 | INFO    |   Long bucket: long_hr@10=0.2863 | long_ndcg@10=0.2011 | long_mrr@10=0.1743 | long_hr@20=0.3314 | long_ndcg@20=0.2125 | long_mrr@20=0.1775
2026-07-09 01:26:48 | INFO    | [CatSA] Hoàn tất baseline/catsa_plus_v2_len_dual.yaml. Test metrics: hr@10=0.5004 | ndcg@10=0.3926 | mrr@10=0.3586 | hr@20=0.5529 | ndcg@20=0.4059 | mrr@20=0.3623 | short_hr@10=0.5601 | short_ndcg@10=0.4460 | short_mrr@10=0.4100 | short_hr@20=0.6147 | short_ndcg@20=0.4598 | short_mrr@20=0.4138 | long_hr@10=0.2863 | long_ndcg@10=0.2011 | long_mrr@10=0.1743 | long_hr@20=0.3314 | long_ndcg@20=0.2125 | long_mrr@20=0.1775 | n_samples=81372.0000 | n_short=63625.0000 | n_long=17747.0000
