2026-07-06 19:44:32 | INFO    | Log được ghi tại: /home/hongnguyen/demo2/Log/retailrocket/CatSA_v1_eta_crop_0.9.log
2026-07-06 19:44:32 | INFO    | 
====================================================================
CẤU HÌNH LÚC CHẠY (config_dir: config | version: catsa_v1_eta_crop_0.9)
====================================================================
logging:
  dir: Log
  level: INFO
  console: true
project:
  name: retailrocket
  filename_mode: custom
  custom_filename: CatSA_v1_eta_crop_0.9.log
wandb:
  enabled: true
  api_key: '***da-che***'
  project: ''
  entity: ''
  run_name: ''
  mode: online
dataset:
  source: kagglehub
  kagglehub_handle: retailrocket/ecommerce-dataset
  local_path: data/raw
  name: retailrocket
preprocess:
  output_dir: data/retailrocket_2_5
  train_file: train.txt
  val_file: val.txt
  test_file: test.txt
  lookup_file: lookup_tables.pkl
  event_types:
  - view
  session_same_day: true
  session_gap_seconds: 1800
  dedup_consecutive: false
  min_item_support: 5
  min_session_length: 2
  max_session_length: 5
  session_length_mode: filter
  max_prefix_length: 50
  require_item_category: false
  val_ratio: 0.1
  test_ratio: 0.1
  max_sessions: 0
data:
  data_dir: data/retailrocket_item_hon_5
  train_file: train.txt
  val_file: val.txt
  test_file: test.txt
  lookup_file: lookup_tables.pkl
model:
  embedding_dim: 100
  num_layers: 2
  use_taxonomy: true
  dropout: 0.1
augment:
  strategies:
  - same
  - sibling
  - hybrid
  strategy_weights: []
  eta_aug: 0.3
  eta_crop: 0.9
  k_min: 5
training:
  use_cl: true
  lambda_cl: 0.1
  tau: 0.5
  batch_size: 100
  learning_rate: 0.001
  weight_decay: 1.0e-05
  max_epochs: 30
  patience: 5
  grad_clip: 5.0
  seed: 42
  device: auto
  num_workers: 0
  checkpoint_dir: checkpoints
  save_dir: checkpoints/retailrocket/catsa_v1/CatSA_v1_eta_crop_0.9
evaluation:
  top_k:
  - 10
  - 20
  primary_metric: mrr@20
config_dir: config
version: catsa_v1_eta_crop_0.9
====================================================================
2026-07-06 19:44:35 | INFO    | wandb: run 'CatSA_v1_eta_crop_0.9' — https://wandb.ai/hongichik321-aol/retailrocket/runs/m63qijf9
2026-07-06 19:44:36 | INFO    | Dữ liệu [data/retailrocket_item_hon_5]: |I|=79649, |C|=1185, train=283023 phiên
2026-07-06 19:44:36 | INFO    | Thiết bị: cuda | use_cl=True (CatSA đầy đủ)
2026-07-06 19:44:36 | INFO    | Augmentation strategies: ['same', 'sibling', 'hybrid'] | eta_aug=0.30, eta_crop=0.90, k_min=5, unk_cat_idx=0
2026-07-06 19:44:36 | INFO    | max_prefix_length=50 (giới hạn lịch sử khi tạo mẫu sliding window)
2026-07-06 19:44:36 | INFO    | Số mẫu train/val/test (sliding window): 764873 / 87318 / 81372
2026-07-06 19:44:36 | INFO    | Checkpoint của run này: /home/hongnguyen/demo2/checkpoints/retailrocket/catsa_v1/CatSA_v1_eta_crop_0.9
2026-07-06 19:48:21 | INFO    | Epoch 1: total=7.3120, rec=6.9339, cl=3.7811 (224.1s)
2026-07-06 19:48:31 | INFO    |   Val: hr@10=0.3946 | ndcg@10=0.2845 | mrr@10=0.2500 | hr@20=0.4560 | ndcg@20=0.3000 | mrr@20=0.2543
2026-07-06 19:48:31 | INFO    |   → Model tốt nhất mới (mrr@20=0.2543), lưu checkpoints/retailrocket/catsa_v1/CatSA_v1_eta_crop_0.9/best_model.pt
2026-07-06 19:52:15 | INFO    | Epoch 2: total=5.4711, rec=5.0979, cl=3.7324 (223.9s)
2026-07-06 19:52:26 | INFO    |   Val: hr@10=0.4305 | ndcg@10=0.3110 | mrr@10=0.2736 | hr@20=0.4943 | ndcg@20=0.3272 | mrr@20=0.2780
2026-07-06 19:52:26 | INFO    |   → Model tốt nhất mới (mrr@20=0.2780), lưu checkpoints/retailrocket/catsa_v1/CatSA_v1_eta_crop_0.9/best_model.pt
2026-07-06 19:56:10 | INFO    | Epoch 3: total=5.1351, rec=4.7644, cl=3.7073 (223.9s)
2026-07-06 19:56:21 | INFO    |   Val: hr@10=0.4426 | ndcg@10=0.3181 | mrr@10=0.2790 | hr@20=0.5084 | ndcg@20=0.3347 | mrr@20=0.2836
2026-07-06 19:56:21 | INFO    |   → Model tốt nhất mới (mrr@20=0.2836), lưu checkpoints/retailrocket/catsa_v1/CatSA_v1_eta_crop_0.9/best_model.pt
2026-07-06 20:00:05 | INFO    | Epoch 4: total=4.9874, rec=4.6187, cl=3.6869 (223.8s)
2026-07-06 20:00:15 | INFO    |   Val: hr@10=0.4496 | ndcg@10=0.3249 | mrr@10=0.2858 | hr@20=0.5159 | ndcg@20=0.3417 | mrr@20=0.2904
2026-07-06 20:00:15 | INFO    |   → Model tốt nhất mới (mrr@20=0.2904), lưu checkpoints/retailrocket/catsa_v1/CatSA_v1_eta_crop_0.9/best_model.pt
2026-07-06 20:03:59 | INFO    | Epoch 5: total=4.8986, rec=4.5315, cl=3.6707 (223.9s)
2026-07-06 20:04:10 | INFO    |   Val: hr@10=0.4505 | ndcg@10=0.3257 | mrr@10=0.2865 | hr@20=0.5153 | ndcg@20=0.3421 | mrr@20=0.2910
2026-07-06 20:04:10 | INFO    |   → Model tốt nhất mới (mrr@20=0.2910), lưu checkpoints/retailrocket/catsa_v1/CatSA_v1_eta_crop_0.9/best_model.pt
2026-07-06 20:07:54 | INFO    | Epoch 6: total=4.8366, rec=4.4707, cl=3.6589 (223.7s)
2026-07-06 20:08:05 | INFO    |   Val: hr@10=0.4493 | ndcg@10=0.3244 | mrr@10=0.2852 | hr@20=0.5140 | ndcg@20=0.3407 | mrr@20=0.2897
2026-07-06 20:11:48 | INFO    | Epoch 7: total=4.7857, rec=4.4208, cl=3.6489 (224.0s)
2026-07-06 20:11:59 | INFO    |   Val: hr@10=0.4498 | ndcg@10=0.3277 | mrr@10=0.2894 | hr@20=0.5143 | ndcg@20=0.3441 | mrr@20=0.2939
2026-07-06 20:11:59 | INFO    |   → Model tốt nhất mới (mrr@20=0.2939), lưu checkpoints/retailrocket/catsa_v1/CatSA_v1_eta_crop_0.9/best_model.pt
2026-07-06 20:15:43 | INFO    | Epoch 8: total=4.7517, rec=4.3877, cl=3.6401 (223.7s)
2026-07-06 20:15:54 | INFO    |   Val: hr@10=0.4509 | ndcg@10=0.3274 | mrr@10=0.2887 | hr@20=0.5156 | ndcg@20=0.3438 | mrr@20=0.2932
2026-07-06 20:19:38 | INFO    | Epoch 9: total=4.7192, rec=4.3559, cl=3.6330 (224.0s)
2026-07-06 20:19:49 | INFO    |   Val: hr@10=0.4510 | ndcg@10=0.3269 | mrr@10=0.2880 | hr@20=0.5139 | ndcg@20=0.3428 | mrr@20=0.2924
2026-07-06 20:23:33 | INFO    | Epoch 10: total=4.6947, rec=4.3321, cl=3.6261 (224.3s)
2026-07-06 20:23:44 | INFO    |   Val: hr@10=0.4527 | ndcg@10=0.3273 | mrr@10=0.2879 | hr@20=0.5163 | ndcg@20=0.3433 | mrr@20=0.2923
2026-07-06 20:27:27 | INFO    | Epoch 11: total=4.6714, rec=4.3094, cl=3.6206 (223.5s)
2026-07-06 20:27:38 | INFO    |   Val: hr@10=0.4512 | ndcg@10=0.3262 | mrr@10=0.2871 | hr@20=0.5142 | ndcg@20=0.3422 | mrr@20=0.2915
2026-07-06 20:31:22 | INFO    | Epoch 12: total=4.6530, rec=4.2914, cl=3.6161 (223.9s)
2026-07-06 20:31:33 | INFO    |   Val: hr@10=0.4510 | ndcg@10=0.3265 | mrr@10=0.2874 | hr@20=0.5148 | ndcg@20=0.3426 | mrr@20=0.2919
2026-07-06 20:31:33 | INFO    | Early stopping tại epoch 12 (mrr@20 không cải thiện 5 epoch)
2026-07-06 20:31:43 | INFO    | KẾT QUẢ TEST (best model): hr@10=0.4378 | ndcg@10=0.3156 | mrr@10=0.2774 | hr@20=0.5008 | ndcg@20=0.3316 | mrr@20=0.2818
2026-07-06 20:31:43 | INFO    | [CatSA] Hoàn tất catsa_v1_eta_crop_0.9.yaml. Test metrics: hr@10=0.4378 | ndcg@10=0.3156 | mrr@10=0.2774 | hr@20=0.5008 | ndcg@20=0.3316 | mrr@20=0.2818
