2026-07-10 15:15:24 | INFO    | Log được ghi tại: /home/hongnguyen/demo2/Log/tmall/CORE/main/core_trm_tmall.log
2026-07-10 15:15:24 | INFO    | 
====================================================================
CẤU HÌNH CORE (config_dir: config | version: core_trm)
====================================================================
logging:
  dir: Log
  level: INFO
  console: true
project:
  name: tmall
  filename_mode: custom
  custom_filename: CORE/main/core_trm_tmall.log
wandb:
  enabled: true
  api_key: '***da-che***'
  project: ''
  entity: ''
  run_name: ''
  mode: online
data:
  data_dir: data/tmall
  train_file: train.txt
  val_file: val.txt
  test_file: test.txt
  lookup_file: lookup_tables.pkl
core_model:
  type: trm
  embedding_size: 100
  inner_size: 256
  n_layers: 2
  n_heads: 2
  hidden_dropout_prob: 0.5
  attn_dropout_prob: 0.5
  hidden_act: gelu
  layer_norm_eps: 1.0e-12
  initializer_range: 0.02
  sess_dropout: 0.2
  item_dropout: 0.2
  temperature: 0.07
  max_seq_length: 50
core_training:
  batch_size: 256
  learning_rate: 0.001
  weight_decay: 1.0e-05
  max_epochs: 30
  patience: 5
  grad_clip: 5.0
  seed: 42
  device: auto
  num_workers: 0
  checkpoint_dir: checkpoints
  save_dir: checkpoints/CORE/tmall/core_trm
evaluation:
  top_k:
  - 10
  - 20
  primary_metric: mrr@20
  mode: standard
  length_threshold: 5
  checkpoint_short: ''
  checkpoint_long: ''
config_dir: config
version: core_trm
====================================================================
2026-07-10 15:15:29 | INFO    | wandb: run 'core_trm_tmall' — https://wandb.ai/hongichik321-aol/tmall/runs/gsakrhsy
2026-07-10 15:15:34 | INFO    | Dữ liệu [data/tmall]: |I|=624693, train=3758816 phiên
2026-07-10 15:15:34 | INFO    | Thiết bị: cuda | model=trm
2026-07-10 15:15:34 | INFO    | max_prefix_length=50
2026-07-10 15:16:05 | INFO    | Số mẫu train/val/test (sliding window): 25181021 / 5544843 / 10412630
2026-07-10 15:16:06 | INFO    | Checkpoint của run này: /home/hongnguyen/demo2/checkpoints/CORE/tmall/core_trm
2026-07-10 16:27:10 | INFO    | Epoch 1: loss=8.6930 (4264.6s)
2026-07-10 16:32:19 | INFO    |   Val: hr@10=0.1671 | ndcg@10=0.1144 | mrr@10=0.0981 | hr@20=0.2035 | ndcg@20=0.1236 | mrr@20=0.1006
2026-07-10 16:32:19 | INFO    |   → Model tốt nhất mới (mrr@20=0.1006), lưu checkpoints/CORE/tmall/core_trm/best_model.pt
2026-07-10 17:43:25 | INFO    | Epoch 2: loss=8.4969 (4265.6s)
2026-07-10 17:48:33 | INFO    |   Val: hr@10=0.1670 | ndcg@10=0.1144 | mrr@10=0.0981 | hr@20=0.2034 | ndcg@20=0.1236 | mrr@20=0.1006
2026-07-10 17:48:34 | INFO    |   → Model tốt nhất mới (mrr@20=0.1006), lưu checkpoints/CORE/tmall/core_trm/best_model.pt
2026-07-10 18:59:39 | INFO    | Epoch 3: loss=8.4902 (4264.9s)
2026-07-10 19:04:47 | INFO    |   Val: hr@10=0.1669 | ndcg@10=0.1149 | mrr@10=0.0987 | hr@20=0.2032 | ndcg@20=0.1240 | mrr@20=0.1012
2026-07-10 19:04:49 | INFO    |   → Model tốt nhất mới (mrr@20=0.1012), lưu checkpoints/CORE/tmall/core_trm/best_model.pt
2026-07-10 20:15:53 | INFO    | Epoch 4: loss=8.4885 (4264.7s)
2026-07-10 20:21:02 | INFO    |   Val: hr@10=0.1678 | ndcg@10=0.1154 | mrr@10=0.0992 | hr@20=0.2042 | ndcg@20=0.1246 | mrr@20=0.1017
2026-07-10 20:21:02 | INFO    |   → Model tốt nhất mới (mrr@20=0.1017), lưu checkpoints/CORE/tmall/core_trm/best_model.pt
2026-07-10 21:32:08 | INFO    | Epoch 5: loss=8.4870 (4265.4s)
2026-07-10 21:37:16 | INFO    |   Val: hr@10=0.1668 | ndcg@10=0.1148 | mrr@10=0.0987 | hr@20=0.2033 | ndcg@20=0.1240 | mrr@20=0.1012
2026-07-10 22:48:21 | INFO    | Epoch 6: loss=8.4854 (4264.4s)
2026-07-10 22:53:28 | INFO    |   Val: hr@10=0.1672 | ndcg@10=0.1151 | mrr@10=0.0990 | hr@20=0.2036 | ndcg@20=0.1243 | mrr@20=0.1015
2026-07-11 00:06:09 | INFO    | Epoch 7: loss=8.4855 (4360.7s)
2026-07-11 00:11:18 | INFO    |   Val: hr@10=0.1666 | ndcg@10=0.1148 | mrr@10=0.0988 | hr@20=0.2029 | ndcg@20=0.1240 | mrr@20=0.1013
2026-07-11 01:35:11 | INFO    | Epoch 8: loss=8.4841 (5033.2s)
2026-07-11 01:40:37 | INFO    |   Val: hr@10=0.1680 | ndcg@10=0.1157 | mrr@10=0.0994 | hr@20=0.2049 | ndcg@20=0.1250 | mrr@20=0.1020
2026-07-11 01:40:37 | INFO    |   → Model tốt nhất mới (mrr@20=0.1020), lưu checkpoints/CORE/tmall/core_trm/best_model.pt
2026-07-11 03:13:15 | INFO    | Epoch 9: loss=8.4830 (5557.7s)
2026-07-11 03:18:24 | INFO    |   Val: hr@10=0.1680 | ndcg@10=0.1155 | mrr@10=0.0992 | hr@20=0.2048 | ndcg@20=0.1248 | mrr@20=0.1018
2026-07-11 04:29:56 | INFO    | Epoch 10: loss=8.4852 (4291.3s)
2026-07-11 04:35:04 | INFO    |   Val: hr@10=0.1681 | ndcg@10=0.1154 | mrr@10=0.0991 | hr@20=0.2049 | ndcg@20=0.1247 | mrr@20=0.1017
2026-07-11 05:46:11 | INFO    | Epoch 11: loss=8.4848 (4266.3s)
2026-07-11 05:51:19 | INFO    |   Val: hr@10=0.1689 | ndcg@10=0.1161 | mrr@10=0.0997 | hr@20=0.2057 | ndcg@20=0.1254 | mrr@20=0.1023
2026-07-11 05:51:20 | INFO    |   → Model tốt nhất mới (mrr@20=0.1023), lưu checkpoints/CORE/tmall/core_trm/best_model.pt
2026-07-11 07:02:28 | INFO    | Epoch 12: loss=8.4859 (4268.0s)
2026-07-11 07:07:36 | INFO    |   Val: hr@10=0.1680 | ndcg@10=0.1155 | mrr@10=0.0993 | hr@20=0.2046 | ndcg@20=0.1248 | mrr@20=0.1018
2026-07-11 08:18:40 | INFO    | Epoch 13: loss=8.4844 (4263.3s)
2026-07-11 08:23:48 | INFO    |   Val: hr@10=0.1688 | ndcg@10=0.1159 | mrr@10=0.0995 | hr@20=0.2059 | ndcg@20=0.1253 | mrr@20=0.1021
2026-07-11 09:34:53 | INFO    | Epoch 14: loss=8.4842 (4265.2s)
2026-07-11 09:40:02 | INFO    |   Val: hr@10=0.1683 | ndcg@10=0.1156 | mrr@10=0.0993 | hr@20=0.2050 | ndcg@20=0.1249 | mrr@20=0.1019
2026-07-11 10:51:08 | INFO    | Epoch 15: loss=8.4843 (4266.5s)
2026-07-11 10:56:17 | INFO    |   Val: hr@10=0.1678 | ndcg@10=0.1154 | mrr@10=0.0991 | hr@20=0.2047 | ndcg@20=0.1247 | mrr@20=0.1017
2026-07-11 12:07:21 | INFO    | Epoch 16: loss=8.4840 (4264.3s)
2026-07-11 12:12:30 | INFO    |   Val: hr@10=0.1688 | ndcg@10=0.1160 | mrr@10=0.0996 | hr@20=0.2059 | ndcg@20=0.1254 | mrr@20=0.1022
2026-07-11 12:12:30 | INFO    | Early stopping tại epoch 16 (mrr@20 không cải thiện 5 epoch)
2026-07-11 12:22:16 | INFO    | KẾT QUẢ TEST (best model): hr@10=0.2356 | ndcg@10=0.1859 | mrr@10=0.1704 | hr@20=0.2666 | ndcg@20=0.1937 | mrr@20=0.1725
2026-07-11 12:22:18 | INFO    | [CORE] Hoàn tất core_trm.yaml. Test metrics: hr@10=0.2356 | ndcg@10=0.1859 | mrr@10=0.1704 | hr@20=0.2666 | ndcg@20=0.1937 | mrr@20=0.1725
