2026-07-05 10:54:14 | INFO    | Log được ghi tại: /home/hongnguyen/demo2/Log/CatSA_v1/diginetica_tune_batch2048.log
2026-07-05 10:54:14 | INFO    | 
====================================================================
CẤU HÌNH LÚC CHẠY (config_dir: config | version: catsa_tune_batch2048)
====================================================================
logging:
  dir: Log
  level: INFO
  console: true
project:
  name: CatSA_v1
  filename_mode: custom
  custom_filename: diginetica_tune_batch2048.log
wandb:
  enabled: true
  api_key: '***da-che***'
  project: ''
  entity: ''
  run_name: ''
  mode: online
dataset:
  source: kagglehub
  kagglehub_handle: retailrocket/ecommerce-dataset
  local_path: data/raw
  name: retailrocket
preprocess:
  output_dir: data/retailrocket_2_5
  train_file: train.txt
  val_file: val.txt
  test_file: test.txt
  lookup_file: lookup_tables.pkl
  event_types:
  - view
  session_same_day: true
  session_gap_seconds: 1800
  dedup_consecutive: false
  min_item_support: 5
  min_session_length: 2
  max_session_length: 5
  session_length_mode: filter
  max_prefix_length: 50
  require_item_category: false
  val_ratio: 0.1
  test_ratio: 0.1
  max_sessions: 0
data:
  data_dir: data/diginetica
  train_file: train.txt
  val_file: val.txt
  test_file: test.txt
  lookup_file: lookup_tables.pkl
model:
  embedding_dim: 100
  num_layers: 1
  use_taxonomy: false
  dropout: 0.2
augment:
  strategies:
  - same
  strategy_weights: []
  eta_aug: 0.2
  eta_crop: 0.75
  k_min: 5
training:
  use_cl: false
  lambda_cl: 0.1
  tau: 0.5
  batch_size: 2048
  learning_rate: 0.001
  weight_decay: 1.0e-05
  max_epochs: 50
  patience: 10
  grad_clip: 5.0
  seed: 42
  device: auto
  num_workers: 0
  checkpoint_dir: checkpoints
  save_dir: checkpoints/CatSA_v1/catsa_v1/diginetica_tune_batch2048
evaluation:
  top_k:
  - 10
  - 20
  primary_metric: mrr@20
config_dir: config
version: catsa_tune_batch2048
====================================================================
2026-07-05 10:54:17 | INFO    | wandb: run 'diginetica_tune_batch2048' — https://wandb.ai/hongichik321-aol/CatSA_v1/runs/k98n9rxu
2026-07-05 10:54:17 | INFO    | Dữ liệu [data/diginetica]: |I|=44459, |C|=1019, train=164559 phiên
2026-07-05 10:54:17 | INFO    | Thiết bị: cuda | use_cl=False (A2 - Module 1 only)
2026-07-05 10:54:17 | INFO    | max_prefix_length=50 (giới hạn lịch sử khi tạo mẫu sliding window)
2026-07-05 10:54:18 | INFO    | Số mẫu train/val/test (sliding window): 638009 / 77133 / 77988
2026-07-05 10:54:18 | INFO    | Checkpoint của run này: /home/hongnguyen/demo2/checkpoints/CatSA_v1/catsa_v1/diginetica_tune_batch2048
2026-07-05 10:55:19 | INFO    | Epoch 1: total=9.4508, rec=9.4508, cl=0.0000 (61.1s)
2026-07-05 10:55:26 | INFO    |   Val: hr@10=0.1327 | ndcg@10=0.0722 | mrr@10=0.0538 | hr@20=0.1930 | ndcg@20=0.0873 | mrr@20=0.0579
2026-07-05 10:55:26 | INFO    |   → Model tốt nhất mới (mrr@20=0.0579), lưu checkpoints/CatSA_v1/catsa_v1/diginetica_tune_batch2048/best_model.pt
2026-07-05 10:56:25 | INFO    | Epoch 2: total=6.9186, rec=6.9186, cl=0.0000 (59.0s)
2026-07-05 10:56:32 | INFO    |   Val: hr@10=0.2383 | ndcg@10=0.1324 | mrr@10=0.1002 | hr@20=0.3341 | ndcg@20=0.1566 | mrr@20=0.1068
2026-07-05 10:56:32 | INFO    |   → Model tốt nhất mới (mrr@20=0.1068), lưu checkpoints/CatSA_v1/catsa_v1/diginetica_tune_batch2048/best_model.pt
2026-07-05 10:57:33 | INFO    | Epoch 3: total=5.8007, rec=5.8007, cl=0.0000 (60.7s)
2026-07-05 10:57:40 | INFO    |   Val: hr@10=0.2890 | ndcg@10=0.1622 | mrr@10=0.1237 | hr@20=0.3984 | ndcg@20=0.1898 | mrr@20=0.1312
2026-07-05 10:57:40 | INFO    |   → Model tốt nhất mới (mrr@20=0.1312), lưu checkpoints/CatSA_v1/catsa_v1/diginetica_tune_batch2048/best_model.pt
2026-07-05 10:58:39 | INFO    | Epoch 4: total=5.3120, rec=5.3120, cl=0.0000 (59.0s)
2026-07-05 10:58:45 | INFO    |   Val: hr@10=0.3112 | ndcg@10=0.1749 | mrr@10=0.1334 | hr@20=0.4285 | ndcg@20=0.2045 | mrr@20=0.1414
2026-07-05 10:58:46 | INFO    |   → Model tốt nhất mới (mrr@20=0.1414), lưu checkpoints/CatSA_v1/catsa_v1/diginetica_tune_batch2048/best_model.pt
2026-07-05 10:59:45 | INFO    | Epoch 5: total=5.0392, rec=5.0392, cl=0.0000 (59.4s)
2026-07-05 10:59:52 | INFO    |   Val: hr@10=0.3288 | ndcg@10=0.1849 | mrr@10=0.1411 | hr@20=0.4519 | ndcg@20=0.2160 | mrr@20=0.1496
2026-07-05 10:59:52 | INFO    |   → Model tốt nhất mới (mrr@20=0.1496), lưu checkpoints/CatSA_v1/catsa_v1/diginetica_tune_batch2048/best_model.pt
2026-07-05 11:00:52 | INFO    | Epoch 6: total=4.8554, rec=4.8554, cl=0.0000 (59.7s)
2026-07-05 11:00:58 | INFO    |   Val: hr@10=0.3392 | ndcg@10=0.1903 | mrr@10=0.1449 | hr@20=0.4641 | ndcg@20=0.2218 | mrr@20=0.1535
2026-07-05 11:00:58 | INFO    |   → Model tốt nhất mới (mrr@20=0.1535), lưu checkpoints/CatSA_v1/catsa_v1/diginetica_tune_batch2048/best_model.pt
2026-07-05 11:01:59 | INFO    | Epoch 7: total=4.7222, rec=4.7222, cl=0.0000 (60.3s)
2026-07-05 11:02:06 | INFO    |   Val: hr@10=0.3477 | ndcg@10=0.1946 | mrr@10=0.1479 | hr@20=0.4745 | ndcg@20=0.2266 | mrr@20=0.1567
2026-07-05 11:02:06 | INFO    |   → Model tốt nhất mới (mrr@20=0.1567), lưu checkpoints/CatSA_v1/catsa_v1/diginetica_tune_batch2048/best_model.pt
2026-07-05 11:03:05 | INFO    | Epoch 8: total=4.6173, rec=4.6173, cl=0.0000 (58.8s)
2026-07-05 11:03:12 | INFO    |   Val: hr@10=0.3510 | ndcg@10=0.1959 | mrr@10=0.1486 | hr@20=0.4774 | ndcg@20=0.2278 | mrr@20=0.1574
2026-07-05 11:03:12 | INFO    |   → Model tốt nhất mới (mrr@20=0.1574), lưu checkpoints/CatSA_v1/catsa_v1/diginetica_tune_batch2048/best_model.pt
2026-07-05 11:04:10 | INFO    | Epoch 9: total=4.5251, rec=4.5251, cl=0.0000 (58.2s)
2026-07-05 11:04:17 | INFO    |   Val: hr@10=0.3522 | ndcg@10=0.1970 | mrr@10=0.1497 | hr@20=0.4808 | ndcg@20=0.2295 | mrr@20=0.1586
2026-07-05 11:04:17 | INFO    |   → Model tốt nhất mới (mrr@20=0.1586), lưu checkpoints/CatSA_v1/catsa_v1/diginetica_tune_batch2048/best_model.pt
2026-07-05 11:05:15 | INFO    | Epoch 10: total=4.4479, rec=4.4479, cl=0.0000 (58.8s)
2026-07-05 11:05:22 | INFO    |   Val: hr@10=0.3574 | ndcg@10=0.1992 | mrr@10=0.1509 | hr@20=0.4829 | ndcg@20=0.2308 | mrr@20=0.1595
2026-07-05 11:05:22 | INFO    |   → Model tốt nhất mới (mrr@20=0.1595), lưu checkpoints/CatSA_v1/catsa_v1/diginetica_tune_batch2048/best_model.pt
2026-07-05 11:06:21 | INFO    | Epoch 11: total=4.3779, rec=4.3779, cl=0.0000 (58.6s)
2026-07-05 11:06:28 | INFO    |   Val: hr@10=0.3591 | ndcg@10=0.2001 | mrr@10=0.1516 | hr@20=0.4874 | ndcg@20=0.2324 | mrr@20=0.1604
2026-07-05 11:06:28 | INFO    |   → Model tốt nhất mới (mrr@20=0.1604), lưu checkpoints/CatSA_v1/catsa_v1/diginetica_tune_batch2048/best_model.pt
2026-07-05 11:07:27 | INFO    | Epoch 12: total=4.3156, rec=4.3156, cl=0.0000 (59.0s)
2026-07-05 11:07:34 | INFO    |   Val: hr@10=0.3584 | ndcg@10=0.1990 | mrr@10=0.1504 | hr@20=0.4880 | ndcg@20=0.2318 | mrr@20=0.1594
2026-07-05 11:08:33 | INFO    | Epoch 13: total=4.2535, rec=4.2535, cl=0.0000 (59.1s)
2026-07-05 11:08:40 | INFO    |   Val: hr@10=0.3592 | ndcg@10=0.1993 | mrr@10=0.1506 | hr@20=0.4874 | ndcg@20=0.2316 | mrr@20=0.1594
2026-07-05 11:09:40 | INFO    | Epoch 14: total=4.1953, rec=4.1953, cl=0.0000 (60.5s)
2026-07-05 11:09:47 | INFO    |   Val: hr@10=0.3568 | ndcg@10=0.1971 | mrr@10=0.1484 | hr@20=0.4870 | ndcg@20=0.2300 | mrr@20=0.1574
2026-07-05 11:10:46 | INFO    | Epoch 15: total=4.1411, rec=4.1411, cl=0.0000 (59.0s)
2026-07-05 11:10:53 | INFO    |   Val: hr@10=0.3547 | ndcg@10=0.1955 | mrr@10=0.1469 | hr@20=0.4836 | ndcg@20=0.2281 | mrr@20=0.1559
2026-07-05 11:11:52 | INFO    | Epoch 16: total=4.0900, rec=4.0900, cl=0.0000 (58.7s)
2026-07-05 11:11:59 | INFO    |   Val: hr@10=0.3536 | ndcg@10=0.1941 | mrr@10=0.1456 | hr@20=0.4836 | ndcg@20=0.2270 | mrr@20=0.1546
2026-07-05 11:12:58 | INFO    | Epoch 17: total=4.0417, rec=4.0417, cl=0.0000 (58.6s)
2026-07-05 11:13:05 | INFO    |   Val: hr@10=0.3511 | ndcg@10=0.1933 | mrr@10=0.1452 | hr@20=0.4816 | ndcg@20=0.2263 | mrr@20=0.1542
2026-07-05 11:14:05 | INFO    | Epoch 18: total=3.9936, rec=3.9936, cl=0.0000 (60.8s)
2026-07-05 11:14:12 | INFO    |   Val: hr@10=0.3500 | ndcg@10=0.1918 | mrr@10=0.1435 | hr@20=0.4797 | ndcg@20=0.2245 | mrr@20=0.1525
2026-07-05 11:15:12 | INFO    | Epoch 19: total=3.9504, rec=3.9504, cl=0.0000 (59.7s)
2026-07-05 11:15:19 | INFO    |   Val: hr@10=0.3469 | ndcg@10=0.1906 | mrr@10=0.1430 | hr@20=0.4782 | ndcg@20=0.2238 | mrr@20=0.1521
2026-07-05 11:16:19 | INFO    | Epoch 20: total=3.9057, rec=3.9057, cl=0.0000 (60.1s)
2026-07-05 11:16:26 | INFO    |   Val: hr@10=0.3460 | ndcg@10=0.1886 | mrr@10=0.1406 | hr@20=0.4767 | ndcg@20=0.2216 | mrr@20=0.1497
2026-07-05 11:17:26 | INFO    | Epoch 21: total=3.8679, rec=3.8679, cl=0.0000 (60.5s)
2026-07-05 11:17:34 | INFO    |   Val: hr@10=0.3424 | ndcg@10=0.1880 | mrr@10=0.1410 | hr@20=0.4743 | ndcg@20=0.2213 | mrr@20=0.1501
2026-07-05 11:17:34 | INFO    | Early stopping tại epoch 21 (mrr@20 không cải thiện 10 epoch)
2026-07-05 11:17:41 | INFO    | KẾT QUẢ TEST (best model): hr@10=0.3581 | ndcg@10=0.1999 | mrr@10=0.1516 | hr@20=0.4868 | ndcg@20=0.2324 | mrr@20=0.1605
2026-07-05 11:17:41 | INFO    | [CatSA] Hoàn tất catsa_tune_batch2048.yaml. Test metrics: hr@10=0.3581 | ndcg@10=0.1999 | mrr@10=0.1516 | hr@20=0.4868 | ndcg@20=0.2324 | mrr@20=0.1605
