2026-07-04 06:23:07 | INFO    | Log được ghi tại: /home/hongnguyen/demo2/Log/CatSA_v1/CatSA_v1.log
2026-07-04 06:23:07 | INFO    | 
====================================================================
CẤU HÌNH LÚC CHẠY (config_dir: config | version: catsa_v1)
====================================================================
logging:
  dir: Log
  level: INFO
  console: true
project:
  name: CatSA_v1
  filename_mode: custom
  custom_filename: CatSA_v1.log
wandb:
  enabled: true
  api_key: '***da-che***'
  project: ''
  entity: ''
  run_name: ''
  mode: online
dataset:
  source: kagglehub
  kagglehub_handle: retailrocket/ecommerce-dataset
  local_path: data/raw
  name: retailrocket
preprocess:
  output_dir: data/retailrocket_item_hon_5
  train_file: train.txt
  val_file: val.txt
  test_file: test.txt
  lookup_file: lookup_tables.pkl
  event_types:
  - view
  session_gap_seconds: 1800
  min_item_support: 5
  min_session_length: 2
  max_session_length: 50
  val_ratio: 0.1
  test_ratio: 0.1
  max_sessions: 0
data:
  data_dir: data/retailrocket_item_hon_5
  train_file: train.txt
  val_file: val.txt
  test_file: test.txt
  lookup_file: lookup_tables.pkl
model:
  embedding_dim: 100
  num_layers: 2
  use_taxonomy: true
  dropout: 0.2
augment:
  strategies:
  - same
  - sibling
  - hybrid
  strategy_weights: []
  eta_aug: 0.3
  eta_crop: 0.75
  k_min: 5
training:
  use_cl: true
  lambda_cl: 0.1
  tau: 0.5
  batch_size: 100
  learning_rate: 0.0005
  weight_decay: 0.0001
  max_epochs: 50
  patience: 5
  grad_clip: 5.0
  seed: 42
  device: auto
  num_workers: 0
  checkpoint_dir: checkpoints
  save_dir: checkpoints/CatSA_v1/catsa_v1/CatSA_v1
evaluation:
  top_k:
  - 10
  - 20
  primary_metric: hr@20
config_dir: config
version: catsa_v1
====================================================================
2026-07-04 06:23:10 | INFO    | wandb: run 'CatSA_v1' — https://wandb.ai/hongichik321-aol/CatSA_v1/runs/nfb1ih3k
2026-07-04 06:23:10 | INFO    | Dữ liệu [data/retailrocket_item_hon_5]: |I|=63902, |C|=1144, train=183313 phiên
2026-07-04 06:23:10 | INFO    | Thiết bị: cuda | use_cl=True (CatSA đầy đủ)
2026-07-04 06:23:10 | INFO    | Augmentation strategies: ['same', 'sibling', 'hybrid'] | eta_aug=0.30, k_min=5
2026-07-04 06:23:10 | INFO    | Số mẫu train/val/test (sliding window): 486337 / 55972 / 51517
2026-07-04 06:23:11 | INFO    | Checkpoint của run này: /home/hongnguyen/demo2/checkpoints/CatSA_v1/catsa_v1/CatSA_v1
2026-07-04 06:25:29 | INFO    | Epoch 1: total=8.6901, rec=8.3130, cl=3.7712 (138.2s)
2026-07-04 06:25:36 | INFO    |   Val: hr@10=0.1861 | ndcg@10=0.1009 | mrr@10=0.0749 | hr@20=0.2618 | ndcg@20=0.1200 | mrr@20=0.0801
2026-07-04 06:25:36 | INFO    |   → Model tốt nhất mới (hr@20=0.2618), lưu checkpoints/CatSA_v1/catsa_v1/CatSA_v1/best_model.pt
2026-07-04 06:27:53 | INFO    | Epoch 2: total=7.0155, rec=6.6411, cl=3.7439 (137.7s)
2026-07-04 06:28:00 | INFO    |   Val: hr@10=0.2344 | ndcg@10=0.1293 | mrr@10=0.0972 | hr@20=0.3200 | ndcg@20=0.1508 | mrr@20=0.1031
2026-07-04 06:28:00 | INFO    |   → Model tốt nhất mới (hr@20=0.3200), lưu checkpoints/CatSA_v1/catsa_v1/CatSA_v1/best_model.pt
2026-07-04 06:30:19 | INFO    | Epoch 3: total=6.5563, rec=6.1844, cl=3.7191 (138.4s)
2026-07-04 06:30:26 | INFO    |   Val: hr@10=0.2544 | ndcg@10=0.1401 | mrr@10=0.1051 | hr@20=0.3453 | ndcg@20=0.1630 | mrr@20=0.1114
2026-07-04 06:30:26 | INFO    |   → Model tốt nhất mới (hr@20=0.3453), lưu checkpoints/CatSA_v1/catsa_v1/CatSA_v1/best_model.pt
2026-07-04 06:32:43 | INFO    | Epoch 4: total=6.3044, rec=5.9350, cl=3.6943 (137.8s)
2026-07-04 06:32:50 | INFO    |   Val: hr@10=0.2703 | ndcg@10=0.1488 | mrr@10=0.1117 | hr@20=0.3615 | ndcg@20=0.1718 | mrr@20=0.1180
2026-07-04 06:32:50 | INFO    |   → Model tốt nhất mới (hr@20=0.3615), lưu checkpoints/CatSA_v1/catsa_v1/CatSA_v1/best_model.pt
2026-07-04 06:35:08 | INFO    | Epoch 5: total=6.1421, rec=5.7746, cl=3.6747 (137.7s)
2026-07-04 06:35:15 | INFO    |   Val: hr@10=0.2779 | ndcg@10=0.1533 | mrr@10=0.1152 | hr@20=0.3717 | ndcg@20=0.1770 | mrr@20=0.1217
2026-07-04 06:35:15 | INFO    |   → Model tốt nhất mới (hr@20=0.3717), lưu checkpoints/CatSA_v1/catsa_v1/CatSA_v1/best_model.pt
2026-07-04 06:37:32 | INFO    | Epoch 6: total=6.0328, rec=5.6670, cl=3.6583 (137.3s)
2026-07-04 06:37:39 | INFO    |   Val: hr@10=0.2836 | ndcg@10=0.1571 | mrr@10=0.1185 | hr@20=0.3752 | ndcg@20=0.1803 | mrr@20=0.1248
2026-07-04 06:37:39 | INFO    |   → Model tốt nhất mới (hr@20=0.3752), lưu checkpoints/CatSA_v1/catsa_v1/CatSA_v1/best_model.pt
2026-07-04 06:39:57 | INFO    | Epoch 7: total=5.9554, rec=5.5910, cl=3.6447 (137.8s)
2026-07-04 06:40:04 | INFO    |   Val: hr@10=0.2900 | ndcg@10=0.1623 | mrr@10=0.1232 | hr@20=0.3809 | ndcg@20=0.1853 | mrr@20=0.1295
2026-07-04 06:40:04 | INFO    |   → Model tốt nhất mới (hr@20=0.3809), lưu checkpoints/CatSA_v1/catsa_v1/CatSA_v1/best_model.pt
2026-07-04 06:42:22 | INFO    | Epoch 8: total=5.8978, rec=5.5345, cl=3.6333 (138.1s)
2026-07-04 06:42:29 | INFO    |   Val: hr@10=0.2897 | ndcg@10=0.1614 | mrr@10=0.1221 | hr@20=0.3826 | ndcg@20=0.1848 | mrr@20=0.1285
2026-07-04 06:42:29 | INFO    |   → Model tốt nhất mới (hr@20=0.3826), lưu checkpoints/CatSA_v1/catsa_v1/CatSA_v1/best_model.pt
2026-07-04 06:44:46 | INFO    | Epoch 9: total=5.8562, rec=5.4938, cl=3.6233 (137.5s)
2026-07-04 06:44:53 | INFO    |   Val: hr@10=0.2918 | ndcg@10=0.1628 | mrr@10=0.1232 | hr@20=0.3835 | ndcg@20=0.1859 | mrr@20=0.1296
2026-07-04 06:44:53 | INFO    |   → Model tốt nhất mới (hr@20=0.3835), lưu checkpoints/CatSA_v1/catsa_v1/CatSA_v1/best_model.pt
2026-07-04 06:47:11 | INFO    | Epoch 10: total=5.8216, rec=5.4601, cl=3.6147 (137.8s)
2026-07-04 06:47:18 | INFO    |   Val: hr@10=0.2927 | ndcg@10=0.1626 | mrr@10=0.1229 | hr@20=0.3845 | ndcg@20=0.1858 | mrr@20=0.1292
2026-07-04 06:47:18 | INFO    |   → Model tốt nhất mới (hr@20=0.3845), lưu checkpoints/CatSA_v1/catsa_v1/CatSA_v1/best_model.pt
2026-07-04 06:49:36 | INFO    | Epoch 11: total=5.7959, rec=5.4353, cl=3.6063 (137.9s)
2026-07-04 06:49:42 | INFO    |   Val: hr@10=0.2936 | ndcg@10=0.1632 | mrr@10=0.1234 | hr@20=0.3862 | ndcg@20=0.1866 | mrr@20=0.1298
2026-07-04 06:49:42 | INFO    |   → Model tốt nhất mới (hr@20=0.3862), lưu checkpoints/CatSA_v1/catsa_v1/CatSA_v1/best_model.pt
2026-07-04 06:52:00 | INFO    | Epoch 12: total=5.7765, rec=5.4165, cl=3.5997 (137.8s)
2026-07-04 06:52:07 | INFO    |   Val: hr@10=0.2953 | ndcg@10=0.1647 | mrr@10=0.1247 | hr@20=0.3905 | ndcg@20=0.1888 | mrr@20=0.1314
2026-07-04 06:52:07 | INFO    |   → Model tốt nhất mới (hr@20=0.3905), lưu checkpoints/CatSA_v1/catsa_v1/CatSA_v1/best_model.pt
2026-07-04 06:54:25 | INFO    | Epoch 13: total=5.7602, rec=5.4009, cl=3.5929 (138.0s)
2026-07-04 06:54:32 | INFO    |   Val: hr@10=0.2958 | ndcg@10=0.1668 | mrr@10=0.1273 | hr@20=0.3893 | ndcg@20=0.1905 | mrr@20=0.1338
2026-07-04 06:56:50 | INFO    | Epoch 14: total=5.7404, rec=5.3817, cl=3.5871 (137.4s)
2026-07-04 06:56:56 | INFO    |   Val: hr@10=0.2958 | ndcg@10=0.1658 | mrr@10=0.1260 | hr@20=0.3899 | ndcg@20=0.1896 | mrr@20=0.1325
2026-07-04 06:59:14 | INFO    | Epoch 15: total=5.7298, rec=5.3715, cl=3.5827 (137.5s)
2026-07-04 06:59:21 | INFO    |   Val: hr@10=0.2972 | ndcg@10=0.1655 | mrr@10=0.1252 | hr@20=0.3892 | ndcg@20=0.1888 | mrr@20=0.1316
2026-07-04 07:01:39 | INFO    | Epoch 16: total=5.7181, rec=5.3603, cl=3.5781 (137.7s)
2026-07-04 07:01:45 | INFO    |   Val: hr@10=0.2962 | ndcg@10=0.1654 | mrr@10=0.1253 | hr@20=0.3900 | ndcg@20=0.1891 | mrr@20=0.1318
2026-07-04 07:04:03 | INFO    | Epoch 17: total=5.7041, rec=5.3468, cl=3.5726 (137.8s)
2026-07-04 07:04:10 | INFO    |   Val: hr@10=0.3006 | ndcg@10=0.1688 | mrr@10=0.1284 | hr@20=0.3930 | ndcg@20=0.1922 | mrr@20=0.1349
2026-07-04 07:04:10 | INFO    |   → Model tốt nhất mới (hr@20=0.3930), lưu checkpoints/CatSA_v1/catsa_v1/CatSA_v1/best_model.pt
2026-07-04 07:06:28 | INFO    | Epoch 18: total=5.6967, rec=5.3398, cl=3.5689 (137.5s)
2026-07-04 07:06:35 | INFO    |   Val: hr@10=0.2954 | ndcg@10=0.1668 | mrr@10=0.1274 | hr@20=0.3901 | ndcg@20=0.1907 | mrr@20=0.1339
2026-07-04 07:08:52 | INFO    | Epoch 19: total=5.6913, rec=5.3348, cl=3.5644 (137.4s)
2026-07-04 07:08:59 | INFO    |   Val: hr@10=0.2983 | ndcg@10=0.1672 | mrr@10=0.1271 | hr@20=0.3916 | ndcg@20=0.1908 | mrr@20=0.1335
2026-07-04 07:11:16 | INFO    | Epoch 20: total=5.6824, rec=5.3262, cl=3.5620 (137.5s)
2026-07-04 07:11:23 | INFO    |   Val: hr@10=0.2988 | ndcg@10=0.1689 | mrr@10=0.1291 | hr@20=0.3931 | ndcg@20=0.1927 | mrr@20=0.1356
2026-07-04 07:11:23 | INFO    |   → Model tốt nhất mới (hr@20=0.3931), lưu checkpoints/CatSA_v1/catsa_v1/CatSA_v1/best_model.pt
2026-07-04 07:13:41 | INFO    | Epoch 21: total=5.6728, rec=5.3171, cl=3.5572 (137.9s)
2026-07-04 07:13:48 | INFO    |   Val: hr@10=0.2990 | ndcg@10=0.1689 | mrr@10=0.1291 | hr@20=0.3937 | ndcg@20=0.1929 | mrr@20=0.1357
2026-07-04 07:13:48 | INFO    |   → Model tốt nhất mới (hr@20=0.3937), lưu checkpoints/CatSA_v1/catsa_v1/CatSA_v1/best_model.pt
2026-07-04 07:16:06 | INFO    | Epoch 22: total=5.6671, rec=5.3116, cl=3.5544 (137.4s)
2026-07-04 07:16:12 | INFO    |   Val: hr@10=0.2983 | ndcg@10=0.1680 | mrr@10=0.1280 | hr@20=0.3924 | ndcg@20=0.1918 | mrr@20=0.1346
2026-07-04 07:18:30 | INFO    | Epoch 23: total=5.6611, rec=5.3060, cl=3.5515 (137.7s)
2026-07-04 07:18:37 | INFO    |   Val: hr@10=0.3012 | ndcg@10=0.1708 | mrr@10=0.1309 | hr@20=0.3932 | ndcg@20=0.1941 | mrr@20=0.1373
2026-07-04 07:20:55 | INFO    | Epoch 24: total=5.6590, rec=5.3042, cl=3.5481 (137.8s)
2026-07-04 07:21:01 | INFO    |   Val: hr@10=0.2987 | ndcg@10=0.1698 | mrr@10=0.1303 | hr@20=0.3907 | ndcg@20=0.1931 | mrr@20=0.1366
2026-07-04 07:23:19 | INFO    | Epoch 25: total=5.6526, rec=5.2980, cl=3.5458 (137.9s)
2026-07-04 07:23:26 | INFO    |   Val: hr@10=0.3004 | ndcg@10=0.1718 | mrr@10=0.1323 | hr@20=0.3920 | ndcg@20=0.1949 | mrr@20=0.1386
2026-07-04 07:25:44 | INFO    | Epoch 26: total=5.6477, rec=5.2934, cl=3.5435 (137.8s)
2026-07-04 07:25:51 | INFO    |   Val: hr@10=0.2994 | ndcg@10=0.1703 | mrr@10=0.1308 | hr@20=0.3915 | ndcg@20=0.1936 | mrr@20=0.1371
2026-07-04 07:25:51 | INFO    | Early stopping tại epoch 26 (hr@20 không cải thiện 5 epoch)
2026-07-04 07:25:57 | INFO    | KẾT QUẢ TEST (best model): hr@10=0.2959 | ndcg@10=0.1673 | mrr@10=0.1278 | hr@20=0.3844 | ndcg@20=0.1897 | mrr@20=0.1340
2026-07-04 07:25:57 | INFO    | [CatSA] Hoàn tất catsa_v1.yaml. Test metrics: hr@10=0.2959 | ndcg@10=0.1673 | mrr@10=0.1278 | hr@20=0.3844 | ndcg@20=0.1897 | mrr@20=0.1340
