2026-07-04 07:25:59 | INFO    | Log được ghi tại: /home/hongnguyen/demo2/Log/CatSA_v1/CatSA_v2.log
2026-07-04 07:25:59 | INFO    | 
====================================================================
CẤU HÌNH LÚC CHẠY (config_dir: config | version: catsa_v2)
====================================================================
logging:
  dir: Log
  level: INFO
  console: true
project:
  name: CatSA_v1
  filename_mode: custom
  custom_filename: CatSA_v2.log
wandb:
  enabled: true
  api_key: '***da-che***'
  project: ''
  entity: ''
  run_name: ''
  mode: online
dataset:
  source: kagglehub
  kagglehub_handle: retailrocket/ecommerce-dataset
  local_path: data/raw
  name: retailrocket
preprocess:
  output_dir: data/retailrocket_item_hon_5
  train_file: train.txt
  val_file: val.txt
  test_file: test.txt
  lookup_file: lookup_tables.pkl
  event_types:
  - view
  session_gap_seconds: 1800
  min_item_support: 5
  min_session_length: 2
  max_session_length: 50
  val_ratio: 0.1
  test_ratio: 0.1
  max_sessions: 0
data:
  data_dir: data/retailrocket_item_hon_5
  train_file: train.txt
  val_file: val.txt
  test_file: test.txt
  lookup_file: lookup_tables.pkl
model:
  embedding_dim: 100
  num_layers: 2
  use_taxonomy: true
  dropout: 0.2
augment:
  strategies:
  - same
  strategy_weights: []
  eta_aug: 0.3
  eta_crop: 0.75
  k_min: 5
training:
  use_cl: true
  lambda_cl: 0.1
  tau: 0.5
  batch_size: 100
  learning_rate: 0.0005
  weight_decay: 0.0001
  max_epochs: 50
  patience: 5
  grad_clip: 5.0
  seed: 42
  device: auto
  num_workers: 0
  checkpoint_dir: checkpoints
  save_dir: checkpoints/CatSA_v1/catsa_v1/CatSA_v2
evaluation:
  top_k:
  - 10
  - 20
  primary_metric: hr@20
config_dir: config
version: catsa_v2
====================================================================
2026-07-04 07:26:01 | INFO    | wandb: run 'CatSA_v2' — https://wandb.ai/hongichik321-aol/CatSA_v1/runs/udk8hm7j
2026-07-04 07:26:01 | INFO    | Dữ liệu [data/retailrocket_item_hon_5]: |I|=63902, |C|=1144, train=183313 phiên
2026-07-04 07:26:01 | INFO    | Thiết bị: cuda | use_cl=True (CatSA đầy đủ)
2026-07-04 07:26:01 | INFO    | Augmentation strategies: ['same'] | eta_aug=0.30, k_min=5
2026-07-04 07:26:02 | INFO    | Số mẫu train/val/test (sliding window): 486337 / 55972 / 51517
2026-07-04 07:26:02 | INFO    | Checkpoint của run này: /home/hongnguyen/demo2/checkpoints/CatSA_v1/catsa_v1/CatSA_v2
2026-07-04 07:28:20 | INFO    | Epoch 1: total=8.7301, rec=8.3617, cl=3.6842 (138.4s)
2026-07-04 07:28:27 | INFO    |   Val: hr@10=0.1844 | ndcg@10=0.0995 | mrr@10=0.0736 | hr@20=0.2603 | ndcg@20=0.1186 | mrr@20=0.0788
2026-07-04 07:28:27 | INFO    |   → Model tốt nhất mới (hr@20=0.2603), lưu checkpoints/CatSA_v1/catsa_v1/CatSA_v2/best_model.pt
2026-07-04 07:30:45 | INFO    | Epoch 2: total=7.0193, rec=6.6526, cl=3.6664 (137.7s)
2026-07-04 07:30:52 | INFO    |   Val: hr@10=0.2330 | ndcg@10=0.1282 | mrr@10=0.0963 | hr@20=0.3217 | ndcg@20=0.1506 | mrr@20=0.1024
2026-07-04 07:30:52 | INFO    |   → Model tốt nhất mới (hr@20=0.3217), lưu checkpoints/CatSA_v1/catsa_v1/CatSA_v2/best_model.pt
2026-07-04 07:33:10 | INFO    | Epoch 3: total=6.5579, rec=6.1939, cl=3.6399 (138.0s)
2026-07-04 07:33:17 | INFO    |   Val: hr@10=0.2567 | ndcg@10=0.1407 | mrr@10=0.1053 | hr@20=0.3460 | ndcg@20=0.1632 | mrr@20=0.1114
2026-07-04 07:33:17 | INFO    |   → Model tốt nhất mới (hr@20=0.3460), lưu checkpoints/CatSA_v1/catsa_v1/CatSA_v2/best_model.pt
2026-07-04 07:35:35 | INFO    | Epoch 4: total=6.3142, rec=5.9526, cl=3.6163 (138.4s)
2026-07-04 07:35:42 | INFO    |   Val: hr@10=0.2700 | ndcg@10=0.1489 | mrr@10=0.1119 | hr@20=0.3625 | ndcg@20=0.1722 | mrr@20=0.1183
2026-07-04 07:35:42 | INFO    |   → Model tốt nhất mới (hr@20=0.3625), lưu checkpoints/CatSA_v1/catsa_v1/CatSA_v2/best_model.pt
2026-07-04 07:38:00 | INFO    | Epoch 5: total=6.1585, rec=5.7987, cl=3.5978 (138.6s)
2026-07-04 07:38:07 | INFO    |   Val: hr@10=0.2780 | ndcg@10=0.1530 | mrr@10=0.1148 | hr@20=0.3697 | ndcg@20=0.1762 | mrr@20=0.1211
2026-07-04 07:38:07 | INFO    |   → Model tốt nhất mới (hr@20=0.3697), lưu checkpoints/CatSA_v1/catsa_v1/CatSA_v2/best_model.pt
2026-07-04 07:40:25 | INFO    | Epoch 6: total=6.0493, rec=5.6911, cl=3.5820 (138.0s)
2026-07-04 07:40:32 | INFO    |   Val: hr@10=0.2811 | ndcg@10=0.1561 | mrr@10=0.1178 | hr@20=0.3726 | ndcg@20=0.1793 | mrr@20=0.1242
2026-07-04 07:40:32 | INFO    |   → Model tốt nhất mới (hr@20=0.3726), lưu checkpoints/CatSA_v1/catsa_v1/CatSA_v2/best_model.pt
2026-07-04 07:42:51 | INFO    | Epoch 7: total=5.9745, rec=5.6177, cl=3.5687 (138.4s)
2026-07-04 07:42:57 | INFO    |   Val: hr@10=0.2875 | ndcg@10=0.1610 | mrr@10=0.1222 | hr@20=0.3794 | ndcg@20=0.1842 | mrr@20=0.1285
2026-07-04 07:42:57 | INFO    |   → Model tốt nhất mới (hr@20=0.3794), lưu checkpoints/CatSA_v1/catsa_v1/CatSA_v2/best_model.pt
2026-07-04 07:45:16 | INFO    | Epoch 8: total=5.9212, rec=5.5654, cl=3.5577 (138.2s)
2026-07-04 07:45:22 | INFO    |   Val: hr@10=0.2900 | ndcg@10=0.1622 | mrr@10=0.1230 | hr@20=0.3823 | ndcg@20=0.1855 | mrr@20=0.1294
2026-07-04 07:45:22 | INFO    |   → Model tốt nhất mới (hr@20=0.3823), lưu checkpoints/CatSA_v1/catsa_v1/CatSA_v2/best_model.pt
2026-07-04 07:47:41 | INFO    | Epoch 9: total=5.8758, rec=5.5211, cl=3.5470 (138.1s)
2026-07-04 07:47:47 | INFO    |   Val: hr@10=0.2910 | ndcg@10=0.1633 | mrr@10=0.1242 | hr@20=0.3814 | ndcg@20=0.1862 | mrr@20=0.1305
2026-07-04 07:50:06 | INFO    | Epoch 10: total=5.8401, rec=5.4862, cl=3.5386 (138.4s)
2026-07-04 07:50:13 | INFO    |   Val: hr@10=0.2894 | ndcg@10=0.1620 | mrr@10=0.1231 | hr@20=0.3822 | ndcg@20=0.1855 | mrr@20=0.1295
2026-07-04 07:52:31 | INFO    | Epoch 11: total=5.8119, rec=5.4589, cl=3.5297 (138.2s)
2026-07-04 07:52:38 | INFO    |   Val: hr@10=0.2916 | ndcg@10=0.1630 | mrr@10=0.1236 | hr@20=0.3862 | ndcg@20=0.1869 | mrr@20=0.1302
2026-07-04 07:52:38 | INFO    |   → Model tốt nhất mới (hr@20=0.3862), lưu checkpoints/CatSA_v1/catsa_v1/CatSA_v2/best_model.pt
2026-07-04 07:54:56 | INFO    | Epoch 12: total=5.7920, rec=5.4399, cl=3.5216 (138.3s)
2026-07-04 07:55:03 | INFO    |   Val: hr@10=0.2948 | ndcg@10=0.1656 | mrr@10=0.1260 | hr@20=0.3892 | ndcg@20=0.1894 | mrr@20=0.1325
2026-07-04 07:55:03 | INFO    |   → Model tốt nhất mới (hr@20=0.3892), lưu checkpoints/CatSA_v1/catsa_v1/CatSA_v2/best_model.pt
2026-07-04 07:57:21 | INFO    | Epoch 13: total=5.7736, rec=5.4220, cl=3.5160 (138.3s)
2026-07-04 07:57:28 | INFO    |   Val: hr@10=0.2969 | ndcg@10=0.1684 | mrr@10=0.1289 | hr@20=0.3898 | ndcg@20=0.1919 | mrr@20=0.1354
2026-07-04 07:57:28 | INFO    |   → Model tốt nhất mới (hr@20=0.3898), lưu checkpoints/CatSA_v1/catsa_v1/CatSA_v2/best_model.pt
2026-07-04 07:59:46 | INFO    | Epoch 14: total=5.7531, rec=5.4020, cl=3.5110 (138.0s)
2026-07-04 07:59:53 | INFO    |   Val: hr@10=0.2965 | ndcg@10=0.1671 | mrr@10=0.1274 | hr@20=0.3876 | ndcg@20=0.1901 | mrr@20=0.1338
2026-07-04 08:02:12 | INFO    | Epoch 15: total=5.7394, rec=5.3889, cl=3.5049 (138.5s)
2026-07-04 08:02:18 | INFO    |   Val: hr@10=0.2965 | ndcg@10=0.1670 | mrr@10=0.1274 | hr@20=0.3904 | ndcg@20=0.1908 | mrr@20=0.1339
2026-07-04 08:02:18 | INFO    |   → Model tốt nhất mới (hr@20=0.3904), lưu checkpoints/CatSA_v1/catsa_v1/CatSA_v2/best_model.pt
2026-07-04 08:04:37 | INFO    | Epoch 16: total=5.7241, rec=5.3742, cl=3.4987 (138.6s)
2026-07-04 08:04:44 | INFO    |   Val: hr@10=0.2963 | ndcg@10=0.1669 | mrr@10=0.1273 | hr@20=0.3875 | ndcg@20=0.1900 | mrr@20=0.1336
2026-07-04 08:07:03 | INFO    | Epoch 17: total=5.7121, rec=5.3625, cl=3.4953 (138.7s)
2026-07-04 08:07:09 | INFO    |   Val: hr@10=0.3008 | ndcg@10=0.1698 | mrr@10=0.1297 | hr@20=0.3931 | ndcg@20=0.1931 | mrr@20=0.1361
2026-07-04 08:07:09 | INFO    |   → Model tốt nhất mới (hr@20=0.3931), lưu checkpoints/CatSA_v1/catsa_v1/CatSA_v2/best_model.pt
2026-07-04 08:09:28 | INFO    | Epoch 18: total=5.7002, rec=5.3512, cl=3.4905 (138.5s)
2026-07-04 08:09:35 | INFO    |   Val: hr@10=0.2975 | ndcg@10=0.1687 | mrr@10=0.1292 | hr@20=0.3898 | ndcg@20=0.1920 | mrr@20=0.1356
2026-07-04 08:11:53 | INFO    | Epoch 19: total=5.6943, rec=5.3456, cl=3.4865 (138.8s)
2026-07-04 08:12:00 | INFO    |   Val: hr@10=0.2991 | ndcg@10=0.1702 | mrr@10=0.1307 | hr@20=0.3909 | ndcg@20=0.1935 | mrr@20=0.1371
2026-07-04 08:14:19 | INFO    | Epoch 20: total=5.6848, rec=5.3365, cl=3.4825 (138.6s)
2026-07-04 08:14:26 | INFO    |   Val: hr@10=0.2971 | ndcg@10=0.1699 | mrr@10=0.1309 | hr@20=0.3931 | ndcg@20=0.1942 | mrr@20=0.1375
2026-07-04 08:14:26 | INFO    |   → Model tốt nhất mới (hr@20=0.3931), lưu checkpoints/CatSA_v1/catsa_v1/CatSA_v2/best_model.pt
2026-07-04 08:16:44 | INFO    | Epoch 21: total=5.6716, rec=5.3237, cl=3.4788 (138.2s)
2026-07-04 08:16:51 | INFO    |   Val: hr@10=0.2997 | ndcg@10=0.1712 | mrr@10=0.1318 | hr@20=0.3939 | ndcg@20=0.1950 | mrr@20=0.1384
2026-07-04 08:16:51 | INFO    |   → Model tốt nhất mới (hr@20=0.3939), lưu checkpoints/CatSA_v1/catsa_v1/CatSA_v2/best_model.pt
2026-07-04 08:19:08 | INFO    | Epoch 22: total=5.6696, rec=5.3221, cl=3.4745 (137.6s)
2026-07-04 08:19:15 | INFO    |   Val: hr@10=0.3015 | ndcg@10=0.1716 | mrr@10=0.1318 | hr@20=0.3932 | ndcg@20=0.1948 | mrr@20=0.1381
2026-07-04 08:21:33 | INFO    | Epoch 23: total=5.6618, rec=5.3146, cl=3.4720 (138.0s)
2026-07-04 08:21:40 | INFO    |   Val: hr@10=0.3018 | ndcg@10=0.1724 | mrr@10=0.1327 | hr@20=0.3927 | ndcg@20=0.1954 | mrr@20=0.1390
2026-07-04 08:23:58 | INFO    | Epoch 24: total=5.6589, rec=5.3120, cl=3.4692 (138.3s)
2026-07-04 08:24:05 | INFO    |   Val: hr@10=0.2985 | ndcg@10=0.1713 | mrr@10=0.1323 | hr@20=0.3904 | ndcg@20=0.1945 | mrr@20=0.1386
2026-07-04 08:26:23 | INFO    | Epoch 25: total=5.6531, rec=5.3066, cl=3.4653 (138.3s)
2026-07-04 08:26:30 | INFO    |   Val: hr@10=0.3007 | ndcg@10=0.1732 | mrr@10=0.1340 | hr@20=0.3914 | ndcg@20=0.1961 | mrr@20=0.1403
2026-07-04 08:28:49 | INFO    | Epoch 26: total=5.6484, rec=5.3021, cl=3.4630 (138.4s)
2026-07-04 08:28:55 | INFO    |   Val: hr@10=0.2996 | ndcg@10=0.1727 | mrr@10=0.1337 | hr@20=0.3911 | ndcg@20=0.1958 | mrr@20=0.1400
2026-07-04 08:28:55 | INFO    | Early stopping tại epoch 26 (hr@20 không cải thiện 5 epoch)
2026-07-04 08:29:02 | INFO    | KẾT QUẢ TEST (best model): hr@10=0.2964 | ndcg@10=0.1700 | mrr@10=0.1313 | hr@20=0.3845 | ndcg@20=0.1923 | mrr@20=0.1374
2026-07-04 08:29:02 | INFO    | [CatSA] Hoàn tất catsa_v2.yaml. Test metrics: hr@10=0.2964 | ndcg@10=0.1700 | mrr@10=0.1313 | hr@20=0.3845 | ndcg@20=0.1923 | mrr@20=0.1374
