2026-07-08 03:22:05 | INFO    | Log được ghi tại: /home/hongnguyen/demo2/Log/retailrocket/CatSA_enc_dual_path.log
2026-07-08 03:22:05 | INFO    | 
====================================================================
CẤU HÌNH LÚC CHẠY (config_dir: config | version: catsa_enc_dual_path)
====================================================================
logging:
  dir: Log
  level: INFO
  console: true
project:
  name: retailrocket
  filename_mode: custom
  custom_filename: CatSA_enc_dual_path.log
wandb:
  enabled: true
  api_key: '***da-che***'
  project: ''
  entity: ''
  run_name: ''
  mode: online
dataset:
  source: kagglehub
  kagglehub_handle: retailrocket/ecommerce-dataset
  local_path: data/raw
  name: retailrocket
preprocess:
  output_dir: data/retailrocket_2_5
  train_file: train.txt
  val_file: val.txt
  test_file: test.txt
  lookup_file: lookup_tables.pkl
  event_types:
  - view
  session_same_day: true
  session_gap_seconds: 1800
  dedup_consecutive: false
  min_item_support: 5
  min_session_length: 2
  max_session_length: 5
  session_length_mode: filter
  max_prefix_length: 50
  require_item_category: false
  val_ratio: 0.1
  test_ratio: 0.1
  max_sessions: 0
data:
  data_dir: data/retailrocket_item_hon_5
  train_file: train.txt
  val_file: val.txt
  test_file: test.txt
  lookup_file: lookup_tables.pkl
model:
  embedding_dim: 100
  num_layers: 2
  use_taxonomy: true
  dropout: 0.1
  encoder_type: dual_path
  fusion_type: cross_attn
  n_heads: 2
  retrieval_topk: 5
augment:
  strategies:
  - same
  - sibling
  - hybrid
  strategy_weights: []
  eta_aug: 0.3
  eta_crop: 0.75
  k_min: 5
training:
  use_cl: true
  lambda_cl: 0.1
  cl_type: both
  lambda_proto: 0.1
  aux_cat: true
  aux_parent: true
  lambda_aux_cat: 0.1
  lambda_aux_parent: 0.1
  tau: 0.5
  batch_size: 100
  learning_rate: 0.001
  weight_decay: 1.0e-05
  max_epochs: 30
  patience: 5
  grad_clip: 5.0
  seed: 42
  device: auto
  num_workers: 0
  checkpoint_dir: checkpoints
  save_dir: ''
evaluation:
  top_k:
  - 10
  - 20
  primary_metric: mrr@20
config_dir: config
version: catsa_enc_dual_path
====================================================================
2026-07-08 03:22:07 | INFO    | wandb: run 'CatSA_enc_dual_path' — https://wandb.ai/hongichik321-aol/retailrocket/runs/xqoqn74h
2026-07-08 03:22:08 | INFO    | Dữ liệu [data/retailrocket_item_hon_5]: |I|=79649, |C|=1185, train=283023 phiên
2026-07-08 03:22:08 | INFO    | Thiết bị: cuda | encoder=dual_path | fusion=cross_attn | use_cl=True | cl_type=both | aux_cat=True | aux_parent=True
2026-07-08 03:27:27 | INFO    | Epoch 1: total=7.5501, rec=6.5919, cl=0.6319, aux=0.3263 (317.9s)
2026-07-08 03:27:38 | INFO    |   Val: hr@10=0.3991 | ndcg@10=0.2828 | mrr@10=0.2464 | hr@20=0.4650 | ndcg@20=0.2995 | mrr@20=0.2510
2026-07-08 03:27:38 | INFO    |   → Model tốt nhất mới (mrr@20=0.2510)
2026-07-08 03:32:56 | INFO    | Epoch 2: total=5.9936, rec=5.1059, cl=0.6357, aux=0.2521 (317.9s)
2026-07-08 03:33:07 | INFO    |   Val: hr@10=0.4305 | ndcg@10=0.3055 | mrr@10=0.2665 | hr@20=0.5005 | ndcg@20=0.3233 | mrr@20=0.2714
2026-07-08 03:33:07 | INFO    |   → Model tốt nhất mới (mrr@20=0.2714)
2026-07-08 03:38:28 | INFO    | Epoch 3: total=5.6657, rec=4.7868, cl=0.6376, aux=0.2413 (320.4s)
2026-07-08 03:38:39 | INFO    |   Val: hr@10=0.4433 | ndcg@10=0.3160 | mrr@10=0.2761 | hr@20=0.5099 | ndcg@20=0.3328 | mrr@20=0.2807
2026-07-08 03:38:39 | INFO    |   → Model tốt nhất mới (mrr@20=0.2807)
2026-07-08 03:43:58 | INFO    | Epoch 4: total=5.4877, rec=4.6134, cl=0.6388, aux=0.2356 (319.1s)
2026-07-08 03:44:09 | INFO    |   Val: hr@10=0.4508 | ndcg@10=0.3234 | mrr@10=0.2835 | hr@20=0.5160 | ndcg@20=0.3399 | mrr@20=0.2880
2026-07-08 03:44:10 | INFO    |   → Model tốt nhất mới (mrr@20=0.2880)
2026-07-08 03:49:29 | INFO    | Epoch 5: total=5.3664, rec=4.4954, cl=0.6396, aux=0.2314 (319.2s)
2026-07-08 03:49:40 | INFO    |   Val: hr@10=0.4521 | ndcg@10=0.3277 | mrr@10=0.2887 | hr@20=0.5176 | ndcg@20=0.3443 | mrr@20=0.2933
2026-07-08 03:49:40 | INFO    |   → Model tốt nhất mới (mrr@20=0.2933)
2026-07-08 03:54:59 | INFO    | Epoch 6: total=5.2700, rec=4.4013, cl=0.6405, aux=0.2282 (319.3s)
2026-07-08 03:55:10 | INFO    |   Val: hr@10=0.4490 | ndcg@10=0.3236 | mrr@10=0.2843 | hr@20=0.5145 | ndcg@20=0.3401 | mrr@20=0.2889
2026-07-08 04:00:30 | INFO    | Epoch 7: total=5.1897, rec=4.3227, cl=0.6411, aux=0.2260 (319.2s)
2026-07-08 04:00:41 | INFO    |   Val: hr@10=0.4523 | ndcg@10=0.3274 | mrr@10=0.2882 | hr@20=0.5163 | ndcg@20=0.3436 | mrr@20=0.2927
2026-07-08 04:06:00 | INFO    | Epoch 8: total=5.1202, rec=4.2542, cl=0.6421, aux=0.2239 (319.2s)
2026-07-08 04:06:11 | INFO    |   Val: hr@10=0.4524 | ndcg@10=0.3283 | mrr@10=0.2894 | hr@20=0.5171 | ndcg@20=0.3447 | mrr@20=0.2939
2026-07-08 04:06:11 | INFO    |   → Model tốt nhất mới (mrr@20=0.2939)
2026-07-08 04:11:30 | INFO    | Epoch 9: total=5.0583, rec=4.1933, cl=0.6427, aux=0.2223 (318.7s)
2026-07-08 04:11:41 | INFO    |   Val: hr@10=0.4498 | ndcg@10=0.3246 | mrr@10=0.2854 | hr@20=0.5133 | ndcg@20=0.3407 | mrr@20=0.2898
2026-07-08 04:17:00 | INFO    | Epoch 10: total=5.0090, rec=4.1443, cl=0.6435, aux=0.2212 (318.7s)
2026-07-08 04:17:12 | INFO    |   Val: hr@10=0.4474 | ndcg@10=0.3217 | mrr@10=0.2824 | hr@20=0.5116 | ndcg@20=0.3380 | mrr@20=0.2868
2026-07-08 04:22:30 | INFO    | Epoch 11: total=4.9634, rec=4.0994, cl=0.6440, aux=0.2200 (318.3s)
2026-07-08 04:22:41 | INFO    |   Val: hr@10=0.4476 | ndcg@10=0.3223 | mrr@10=0.2830 | hr@20=0.5123 | ndcg@20=0.3386 | mrr@20=0.2875
2026-07-08 04:28:00 | INFO    | Epoch 12: total=4.9219, rec=4.0579, cl=0.6447, aux=0.2194 (319.1s)
2026-07-08 04:28:12 | INFO    |   Val: hr@10=0.4479 | ndcg@10=0.3221 | mrr@10=0.2827 | hr@20=0.5123 | ndcg@20=0.3384 | mrr@20=0.2871
2026-07-08 04:33:30 | INFO    | Epoch 13: total=4.8838, rec=4.0203, cl=0.6452, aux=0.2183 (318.8s)
2026-07-08 04:33:41 | INFO    |   Val: hr@10=0.4448 | ndcg@10=0.3204 | mrr@10=0.2814 | hr@20=0.5088 | ndcg@20=0.3366 | mrr@20=0.2859
2026-07-08 04:33:41 | INFO    | Early stopping tại epoch 13
2026-07-08 04:33:52 | INFO    | KẾT QUẢ TEST: hr@10=0.4367 | ndcg@10=0.3132 | mrr@10=0.2745 | hr@20=0.5009 | ndcg@20=0.3294 | mrr@20=0.2789
2026-07-08 04:33:52 | INFO    | [CatSA] Hoàn tất catsa_enc_dual_path.yaml. Test metrics: hr@10=0.4367 | ndcg@10=0.3132 | mrr@10=0.2745 | hr@20=0.5009 | ndcg@20=0.3294 | mrr@20=0.2789
