2026-07-08 04:33:54 | INFO    | Log được ghi tại: /home/hongnguyen/demo2/Log/retailrocket/CatSA_enc_hgt.log
2026-07-08 04:33:54 | INFO    | 
====================================================================
CẤU HÌNH LÚC CHẠY (config_dir: config | version: catsa_enc_hgt)
====================================================================
logging:
  dir: Log
  level: INFO
  console: true
project:
  name: retailrocket
  filename_mode: custom
  custom_filename: CatSA_enc_hgt.log
wandb:
  enabled: true
  api_key: '***da-che***'
  project: ''
  entity: ''
  run_name: ''
  mode: online
dataset:
  source: kagglehub
  kagglehub_handle: retailrocket/ecommerce-dataset
  local_path: data/raw
  name: retailrocket
preprocess:
  output_dir: data/retailrocket_2_5
  train_file: train.txt
  val_file: val.txt
  test_file: test.txt
  lookup_file: lookup_tables.pkl
  event_types:
  - view
  session_same_day: true
  session_gap_seconds: 1800
  dedup_consecutive: false
  min_item_support: 5
  min_session_length: 2
  max_session_length: 5
  session_length_mode: filter
  max_prefix_length: 50
  require_item_category: false
  val_ratio: 0.1
  test_ratio: 0.1
  max_sessions: 0
data:
  data_dir: data/retailrocket_item_hon_5
  train_file: train.txt
  val_file: val.txt
  test_file: test.txt
  lookup_file: lookup_tables.pkl
model:
  embedding_dim: 100
  num_layers: 2
  use_taxonomy: true
  dropout: 0.1
  encoder_type: hgt
  fusion_type: cross_attn
  n_heads: 2
  retrieval_topk: 5
augment:
  strategies:
  - same
  - sibling
  - hybrid
  strategy_weights: []
  eta_aug: 0.3
  eta_crop: 0.75
  k_min: 5
training:
  use_cl: true
  lambda_cl: 0.1
  cl_type: infonce
  lambda_proto: 0.1
  aux_cat: false
  aux_parent: false
  lambda_aux_cat: 0.1
  lambda_aux_parent: 0.1
  tau: 0.5
  batch_size: 100
  learning_rate: 0.001
  weight_decay: 1.0e-05
  max_epochs: 30
  patience: 5
  grad_clip: 5.0
  seed: 42
  device: auto
  num_workers: 0
  checkpoint_dir: checkpoints
  save_dir: ''
evaluation:
  top_k:
  - 10
  - 20
  primary_metric: mrr@20
config_dir: config
version: catsa_enc_hgt
====================================================================
2026-07-08 04:33:56 | INFO    | wandb: run 'CatSA_enc_hgt' — https://wandb.ai/hongichik321-aol/retailrocket/runs/f8h2ui5f
2026-07-08 04:33:56 | INFO    | Dữ liệu [data/retailrocket_item_hon_5]: |I|=79649, |C|=1185, train=283023 phiên
2026-07-08 04:33:56 | INFO    | Thiết bị: cuda | encoder=hgt | fusion=cross_attn | use_cl=True | cl_type=infonce | aux_cat=False | aux_parent=False
2026-07-08 04:38:50 | INFO    | Epoch 1: total=8.7090, rec=8.3634, cl=0.3456, aux=0.0000 (293.0s)
2026-07-08 04:39:02 | INFO    |   Val: hr@10=0.2174 | ndcg@10=0.1323 | mrr@10=0.1062 | hr@20=0.2833 | ndcg@20=0.1490 | mrr@20=0.1108
2026-07-08 04:39:02 | INFO    |   → Model tốt nhất mới (mrr@20=0.1108)
2026-07-08 04:43:56 | INFO    | Epoch 2: total=6.6180, rec=6.2902, cl=0.3278, aux=0.0000 (293.4s)
2026-07-08 04:44:08 | INFO    |   Val: hr@10=0.3104 | ndcg@10=0.1976 | mrr@10=0.1628 | hr@20=0.3857 | ndcg@20=0.2167 | mrr@20=0.1680
2026-07-08 04:44:08 | INFO    |   → Model tốt nhất mới (mrr@20=0.1680)
2026-07-08 04:49:02 | INFO    | Epoch 3: total=5.9405, rec=5.6088, cl=0.3316, aux=0.0000 (294.2s)
2026-07-08 04:49:14 | INFO    |   Val: hr@10=0.3586 | ndcg@10=0.2376 | mrr@10=0.2001 | hr@20=0.4334 | ndcg@20=0.2566 | mrr@20=0.2053
2026-07-08 04:49:14 | INFO    |   → Model tốt nhất mới (mrr@20=0.2053)
2026-07-08 04:54:07 | INFO    | Epoch 4: total=5.5765, rec=5.2416, cl=0.3349, aux=0.0000 (293.3s)
2026-07-08 04:54:19 | INFO    |   Val: hr@10=0.3820 | ndcg@10=0.2576 | mrr@10=0.2189 | hr@20=0.4559 | ndcg@20=0.2762 | mrr@20=0.2240
2026-07-08 04:54:19 | INFO    |   → Model tốt nhất mới (mrr@20=0.2240)
2026-07-08 04:59:12 | INFO    | Epoch 5: total=5.3527, rec=5.0157, cl=0.3370, aux=0.0000 (293.1s)
2026-07-08 04:59:24 | INFO    |   Val: hr@10=0.3982 | ndcg@10=0.2715 | mrr@10=0.2321 | hr@20=0.4708 | ndcg@20=0.2899 | mrr@20=0.2371
2026-07-08 04:59:24 | INFO    |   → Model tốt nhất mới (mrr@20=0.2371)
2026-07-08 05:04:18 | INFO    | Epoch 6: total=5.1975, rec=4.8588, cl=0.3387, aux=0.0000 (293.3s)
2026-07-08 05:04:29 | INFO    |   Val: hr@10=0.4112 | ndcg@10=0.2839 | mrr@10=0.2442 | hr@20=0.4803 | ndcg@20=0.3015 | mrr@20=0.2490
2026-07-08 05:04:29 | INFO    |   → Model tốt nhất mới (mrr@20=0.2490)
2026-07-08 05:09:23 | INFO    | Epoch 7: total=5.0830, rec=4.7430, cl=0.3400, aux=0.0000 (293.5s)
2026-07-08 05:09:35 | INFO    |   Val: hr@10=0.4147 | ndcg@10=0.2883 | mrr@10=0.2488 | hr@20=0.4843 | ndcg@20=0.3059 | mrr@20=0.2536
2026-07-08 05:09:35 | INFO    |   → Model tốt nhất mới (mrr@20=0.2536)
2026-07-08 05:14:29 | INFO    | Epoch 8: total=4.9905, rec=4.6495, cl=0.3411, aux=0.0000 (294.0s)
2026-07-08 05:14:40 | INFO    |   Val: hr@10=0.4218 | ndcg@10=0.2950 | mrr@10=0.2554 | hr@20=0.4892 | ndcg@20=0.3121 | mrr@20=0.2601
2026-07-08 05:14:40 | INFO    |   → Model tốt nhất mới (mrr@20=0.2601)
2026-07-08 05:19:35 | INFO    | Epoch 9: total=4.9123, rec=4.5703, cl=0.3420, aux=0.0000 (294.8s)
2026-07-08 05:19:47 | INFO    |   Val: hr@10=0.4242 | ndcg@10=0.2967 | mrr@10=0.2568 | hr@20=0.4916 | ndcg@20=0.3138 | mrr@20=0.2615
2026-07-08 05:19:47 | INFO    |   → Model tốt nhất mới (mrr@20=0.2615)
2026-07-08 05:24:42 | INFO    | Epoch 10: total=4.8467, rec=4.5039, cl=0.3428, aux=0.0000 (294.2s)
2026-07-08 05:24:53 | INFO    |   Val: hr@10=0.4270 | ndcg@10=0.3015 | mrr@10=0.2622 | hr@20=0.4935 | ndcg@20=0.3184 | mrr@20=0.2669
2026-07-08 05:24:53 | INFO    |   → Model tốt nhất mới (mrr@20=0.2669)
2026-07-08 05:29:47 | INFO    | Epoch 11: total=4.7882, rec=4.4447, cl=0.3435, aux=0.0000 (293.5s)
2026-07-08 05:29:59 | INFO    |   Val: hr@10=0.4312 | ndcg@10=0.3038 | mrr@10=0.2640 | hr@20=0.4979 | ndcg@20=0.3207 | mrr@20=0.2687
2026-07-08 05:29:59 | INFO    |   → Model tốt nhất mới (mrr@20=0.2687)
