nohup: ignoring input
/home/hongnguyen/test_all/nhom3/CORE/main.py:28: Pandas4Warning: The 'mode.copy_on_write' option is deprecated. Copy-on-Write can no longer be disabled (it is always enabled with pandas >= 3.0), and setting the option has no impact. This option will be removed in pandas 4.0.
  pd.options.mode.copy_on_write = False
command line args [--model trm --dataset retailrocket_1_4] will not be used in RecBole
24 Jun 07:40    INFO  
General Hyper Parameters:
gpu_id = 0
use_gpu = True
seed = 2020
state = INFO
reproducibility = True
data_path = /home/hongnguyen/test_all/Data/CORE/retailrocket_1_4
show_progress = True

Training Hyper Parameters:
checkpoint_dir = saved
epochs = 300
train_batch_size = 2048
learner = adam
learning_rate = 0.001
training_neg_sample_num = 0
training_neg_sample_distribution = uniform
eval_step = 1
stopping_step = 5
clip_grad_norm = None
weight_decay = 0.0
draw_loss_pic = False
loss_decimal_place = 4

Evaluation Hyper Parameters:
eval_setting = TO_LS,full
group_by_user = True
split_ratio = [0.8, 0.1, 0.1]
leave_one_num = 2
real_time_process = False
metrics = ['Recall', 'MRR']
topk = [10, 20]
valid_metric = MRR@20
eval_batch_size = 2048
metric_decimal_place = 4

Dataset Hyper Parameters:
field_separator = 	
seq_separator =  
USER_ID_FIELD = session_id
ITEM_ID_FIELD = item_id
RATING_FIELD = rating
TIME_FIELD = timestamp
seq_len = None
LABEL_FIELD = label
threshold = None
NEG_PREFIX = neg_
load_col = {'inter': ['session_id', 'item_id_list', 'item_id']}
unload_col = None
unused_col = None
additional_feat_suffix = None
lowest_val = None
highest_val = None
equal_val = None
not_equal_val = None
max_user_inter_num = None
min_user_inter_num = 0
max_item_inter_num = None
min_item_inter_num = 0
fields_in_same_space = None
preload_weight = None
normalize_field = None
normalize_all = None
ITEM_LIST_LENGTH_FIELD = item_length
LIST_SUFFIX = _list
MAX_ITEM_LIST_LENGTH = 50
POSITION_FIELD = position_id
HEAD_ENTITY_ID_FIELD = head_id
TAIL_ENTITY_ID_FIELD = tail_id
RELATION_ID_FIELD = relation_id
ENTITY_ID_FIELD = entity_id

Other Hyper Parameters: 
worker = 0
valid_metric_bigger = True
rm_dup_inter = None
filter_inter_by_user_or_item = True
SOURCE_ID_FIELD = source_id
TARGET_ID_FIELD = target_id
benchmark_filename = ['train', 'valid', 'test']
MODEL_TYPE = ModelType.SEQUENTIAL
alias_of_item_id = ['item_id_list']
eval_args = {'order': 'TO', 'split': {'RS': [0.8, 0.1, 0.1]}, 'group_by': 'user', 'mode': {'valid': 'full', 'test': 'full'}}
neg_sampling = None
train_neg_sample_args = {'strategy': 'none'}
embedding_size = 100
inner_size = 256
n_layers = 2
n_heads = 2
hidden_dropout_prob = 0.5
attn_dropout_prob = 0.5
hidden_act = gelu
layer_norm_eps = 1e-12
initializer_range = 0.02
loss_type = CE
sess_dropout = 0.2
item_dropout = 0.2
temperature = 0.07
MODEL_INPUT_TYPE = InputType.POINTWISE
eval_type = EvaluatorType.RANKING
single_spec = True
local_rank = 0
device = cuda
log_dir = /home/hongnguyen/test_all/log/COREtrm/retailrocket_1_4/bs2048-lmdNone-semNone-None-Jun-24-2026_07-40-21-lr0.001-l20.0-tauNone-None-DPh0.5-DPa0.5


24 Jun 07:40    INFO  retailrocket_1_4
The number of users: 612374
Average actions of users: 1.0
The number of items: 51246
Average actions of items: 12.01414529830688
The number of inters: 612373
The sparsity of the dataset: 99.99804863137219%
Remain Fields: ['session_id', 'item_id_list', 'item_id', 'item_length']
/home/hongnguyen/test_all/nhom3/DuoRec/recbole/data/dataset/dataset.py:2136: UserWarning: The given NumPy array is not writable, and PyTorch does not support non-writable tensors. This means writing to this tensor will result in undefined behavior. You may want to copy the array to protect its data or make it writable before converting it to a tensor. This type of warning will be suppressed for the rest of this program. (Triggered internally at /pytorch/torch/csrc/utils/tensor_numpy.cpp:203.)
  new_data[k] = torch.LongTensor(value)
24 Jun 07:40    INFO  [Training]: train_batch_size = [2048] train_neg_sample_args: [{'strategy': 'none'}]
24 Jun 07:40    INFO  [Evaluation]: eval_batch_size = [2048] eval_args: [{'order': 'TO', 'split': {'RS': [0.8, 0.1, 0.1]}, 'group_by': 'user', 'mode': {'valid': 'full', 'test': 'full'}}]
24 Jun 07:40    INFO  COREtrm(
  (sess_dropout): Dropout(p=0.2, inplace=False)
  (item_dropout): Dropout(p=0.2, inplace=False)
  (item_embedding): Embedding(51246, 100, padding_idx=0)
  (loss_fct): CrossEntropyLoss()
  (net): TransNet(
    (position_embedding): Embedding(4, 100)
    (trm_encoder): TransformerEncoder(
      (layer): ModuleList(
        (0-1): 2 x TransformerLayer(
          (multi_head_attention): MultiHeadAttention(
            (query): Linear(in_features=100, out_features=100, bias=True)
            (key): Linear(in_features=100, out_features=100, bias=True)
            (value): Linear(in_features=100, out_features=100, bias=True)
            (attn_dropout): Dropout(p=0.5, inplace=False)
            (dense): Linear(in_features=100, out_features=100, bias=True)
            (LayerNorm): LayerNorm((100,), eps=1e-12, elementwise_affine=True)
            (out_dropout): Dropout(p=0.5, inplace=False)
          )
          (feed_forward): FeedForward(
            (dense_1): Linear(in_features=100, out_features=256, bias=True)
            (dense_2): Linear(in_features=256, out_features=100, bias=True)
            (LayerNorm): LayerNorm((100,), eps=1e-12, elementwise_affine=True)
            (dropout): Dropout(p=0.5, inplace=False)
          )
        )
      )
    )
    (LayerNorm): LayerNorm((100,), eps=1e-12, elementwise_affine=True)
    (dropout): Dropout(p=0.5, inplace=False)
    (fn): Linear(in_features=100, out_features=1, bias=True)
  )
)
Trainable parameters: 5310013
Train 0: [0/244] loss=8.3566
Train 0: [10/244] loss=7.6736
Train 0: [20/244] loss=7.9350
Train 0: [30/244] loss=7.6864
Train 0: [40/244] loss=8.2844
Train 0: [50/244] loss=7.3930
Train 0: [60/244] loss=7.5306
Train 0: [70/244] loss=7.5706
Train 0: [80/244] loss=7.4125
Train 0: [90/244] loss=7.4211
Train 0: [100/244] loss=7.4750
Train 0: [110/244] loss=7.1330
Train 0: [120/244] loss=7.5373
Train 0: [130/244] loss=7.0459
Train 0: [140/244] loss=7.4128
Train 0: [150/244] loss=7.3229
Train 0: [160/244] loss=7.2114
Train 0: [170/244] loss=6.8479
Train 0: [180/244] loss=6.8296
Train 0: [190/244] loss=7.1380
Train 0: [200/244] loss=7.9194
Train 0: [210/244] loss=7.2372
Train 0: [220/244] loss=6.6739
Train 0: [230/244] loss=7.1991
Train 0: [240/244] loss=6.7243
Train 0: [243/244] loss=6.4475
24 Jun 07:40    INFO  epoch 0 training [time: 4.97s, train loss: 1802.9101]
Evaluate: [0/29]
Evaluate: [2/29]
Evaluate: [4/29]
Evaluate: [6/29]
Evaluate: [8/29]
Evaluate: [10/29]
Evaluate: [12/29]
Evaluate: [14/29]
Evaluate: [16/29]
Evaluate: [18/29]
Evaluate: [20/29]
Evaluate: [22/29]
Evaluate: [24/29]
Evaluate: [26/29]
Evaluate: [28/29]
24 Jun 07:40    INFO  epoch 0 evaluating [time: 0.36s, valid_score: 0.431800]
24 Jun 07:40    INFO  valid result: 
recall@10 : 0.5059    recall@20 : 0.5183    mrr@10 : 0.4309    mrr@20 : 0.4318    
24 Jun 07:40    INFO  Saving current best: /home/hongnguyen/test_all/log/COREtrm/retailrocket_1_4/bs2048-lmdNone-semNone-None-Jun-24-2026_07-40-21-lr0.001-l20.0-tauNone-None-DPh0.5-DPa0.5/model.pth
Train 1: [0/244] loss=6.6141
Train 1: [10/244] loss=6.2448
Train 1: [20/244] loss=6.5107
Train 1: [30/244] loss=6.1660
Train 1: [40/244] loss=6.6129
Train 1: [50/244] loss=5.8000
Train 1: [60/244] loss=6.0781
Train 1: [70/244] loss=5.9356
Train 1: [80/244] loss=5.7361
Train 1: [90/244] loss=5.7881
Train 1: [100/244] loss=5.8363
Train 1: [110/244] loss=5.5642
Train 1: [120/244] loss=5.9490
Train 1: [130/244] loss=5.4096
Train 1: [140/244] loss=5.8429
Train 1: [150/244] loss=5.7379
Train 1: [160/244] loss=5.5907
Train 1: [170/244] loss=5.4391
Train 1: [180/244] loss=5.2431
Train 1: [190/244] loss=5.7296
Train 1: [200/244] loss=6.2742
Train 1: [210/244] loss=5.7744
Train 1: [220/244] loss=5.3352
Train 1: [230/244] loss=5.8616
Train 1: [240/244] loss=5.3551
Train 1: [243/244] loss=5.0307
24 Jun 07:40    INFO  epoch 1 training [time: 4.57s, train loss: 1430.9637]
Evaluate: [0/29]
Evaluate: [2/29]
Evaluate: [4/29]
Evaluate: [6/29]
Evaluate: [8/29]
Evaluate: [10/29]
Evaluate: [12/29]
Evaluate: [14/29]
Evaluate: [16/29]
Evaluate: [18/29]
Evaluate: [20/29]
Evaluate: [22/29]
Evaluate: [24/29]
Evaluate: [26/29]
Evaluate: [28/29]
24 Jun 07:40    INFO  epoch 1 evaluating [time: 0.35s, valid_score: 0.450200]
24 Jun 07:40    INFO  valid result: 
recall@10 : 0.5718    recall@20 : 0.6009    mrr@10 : 0.4482    mrr@20 : 0.4502    
24 Jun 07:40    INFO  Saving current best: /home/hongnguyen/test_all/log/COREtrm/retailrocket_1_4/bs2048-lmdNone-semNone-None-Jun-24-2026_07-40-21-lr0.001-l20.0-tauNone-None-DPh0.5-DPa0.5/model.pth
Train 2: [0/244] loss=5.2720
Train 2: [10/244] loss=5.0469
Train 2: [20/244] loss=5.3177
Train 2: [30/244] loss=4.9865
Train 2: [40/244] loss=5.3301
Train 2: [50/244] loss=4.7040
Train 2: [60/244] loss=5.1011
Train 2: [70/244] loss=4.8778
Train 2: [80/244] loss=4.6946
Train 2: [90/244] loss=4.7732
Train 2: [100/244] loss=4.8495
Train 2: [110/244] loss=4.5912
Train 2: [120/244] loss=4.9494
Train 2: [130/244] loss=4.4344
Train 2: [140/244] loss=4.9134
Train 2: [150/244] loss=4.8041
Train 2: [160/244] loss=4.6861
Train 2: [170/244] loss=4.5655
Train 2: [180/244] loss=4.4519
Train 2: [190/244] loss=4.8687
Train 2: [200/244] loss=5.1130
Train 2: [210/244] loss=4.9635
Train 2: [220/244] loss=4.4980
Train 2: [230/244] loss=4.9829
Train 2: [240/244] loss=4.5332
Train 2: [243/244] loss=4.1455
24 Jun 07:40    INFO  epoch 2 training [time: 4.57s, train loss: 1184.2589]
Evaluate: [0/29]
Evaluate: [2/29]
Evaluate: [4/29]
Evaluate: [6/29]
Evaluate: [8/29]
Evaluate: [10/29]
Evaluate: [12/29]
Evaluate: [14/29]
Evaluate: [16/29]
Evaluate: [18/29]
Evaluate: [20/29]
Evaluate: [22/29]
Evaluate: [24/29]
Evaluate: [26/29]
Evaluate: [28/29]
24 Jun 07:40    INFO  epoch 2 evaluating [time: 0.35s, valid_score: 0.457100]
24 Jun 07:40    INFO  valid result: 
recall@10 : 0.6025    recall@20 : 0.6439    mrr@10 : 0.4542    mrr@20 : 0.4571    
24 Jun 07:40    INFO  Saving current best: /home/hongnguyen/test_all/log/COREtrm/retailrocket_1_4/bs2048-lmdNone-semNone-None-Jun-24-2026_07-40-21-lr0.001-l20.0-tauNone-None-DPh0.5-DPa0.5/model.pth
Train 3: [0/244] loss=4.5344
Train 3: [10/244] loss=4.3526
Train 3: [20/244] loss=4.6121
Train 3: [30/244] loss=4.3063
Train 3: [40/244] loss=4.5752
Train 3: [50/244] loss=4.0834
Train 3: [60/244] loss=4.4896
Train 3: [70/244] loss=4.2638
Train 3: [80/244] loss=4.1270
Train 3: [90/244] loss=4.2251
Train 3: [100/244] loss=4.2861
Train 3: [110/244] loss=4.1007
Train 3: [120/244] loss=4.4089
Train 3: [130/244] loss=3.9478
Train 3: [140/244] loss=4.4067
Train 3: [150/244] loss=4.3127
Train 3: [160/244] loss=4.1686
Train 3: [170/244] loss=4.0812
Train 3: [180/244] loss=3.9722
Train 3: [190/244] loss=4.3955
Train 3: [200/244] loss=4.4088
Train 3: [210/244] loss=4.4535
Train 3: [220/244] loss=4.0417
Train 3: [230/244] loss=4.4989
Train 3: [240/244] loss=4.0497
Train 3: [243/244] loss=3.6583
24 Jun 07:40    INFO  epoch 3 training [time: 4.58s, train loss: 1044.5809]
Evaluate: [0/29]
Evaluate: [2/29]
Evaluate: [4/29]
Evaluate: [6/29]
Evaluate: [8/29]
Evaluate: [10/29]
Evaluate: [12/29]
Evaluate: [14/29]
Evaluate: [16/29]
Evaluate: [18/29]
Evaluate: [20/29]
Evaluate: [22/29]
Evaluate: [24/29]
Evaluate: [26/29]
Evaluate: [28/29]
24 Jun 07:40    INFO  epoch 3 evaluating [time: 0.33s, valid_score: 0.458700]
24 Jun 07:40    INFO  valid result: 
recall@10 : 0.6164    recall@20 : 0.6648    mrr@10 : 0.4553    mrr@20 : 0.4587    
24 Jun 07:40    INFO  Saving current best: /home/hongnguyen/test_all/log/COREtrm/retailrocket_1_4/bs2048-lmdNone-semNone-None-Jun-24-2026_07-40-21-lr0.001-l20.0-tauNone-None-DPh0.5-DPa0.5/model.pth
Train 4: [0/244] loss=4.0864
Train 4: [10/244] loss=3.9475
Train 4: [20/244] loss=4.2180
Train 4: [30/244] loss=3.9197
Train 4: [40/244] loss=4.2300
Train 4: [50/244] loss=3.7501
Train 4: [60/244] loss=4.1349
Train 4: [70/244] loss=3.9330
Train 4: [80/244] loss=3.8032
Train 4: [90/244] loss=3.9698
Train 4: [100/244] loss=4.0221
Train 4: [110/244] loss=3.7919
Train 4: [120/244] loss=4.0466
Train 4: [130/244] loss=3.6886
Train 4: [140/244] loss=4.0980
Train 4: [150/244] loss=3.9530
Train 4: [160/244] loss=3.9052
Train 4: [170/244] loss=3.8459
Train 4: [180/244] loss=3.7085
Train 4: [190/244] loss=4.1068
Train 4: [200/244] loss=3.9828
Train 4: [210/244] loss=4.1743
Train 4: [220/244] loss=3.7524
Train 4: [230/244] loss=4.2045
Train 4: [240/244] loss=3.7776
Train 4: [243/244] loss=3.3947
24 Jun 07:40    INFO  epoch 4 training [time: 4.57s, train loss: 965.7301]
Evaluate: [0/29]
Evaluate: [2/29]
Evaluate: [4/29]
Evaluate: [6/29]
Evaluate: [8/29]
Evaluate: [10/29]
Evaluate: [12/29]
Evaluate: [14/29]
Evaluate: [16/29]
Evaluate: [18/29]
Evaluate: [20/29]
Evaluate: [22/29]
Evaluate: [24/29]
Evaluate: [26/29]
Evaluate: [28/29]
24 Jun 07:40    INFO  epoch 4 evaluating [time: 0.33s, valid_score: 0.459800]
24 Jun 07:40    INFO  valid result: 
recall@10 : 0.6229    recall@20 : 0.6756    mrr@10 : 0.4561    mrr@20 : 0.4598    
24 Jun 07:40    INFO  Saving current best: /home/hongnguyen/test_all/log/COREtrm/retailrocket_1_4/bs2048-lmdNone-semNone-None-Jun-24-2026_07-40-21-lr0.001-l20.0-tauNone-None-DPh0.5-DPa0.5/model.pth
Train 5: [0/244] loss=3.8603
Train 5: [10/244] loss=3.7250
Train 5: [20/244] loss=3.9556
Train 5: [30/244] loss=3.6625
Train 5: [40/244] loss=4.0096
Train 5: [50/244] loss=3.5365
Train 5: [60/244] loss=3.9174
Train 5: [70/244] loss=3.7492
Train 5: [80/244] loss=3.6506
Train 5: [90/244] loss=3.7915
Train 5: [100/244] loss=3.8098
Train 5: [110/244] loss=3.5874
Train 5: [120/244] loss=3.8422
Train 5: [130/244] loss=3.5256
Train 5: [140/244] loss=3.8810
Train 5: [150/244] loss=3.7600
Train 5: [160/244] loss=3.7048
Train 5: [170/244] loss=3.6523
Train 5: [180/244] loss=3.5861
Train 5: [190/244] loss=3.9071
Train 5: [200/244] loss=3.7790
Train 5: [210/244] loss=3.9676
Train 5: [220/244] loss=3.5926
Train 5: [230/244] loss=4.0202
Train 5: [240/244] loss=3.6228
Train 5: [243/244] loss=3.1373
24 Jun 07:40    INFO  epoch 5 training [time: 4.56s, train loss: 918.9641]
Evaluate: [0/29]
Evaluate: [2/29]
Evaluate: [4/29]
Evaluate: [6/29]
Evaluate: [8/29]
Evaluate: [10/29]
Evaluate: [12/29]
Evaluate: [14/29]
Evaluate: [16/29]
Evaluate: [18/29]
Evaluate: [20/29]
Evaluate: [22/29]
Evaluate: [24/29]
Evaluate: [26/29]
Evaluate: [28/29]
24 Jun 07:40    INFO  epoch 5 evaluating [time: 0.34s, valid_score: 0.459000]
24 Jun 07:40    INFO  valid result: 
recall@10 : 0.6257    recall@20 : 0.6806    mrr@10 : 0.4552    mrr@20 : 0.459    
Train 6: [0/244] loss=3.7072
Train 6: [10/244] loss=3.5490
Train 6: [20/244] loss=3.8084
Train 6: [30/244] loss=3.5378
Train 6: [40/244] loss=3.8235
Train 6: [50/244] loss=3.4125
Train 6: [60/244] loss=3.7900
Train 6: [70/244] loss=3.5872
Train 6: [80/244] loss=3.5627
Train 6: [90/244] loss=3.6807
Train 6: [100/244] loss=3.7018
Train 6: [110/244] loss=3.4933
Train 6: [120/244] loss=3.7381
Train 6: [130/244] loss=3.4460
Train 6: [140/244] loss=3.7762
Train 6: [150/244] loss=3.6829
Train 6: [160/244] loss=3.6053
Train 6: [170/244] loss=3.5472
Train 6: [180/244] loss=3.4891
Train 6: [190/244] loss=3.7866
Train 6: [200/244] loss=3.6262
Train 6: [210/244] loss=3.8543
Train 6: [220/244] loss=3.5112
Train 6: [230/244] loss=3.8667
Train 6: [240/244] loss=3.5187
Train 6: [243/244] loss=2.9905
24 Jun 07:41    INFO  epoch 6 training [time: 4.57s, train loss: 889.5725]
Evaluate: [0/29]
Evaluate: [2/29]
Evaluate: [4/29]
Evaluate: [6/29]
Evaluate: [8/29]
Evaluate: [10/29]
Evaluate: [12/29]
Evaluate: [14/29]
Evaluate: [16/29]
Evaluate: [18/29]
Evaluate: [20/29]
Evaluate: [22/29]
Evaluate: [24/29]
Evaluate: [26/29]
Evaluate: [28/29]
24 Jun 07:41    INFO  epoch 6 evaluating [time: 0.34s, valid_score: 0.458900]
24 Jun 07:41    INFO  valid result: 
recall@10 : 0.6263    recall@20 : 0.6847    mrr@10 : 0.4548    mrr@20 : 0.4589    
Train 7: [0/244] loss=3.6376
Train 7: [10/244] loss=3.4526
Train 7: [20/244] loss=3.7279
Train 7: [30/244] loss=3.4355
Train 7: [40/244] loss=3.7718
Train 7: [50/244] loss=3.3234
Train 7: [60/244] loss=3.6927
Train 7: [70/244] loss=3.5511
Train 7: [80/244] loss=3.4698
Train 7: [90/244] loss=3.6350
Train 7: [100/244] loss=3.6148
Train 7: [110/244] loss=3.4479
Train 7: [120/244] loss=3.6144
Train 7: [130/244] loss=3.3733
Train 7: [140/244] loss=3.7079
Train 7: [150/244] loss=3.5915
Train 7: [160/244] loss=3.5385
Train 7: [170/244] loss=3.4801
Train 7: [180/244] loss=3.4129
Train 7: [190/244] loss=3.7327
Train 7: [200/244] loss=3.5457
Train 7: [210/244] loss=3.7245
Train 7: [220/244] loss=3.4074
Train 7: [230/244] loss=3.7747
Train 7: [240/244] loss=3.4463
Train 7: [243/244] loss=2.8916
24 Jun 07:41    INFO  epoch 7 training [time: 4.56s, train loss: 870.4928]
Evaluate: [0/29]
Evaluate: [2/29]
Evaluate: [4/29]
Evaluate: [6/29]
Evaluate: [8/29]
Evaluate: [10/29]
Evaluate: [12/29]
Evaluate: [14/29]
Evaluate: [16/29]
Evaluate: [18/29]
Evaluate: [20/29]
Evaluate: [22/29]
Evaluate: [24/29]
Evaluate: [26/29]
Evaluate: [28/29]
24 Jun 07:41    INFO  epoch 7 evaluating [time: 0.33s, valid_score: 0.457800]
24 Jun 07:41    INFO  valid result: 
recall@10 : 0.6262    recall@20 : 0.6863    mrr@10 : 0.4536    mrr@20 : 0.4578    
Train 8: [0/244] loss=3.5597
Train 8: [10/244] loss=3.3875
Train 8: [20/244] loss=3.6314
Train 8: [30/244] loss=3.3603
Train 8: [40/244] loss=3.7153
Train 8: [50/244] loss=3.2838
Train 8: [60/244] loss=3.6058
Train 8: [70/244] loss=3.4551
Train 8: [80/244] loss=3.4274
Train 8: [90/244] loss=3.5581
Train 8: [100/244] loss=3.5771
Train 8: [110/244] loss=3.3663
Train 8: [120/244] loss=3.5915
Train 8: [130/244] loss=3.3175
Train 8: [140/244] loss=3.6164
Train 8: [150/244] loss=3.5207
Train 8: [160/244] loss=3.4695
Train 8: [170/244] loss=3.4048
Train 8: [180/244] loss=3.3870
Train 8: [190/244] loss=3.6647
Train 8: [200/244] loss=3.4965
Train 8: [210/244] loss=3.7000
Train 8: [220/244] loss=3.3730
Train 8: [230/244] loss=3.7546
Train 8: [240/244] loss=3.4004
Train 8: [243/244] loss=2.8615
24 Jun 07:41    INFO  epoch 8 training [time: 4.57s, train loss: 856.8855]
Evaluate: [0/29]
Evaluate: [2/29]
Evaluate: [4/29]
Evaluate: [6/29]
Evaluate: [8/29]
Evaluate: [10/29]
Evaluate: [12/29]
Evaluate: [14/29]
Evaluate: [16/29]
Evaluate: [18/29]
Evaluate: [20/29]
Evaluate: [22/29]
Evaluate: [24/29]
Evaluate: [26/29]
Evaluate: [28/29]
24 Jun 07:41    INFO  epoch 8 evaluating [time: 0.35s, valid_score: 0.457300]
24 Jun 07:41    INFO  valid result: 
recall@10 : 0.627    recall@20 : 0.6877    mrr@10 : 0.453    mrr@20 : 0.4573    
Train 9: [0/244] loss=3.5476
Train 9: [10/244] loss=3.3484
Train 9: [20/244] loss=3.6053
Train 9: [30/244] loss=3.3482
Train 9: [40/244] loss=3.6708
Train 9: [50/244] loss=3.2684
Train 9: [60/244] loss=3.5666
Train 9: [70/244] loss=3.4319
Train 9: [80/244] loss=3.4241
Train 9: [90/244] loss=3.5243
Train 9: [100/244] loss=3.5118
Train 9: [110/244] loss=3.3368
Train 9: [120/244] loss=3.5589
Train 9: [130/244] loss=3.2652
Train 9: [140/244] loss=3.5804
Train 9: [150/244] loss=3.4933
Train 9: [160/244] loss=3.4586
Train 9: [170/244] loss=3.3699
Train 9: [180/244] loss=3.3547
Train 9: [190/244] loss=3.6015
Train 9: [200/244] loss=3.4707
Train 9: [210/244] loss=3.6234
Train 9: [220/244] loss=3.3391
Train 9: [230/244] loss=3.6966
Train 9: [240/244] loss=3.3752
Train 9: [243/244] loss=2.8388
24 Jun 07:41    INFO  epoch 9 training [time: 4.56s, train loss: 846.8909]
Evaluate: [0/29]
Evaluate: [2/29]
Evaluate: [4/29]
Evaluate: [6/29]
Evaluate: [8/29]
Evaluate: [10/29]
Evaluate: [12/29]
Evaluate: [14/29]
Evaluate: [16/29]
Evaluate: [18/29]
Evaluate: [20/29]
Evaluate: [22/29]
Evaluate: [24/29]
Evaluate: [26/29]
Evaluate: [28/29]
24 Jun 07:41    INFO  epoch 9 evaluating [time: 0.34s, valid_score: 0.457100]
24 Jun 07:41    INFO  valid result: 
recall@10 : 0.6274    recall@20 : 0.6879    mrr@10 : 0.4529    mrr@20 : 0.4571    
Train 10: [0/244] loss=3.5002
Train 10: [10/244] loss=3.3206
Train 10: [20/244] loss=3.5155
Train 10: [30/244] loss=3.2953
Train 10: [40/244] loss=3.6148
Train 10: [50/244] loss=3.2202
Train 10: [60/244] loss=3.5637
Train 10: [70/244] loss=3.4014
Train 10: [80/244] loss=3.3714
Train 10: [90/244] loss=3.5011
Train 10: [100/244] loss=3.4952
Train 10: [110/244] loss=3.2829
Train 10: [120/244] loss=3.5326
Train 10: [130/244] loss=3.2551
Train 10: [140/244] loss=3.5463
Train 10: [150/244] loss=3.4736
Train 10: [160/244] loss=3.4214
Train 10: [170/244] loss=3.3518
Train 10: [180/244] loss=3.3175
Train 10: [190/244] loss=3.5477
Train 10: [200/244] loss=3.4389
Train 10: [210/244] loss=3.6079
Train 10: [220/244] loss=3.2756
Train 10: [230/244] loss=3.6294
Train 10: [240/244] loss=3.3265
Train 10: [243/244] loss=2.7623
24 Jun 07:41    INFO  epoch 10 training [time: 4.56s, train loss: 838.7222]
Evaluate: [0/29]
Evaluate: [2/29]
Evaluate: [4/29]
Evaluate: [6/29]
Evaluate: [8/29]
Evaluate: [10/29]
Evaluate: [12/29]
Evaluate: [14/29]
Evaluate: [16/29]
Evaluate: [18/29]
Evaluate: [20/29]
Evaluate: [22/29]
Evaluate: [24/29]
Evaluate: [26/29]
Evaluate: [28/29]
24 Jun 07:41    INFO  epoch 10 evaluating [time: 0.34s, valid_score: 0.456900]
24 Jun 07:41    INFO  valid result: 
recall@10 : 0.6268    recall@20 : 0.6882    mrr@10 : 0.4526    mrr@20 : 0.4569    
24 Jun 07:41    INFO  Finished training, best eval result in epoch 4
24 Jun 07:41    INFO  Loading model structure and parameters from /home/hongnguyen/test_all/log/COREtrm/retailrocket_1_4/bs2048-lmdNone-semNone-None-Jun-24-2026_07-40-21-lr0.001-l20.0-tauNone-None-DPh0.5-DPa0.5/model.pth
Evaluate: [0/28]
Evaluate: [2/28]
Evaluate: [4/28]
Evaluate: [6/28]
Evaluate: [8/28]
Evaluate: [10/28]
Evaluate: [12/28]
Evaluate: [14/28]
Evaluate: [16/28]
Evaluate: [18/28]
Evaluate: [20/28]
Evaluate: [22/28]
Evaluate: [24/28]
Evaluate: [26/28]
Evaluate: [27/28]
24 Jun 07:41    INFO  best valid : {'recall@10': 0.6229, 'recall@20': 0.6756, 'mrr@10': 0.4561, 'mrr@20': 0.4598}
24 Jun 07:41    INFO  test result: {'recall@10': 0.5981, 'recall@20': 0.6504, 'mrr@10': 0.4372, 'mrr@20': 0.4408}
