2026-07-10 12:48:06 | INFO    | Log được ghi tại: /home/hongnguyen/demo2/Log/yoochoose/CORE/main/core_trm_yoochoose.log
2026-07-10 12:48:06 | INFO    | 
====================================================================
CẤU HÌNH CORE (config_dir: config | version: core_trm)
====================================================================
logging:
  dir: Log
  level: INFO
  console: true
project:
  name: yoochoose
  filename_mode: custom
  custom_filename: CORE/main/core_trm_yoochoose.log
wandb:
  enabled: true
  api_key: '***da-che***'
  project: ''
  entity: ''
  run_name: ''
  mode: online
data:
  data_dir: data/yoochoose
  train_file: train.txt
  val_file: val.txt
  test_file: test.txt
  lookup_file: lookup_tables.pkl
core_model:
  type: trm
  embedding_size: 100
  inner_size: 256
  n_layers: 2
  n_heads: 2
  hidden_dropout_prob: 0.5
  attn_dropout_prob: 0.5
  hidden_act: gelu
  layer_norm_eps: 1.0e-12
  initializer_range: 0.02
  sess_dropout: 0.2
  item_dropout: 0.2
  temperature: 0.07
  max_seq_length: 50
core_training:
  batch_size: 256
  learning_rate: 0.001
  weight_decay: 1.0e-05
  max_epochs: 30
  patience: 5
  grad_clip: 5.0
  seed: 42
  device: auto
  num_workers: 0
  checkpoint_dir: checkpoints
  save_dir: checkpoints/CORE/yoochoose/core_trm
evaluation:
  top_k:
  - 10
  - 20
  primary_metric: mrr@20
  mode: standard
  length_threshold: 5
  checkpoint_short: ''
  checkpoint_long: ''
config_dir: config
version: core_trm
====================================================================
2026-07-10 12:48:09 | INFO    | wandb: run 'core_trm_yoochoose' — https://wandb.ai/hongichik321-aol/yoochoose/runs/r4iylk4b
2026-07-10 12:48:15 | INFO    | Dữ liệu [data/yoochoose]: |I|=37452, train=6385772 phiên
2026-07-10 12:48:15 | INFO    | Thiết bị: cuda | model=trm
2026-07-10 12:48:15 | INFO    | max_prefix_length=50
2026-07-10 12:48:30 | INFO    | Số mẫu train/val/test (sliding window): 18827012 / 2402946 / 2207173
2026-07-10 12:48:31 | INFO    | Checkpoint của run này: /home/hongnguyen/demo2/checkpoints/CORE/yoochoose/core_trm
2026-07-10 13:01:00 | INFO    | Epoch 1: loss=4.7775 (749.3s)
2026-07-10 13:01:48 | INFO    |   Val: hr@10=0.4392 | ndcg@10=0.2898 | mrr@10=0.2431 | hr@20=0.5034 | ndcg@20=0.3061 | mrr@20=0.2476
2026-07-10 13:01:48 | INFO    |   → Model tốt nhất mới (mrr@20=0.2476), lưu checkpoints/CORE/yoochoose/core_trm/best_model.pt
2026-07-10 13:14:17 | INFO    | Epoch 2: loss=4.6907 (749.3s)
2026-07-10 13:15:05 | INFO    |   Val: hr@10=0.4374 | ndcg@10=0.2886 | mrr@10=0.2421 | hr@20=0.5009 | ndcg@20=0.3048 | mrr@20=0.2465
2026-07-10 13:27:34 | INFO    | Epoch 3: loss=4.6864 (749.3s)
2026-07-10 13:28:22 | INFO    |   Val: hr@10=0.4373 | ndcg@10=0.2883 | mrr@10=0.2417 | hr@20=0.5018 | ndcg@20=0.3047 | mrr@20=0.2462
2026-07-10 13:40:51 | INFO    | Epoch 4: loss=4.6848 (749.1s)
2026-07-10 13:41:39 | INFO    |   Val: hr@10=0.4403 | ndcg@10=0.2897 | mrr@10=0.2426 | hr@20=0.5044 | ndcg@20=0.3060 | mrr@20=0.2471
2026-07-10 13:54:08 | INFO    | Epoch 5: loss=4.6834 (749.1s)
2026-07-10 13:54:55 | INFO    |   Val: hr@10=0.4359 | ndcg@10=0.2872 | mrr@10=0.2408 | hr@20=0.5021 | ndcg@20=0.3040 | mrr@20=0.2454
2026-07-10 14:07:25 | INFO    | Epoch 6: loss=4.6826 (749.1s)
2026-07-10 14:08:12 | INFO    |   Val: hr@10=0.4399 | ndcg@10=0.2903 | mrr@10=0.2435 | hr@20=0.5032 | ndcg@20=0.3063 | mrr@20=0.2479
2026-07-10 14:08:12 | INFO    |   → Model tốt nhất mới (mrr@20=0.2479), lưu checkpoints/CORE/yoochoose/core_trm/best_model.pt
2026-07-10 14:20:41 | INFO    | Epoch 7: loss=4.6820 (748.9s)
2026-07-10 14:21:29 | INFO    |   Val: hr@10=0.4393 | ndcg@10=0.2892 | mrr@10=0.2422 | hr@20=0.5029 | ndcg@20=0.3053 | mrr@20=0.2467
2026-07-10 14:33:58 | INFO    | Epoch 8: loss=4.6818 (749.2s)
2026-07-10 14:34:46 | INFO    |   Val: hr@10=0.4396 | ndcg@10=0.2896 | mrr@10=0.2427 | hr@20=0.5015 | ndcg@20=0.3053 | mrr@20=0.2470
2026-07-10 14:47:15 | INFO    | Epoch 9: loss=4.6813 (748.9s)
2026-07-10 14:48:02 | INFO    |   Val: hr@10=0.4396 | ndcg@10=0.2895 | mrr@10=0.2426 | hr@20=0.5034 | ndcg@20=0.3057 | mrr@20=0.2470
2026-07-10 15:00:31 | INFO    | Epoch 10: loss=4.6812 (749.0s)
2026-07-10 15:01:19 | INFO    |   Val: hr@10=0.4421 | ndcg@10=0.2906 | mrr@10=0.2433 | hr@20=0.5046 | ndcg@20=0.3065 | mrr@20=0.2477
2026-07-10 15:13:48 | INFO    | Epoch 11: loss=4.6812 (749.0s)
2026-07-10 15:14:36 | INFO    |   Val: hr@10=0.4400 | ndcg@10=0.2896 | mrr@10=0.2426 | hr@20=0.5036 | ndcg@20=0.3057 | mrr@20=0.2471
2026-07-10 15:14:36 | INFO    | Early stopping tại epoch 11 (mrr@20 không cải thiện 5 epoch)
2026-07-10 15:15:19 | INFO    | KẾT QUẢ TEST (best model): hr@10=0.3485 | ndcg@10=0.2496 | mrr@10=0.2185 | hr@20=0.3929 | ndcg@20=0.2608 | mrr@20=0.2216
2026-07-10 15:15:20 | INFO    | [CORE] Hoàn tất core_trm.yaml. Test metrics: hr@10=0.3485 | ndcg@10=0.2496 | mrr@10=0.2185 | hr@20=0.3929 | ndcg@20=0.2608 | mrr@20=0.2216
